[45, 46]
[52, 54]
[52, 55]
[52, 55]
[61, 62]
[61, 62]
[62, 62]
[62, 62]
[62, 62]
[62, 62]
[62, 62]
[64, 65]
[64, 65]
[67, 71]
[67, 71]
[67, 71]
[67, 71]
[67, 71]
[67, 71]
[67, 73]
[67, 75]
[67, 75]
[67, 75]
[67, 75]
[67, 75]
[67, 75]
[68, 71]
[68, 71]
[72, 74]
[72, 75]
[72, 75]
[79, 80]
[81, 82]
[86, 87]
[86, 88]
[86, 88]
[86, 88]
[88, 88]
[88, 88]
[88, 88]
[88, 88]
[88, 88]
[89, 90]
[89, 90]
[90, 90]
[90, 90]
[90, 90]
[90, 90]
[90, 90]
[92, 93]
[92, 93]
[95, 97]
[95, 97]
[96, 97]
[96, 97]
[99, 103]
[99, 103]
[99, 103]
[99, 103]
[99, 103]
[99, 103]
[99, 105]
[99, 107]
[99, 107]
[99, 107]
[99, 107]
[99, 107]
[99, 107]
[100, 103]
[100, 103]
[104, 106]
[104, 107]
[104, 107]
[108, 109]
[108, 109]
[109, 109]
[109, 109]
[109, 109]
[109, 109]
[109, 109]
[111, 112]
[111, 112]
[114, 116]
[114, 116]
[115, 116]
[115, 116]
[120, 124]
[120, 124]
[120, 124]
[120, 124]
[120, 124]
[120, 124]
[120, 126]
[120, 128]
[120, 128]
[120, 128]
[120, 128]
[120, 128]
[120, 128]
[121, 124]
[121, 124]
[125, 127]
[125, 128]
[125, 128]
[130, 130]
[130, 130]
[130, 130]
[130, 130]
[130, 130]
[134, 135]
[134, 135]
[134, 137]
[134, 137]
[146, 150]
[146, 150]
[146, 150]
[146, 150]
[146, 150]
[146, 150]
[146, 152]
[146, 154]
[146, 154]
[146, 154]
[146, 154]
[146, 154]
[146, 154]
[147, 150]
[147, 150]
[151, 153]
[151, 154]
[151, 154]
[1113, 1113]
[1113, 1113]
[1113, 1113]
[1113, 1113]
[1113, 1113]
[1115, 1116]
[1115, 1116]
[1118, 1120]
[1118, 1120]
[1119, 1120]
[1119, 1120]
[1138, 1142]
[1138, 1142]
[1138, 1142]
[1138, 1142]
[1138, 1142]
[1138, 1142]
[1138, 1144]
[1138, 1146]
[1138, 1146]
[1138, 1146]
[1138, 1146]
[1138, 1146]
[1138, 1146]
[1139, 1142]
[1139, 1142]
[1143, 1145]
[1143, 1146]
[1143, 1146]
[1148, 1148]
[1148, 1148]
[1148, 1148]
[1148, 1148]
[1148, 1148]
[1152, 1153]
[1152, 1153]
[1152, 1155]
[1152, 1155]
[1166, 1169]
[1168, 1190]
[1193, 1197]
[1193, 1197]
[1193, 1197]
[1193, 1197]
[1193, 1197]
[1193, 1197]
[1193, 1199]
[1193, 1201]
[1193, 1201]
[1193, 1201]
[1193, 1201]
[1193, 1201]
[1193, 1201]
[1194, 1197]
[1194, 1197]
[1198, 1200]
[1198, 1201]
[1198, 1201]
[1670, 1671]
[1670, 1671]
[1671, 1671]
[1671, 1671]
[1671, 1671]
[1671, 1671]
[1671, 1671]
[1673, 1674]
[1673, 1674]
[1675, 1702]
[1676, 1678]
[1676, 1678]
[1677, 1678]
[1677, 1678]
[1677, 1702]
[1703, 1707]
[1703, 1707]
[1703, 1707]
[1703, 1707]
[1703, 1707]
[1703, 1707]
[1703, 1709]
[1703, 1711]
[1703, 1711]
[1703, 1711]
[1703, 1711]
[1703, 1711]
[1703, 1711]
[1704, 1707]
[1704, 1707]
[1708, 1710]
[1708, 1711]
[1708, 1711]
[1714, 1714]
[1714, 1714]
[1714, 1714]
[1714, 1714]
[1714, 1714]
[1718, 1719]
[1718, 1719]
[1718, 1721]
[1718, 1721]
[1730, 1733]
[1732, 1754]
[1732, 1760]
[1734, 1760]
[1734, 1760]
[1734, 1769]
[1756, 1757]
[1757, 1760]
[1759, 1760]
[1761, 1765]
[1761, 1765]
[1761, 1765]
[1761, 1765]
[1761, 1765]
[1761, 1765]
[1761, 1767]
[1761, 1769]
[1761, 1769]
[1761, 1769]
[1761, 1769]
[1761, 1769]
[1761, 1769]
[1762, 1765]
[1762, 1765]
[1766, 1768]
[1766, 1769]
[1766, 1769]
[1788, 1789]
[1791, 1791]
[1791, 1791]
[1791, 1791]
[1791, 1791]
[1791, 1791]
[1793, 1794]
[1793, 1794]
[1795, 1822]
[1796, 1798]
[1796, 1798]
[1796, 1824]
[1796, 1826]
[1796, 1826]
[1796, 1826]
[1796, 1826]
[1796, 1826]
[1797, 1798]
[1797, 1798]
[1797, 1822]
[1800, 1826]
[1800, 1826]
[1822, 1823]
[1823, 1826]
[1825, 1826]
[1827, 1828]
[1827, 1829]
[1827, 1829]
[1827, 1829]
[1829, 1829]
[1829, 1829]
[1829, 1829]
[1829, 1829]
[1829, 1829]
[1830, 1834]
[1830, 1834]
[1830, 1834]
[1830, 1834]
[1830, 1834]
[1830, 1834]
[1830, 1836]
[1830, 1838]
[1830, 1838]
[1830, 1838]
[1830, 1838]
[1830, 1838]
[1830, 1838]
[1831, 1834]
[1831, 1834]
[1835, 1837]
[1835, 1838]
[1835, 1838]
[1840, 1840]
[1840, 1840]
[1840, 1840]
[1840, 1840]
[1840, 1840]
[1844, 1845]
[1844, 1845]
[1844, 1847]
[1844, 1847]
[1856, 1859]
[1858, 1880]
[1858, 1886]
[1860, 1886]
[1860, 1886]
[1860, 1895]
[1882, 1883]
[1883, 1886]
[1885, 1886]
[1887, 1891]
[1887, 1891]
[1887, 1891]
[1887, 1891]
[1887, 1891]
[1887, 1891]
[1887, 1893]
[1887, 1895]
[1887, 1895]
[1887, 1895]
[1887, 1895]
[1887, 1895]
[1887, 1895]
[1888, 1891]
[1888, 1891]
[1892, 1894]
[1892, 1895]
[1892, 1895]
[1896, 1897]
[1896, 1898]
[1896, 1898]
[1896, 1898]
[1898, 1898]
[1898, 1898]
[1898, 1898]
[1898, 1898]
[1898, 1898]
[1904, 1905]
[2391, 2392]
[2442, 2443]
[2442, 2444]
[2442, 2444]
[2442, 2444]
[2444, 2444]
[2444, 2444]
[2444, 2444]
[2444, 2444]
[2444, 2444]
[2449, 2450]
[2819, 2819]
[2819, 2819]
[2819, 2819]
[2819, 2819]
[2819, 2819]
[2821, 2822]
[2821, 2822]
[2823, 2850]
[2824, 2826]
[2824, 2826]
[2824, 2852]
[2824, 2854]
[2824, 2854]
[2824, 2854]
[2824, 2854]
[2824, 2854]
[2825, 2826]
[2825, 2826]
[2825, 2850]
[2828, 2854]
[2828, 2854]
[2850, 2851]
[2851, 2854]
[2853, 2854]
[2863, 2867]
[2863, 2867]
[2863, 2867]
[2863, 2867]
[2863, 2867]
[2863, 2867]
[2864, 2867]
[2864, 2867]
[2869, 2869]
[2869, 2869]
[2869, 2869]
[2869, 2869]
[2869, 2869]
[2873, 2874]
[2873, 2874]
[2873, 2876]
[2873, 2876]
[2888, 2890]
[2888, 2891]
[2888, 2891]
[2892, 2914]
[2892, 2920]
[2894, 2920]
[2894, 2920]
[2916, 2917]
[2917, 2920]
[2919, 2920]
[2922, 2926]
[2922, 2926]
[2922, 2926]
[2922, 2926]
[2922, 2926]
[2922, 2926]
[2922, 2928]
[2922, 2930]
[2922, 2930]
[2922, 2930]
[2922, 2930]
[2922, 2930]
[2922, 2930]
[2923, 2926]
[2923, 2926]
[2927, 2929]
[2927, 2930]
[2927, 2930]
[3051, 3052]
[3060, 3061]
[3066, 3067]
[3253, 3254]
[3253, 3255]
[3253, 3255]
[3253, 3255]
[3255, 3255]
[3255, 3255]
[3255, 3255]
[3255, 3255]
[3255, 3255]
[3779, 3780]
[3779, 3781]
[3779, 3781]
[3779, 3781]
[3781, 3781]
[3781, 3781]
[3781, 3781]
[3781, 3781]
[3781, 3781]
[3787, 3788]
[4027, 4027]
[4027, 4027]
[4027, 4027]
[4027, 4027]
[4027, 4027]
[4029, 4030]
[4029, 4030]
[4031, 4058]
[4032, 4034]
[4032, 4034]
[4032, 4060]
[4032, 4062]
[4032, 4062]
[4032, 4062]
[4032, 4062]
[4032, 4062]
[4033, 4034]
[4033, 4034]
[4033, 4058]
[4036, 4062]
[4036, 4062]
[4058, 4059]
[4059, 4062]
[4061, 4062]
[4068, 4072]
[4068, 4072]
[4068, 4072]
[4068, 4072]
[4068, 4072]
[4068, 4072]
[4069, 4072]
[4069, 4072]
[4074, 4074]
[4074, 4074]
[4074, 4074]
[4074, 4074]
[4074, 4074]
[4078, 4079]
[4078, 4079]
[4078, 4081]
[4078, 4081]
[4090, 4093]
[4092, 4114]
[4092, 4120]
[4094, 4120]
[4094, 4120]
[4116, 4117]
[4117, 4120]
[4119, 4120]
[4121, 4123]
[4121, 4124]
[4121, 4124]
[4126, 4130]
[4126, 4130]
[4126, 4130]
[4126, 4130]
[4126, 4130]
[4126, 4130]
[4127, 4130]
[4127, 4130]
[4377, 4378]
[4382, 4383]
[4384, 4385]
[4384, 4386]
[4384, 4386]
[4384, 4386]
[4386, 4386]
[4386, 4386]
[4386, 4386]
[4386, 4386]
[4386, 4386]
[4390, 4391]
[4390, 4391]
[4391, 4391]
[4391, 4391]
[4391, 4391]
[4391, 4391]
[4391, 4391]
[4393, 4394]
[4393, 4394]
[4395, 4422]
[4396, 4398]
[4396, 4398]
[4396, 4424]
[4396, 4426]
[4396, 4426]
[4396, 4426]
[4396, 4426]
[4396, 4426]
[4397, 4398]
[4397, 4398]
[4397, 4422]
[4399, 4435]
[4399, 4435]
[4400, 4426]
[4400, 4426]
[4400, 4435]
[4422, 4423]
[4423, 4426]
[4425, 4426]
[4427, 4431]
[4427, 4431]
[4427, 4431]
[4427, 4431]
[4427, 4431]
[4427, 4431]
[4427, 4433]
[4427, 4435]
[4427, 4435]
[4427, 4435]
[4427, 4435]
[4427, 4435]
[4427, 4435]
[4428, 4431]
[4428, 4431]
[4432, 4434]
[4432, 4435]
[4432, 4435]
[4438, 4439]
[4438, 4439]
[4438, 4441]
[4438, 4441]
[4438, 4470]
[4440, 4443]
[4442, 4464]
[4442, 4470]
[4444, 4470]
[4444, 4470]
[4444, 4479]
[4466, 4467]
[4467, 4470]
[4469, 4470]
[4471, 4475]
[4471, 4475]
[4471, 4475]
[4471, 4475]
[4471, 4475]
[4471, 4475]
[4471, 4477]
[4471, 4479]
[4471, 4479]
[4471, 4479]
[4471, 4479]
[4471, 4479]
[4471, 4479]
[4472, 4475]
[4472, 4475]
[4476, 4478]
[4476, 4479]
[4476, 4479]
[6084, 6085]
[6085, 6088]
[6087, 6088]
[6090, 6091]
[6103, 6104]
[6103, 6104]
[6104, 6104]
[6104, 6104]
[6104, 6104]
[6104, 6104]
[6104, 6104]
[6106, 6107]
[6106, 6107]
[6108, 6135]
[6109, 6111]
[6109, 6111]
[6109, 6137]
[6109, 6139]
[6109, 6139]
[6109, 6139]
[6109, 6139]
[6109, 6139]
[6110, 6111]
[6110, 6111]
[6110, 6135]
[6113, 6139]
[6113, 6139]
[6135, 6136]
[6136, 6139]
[6138, 6139]
[6140, 6140]
[6140, 6140]
[6140, 6140]
[6140, 6140]
[6140, 6140]
[6142, 6143]
[6142, 6143]
[6146, 6150]
[6146, 6150]
[6146, 6150]
[6146, 6150]
[6146, 6150]
[6146, 6150]
[6147, 6150]
[6147, 6150]
[6153, 6153]
[6153, 6153]
[6153, 6153]
[6153, 6153]
[6153, 6153]
[6157, 6158]
[6157, 6158]
[6157, 6160]
[6157, 6160]
[6167, 6169]
[6175, 6197]
[6175, 6203]
[6177, 6203]
[6177, 6203]
[6199, 6200]
[6200, 6203]
[6202, 6203]
[6204, 6208]
[6204, 6208]
[6204, 6208]
[6204, 6208]
[6204, 6208]
[6204, 6208]
[6205, 6208]
[6205, 6208]
[6224, 6225]
[6224, 6225]
[6224, 6249]
[6250, 6252]
[6250, 6253]
[6250, 6253]
[6254, 6257]
[6256, 6257]
[6262, 6263]
[6265, 6269]
[6265, 6269]
[6265, 6269]
[6265, 6269]
[6265, 6269]
[6265, 6269]
[6265, 6271]
[6265, 6273]
[6265, 6273]
[6265, 6273]
[6265, 6273]
[6265, 6273]
[6265, 6273]
[6266, 6269]
[6266, 6269]
[6270, 6272]
[6270, 6273]
[6270, 6273]
[6275, 6275]
[6275, 6275]
[6275, 6275]
[6275, 6275]
[6275, 6275]
[6279, 6280]
[6279, 6280]
[6279, 6282]
[6279, 6282]
[6294, 6316]
[6294, 6322]
[6296, 6322]
[6296, 6322]
[6318, 6319]
[6319, 6322]
[6321, 6322]
[6324, 6328]
[6324, 6328]
[6324, 6328]
[6324, 6328]
[6324, 6328]
[6324, 6328]
[6324, 6330]
[6324, 6332]
[6324, 6332]
[6324, 6332]
[6324, 6332]
[6324, 6332]
[6324, 6332]
[6325, 6328]
[6325, 6328]
[6329, 6331]
[6329, 6332]
[6329, 6332]
[6374, 6375]
[6374, 6376]
[6374, 6376]
[6374, 6376]
[6376, 6376]
[6376, 6376]
[6376, 6376]
[6376, 6376]
[6376, 6376]
[6382, 6383]
[6390, 6391]
[6442, 6443]
[6442, 6444]
[6442, 6444]
[6442, 6444]
[6444, 6444]
[6444, 6444]
[6444, 6444]
[6444, 6444]
[6444, 6444]
[6452, 6453]
[6951, 6952]
[6959, 6960]
[6964, 6965]
[6966, 6967]
[6966, 6968]
[6966, 6968]
[6966, 6968]
[6968, 6968]
[6968, 6968]
[6968, 6968]
[6968, 6968]
[6968, 6968]
[6969, 6969]
[6969, 6969]
[6969, 6969]
[6969, 6969]
[6969, 6969]
[6971, 6972]
[6971, 6972]
[6973, 7000]
[6974, 6976]
[6974, 6976]
[6974, 7002]
[6974, 7004]
[6974, 7004]
[6974, 7004]
[6974, 7004]
[6974, 7004]
[6975, 6976]
[6975, 6976]
[6975, 7000]
[6977, 7013]
[6977, 7013]
[6978, 7004]
[6978, 7004]
[6978, 7013]
[7000, 7001]
[7001, 7004]
[7003, 7004]
[7005, 7009]
[7005, 7009]
[7005, 7009]
[7005, 7009]
[7005, 7009]
[7005, 7009]
[7005, 7011]
[7005, 7013]
[7005, 7013]
[7005, 7013]
[7005, 7013]
[7005, 7013]
[7005, 7013]
[7006, 7009]
[7006, 7009]
[7010, 7012]
[7010, 7013]
[7010, 7013]
[7015, 7015]
[7015, 7015]
[7015, 7015]
[7015, 7015]
[7015, 7015]
[7019, 7020]
[7019, 7020]
[7019, 7022]
[7019, 7022]
[7031, 7034]
[7033, 7055]
[7033, 7061]
[7035, 7061]
[7035, 7061]
[7035, 7070]
[7057, 7058]
[7058, 7061]
[7060, 7061]
[7062, 7066]
[7062, 7066]
[7062, 7066]
[7062, 7066]
[7062, 7066]
[7062, 7066]
[7062, 7068]
[7062, 7070]
[7062, 7070]
[7062, 7070]
[7062, 7070]
[7062, 7070]
[7062, 7070]
[7063, 7066]
[7063, 7066]
[7067, 7069]
[7067, 7070]
[7067, 7070]
[7071, 7072]
[7071, 7073]
[7071, 7073]
[7071, 7073]
[7073, 7073]
[7073, 7073]
[7073, 7073]
[7073, 7073]
[7073, 7073]
[7077, 7078]
[7130, 7131]
[7130, 7132]
[7130, 7132]
[7130, 7132]
[7132, 7132]
[7132, 7132]
[7132, 7132]
[7132, 7132]
[7132, 7132]
[7138, 7139]
[7622, 7623]
[7627, 7628]
[7629, 7630]
[7629, 7631]
[7629, 7631]
[7629, 7631]
[7631, 7631]
[7631, 7631]
[7631, 7631]
[7631, 7631]
[7631, 7631]
[7637, 7638]
[7644, 7645]
[7645, 7648]
[7647, 7648]
[7650, 7651]
[7680, 7680]
[7680, 7680]
[7680, 7680]
[7680, 7680]
[7680, 7680]
[7682, 7683]
[7682, 7683]
[7684, 7711]
[7685, 7687]
[7685, 7687]
[7685, 7713]
[7685, 7715]
[7685, 7715]
[7685, 7715]
[7685, 7715]
[7685, 7715]
[7686, 7687]
[7686, 7687]
[7686, 7711]
[7689, 7715]
[7689, 7715]
[7711, 7712]
[7712, 7715]
[7714, 7715]
[7723, 7727]
[7723, 7727]
[7723, 7727]
[7723, 7727]
[7723, 7727]
[7723, 7727]
[7723, 7729]
[7723, 7731]
[7723, 7731]
[7723, 7731]
[7723, 7731]
[7723, 7731]
[7723, 7731]
[7724, 7727]
[7724, 7727]
[7728, 7730]
[7728, 7731]
[7728, 7731]
[7733, 7733]
[7733, 7733]
[7733, 7733]
[7733, 7733]
[7733, 7733]
[7737, 7738]
[7737, 7738]
[7737, 7740]
[7737, 7740]
[7749, 7752]
[7751, 7773]
[7751, 7779]
[7753, 7779]
[7753, 7779]
[7775, 7776]
[7776, 7779]
[7778, 7779]
[7782, 7786]
[7782, 7786]
[7782, 7786]
[7782, 7786]
[7782, 7786]
[7782, 7786]
[7782, 7788]
[7782, 7790]
[7782, 7790]
[7782, 7790]
[7782, 7790]
[7782, 7790]
[7782, 7790]
[7783, 7786]
[7783, 7786]
[7787, 7789]
[7787, 7790]
[7787, 7790]
[8249, 8250]
[8251, 8252]
[8251, 8252]
[8252, 8252]
[8252, 8252]
[8252, 8252]
[8252, 8252]
[8252, 8252]
[8254, 8255]
[8254, 8255]
[8256, 8283]
[8257, 8259]
[8257, 8259]
[8257, 8285]
[8257, 8287]
[8257, 8287]
[8257, 8287]
[8257, 8287]
[8257, 8287]
[8258, 8259]
[8258, 8259]
[8258, 8283]
[8260, 8296]
[8260, 8296]
[8261, 8287]
[8261, 8287]
[8261, 8296]
[8283, 8284]
[8284, 8287]
[8286, 8287]
[8288, 8292]
[8288, 8292]
[8288, 8292]
[8288, 8292]
[8288, 8292]
[8288, 8292]
[8288, 8294]
[8288, 8296]
[8288, 8296]
[8288, 8296]
[8288, 8296]
[8288, 8296]
[8288, 8296]
[8289, 8292]
[8289, 8292]
[8293, 8295]
[8293, 8296]
[8293, 8296]
[8299, 8300]
[8299, 8300]
[8300, 8300]
[8300, 8300]
[8300, 8300]
[8300, 8300]
[8300, 8300]
