[1, 2]
[1, 2]
[1, 2]
[1, 2]
[1, 2]
[1, 2]
[1, 2]
[1, 2]
[1, 2]
[1, 2]
[1, 2]
[1, 2]
[3, 6]
[4, 7]
[4, 7]
[4, 21]
[4, 22]
[4, 34]
[4, 34]
[4, 34]
[4, 34]
[4, 34]
[4, 34]
[4, 34]
[4, 34]
[4, 34]
[4, 34]
[4, 34]
[4, 43]
[5, 6]
[5, 6]
[5, 6]
[5, 6]
[5, 6]
[5, 6]
[5, 6]
[5, 6]
[5, 6]
[5, 6]
[5, 6]
[7, 43]
[8, 13]
[8, 24]
[8, 34]
[8, 34]
[8, 34]
[8, 34]
[8, 34]
[8, 34]
[8, 34]
[8, 34]
[14, 34]
[15, 15]
[16, 34]
[22, 34]
[23, 34]
[25, 34]
[29, 31]
[29, 31]
[32, 34]
[32, 34]
[35, 39]
[35, 39]
[35, 39]
[35, 39]
[35, 39]
[35, 40]
[35, 40]
[35, 40]
[35, 40]
[35, 40]
[35, 43]
[35, 43]
[35, 43]
[35, 43]
[35, 43]
[35, 43]
[35, 43]
[35, 43]
[35, 43]
[35, 43]
[35, 43]
[35, 43]
[35, 43]
[35, 43]
[35, 43]
[35, 43]
[40, 40]
[40, 43]
[41, 43]
[41, 43]
[41, 43]
[41, 43]
[41, 43]
[41, 43]
[41, 43]
[41, 43]
[41, 43]
[49, 50]
[49, 50]
[49, 50]
[49, 50]
[49, 50]
[53, 55]
[56, 57]
[56, 57]
[56, 57]
[56, 57]
[56, 57]
[59, 61]
[62, 63]
[62, 63]
[62, 63]
[62, 63]
[62, 63]
[1280, 1285]
[1283, 1284]
[1283, 1284]
[1283, 1284]
[1283, 1284]
[1283, 1284]
[1283, 1285]
[1283, 1285]
[1283, 1285]
[1285, 1285]
[1285, 1285]
[1285, 1285]
[1285, 1285]
[1285, 1285]
[1285, 1285]
[1285, 1285]
[1285, 1285]
[1285, 1285]
[1285, 1285]
[1285, 1285]
[1285, 1285]
[1285, 1285]
[1285, 1285]
[1285, 1285]
[1285, 1285]
[1285, 1285]
[1285, 1285]
[1285, 1285]
[1362, 1367]
[1364, 1369]
[1365, 1366]
[1365, 1366]
[1365, 1366]
[1365, 1366]
[1365, 1366]
[1365, 1367]
[1365, 1367]
[1365, 1367]
[1367, 1367]
[1367, 1367]
[1367, 1367]
[1367, 1367]
[1367, 1367]
[1367, 1367]
[1367, 1367]
[1367, 1367]
[1367, 1367]
[1367, 1367]
[1367, 1367]
[1367, 1367]
[1367, 1367]
[1367, 1367]
[1367, 1367]
[1367, 1367]
[1367, 1367]
[1367, 1367]
[1367, 1367]
[1368, 1369]
[1368, 1369]
[1369, 1369]
[1369, 1369]
[1369, 1369]
[1369, 1369]
[1369, 1369]
[1369, 1369]
[1369, 1369]
[1369, 1369]
[1369, 1369]
[1369, 1369]
[1369, 1369]
[1369, 1369]
[1369, 1369]
[1369, 1369]
[1369, 1369]
[1369, 1369]
[1369, 1369]
[1369, 1369]
[1369, 1369]
[1371, 1372]
[1371, 1372]
[1371, 1372]
[1371, 1372]
[1371, 1372]
[1371, 1372]
[1371, 1372]
[1371, 1372]
[1371, 1372]
[1371, 1372]
[1371, 1372]
[1371, 1372]
[1373, 1376]
[1374, 1377]
[1374, 1377]
[1374, 1391]
[1374, 1392]
[1374, 1404]
[1374, 1404]
[1374, 1404]
[1374, 1404]
[1374, 1404]
[1374, 1404]
[1374, 1404]
[1374, 1404]
[1374, 1404]
[1374, 1404]
[1374, 1404]
[1374, 1413]
[1375, 1376]
[1375, 1376]
[1375, 1376]
[1375, 1376]
[1375, 1376]
[1375, 1376]
[1375, 1376]
[1375, 1376]
[1375, 1376]
[1375, 1376]
[1375, 1376]
[1377, 1413]
[1378, 1383]
[1378, 1394]
[1378, 1404]
[1378, 1404]
[1378, 1404]
[1378, 1404]
[1378, 1404]
[1378, 1404]
[1378, 1404]
[1378, 1404]
[1384, 1404]
[1385, 1385]
[1386, 1404]
[1392, 1404]
[1393, 1404]
[1395, 1404]
[1399, 1401]
[1399, 1401]
[1402, 1404]
[1402, 1404]
[1405, 1409]
[1405, 1409]
[1405, 1409]
[1405, 1409]
[1405, 1409]
[1405, 1410]
[1405, 1410]
[1405, 1410]
[1405, 1410]
[1405, 1410]
[1405, 1413]
[1405, 1413]
[1405, 1413]
[1405, 1413]
[1405, 1413]
[1405, 1413]
[1405, 1413]
[1405, 1413]
[1405, 1413]
[1405, 1413]
[1405, 1413]
[1405, 1413]
[1405, 1413]
[1405, 1413]
[1405, 1413]
[1405, 1413]
[1410, 1410]
[1410, 1413]
[1411, 1413]
[1411, 1413]
[1411, 1413]
[1411, 1413]
[1411, 1413]
[1411, 1413]
[1411, 1413]
[1411, 1413]
[1411, 1413]
[1422, 1423]
[1422, 1423]
[1423, 1423]
[1423, 1423]
[1423, 1423]
[1423, 1423]
[1423, 1423]
[1423, 1423]
[1423, 1423]
[1423, 1423]
[1423, 1423]
[1423, 1423]
[1423, 1423]
[1423, 1423]
[1423, 1423]
[1423, 1423]
[1423, 1423]
[1423, 1423]
[1423, 1423]
[1423, 1423]
[1423, 1423]
[1425, 1426]
[1425, 1426]
[1425, 1426]
[1425, 1426]
[1425, 1426]
[1425, 1426]
[1425, 1426]
[1425, 1426]
[1425, 1426]
[1425, 1426]
[1425, 1426]
[1425, 1426]
[1427, 1430]
[1428, 1431]
[1428, 1431]
[1428, 1445]
[1428, 1446]
[1428, 1458]
[1428, 1458]
[1428, 1458]
[1428, 1458]
[1428, 1458]
[1428, 1458]
[1428, 1458]
[1428, 1458]
[1428, 1458]
[1428, 1458]
[1428, 1458]
[1428, 1467]
[1429, 1430]
[1429, 1430]
[1429, 1430]
[1429, 1430]
[1429, 1430]
[1429, 1430]
[1429, 1430]
[1429, 1430]
[1429, 1430]
[1429, 1430]
[1429, 1430]
[1431, 1467]
[1432, 1437]
[1432, 1448]
[1432, 1458]
[1432, 1458]
[1432, 1458]
[1432, 1458]
[1432, 1458]
[1432, 1458]
[1432, 1458]
[1432, 1458]
[1438, 1458]
[1439, 1439]
[1440, 1458]
[1446, 1458]
[1447, 1458]
[1449, 1458]
[1453, 1455]
[1453, 1455]
[1456, 1458]
[1456, 1458]
[1459, 1463]
[1459, 1463]
[1459, 1463]
[1459, 1463]
[1459, 1463]
[1459, 1464]
[1459, 1464]
[1459, 1464]
[1459, 1464]
[1459, 1464]
[1459, 1467]
[1459, 1467]
[1459, 1467]
[1459, 1467]
[1459, 1467]
[1459, 1467]
[1459, 1467]
[1459, 1467]
[1459, 1467]
[1459, 1467]
[1459, 1467]
[1459, 1467]
[1459, 1467]
[1459, 1467]
[1459, 1467]
[1459, 1467]
[1464, 1464]
[1464, 1467]
[1465, 1467]
[1465, 1467]
[1465, 1467]
[1465, 1467]
[1465, 1467]
[1465, 1467]
[1465, 1467]
[1465, 1467]
[1465, 1467]
[1473, 1474]
[1473, 1474]
[1473, 1474]
[1473, 1474]
[1473, 1474]
[1475, 1496]
[1477, 1479]
[1481, 1482]
[1481, 1482]
[1481, 1482]
[1481, 1482]
[1481, 1482]
[1483, 1488]
[1486, 1487]
[1486, 1487]
[1486, 1487]
[1486, 1487]
[1486, 1487]
[1486, 1488]
[1486, 1488]
[1486, 1488]
[1488, 1488]
[1488, 1488]
[1488, 1488]
[1488, 1488]
[1488, 1488]
[1488, 1488]
[1488, 1488]
[1488, 1488]
[1488, 1488]
[1488, 1488]
[1488, 1488]
[1488, 1488]
[1488, 1488]
[1488, 1488]
[1488, 1488]
[1488, 1488]
[1488, 1488]
[1488, 1488]
[1488, 1488]
[1489, 1491]
[1493, 1494]
[1493, 1494]
[1493, 1494]
[1493, 1494]
[1493, 1494]
[1495, 1500]
[1497, 1502]
[1498, 1499]
[1498, 1499]
[1498, 1499]
[1498, 1499]
[1498, 1499]
[1498, 1500]
[1498, 1500]
[1498, 1500]
[1500, 1500]
[1500, 1500]
[1500, 1500]
[1500, 1500]
[1500, 1500]
[1500, 1500]
[1500, 1500]
[1500, 1500]
[1500, 1500]
[1500, 1500]
[1500, 1500]
[1500, 1500]
[1500, 1500]
[1500, 1500]
[1500, 1500]
[1500, 1500]
[1500, 1500]
[1500, 1500]
[1500, 1500]
[1501, 1502]
[1501, 1502]
[1502, 1502]
[1502, 1502]
[1502, 1502]
[1502, 1502]
[1502, 1502]
[1502, 1502]
[1502, 1502]
[1502, 1502]
[1502, 1502]
[1502, 1502]
[1502, 1502]
[1502, 1502]
[1502, 1502]
[1502, 1502]
[1502, 1502]
[1502, 1502]
[1502, 1502]
[1502, 1502]
[1502, 1502]
[1504, 1505]
[1504, 1505]
[1504, 1505]
[1504, 1505]
[1504, 1505]
[1504, 1505]
[1504, 1505]
[1504, 1505]
[1504, 1505]
[1504, 1505]
[1504, 1505]
[1504, 1505]
[1506, 1509]
[1507, 1510]
[1507, 1510]
[1507, 1524]
[1507, 1525]
[1507, 1537]
[1507, 1537]
[1507, 1537]
[1507, 1537]
[1507, 1537]
[1507, 1537]
[1507, 1537]
[1507, 1537]
[1507, 1537]
[1507, 1537]
[1507, 1537]
[1507, 1546]
[1508, 1509]
[1508, 1509]
[1508, 1509]
[1508, 1509]
[1508, 1509]
[1508, 1509]
[1508, 1509]
[1508, 1509]
[1508, 1509]
[1508, 1509]
[1508, 1509]
[1510, 1546]
[1511, 1516]
[1511, 1527]
[1511, 1537]
[1511, 1537]
[1511, 1537]
[1511, 1537]
[1511, 1537]
[1511, 1537]
[1511, 1537]
[1511, 1537]
[1517, 1537]
[1518, 1518]
[1519, 1537]
[1525, 1537]
[1526, 1537]
[1528, 1537]
[1532, 1534]
[1532, 1534]
[1535, 1537]
[1535, 1537]
[1538, 1542]
[1538, 1542]
[1538, 1542]
[1538, 1542]
[1538, 1542]
[1538, 1543]
[1538, 1543]
[1538, 1543]
[1538, 1543]
[1538, 1543]
[1538, 1546]
[1538, 1546]
[1538, 1546]
[1538, 1546]
[1538, 1546]
[1538, 1546]
[1538, 1546]
[1538, 1546]
[1538, 1546]
[1538, 1546]
[1538, 1546]
[1538, 1546]
[1538, 1546]
[1538, 1546]
[1538, 1546]
[1538, 1546]
[1538, 1548]
[1543, 1543]
[1543, 1546]
[1544, 1546]
[1544, 1546]
[1544, 1546]
[1544, 1546]
[1544, 1546]
[1544, 1546]
[1544, 1546]
[1544, 1546]
[1544, 1546]
[1547, 1548]
[1547, 1548]
[1548, 1548]
[1548, 1548]
[1548, 1548]
[1548, 1548]
[1548, 1548]
[1548, 1548]
[1548, 1548]
[1548, 1548]
[1548, 1548]
[1548, 1548]
[1548, 1548]
[1548, 1548]
[1548, 1548]
[1548, 1548]
[1548, 1548]
[1548, 1548]
[1548, 1548]
[1548, 1548]
[1548, 1548]
[1550, 1551]
[1550, 1551]
[1550, 1551]
[1550, 1551]
[1550, 1551]
[1550, 1551]
[1550, 1551]
[1550, 1551]
[1550, 1551]
[1550, 1551]
[1550, 1551]
[1550, 1551]
[1552, 1555]
[1553, 1556]
[1553, 1556]
[1553, 1570]
[1553, 1571]
[1553, 1583]
[1553, 1583]
[1553, 1583]
[1553, 1583]
[1553, 1583]
[1553, 1583]
[1553, 1583]
[1553, 1583]
[1553, 1583]
[1553, 1583]
[1553, 1583]
[1553, 1592]
[1554, 1555]
[1554, 1555]
[1554, 1555]
[1554, 1555]
[1554, 1555]
[1554, 1555]
[1554, 1555]
[1554, 1555]
[1554, 1555]
[1554, 1555]
[1554, 1555]
[1556, 1592]
[1557, 1562]
[1557, 1573]
[1557, 1583]
[1557, 1583]
[1557, 1583]
[1557, 1583]
[1557, 1583]
[1557, 1583]
[1557, 1583]
[1557, 1583]
[1563, 1583]
[1564, 1564]
[1565, 1583]
[1571, 1583]
[1572, 1583]
[1574, 1583]
[1578, 1580]
[1578, 1580]
[1581, 1583]
[1581, 1583]
[1584, 1588]
[1584, 1588]
[1584, 1588]
[1584, 1588]
[1584, 1588]
[1584, 1589]
[1584, 1589]
[1584, 1589]
[1584, 1589]
[1584, 1589]
[1584, 1592]
[1584, 1592]
[1584, 1592]
[1584, 1592]
[1584, 1592]
[1584, 1592]
[1584, 1592]
[1584, 1592]
[1584, 1592]
[1584, 1592]
[1584, 1592]
[1584, 1592]
[1584, 1592]
[1584, 1592]
[1584, 1592]
[1584, 1592]
[1589, 1589]
[1589, 1592]
[1590, 1592]
[1590, 1592]
[1590, 1592]
[1590, 1592]
[1590, 1592]
[1590, 1592]
[1590, 1592]
[1590, 1592]
[1590, 1592]
[1594, 1594]
[1594, 1594]
[1594, 1594]
[1594, 1594]
[1594, 1594]
[1594, 1594]
[1594, 1594]
[1594, 1594]
[1594, 1594]
[1594, 1594]
[1594, 1594]
[1594, 1594]
[1594, 1594]
[1594, 1594]
[1594, 1594]
[1594, 1594]
[1594, 1594]
[1594, 1594]
[1594, 1594]
[1598, 1599]
[1598, 1599]
[1598, 1599]
[1598, 1599]
[1598, 1599]
[1598, 1599]
[1598, 1599]
[1598, 1599]
[1598, 1599]
[1598, 1599]
[1598, 1599]
[1600, 1600]
[1602, 1602]
[1604, 1604]
[1606, 1606]
[1608, 1608]
[1610, 1610]
[1612, 1612]
[1614, 1623]
[1616, 1621]
[1616, 1632]
[1616, 1642]
[1616, 1642]
[1616, 1642]
[1616, 1642]
[1616, 1642]
[1616, 1642]
[1616, 1642]
[1616, 1642]
[1622, 1642]
[1623, 1623]
[1624, 1642]
[1630, 1642]
[1631, 1642]
[1633, 1642]
[1637, 1639]
[1637, 1639]
[1640, 1642]
[1640, 1642]
[1643, 1647]
[1643, 1647]
[1643, 1647]
[1643, 1647]
[1643, 1647]
[1643, 1648]
[1643, 1648]
[1643, 1648]
[1643, 1648]
[1643, 1648]
[1643, 1651]
[1643, 1651]
[1643, 1651]
[1643, 1651]
[1643, 1651]
[1643, 1651]
[1643, 1651]
[1643, 1651]
[1643, 1651]
[1643, 1651]
[1643, 1651]
[1643, 1651]
[1643, 1651]
[1643, 1651]
[1643, 1651]
[1643, 1651]
[1648, 1648]
[1648, 1651]
[1649, 1651]
[1649, 1651]
[1649, 1651]
[1649, 1651]
[1649, 1651]
[1649, 1651]
[1649, 1651]
[1649, 1651]
[1649, 1651]
[1770, 1770]
[1770, 1770]
[1770, 1770]
[1770, 1770]
[1770, 1770]
[1770, 1770]
[1770, 1770]
[1770, 1770]
[1770, 1770]
[1770, 1770]
[1770, 1770]
[1770, 1770]
[1770, 1770]
[1770, 1770]
[1770, 1770]
[1770, 1770]
[1770, 1770]
[1770, 1770]
[1770, 1770]
[1772, 1773]
[1772, 1773]
[1772, 1773]
[1772, 1773]
[1772, 1773]
[1772, 1773]
[1772, 1773]
[1772, 1773]
[1772, 1773]
[1772, 1773]
[1772, 1773]
[1772, 1773]
[1774, 1777]
[1775, 1778]
[1775, 1778]
[1775, 1792]
[1775, 1793]
[1775, 1805]
[1775, 1805]
[1775, 1805]
[1775, 1805]
[1775, 1805]
[1775, 1805]
[1775, 1805]
[1775, 1805]
[1775, 1805]
[1775, 1805]
[1775, 1805]
[1776, 1777]
[1776, 1777]
[1776, 1777]
[1776, 1777]
[1776, 1777]
[1776, 1777]
[1776, 1777]
[1776, 1777]
[1776, 1777]
[1776, 1777]
[1776, 1777]
[1779, 1784]
[1779, 1795]
[1779, 1805]
[1779, 1805]
[1779, 1805]
[1779, 1805]
[1779, 1805]
[1779, 1805]
[1779, 1805]
[1779, 1805]
[1785, 1805]
[1786, 1786]
[1787, 1805]
[1793, 1805]
[1794, 1805]
[1796, 1805]
[1800, 1802]
[1800, 1802]
[1803, 1805]
[1803, 1805]
[1910, 1914]
[1910, 1914]
[1910, 1914]
[1910, 1914]
[1910, 1914]
[1910, 1915]
[1910, 1915]
[1910, 1915]
[1910, 1915]
[1910, 1915]
[1910, 1918]
[1910, 1918]
[1910, 1918]
[1910, 1918]
[1910, 1918]
[1910, 1918]
[1910, 1918]
[1910, 1918]
[1910, 1918]
[1910, 1918]
[1910, 1918]
[1910, 1918]
[1910, 1918]
[1910, 1918]
[1910, 1918]
[1910, 1918]
[1915, 1915]
[1915, 1918]
[1916, 1918]
[1916, 1918]
[1916, 1918]
[1916, 1918]
[1916, 1918]
[1916, 1918]
[1916, 1918]
[1916, 1918]
[1916, 1918]
[1920, 1920]
[1920, 1920]
[1920, 1920]
[1920, 1920]
[1920, 1920]
[1920, 1920]
[1920, 1920]
[1920, 1920]
[1920, 1920]
[1920, 1920]
[1920, 1920]
[1920, 1920]
[1920, 1920]
[1920, 1920]
[1920, 1920]
[1920, 1920]
[1920, 1920]
[1920, 1920]
[1920, 1920]
[1924, 1925]
[1924, 1925]
[1924, 1925]
[1924, 1925]
[1924, 1925]
[1924, 1925]
[1924, 1925]
[1924, 1925]
[1924, 1925]
[1924, 1925]
[1924, 1925]
[1926, 1926]
[1928, 1928]
[1930, 1930]
[1932, 1932]
[1934, 1934]
[1936, 1936]
[1938, 1938]
[1941, 1950]
[1943, 1948]
[1943, 1959]
[1943, 1969]
[1943, 1969]
[1943, 1969]
[1943, 1969]
[1943, 1969]
[1943, 1969]
[1943, 1969]
[1943, 1969]
[1949, 1969]
[1950, 1950]
[1951, 1969]
[1957, 1969]
[1958, 1969]
[1960, 1969]
[1964, 1966]
[1964, 1966]
[1967, 1969]
[1967, 1969]
[1972, 1976]
[1972, 1976]
[1972, 1976]
[1972, 1976]
[1972, 1976]
[1972, 1977]
[1972, 1977]
[1972, 1977]
[1972, 1977]
[1972, 1977]
[1972, 1980]
[1972, 1980]
[1972, 1980]
[1972, 1980]
[1972, 1980]
[1972, 1980]
[1972, 1980]
[1972, 1980]
[1972, 1980]
[1972, 1980]
[1972, 1980]
[1972, 1980]
[1972, 1980]
[1972, 1980]
[1972, 1980]
[1972, 1980]
[1977, 1977]
[1977, 1980]
[1978, 1980]
[1978, 1980]
[1978, 1980]
[1978, 1980]
[1978, 1980]
[1978, 1980]
[1978, 1980]
[1978, 1980]
[1978, 1980]
[2956, 2956]
[2956, 2956]
[2956, 2956]
[2956, 2956]
[2956, 2956]
[2956, 2956]
[2956, 2956]
[2956, 2956]
[2956, 2956]
[2956, 2956]
[2956, 2956]
[2956, 2956]
[2956, 2956]
[2956, 2956]
[2956, 2956]
[2956, 2956]
[2956, 2956]
[2956, 2956]
[2956, 2956]
[2958, 2959]
[2958, 2959]
[2958, 2959]
[2958, 2959]
[2958, 2959]
[2958, 2959]
[2958, 2959]
[2958, 2959]
[2958, 2959]
[2958, 2959]
[2958, 2959]
[2958, 2959]
[2960, 2963]
[2961, 2964]
[2961, 2964]
[2961, 2978]
[2961, 2979]
[2961, 2991]
[2961, 2991]
[2961, 2991]
[2961, 2991]
[2961, 2991]
[2961, 2991]
[2961, 2991]
[2961, 2991]
[2961, 2991]
[2961, 2991]
[2961, 2991]
[2962, 2963]
[2962, 2963]
[2962, 2963]
[2962, 2963]
[2962, 2963]
[2962, 2963]
[2962, 2963]
[2962, 2963]
[2962, 2963]
[2962, 2963]
[2962, 2963]
[2965, 2970]
[2965, 2981]
[2965, 2991]
[2965, 2991]
[2965, 2991]
[2965, 2991]
[2965, 2991]
[2965, 2991]
[2965, 2991]
[2965, 2991]
[2971, 2991]
[2972, 2972]
[2973, 2991]
[2979, 2991]
[2980, 2991]
[2982, 2991]
[2986, 2988]
[2986, 2988]
[2989, 2991]
[2989, 2991]
[3170, 3174]
[3170, 3174]
[3170, 3174]
[3170, 3174]
[3170, 3174]
[3176, 3176]
[3176, 3176]
[3176, 3176]
[3176, 3176]
[3176, 3176]
[3176, 3176]
[3176, 3176]
[3176, 3176]
[3176, 3176]
[3176, 3176]
[3176, 3176]
[3176, 3176]
[3176, 3176]
[3176, 3176]
[3176, 3176]
[3176, 3176]
[3176, 3176]
[3176, 3176]
[3176, 3176]
[3180, 3181]
[3180, 3181]
[3180, 3181]
[3180, 3181]
[3180, 3181]
[3180, 3181]
[3180, 3181]
[3180, 3181]
[3180, 3181]
[3180, 3181]
[3180, 3181]
[3182, 3182]
[3184, 3184]
[3186, 3186]
[3188, 3188]
[3190, 3190]
[3192, 3192]
[3194, 3194]
[3196, 3205]
[3198, 3203]
[3198, 3214]
[3198, 3224]
[3198, 3224]
[3198, 3224]
[3198, 3224]
[3198, 3224]
[3198, 3224]
[3198, 3224]
[3198, 3224]
[3198, 3228]
[3198, 3228]
[3204, 3224]
[3205, 3205]
[3206, 3224]
[3212, 3224]
[3213, 3224]
[3215, 3224]
[3219, 3221]
[3219, 3221]
[3222, 3224]
[3222, 3224]
[3225, 3225]
[3225, 3228]
[3226, 3228]
[3226, 3228]
[3226, 3228]
[3226, 3228]
[3226, 3228]
[3226, 3228]
[3226, 3228]
[3226, 3228]
[3226, 3228]
[3285, 3289]
[3285, 3289]
[3285, 3289]
[3285, 3289]
[3285, 3289]
[3285, 3290]
[3285, 3290]
[3285, 3290]
[3285, 3290]
[3285, 3290]
[3285, 3293]
[3285, 3293]
[3285, 3293]
[3285, 3293]
[3285, 3293]
[3285, 3293]
[3285, 3293]
[3285, 3293]
[3285, 3293]
[3285, 3293]
[3285, 3293]
[3285, 3293]
[3285, 3293]
[3285, 3293]
[3285, 3293]
[3285, 3293]
[3290, 3290]
[3290, 3293]
[3291, 3293]
[3291, 3293]
[3291, 3293]
[3291, 3293]
[3291, 3293]
[3291, 3293]
[3291, 3293]
[3291, 3293]
[3291, 3293]
[4267, 4267]
[4267, 4267]
[4267, 4267]
[4267, 4267]
[4267, 4267]
[4267, 4267]
[4267, 4267]
[4267, 4267]
[4267, 4267]
[4267, 4267]
[4267, 4267]
[4267, 4267]
[4267, 4267]
[4267, 4267]
[4267, 4267]
[4267, 4267]
[4267, 4267]
[4267, 4267]
[4267, 4267]
[4269, 4270]
[4269, 4270]
[4269, 4270]
[4269, 4270]
[4269, 4270]
[4269, 4270]
[4269, 4270]
[4269, 4270]
[4269, 4270]
[4269, 4270]
[4269, 4270]
[4269, 4270]
[4271, 4274]
[4272, 4275]
[4272, 4275]
[4272, 4289]
[4272, 4290]
[4272, 4302]
[4272, 4302]
[4272, 4302]
[4272, 4302]
[4272, 4302]
[4272, 4302]
[4272, 4302]
[4272, 4302]
[4272, 4302]
[4272, 4302]
[4272, 4302]
[4273, 4274]
[4273, 4274]
[4273, 4274]
[4273, 4274]
[4273, 4274]
[4273, 4274]
[4273, 4274]
[4273, 4274]
[4273, 4274]
[4273, 4274]
[4273, 4274]
[4276, 4281]
[4276, 4292]
[4276, 4302]
[4276, 4302]
[4276, 4302]
[4276, 4302]
[4276, 4302]
[4276, 4302]
[4276, 4302]
[4276, 4302]
[4282, 4302]
[4283, 4283]
[4284, 4302]
[4290, 4302]
[4291, 4302]
[4293, 4302]
[4297, 4299]
[4297, 4299]
[4300, 4302]
[4300, 4302]
[4304, 4308]
[4304, 4308]
[4304, 4308]
[4304, 4308]
[4304, 4308]
[4304, 4309]
[4304, 4309]
[4304, 4309]
[4304, 4309]
[4304, 4309]
[4309, 4309]
[4311, 4313]
[4311, 4313]
[4311, 4313]
[4311, 4313]
[4311, 4313]
[4311, 4313]
[4311, 4313]
[4311, 4313]
[4311, 4313]
[4315, 4315]
[4315, 4315]
[4315, 4315]
[4315, 4315]
[4315, 4315]
[4315, 4315]
[4315, 4315]
[4315, 4315]
[4315, 4315]
[4315, 4315]
[4315, 4315]
[4315, 4315]
[4315, 4315]
[4315, 4315]
[4315, 4315]
[4315, 4315]
[4315, 4315]
[4315, 4315]
[4315, 4315]
[4319, 4320]
[4319, 4320]
[4319, 4320]
[4319, 4320]
[4319, 4320]
[4319, 4320]
[4319, 4320]
[4319, 4320]
[4319, 4320]
[4319, 4320]
[4319, 4320]
[4321, 4321]
[4323, 4323]
[4325, 4325]
[4327, 4327]
[4329, 4329]
[4331, 4331]
[4333, 4333]
[4336, 4345]
[4338, 4343]
[4338, 4354]
[4338, 4364]
[4338, 4364]
[4338, 4364]
[4338, 4364]
[4338, 4364]
[4338, 4364]
[4338, 4364]
[4338, 4364]
[4344, 4364]
[4345, 4345]
[4346, 4364]
[4352, 4364]
[4353, 4364]
[4355, 4364]
[4359, 4361]
[4359, 4361]
[4362, 4364]
[4362, 4364]
[4366, 4370]
[4366, 4370]
[4366, 4370]
[4366, 4370]
[4366, 4370]
[4366, 4371]
[4366, 4371]
[4366, 4371]
[4366, 4371]
[4366, 4371]
[4366, 4374]
[4366, 4374]
[4366, 4374]
[4366, 4374]
[4366, 4374]
[4366, 4374]
[4366, 4374]
[4366, 4374]
[4366, 4374]
[4366, 4374]
[4366, 4374]
[4366, 4374]
[4366, 4374]
[4366, 4374]
[4366, 4374]
[4366, 4374]
[4371, 4371]
[4371, 4374]
[4372, 4374]
[4372, 4374]
[4372, 4374]
[4372, 4374]
[4372, 4374]
[4372, 4374]
[4372, 4374]
[4372, 4374]
[4372, 4374]
[4437, 4437]
[4437, 4438]
[4437, 4438]
[4439, 4441]
[4439, 4441]
[4442, 4444]
[4442, 4444]
[4445, 4447]
[4445, 4447]
[4459, 4461]
[4459, 4461]
[4459, 4461]
[4459, 4461]
[4459, 4461]
[4459, 4461]
[4459, 4461]
[4459, 4461]
[4459, 4461]
[4467, 4468]
[4467, 4468]
[4468, 4468]
[4468, 4468]
[4468, 4468]
[4468, 4468]
[4468, 4468]
[4468, 4468]
[4468, 4468]
[4468, 4468]
[4468, 4468]
[4468, 4468]
[4468, 4468]
[4468, 4468]
[4468, 4468]
[4468, 4468]
[4468, 4468]
[4468, 4468]
[4468, 4468]
[4468, 4468]
[4468, 4468]
[4470, 4471]
[4470, 4471]
[4470, 4471]
[4470, 4471]
[4470, 4471]
[4470, 4471]
[4470, 4471]
[4470, 4471]
[4470, 4471]
[4470, 4471]
[4470, 4471]
[4470, 4471]
[4472, 4475]
[4473, 4476]
[4473, 4476]
[4473, 4490]
[4473, 4491]
[4473, 4503]
[4473, 4503]
[4473, 4503]
[4473, 4503]
[4473, 4503]
[4473, 4503]
[4473, 4503]
[4473, 4503]
[4473, 4503]
[4473, 4503]
[4473, 4503]
[4473, 4512]
[4474, 4475]
[4474, 4475]
[4474, 4475]
[4474, 4475]
[4474, 4475]
[4474, 4475]
[4474, 4475]
[4474, 4475]
[4474, 4475]
[4474, 4475]
[4474, 4475]
[4476, 4512]
[4477, 4482]
[4477, 4493]
[4477, 4503]
[4477, 4503]
[4477, 4503]
[4477, 4503]
[4477, 4503]
[4477, 4503]
[4477, 4503]
[4477, 4503]
[4483, 4503]
[4484, 4484]
[4485, 4503]
[4491, 4503]
[4492, 4503]
[4494, 4503]
[4498, 4500]
[4498, 4500]
[4501, 4503]
[4501, 4503]
[4504, 4508]
[4504, 4508]
[4504, 4508]
[4504, 4508]
[4504, 4508]
[4504, 4509]
[4504, 4509]
[4504, 4509]
[4504, 4509]
[4504, 4509]
[4504, 4512]
[4504, 4512]
[4504, 4512]
[4504, 4512]
[4504, 4512]
[4504, 4512]
[4504, 4512]
[4504, 4512]
[4504, 4512]
[4504, 4512]
[4504, 4512]
[4504, 4512]
[4504, 4512]
[4504, 4512]
[4504, 4512]
[4504, 4512]
[4509, 4509]
[4509, 4512]
[4510, 4512]
[4510, 4512]
[4510, 4512]
[4510, 4512]
[4510, 4512]
[4510, 4512]
[4510, 4512]
[4510, 4512]
[4510, 4512]
[4517, 4517]
[4517, 4517]
[4517, 4517]
[4517, 4517]
[4517, 4517]
[4517, 4517]
[4517, 4517]
[4517, 4517]
[4517, 4517]
[4517, 4517]
[4517, 4517]
[4517, 4517]
[4517, 4517]
[4517, 4517]
[4517, 4517]
[4517, 4517]
[4517, 4517]
[4517, 4517]
[4517, 4517]
[4521, 4522]
[4521, 4522]
[4521, 4522]
[4521, 4522]
[4521, 4522]
[4521, 4522]
[4521, 4522]
[4521, 4522]
[4521, 4522]
[4521, 4522]
[4521, 4522]
[4523, 4523]
[4525, 4525]
[4527, 4527]
[4529, 4529]
[4531, 4531]
[4533, 4533]
[4535, 4544]
[4537, 4542]
[4537, 4553]
[4537, 4563]
[4537, 4563]
[4537, 4563]
[4537, 4563]
[4537, 4563]
[4537, 4563]
[4537, 4563]
[4537, 4563]
[4543, 4563]
[4544, 4544]
[4545, 4563]
[4551, 4563]
[4552, 4563]
[4554, 4563]
[4558, 4560]
[4558, 4560]
[4561, 4563]
[4561, 4563]
[4564, 4568]
[4564, 4568]
[4564, 4568]
[4564, 4568]
[4564, 4568]
[4564, 4569]
[4564, 4569]
[4564, 4569]
[4564, 4569]
[4564, 4569]
[4564, 4572]
[4564, 4572]
[4564, 4572]
[4564, 4572]
[4564, 4572]
[4564, 4572]
[4564, 4572]
[4564, 4572]
[4564, 4572]
[4564, 4572]
[4564, 4572]
[4564, 4572]
[4564, 4572]
[4564, 4572]
[4564, 4572]
[4564, 4572]
[4569, 4569]
[4569, 4572]
[4570, 4572]
[4570, 4572]
[4570, 4572]
[4570, 4572]
[4570, 4572]
[4570, 4572]
[4570, 4572]
[4570, 4572]
[4570, 4572]
[4591, 4592]
[4591, 4592]
[4591, 4592]
[4591, 4592]
[4591, 4592]
[4594, 4605]
[4596, 4596]
[4599, 4600]
[4599, 4600]
[4599, 4600]
[4599, 4600]
[4599, 4600]
[4599, 4605]
[4601, 4601]
[4604, 4605]
[4604, 4605]
[4604, 4605]
[4604, 4605]
[4604, 4605]
[4606, 4607]
[4606, 4607]
[4606, 4607]
[4606, 4607]
[4606, 4607]
[4606, 4608]
[4606, 4608]
[4606, 4608]
[4608, 4608]
[4608, 4608]
[4608, 4608]
[4608, 4608]
[4608, 4608]
[4608, 4608]
[4608, 4608]
[4608, 4608]
[4608, 4608]
[4608, 4608]
[4608, 4608]
[4608, 4608]
[4608, 4608]
[4608, 4608]
[4608, 4608]
[4608, 4608]
[4608, 4608]
[4608, 4608]
[4608, 4608]
[4609, 4609]
[4609, 4609]
[4609, 4609]
[4609, 4609]
[4609, 4609]
[4609, 4609]
[4609, 4609]
[4609, 4609]
[4609, 4609]
[4609, 4609]
[4609, 4609]
[4609, 4609]
[4609, 4609]
[4609, 4609]
[4609, 4609]
[4609, 4609]
[4609, 4609]
[4609, 4609]
[4609, 4609]
[4611, 4612]
[4611, 4612]
[4611, 4612]
[4611, 4612]
[4611, 4612]
[4611, 4612]
[4611, 4612]
[4611, 4612]
[4611, 4612]
[4611, 4612]
[4611, 4612]
[4611, 4612]
[4613, 4616]
[4614, 4617]
[4614, 4617]
[4614, 4631]
[4614, 4632]
[4614, 4644]
[4614, 4644]
[4614, 4644]
[4614, 4644]
[4614, 4644]
[4614, 4644]
[4614, 4644]
[4614, 4644]
[4614, 4644]
[4614, 4644]
[4614, 4644]
[4614, 4653]
[4615, 4616]
[4615, 4616]
[4615, 4616]
[4615, 4616]
[4615, 4616]
[4615, 4616]
[4615, 4616]
[4615, 4616]
[4615, 4616]
[4615, 4616]
[4615, 4616]
[4617, 4653]
[4618, 4623]
[4618, 4634]
[4618, 4644]
[4618, 4644]
[4618, 4644]
[4618, 4644]
[4618, 4644]
[4618, 4644]
[4618, 4644]
[4618, 4644]
[4624, 4644]
[4625, 4625]
[4626, 4644]
[4632, 4644]
[4633, 4644]
[4635, 4644]
[4639, 4641]
[4639, 4641]
[4642, 4644]
[4642, 4644]
[4645, 4649]
[4645, 4649]
[4645, 4649]
[4645, 4649]
[4645, 4649]
[4645, 4650]
[4645, 4650]
[4645, 4650]
[4645, 4650]
[4645, 4650]
[4645, 4653]
[4645, 4653]
[4645, 4653]
[4645, 4653]
[4645, 4653]
[4645, 4653]
[4645, 4653]
[4645, 4653]
[4645, 4653]
[4645, 4653]
[4645, 4653]
[4645, 4653]
[4645, 4653]
[4645, 4653]
[4645, 4653]
[4645, 4653]
[4650, 4650]
[4650, 4653]
[4651, 4653]
[4651, 4653]
[4651, 4653]
[4651, 4653]
[4651, 4653]
[4651, 4653]
[4651, 4653]
[4651, 4653]
[4651, 4653]
[4655, 4655]
[4655, 4655]
[4655, 4655]
[4655, 4655]
[4655, 4655]
[4655, 4655]
[4655, 4655]
[4655, 4655]
[4655, 4655]
[4655, 4655]
[4655, 4655]
[4655, 4655]
[4655, 4655]
[4655, 4655]
[4655, 4655]
[4655, 4655]
[4655, 4655]
[4655, 4655]
[4655, 4655]
[4659, 4660]
[4659, 4660]
[4659, 4660]
[4659, 4660]
[4659, 4660]
[4659, 4660]
[4659, 4660]
[4659, 4660]
[4659, 4660]
[4659, 4660]
[4659, 4660]
[4661, 4661]
[4663, 4663]
[4665, 4665]
[4667, 4667]
[4669, 4669]
[4671, 4671]
[4673, 4682]
[4675, 4680]
[4675, 4691]
[4675, 4701]
[4675, 4701]
[4675, 4701]
[4675, 4701]
[4675, 4701]
[4675, 4701]
[4675, 4701]
[4675, 4701]
[4681, 4701]
[4682, 4682]
[4683, 4701]
[4689, 4701]
[4690, 4701]
[4692, 4701]
[4696, 4698]
[4696, 4698]
[4699, 4701]
[4699, 4701]
[4702, 4706]
[4702, 4706]
[4702, 4706]
[4702, 4706]
[4702, 4706]
[4702, 4707]
[4702, 4707]
[4702, 4707]
[4702, 4707]
[4702, 4707]
[4702, 4710]
[4702, 4710]
[4702, 4710]
[4702, 4710]
[4702, 4710]
[4702, 4710]
[4702, 4710]
[4702, 4710]
[4702, 4710]
[4702, 4710]
[4702, 4710]
[4702, 4710]
[4702, 4710]
[4702, 4710]
[4702, 4710]
[4702, 4710]
[4707, 4707]
[4707, 4710]
[4708, 4710]
[4708, 4710]
[4708, 4710]
[4708, 4710]
[4708, 4710]
[4708, 4710]
[4708, 4710]
[4708, 4710]
[4708, 4710]
[4711, 4712]
[4711, 4712]
[4711, 4712]
[4711, 4712]
[4711, 4712]
[4711, 4713]
[4711, 4713]
[4711, 4713]
[4713, 4713]
[4713, 4713]
[4713, 4713]
[4713, 4713]
[4713, 4713]
[4713, 4713]
[4713, 4713]
[4713, 4713]
[4713, 4713]
[4713, 4713]
[4713, 4713]
[4713, 4713]
[4713, 4713]
[4713, 4713]
[4713, 4713]
[4713, 4713]
[4713, 4713]
[4713, 4713]
[4713, 4713]
[4719, 4720]
[4719, 4720]
[4719, 4720]
[4719, 4720]
[4719, 4720]
[4983, 4983]
[4983, 4983]
[4983, 4983]
[4983, 4983]
[4983, 4983]
[4983, 4983]
[4983, 4983]
[4983, 4983]
[4983, 4983]
[4983, 4983]
[4983, 4983]
[4983, 4983]
[4983, 4983]
[4983, 4983]
[4983, 4983]
[4983, 4983]
[4983, 4983]
[4983, 4983]
[4983, 4983]
[4985, 4986]
[4985, 4986]
[4985, 4986]
[4985, 4986]
[4985, 4986]
[4985, 4986]
[4985, 4986]
[4985, 4986]
[4985, 4986]
[4985, 4986]
[4985, 4986]
[4985, 4986]
[4987, 4990]
[4988, 4991]
[4988, 4991]
[4988, 5005]
[4988, 5006]
[4989, 4990]
[4989, 4990]
[4989, 4990]
[4989, 4990]
[4989, 4990]
[4989, 4990]
[4989, 4990]
[4989, 4990]
[4989, 4990]
[4989, 4990]
[4989, 4990]
[4992, 4997]
[4999, 4999]
[5008, 5019]
[5010, 5019]
[5014, 5016]
[5014, 5016]
[5017, 5019]
[5017, 5019]
[5020, 5024]
[5020, 5024]
[5020, 5024]
[5020, 5024]
[5020, 5024]
[5020, 5025]
[5020, 5025]
[5020, 5025]
[5020, 5025]
[5020, 5025]
[5025, 5025]
[5027, 5029]
[5027, 5029]
[5027, 5029]
[5027, 5029]
[5027, 5029]
[5027, 5029]
[5027, 5029]
[5027, 5029]
[5027, 5029]
[5031, 5031]
[5031, 5031]
[5031, 5031]
[5031, 5031]
[5031, 5031]
[5031, 5031]
[5031, 5031]
[5031, 5031]
[5031, 5031]
[5031, 5031]
[5031, 5031]
[5031, 5031]
[5031, 5031]
[5031, 5031]
[5031, 5031]
[5031, 5031]
[5031, 5031]
[5031, 5031]
[5031, 5031]
[5035, 5036]
[5035, 5036]
[5035, 5036]
[5035, 5036]
[5035, 5036]
[5035, 5036]
[5035, 5036]
[5035, 5036]
[5035, 5036]
[5035, 5036]
[5035, 5036]
[5037, 5037]
[5039, 5039]
[5041, 5041]
[5043, 5043]
[5045, 5045]
[5048, 5048]
[5050, 5059]
[5052, 5057]
[5052, 5068]
[5052, 5078]
[5052, 5078]
[5052, 5078]
[5052, 5078]
[5052, 5078]
[5052, 5078]
[5052, 5078]
[5052, 5078]
[5058, 5078]
[5059, 5059]
[5060, 5078]
[5066, 5078]
[5067, 5078]
[5069, 5078]
[5073, 5075]
[5073, 5075]
[5076, 5078]
[5076, 5078]
[5080, 5084]
[5080, 5084]
[5080, 5084]
[5080, 5084]
[5080, 5084]
[5080, 5085]
[5080, 5085]
[5080, 5085]
[5080, 5085]
[5080, 5085]
[5085, 5085]
[5087, 5089]
[5087, 5089]
[5087, 5089]
[5087, 5089]
[5087, 5089]
[5087, 5089]
[5087, 5089]
[5087, 5089]
[5087, 5089]
[5332, 5333]
[5332, 5333]
[5332, 5333]
[5332, 5333]
[5332, 5333]
[5332, 5339]
[5334, 5334]
[5337, 5338]
[5337, 5338]
[5337, 5338]
[5337, 5338]
[5337, 5338]
[5387, 5388]
[5387, 5388]
[5387, 5388]
[5387, 5388]
[5387, 5388]
[5387, 5389]
[5387, 5389]
[5387, 5389]
[5389, 5389]
[5389, 5389]
[5389, 5389]
[5389, 5389]
[5389, 5389]
[5389, 5389]
[5389, 5389]
[5389, 5389]
[5389, 5389]
[5389, 5389]
[5389, 5389]
[5389, 5389]
[5389, 5389]
[5389, 5389]
[5389, 5389]
[5389, 5389]
[5389, 5389]
[5389, 5389]
[5389, 5389]
[5395, 5396]
[5395, 5396]
[5395, 5396]
[5395, 5396]
[5395, 5396]
[5905, 5906]
[5905, 5906]
[5905, 5906]
[5905, 5906]
[5905, 5906]
[5914, 5915]
[5914, 5915]
[5914, 5915]
[5914, 5915]
[5914, 5915]
[5916, 5928]
[5918, 5918]
[5921, 5922]
[5921, 5922]
[5921, 5922]
[5921, 5922]
[5921, 5922]
[5921, 5928]
[5923, 5923]
[5926, 5927]
[5926, 5927]
[5926, 5927]
[5926, 5927]
[5926, 5927]
[6106, 6106]
[6106, 6106]
[6106, 6106]
[6106, 6106]
[6106, 6106]
[6106, 6106]
[6106, 6106]
[6106, 6106]
[6106, 6106]
[6106, 6106]
[6106, 6106]
[6106, 6106]
[6106, 6106]
[6106, 6106]
[6106, 6106]
[6106, 6106]
[6106, 6106]
[6106, 6106]
[6106, 6106]
[6108, 6109]
[6108, 6109]
[6108, 6109]
[6108, 6109]
[6108, 6109]
[6108, 6109]
[6108, 6109]
[6108, 6109]
[6108, 6109]
[6108, 6109]
[6108, 6109]
[6108, 6109]
[6110, 6113]
[6111, 6114]
[6111, 6114]
[6111, 6128]
[6111, 6129]
[6111, 6141]
[6111, 6141]
[6111, 6141]
[6111, 6141]
[6111, 6141]
[6111, 6141]
[6111, 6141]
[6111, 6141]
[6111, 6141]
[6111, 6141]
[6111, 6141]
[6112, 6113]
[6112, 6113]
[6112, 6113]
[6112, 6113]
[6112, 6113]
[6112, 6113]
[6112, 6113]
[6112, 6113]
[6112, 6113]
[6112, 6113]
[6112, 6113]
[6115, 6120]
[6115, 6131]
[6115, 6141]
[6115, 6141]
[6115, 6141]
[6115, 6141]
[6115, 6141]
[6115, 6141]
[6115, 6141]
[6115, 6141]
[6121, 6141]
[6122, 6122]
[6123, 6141]
[6129, 6141]
[6130, 6141]
[6132, 6141]
[6136, 6138]
[6136, 6138]
[6139, 6141]
[6139, 6141]
[6172, 6173]
[6172, 6173]
[6172, 6173]
[6172, 6173]
[6172, 6173]
[6172, 6174]
[6172, 6174]
[6172, 6174]
[6174, 6174]
[6174, 6174]
[6174, 6174]
[6174, 6174]
[6174, 6174]
[6174, 6174]
[6174, 6174]
[6174, 6174]
[6174, 6174]
[6174, 6174]
[6174, 6174]
[6174, 6174]
[6174, 6174]
[6174, 6174]
[6174, 6174]
[6174, 6174]
[6174, 6174]
[6174, 6174]
[6174, 6174]
[6322, 6326]
[6322, 6326]
[6322, 6326]
[6322, 6326]
[6322, 6326]
[6328, 6328]
[6328, 6328]
[6328, 6328]
[6328, 6328]
[6328, 6328]
[6328, 6328]
[6328, 6328]
[6328, 6328]
[6328, 6328]
[6328, 6328]
[6328, 6328]
[6328, 6328]
[6328, 6328]
[6328, 6328]
[6328, 6328]
[6328, 6328]
[6328, 6328]
[6328, 6328]
[6328, 6328]
[6332, 6333]
[6332, 6333]
[6332, 6333]
[6332, 6333]
[6332, 6333]
[6332, 6333]
[6332, 6333]
[6332, 6333]
[6332, 6333]
[6332, 6333]
[6332, 6333]
[6334, 6334]
[6336, 6336]
[6338, 6338]
[6340, 6340]
[6342, 6342]
[6346, 6346]
[6348, 6348]
[6351, 6360]
[6353, 6358]
[6353, 6369]
[6353, 6379]
[6353, 6379]
[6353, 6379]
[6353, 6379]
[6353, 6379]
[6353, 6379]
[6353, 6379]
[6353, 6379]
[6359, 6379]
[6360, 6360]
[6361, 6379]
[6367, 6379]
[6368, 6379]
[6370, 6379]
[6374, 6376]
[6374, 6376]
[6377, 6379]
[6377, 6379]
[6381, 6385]
[6381, 6385]
[6381, 6385]
[6381, 6385]
[6381, 6385]
[6381, 6386]
[6381, 6386]
[6381, 6386]
[6381, 6386]
[6381, 6386]
[6386, 6386]
[6388, 6390]
[6388, 6390]
[6388, 6390]
[6388, 6390]
[6388, 6390]
[6388, 6390]
[6388, 6390]
[6388, 6390]
[6388, 6390]
[7361, 7361]
[7361, 7361]
[7361, 7361]
[7361, 7361]
[7361, 7361]
[7361, 7361]
[7361, 7361]
[7361, 7361]
[7361, 7361]
[7361, 7361]
[7361, 7361]
[7361, 7361]
[7361, 7361]
[7361, 7361]
[7361, 7361]
[7361, 7361]
[7361, 7361]
[7361, 7361]
[7361, 7361]
[7363, 7364]
[7363, 7364]
[7363, 7364]
[7363, 7364]
[7363, 7364]
[7363, 7364]
[7363, 7364]
[7363, 7364]
[7363, 7364]
[7363, 7364]
[7363, 7364]
[7363, 7364]
[7365, 7368]
[7366, 7369]
[7366, 7369]
[7366, 7383]
[7366, 7384]
[7366, 7396]
[7366, 7396]
[7366, 7396]
[7366, 7396]
[7366, 7396]
[7366, 7396]
[7366, 7396]
[7366, 7396]
[7366, 7396]
[7366, 7396]
[7366, 7396]
[7367, 7368]
[7367, 7368]
[7367, 7368]
[7367, 7368]
[7367, 7368]
[7367, 7368]
[7367, 7368]
[7367, 7368]
[7367, 7368]
[7367, 7368]
[7367, 7368]
[7370, 7375]
[7370, 7386]
[7370, 7396]
[7370, 7396]
[7370, 7396]
[7370, 7396]
[7370, 7396]
[7370, 7396]
[7370, 7396]
[7370, 7396]
[7376, 7396]
[7377, 7377]
[7378, 7396]
[7384, 7396]
[7385, 7396]
[7387, 7396]
[7391, 7393]
[7391, 7393]
[7394, 7396]
[7394, 7396]
[7581, 7582]
[7581, 7582]
[7581, 7582]
[7581, 7582]
[7581, 7582]
[7581, 7583]
[7581, 7583]
[7581, 7583]
[7583, 7583]
[7583, 7583]
[7583, 7583]
[7583, 7583]
[7583, 7583]
[7583, 7583]
[7583, 7583]
[7583, 7583]
[7583, 7583]
[7583, 7583]
[7583, 7583]
[7583, 7583]
[7583, 7583]
[7583, 7583]
[7583, 7583]
[7583, 7583]
[7583, 7583]
[7583, 7583]
[7583, 7583]
[7589, 7590]
[7589, 7590]
[7589, 7590]
[7589, 7590]
[7589, 7590]
[7758, 7762]
[7758, 7762]
[7758, 7762]
[7758, 7762]
[7758, 7762]
[7764, 7764]
[7764, 7764]
[7764, 7764]
[7764, 7764]
[7764, 7764]
[7764, 7764]
[7764, 7764]
[7764, 7764]
[7764, 7764]
[7764, 7764]
[7764, 7764]
[7764, 7764]
[7764, 7764]
[7764, 7764]
[7764, 7764]
[7764, 7764]
[7764, 7764]
[7764, 7764]
[7764, 7764]
[7768, 7769]
[7768, 7769]
[7768, 7769]
[7768, 7769]
[7768, 7769]
[7768, 7769]
[7768, 7769]
[7768, 7769]
[7768, 7769]
[7768, 7769]
[7768, 7769]
[7770, 7770]
[7772, 7772]
[7774, 7774]
[7776, 7776]
[7778, 7778]
[7780, 7780]
[7782, 7791]
[7784, 7789]
[7784, 7800]
[7784, 7810]
[7784, 7810]
[7784, 7810]
[7784, 7810]
[7784, 7810]
[7784, 7810]
[7784, 7810]
[7784, 7810]
[7784, 7814]
[7784, 7814]
[7790, 7810]
[7791, 7791]
[7792, 7810]
[7798, 7810]
[7799, 7810]
[7801, 7810]
[7805, 7807]
[7805, 7807]
[7808, 7810]
[7808, 7810]
[7811, 7811]
[7811, 7814]
[7812, 7814]
[7812, 7814]
[7812, 7814]
[7812, 7814]
[7812, 7814]
[7812, 7814]
[7812, 7814]
[7812, 7814]
[7812, 7814]
[7816, 7820]
[7816, 7820]
[7816, 7820]
[7816, 7820]
[7816, 7820]
[7816, 7821]
[7816, 7821]
[7816, 7821]
[7816, 7821]
[7816, 7821]
[7816, 7824]
[7816, 7824]
[7816, 7824]
[7816, 7824]
[7816, 7824]
[7816, 7824]
[7816, 7824]
[7816, 7824]
[7816, 7824]
[7816, 7824]
[7816, 7824]
[7816, 7824]
[7816, 7824]
[7816, 7824]
[7816, 7824]
[7816, 7824]
[7821, 7821]
[7821, 7824]
[7822, 7824]
[7822, 7824]
[7822, 7824]
[7822, 7824]
[7822, 7824]
[7822, 7824]
[7822, 7824]
[7822, 7824]
[7822, 7824]
[8177, 8178]
[8177, 8178]
[8177, 8178]
[8177, 8178]
[8177, 8178]
[8177, 8183]
[8179, 8179]
[8182, 8183]
[8182, 8183]
[8182, 8183]
[8182, 8183]
[8182, 8183]
[8184, 8185]
[8184, 8185]
[8184, 8185]
[8184, 8185]
[8184, 8185]
[8184, 8186]
[8184, 8186]
[8184, 8186]
[8186, 8186]
[8186, 8186]
[8186, 8186]
[8186, 8186]
[8186, 8186]
[8186, 8186]
[8186, 8186]
[8186, 8186]
[8186, 8186]
[8186, 8186]
[8186, 8186]
[8186, 8186]
[8186, 8186]
[8186, 8186]
[8186, 8186]
[8186, 8186]
[8186, 8186]
[8186, 8186]
[8186, 8186]
[8190, 8191]
[8190, 8191]
[8191, 8191]
[8191, 8191]
[8191, 8191]
[8191, 8191]
[8191, 8191]
[8191, 8191]
[8191, 8191]
[8191, 8191]
[8191, 8191]
[8191, 8191]
[8191, 8191]
[8191, 8191]
[8191, 8191]
[8191, 8191]
[8191, 8191]
[8191, 8191]
[8191, 8191]
[8191, 8191]
[8191, 8191]
[8193, 8194]
[8193, 8194]
[8193, 8194]
[8193, 8194]
[8193, 8194]
[8193, 8194]
[8193, 8194]
[8193, 8194]
[8193, 8194]
[8193, 8194]
[8193, 8194]
[8193, 8194]
[8195, 8198]
[8196, 8199]
[8196, 8199]
[8196, 8213]
[8196, 8214]
[8196, 8226]
[8196, 8226]
[8196, 8226]
[8196, 8226]
[8196, 8226]
[8196, 8226]
[8196, 8226]
[8196, 8226]
[8196, 8226]
[8196, 8226]
[8196, 8226]
[8196, 8235]
[8197, 8198]
[8197, 8198]
[8197, 8198]
[8197, 8198]
[8197, 8198]
[8197, 8198]
[8197, 8198]
[8197, 8198]
[8197, 8198]
[8197, 8198]
[8197, 8198]
[8199, 8235]
[8200, 8205]
[8200, 8216]
[8200, 8226]
[8200, 8226]
[8200, 8226]
[8200, 8226]
[8200, 8226]
[8200, 8226]
[8200, 8226]
[8200, 8226]
[8206, 8226]
[8207, 8207]
[8208, 8226]
[8214, 8226]
[8215, 8226]
[8217, 8226]
[8221, 8223]
[8221, 8223]
[8224, 8226]
[8224, 8226]
[8227, 8231]
[8227, 8231]
[8227, 8231]
[8227, 8231]
[8227, 8231]
[8227, 8232]
[8227, 8232]
[8227, 8232]
[8227, 8232]
[8227, 8232]
[8227, 8235]
[8227, 8235]
[8227, 8235]
[8227, 8235]
[8227, 8235]
[8227, 8235]
[8227, 8235]
[8227, 8235]
[8227, 8235]
[8227, 8235]
[8227, 8235]
[8227, 8235]
[8227, 8235]
[8227, 8235]
[8227, 8235]
[8227, 8235]
[8232, 8232]
[8232, 8235]
[8233, 8235]
[8233, 8235]
[8233, 8235]
[8233, 8235]
[8233, 8235]
[8233, 8235]
[8233, 8235]
[8233, 8235]
[8233, 8235]
[8238, 8239]
[8238, 8239]
[8238, 8239]
[8238, 8239]
[8238, 8239]
[8238, 8239]
[8238, 8239]
[8238, 8239]
[8238, 8239]
[8238, 8239]
[8238, 8239]
[8238, 8270]
[8240, 8240]
[8242, 8251]
[8244, 8249]
[8244, 8260]
[8244, 8270]
[8244, 8270]
[8244, 8270]
[8244, 8270]
[8244, 8270]
[8244, 8270]
[8244, 8270]
[8244, 8270]
[8250, 8270]
[8251, 8251]
[8252, 8270]
[8258, 8270]
[8259, 8270]
[8261, 8270]
[8265, 8267]
[8265, 8267]
[8268, 8270]
[8268, 8270]
[8271, 8275]
[8271, 8275]
[8271, 8275]
[8271, 8275]
[8271, 8275]
[8271, 8276]
[8271, 8276]
[8271, 8276]
[8271, 8276]
[8271, 8276]
[8271, 8279]
[8271, 8279]
[8271, 8279]
[8271, 8279]
[8271, 8279]
[8271, 8279]
[8271, 8279]
[8271, 8279]
[8271, 8279]
[8271, 8279]
[8271, 8279]
[8271, 8279]
[8271, 8279]
[8271, 8279]
[8271, 8279]
[8271, 8279]
[8276, 8276]
[8276, 8279]
[8277, 8279]
[8277, 8279]
[8277, 8279]
[8277, 8279]
[8277, 8279]
[8277, 8279]
[8277, 8279]
[8277, 8279]
[8277, 8279]
[9639, 9639]
[9639, 9639]
[9639, 9639]
[9639, 9639]
[9639, 9639]
[9639, 9639]
[9639, 9639]
[9639, 9639]
[9639, 9639]
[9639, 9639]
[9639, 9639]
[9639, 9639]
[9639, 9639]
[9639, 9639]
[9639, 9639]
[9639, 9639]
[9639, 9639]
[9639, 9639]
[9639, 9639]
[9641, 9642]
[9641, 9642]
[9641, 9642]
[9641, 9642]
[9641, 9642]
[9641, 9642]
[9641, 9642]
[9641, 9642]
[9641, 9642]
[9641, 9642]
[9641, 9642]
[9641, 9642]
[9643, 9646]
[9644, 9647]
[9644, 9647]
[9644, 9661]
[9645, 9646]
[9645, 9646]
[9645, 9646]
[9645, 9646]
[9645, 9646]
[9645, 9646]
[9645, 9646]
[9645, 9646]
[9645, 9646]
[9645, 9646]
[9645, 9646]
[9648, 9653]
[9655, 9655]
[9665, 9677]
[9666, 9677]
[9668, 9677]
[9672, 9674]
[9672, 9674]
[9675, 9677]
[9675, 9677]
[9678, 9682]
[9678, 9682]
[9678, 9682]
[9678, 9682]
[9678, 9682]
[9678, 9683]
[9678, 9683]
[9678, 9683]
[9678, 9683]
[9678, 9683]
[9678, 9686]
[9678, 9686]
[9678, 9686]
[9678, 9686]
[9678, 9686]
[9678, 9686]
[9678, 9686]
[9678, 9686]
[9678, 9686]
[9678, 9686]
[9678, 9686]
[9678, 9686]
[9678, 9686]
[9678, 9686]
[9678, 9686]
[9678, 9686]
[9683, 9683]
[9683, 9686]
[9684, 9686]
[9684, 9686]
[9684, 9686]
[9684, 9686]
[9684, 9686]
[9684, 9686]
[9684, 9686]
[9684, 9686]
[9684, 9686]
[9688, 9688]
[9688, 9688]
[9688, 9688]
[9688, 9688]
[9688, 9688]
[9688, 9688]
[9688, 9688]
[9688, 9688]
[9688, 9688]
[9688, 9688]
[9688, 9688]
[9688, 9688]
[9688, 9688]
[9688, 9688]
[9688, 9688]
[9688, 9688]
[9688, 9688]
[9688, 9688]
[9688, 9688]
[9692, 9693]
[9692, 9693]
[9692, 9693]
[9692, 9693]
[9692, 9693]
[9692, 9693]
[9692, 9693]
[9692, 9693]
[9692, 9693]
[9692, 9693]
[9692, 9693]
[9697, 9697]
[9699, 9699]
[9701, 9701]
[9703, 9703]
[9705, 9705]
[9707, 9707]
[9709, 9718]
[9711, 9716]
[9711, 9727]
[9711, 9737]
[9711, 9737]
[9711, 9737]
[9711, 9737]
[9711, 9737]
[9711, 9737]
[9711, 9737]
[9711, 9737]
[9717, 9737]
[9718, 9718]
[9719, 9737]
[9725, 9737]
[9726, 9737]
[9728, 9737]
[9732, 9734]
[9732, 9734]
[9735, 9737]
[9735, 9737]
[9741, 9745]
[9741, 9745]
[9741, 9745]
[9741, 9745]
[9741, 9745]
[9741, 9746]
[9741, 9746]
[9741, 9746]
[9741, 9746]
[9741, 9746]
[9741, 9749]
[9741, 9749]
[9741, 9749]
[9741, 9749]
[9741, 9749]
[9741, 9749]
[9741, 9749]
[9741, 9749]
[9741, 9749]
[9741, 9749]
[9741, 9749]
[9741, 9749]
[9741, 9749]
[9741, 9749]
[9741, 9749]
[9741, 9749]
[9746, 9746]
[9746, 9749]
[9747, 9749]
[9747, 9749]
[9747, 9749]
[9747, 9749]
[9747, 9749]
[9747, 9749]
[9747, 9749]
[9747, 9749]
[9747, 9749]
[9957, 9957]
[9957, 9958]
[9957, 9958]
[9959, 9961]
[9959, 9961]
[9959, 9975]
[9959, 9975]
[9962, 9964]
[9962, 9964]
[9965, 9967]
[9965, 9967]
[9978, 9980]
[9978, 9980]
[9978, 9980]
[9978, 9980]
[9978, 9980]
[9978, 9980]
[9978, 9980]
[9978, 9980]
[9978, 9980]
[9988, 9989]
[9988, 9989]
[9989, 9989]
[9989, 9989]
[9989, 9989]
[9989, 9989]
[9989, 9989]
[9989, 9989]
[9989, 9989]
[9989, 9989]
[9989, 9989]
[9989, 9989]
[9989, 9989]
[9989, 9989]
[9989, 9989]
[9989, 9989]
[9989, 9989]
[9989, 9989]
[9989, 9989]
[9989, 9989]
[9989, 9989]
[9991, 9992]
[9991, 9992]
[9991, 9992]
[9991, 9992]
[9991, 9992]
[9991, 9992]
[9991, 9992]
[9991, 9992]
[9991, 9992]
[9991, 9992]
[9991, 9992]
[9991, 9992]
[9993, 9996]
[9994, 9997]
[9994, 9997]
[9994, 10011]
[9994, 10012]
[9994, 10024]
[9994, 10024]
[9994, 10024]
[9994, 10024]
[9994, 10024]
[9994, 10024]
[9994, 10024]
[9994, 10024]
[9994, 10024]
[9994, 10024]
[9994, 10024]
[9994, 10033]
[9995, 9996]
[9995, 9996]
[9995, 9996]
[9995, 9996]
[9995, 9996]
[9995, 9996]
[9995, 9996]
[9995, 9996]
[9995, 9996]
[9995, 9996]
[9995, 9996]
[9997, 10033]
[9998, 10003]
[9998, 10014]
[9998, 10024]
[9998, 10024]
[9998, 10024]
[9998, 10024]
[9998, 10024]
[9998, 10024]
[9998, 10024]
[9998, 10024]
[10004, 10024]
[10005, 10005]
[10006, 10024]
[10012, 10024]
[10013, 10024]
[10015, 10024]
[10019, 10021]
[10019, 10021]
[10022, 10024]
[10022, 10024]
[10025, 10029]
[10025, 10029]
[10025, 10029]
[10025, 10029]
[10025, 10029]
[10025, 10030]
[10025, 10030]
[10025, 10030]
[10025, 10030]
[10025, 10030]
[10025, 10033]
[10025, 10033]
[10025, 10033]
[10025, 10033]
[10025, 10033]
[10025, 10033]
[10025, 10033]
[10025, 10033]
[10025, 10033]
[10025, 10033]
[10025, 10033]
[10025, 10033]
[10025, 10033]
[10025, 10033]
[10025, 10033]
[10025, 10033]
[10030, 10030]
[10030, 10033]
[10031, 10033]
[10031, 10033]
[10031, 10033]
[10031, 10033]
[10031, 10033]
[10031, 10033]
[10031, 10033]
[10031, 10033]
[10031, 10033]
[10036, 10036]
[10036, 10036]
[10036, 10036]
[10036, 10036]
[10036, 10036]
[10036, 10036]
[10036, 10036]
[10036, 10036]
[10036, 10036]
[10036, 10036]
[10036, 10036]
[10036, 10036]
[10036, 10036]
[10036, 10036]
[10036, 10036]
[10036, 10036]
[10036, 10036]
[10036, 10036]
[10036, 10036]
[10040, 10041]
[10040, 10041]
[10040, 10041]
[10040, 10041]
[10040, 10041]
[10040, 10041]
[10040, 10041]
[10040, 10041]
[10040, 10041]
[10040, 10041]
[10040, 10041]
[10042, 10042]
[10044, 10044]
[10046, 10046]
[10048, 10048]
[10050, 10050]
[10052, 10052]
[10054, 10063]
[10056, 10061]
[10056, 10072]
[10056, 10082]
[10056, 10082]
[10056, 10082]
[10056, 10082]
[10056, 10082]
[10056, 10082]
[10056, 10082]
[10056, 10082]
[10062, 10082]
[10063, 10063]
[10064, 10082]
[10070, 10082]
[10071, 10082]
[10073, 10082]
[10077, 10079]
[10077, 10079]
[10080, 10082]
[10080, 10082]
[10083, 10087]
[10083, 10087]
[10083, 10087]
[10083, 10087]
[10083, 10087]
[10083, 10088]
[10083, 10088]
[10083, 10088]
[10083, 10088]
[10083, 10088]
[10083, 10091]
[10083, 10091]
[10083, 10091]
[10083, 10091]
[10083, 10091]
[10083, 10091]
[10083, 10091]
[10083, 10091]
[10083, 10091]
[10083, 10091]
[10083, 10091]
[10083, 10091]
[10083, 10091]
[10083, 10091]
[10083, 10091]
[10083, 10091]
[10088, 10088]
[10088, 10091]
[10089, 10091]
[10089, 10091]
[10089, 10091]
[10089, 10091]
[10089, 10091]
[10089, 10091]
[10089, 10091]
[10089, 10091]
[10089, 10091]
[10107, 10107]
[10110, 10111]
[10110, 10111]
[10110, 10111]
[10110, 10111]
[10110, 10111]
[10113, 10113]
[10159, 10160]
[10159, 10160]
[10159, 10160]
[10159, 10160]
[10159, 10160]
[10159, 10161]
[10159, 10161]
[10159, 10161]
[10161, 10161]
[10161, 10161]
[10161, 10161]
[10161, 10161]
[10161, 10161]
[10161, 10161]
[10161, 10161]
[10161, 10161]
[10161, 10161]
[10161, 10161]
[10161, 10161]
[10161, 10161]
[10161, 10161]
[10161, 10161]
[10161, 10161]
[10161, 10161]
[10161, 10161]
[10161, 10161]
[10161, 10161]
[10167, 10168]
[10167, 10168]
[10167, 10168]
[10167, 10168]
[10167, 10168]
[10172, 10172]
[10175, 10176]
[10175, 10176]
[10175, 10176]
[10175, 10176]
[10175, 10176]
[10224, 10225]
[10224, 10225]
[10224, 10225]
[10224, 10225]
[10224, 10225]
[10224, 10226]
[10224, 10226]
[10224, 10226]
[10226, 10226]
[10226, 10226]
[10226, 10226]
[10226, 10226]
[10226, 10226]
[10226, 10226]
[10226, 10226]
[10226, 10226]
[10226, 10226]
[10226, 10226]
[10226, 10226]
[10226, 10226]
[10226, 10226]
[10226, 10226]
[10226, 10226]
[10226, 10226]
[10226, 10226]
[10226, 10226]
[10226, 10226]
[10234, 10235]
[10234, 10235]
[10234, 10235]
[10234, 10235]
[10234, 10235]
[10743, 10744]
[10743, 10744]
[10743, 10744]
[10743, 10744]
[10743, 10744]
[10748, 10748]
[10751, 10752]
[10751, 10752]
[10751, 10752]
[10751, 10752]
[10751, 10752]
[10754, 10754]
[10757, 10758]
[10757, 10758]
[10757, 10758]
[10757, 10758]
[10757, 10758]
[10942, 10942]
[10942, 10942]
[10942, 10942]
[10942, 10942]
[10942, 10942]
[10942, 10942]
[10942, 10942]
[10942, 10942]
[10942, 10942]
[10942, 10942]
[10942, 10942]
[10942, 10942]
[10942, 10942]
[10942, 10942]
[10942, 10942]
[10942, 10942]
[10942, 10942]
[10942, 10942]
[10942, 10942]
[10944, 10945]
[10944, 10945]
[10944, 10945]
[10944, 10945]
[10944, 10945]
[10944, 10945]
[10944, 10945]
[10944, 10945]
[10944, 10945]
[10944, 10945]
[10944, 10945]
[10944, 10945]
[10946, 10949]
[10947, 10950]
[10947, 10950]
[10947, 10964]
[10947, 10965]
[10947, 10977]
[10947, 10977]
[10947, 10977]
[10947, 10977]
[10947, 10977]
[10947, 10977]
[10947, 10977]
[10947, 10977]
[10947, 10977]
[10947, 10977]
[10947, 10977]
[10948, 10949]
[10948, 10949]
[10948, 10949]
[10948, 10949]
[10948, 10949]
[10948, 10949]
[10948, 10949]
[10948, 10949]
[10948, 10949]
[10948, 10949]
[10948, 10949]
[10951, 10956]
[10951, 10967]
[10951, 10977]
[10951, 10977]
[10951, 10977]
[10951, 10977]
[10951, 10977]
[10951, 10977]
[10951, 10977]
[10951, 10977]
[10957, 10977]
[10958, 10958]
[10959, 10977]
[10965, 10977]
[10966, 10977]
[10968, 10977]
[10972, 10974]
[10972, 10974]
[10975, 10977]
[10975, 10977]
[10979, 10983]
[10979, 10983]
[10979, 10983]
[10979, 10983]
[10979, 10983]
[10979, 10984]
[10979, 10984]
[10979, 10984]
[10979, 10984]
[10979, 10984]
[10979, 10987]
[10979, 10987]
[10979, 10987]
[10979, 10987]
[10979, 10987]
[10979, 10987]
[10979, 10987]
[10979, 10987]
[10979, 10987]
[10979, 10987]
[10979, 10987]
[10979, 10987]
[10979, 10987]
[10979, 10987]
[10979, 10987]
[10979, 10987]
[10984, 10984]
[10984, 10987]
[10985, 10987]
[10985, 10987]
[10985, 10987]
[10985, 10987]
[10985, 10987]
[10985, 10987]
[10985, 10987]
[10985, 10987]
[10985, 10987]
[10989, 10989]
[10989, 10989]
[10989, 10989]
[10989, 10989]
[10989, 10989]
[10989, 10989]
[10989, 10989]
[10989, 10989]
[10989, 10989]
[10989, 10989]
[10989, 10989]
[10989, 10989]
[10989, 10989]
[10989, 10989]
[10989, 10989]
[10989, 10989]
[10989, 10989]
[10989, 10989]
[10989, 10989]
[10993, 10994]
[10993, 10994]
[10993, 10994]
[10993, 10994]
[10993, 10994]
[10993, 10994]
[10993, 10994]
[10993, 10994]
[10993, 10994]
[10993, 10994]
[10993, 10994]
[10995, 10995]
[10998, 10998]
[11000, 11000]
[11002, 11002]
[11004, 11004]
[11006, 11006]
[11017, 11037]
[11018, 11018]
[11019, 11037]
[11025, 11037]
[11026, 11037]
[11028, 11037]
[11032, 11034]
[11032, 11034]
[11035, 11037]
[11035, 11037]
[11039, 11043]
[11039, 11043]
[11039, 11043]
[11039, 11043]
[11039, 11043]
[11039, 11044]
[11039, 11044]
[11039, 11044]
[11039, 11044]
[11039, 11044]
[11039, 11047]
[11039, 11047]
[11039, 11047]
[11039, 11047]
[11039, 11047]
[11039, 11047]
[11039, 11047]
[11039, 11047]
[11039, 11047]
[11039, 11047]
[11039, 11047]
[11039, 11047]
[11039, 11047]
[11039, 11047]
[11039, 11047]
[11039, 11047]
[11044, 11044]
[11044, 11047]
[11045, 11047]
[11045, 11047]
[11045, 11047]
[11045, 11047]
[11045, 11047]
[11045, 11047]
[11045, 11047]
[11045, 11047]
[11045, 11047]
[11059, 11060]
[11059, 11060]
[11059, 11060]
[11059, 11060]
[11059, 11060]
[11059, 11061]
[11059, 11061]
[11059, 11061]
[11061, 11061]
[11061, 11061]
[11061, 11061]
[11061, 11061]
[11061, 11061]
[11061, 11061]
[11061, 11061]
[11061, 11061]
[11061, 11061]
[11061, 11061]
[11061, 11061]
[11061, 11061]
[11061, 11061]
[11061, 11061]
[11061, 11061]
[11061, 11061]
[11061, 11061]
[11061, 11061]
[11061, 11061]
[11062, 11062]
[11062, 11062]
[11062, 11062]
[11062, 11062]
[11062, 11062]
[11062, 11062]
[11062, 11062]
[11062, 11062]
[11062, 11062]
[11062, 11062]
[11062, 11062]
[11062, 11062]
[11062, 11062]
[11062, 11062]
[11062, 11062]
[11062, 11062]
[11062, 11062]
[11062, 11062]
[11062, 11062]
[11064, 11065]
[11064, 11065]
[11064, 11065]
[11064, 11065]
[11064, 11065]
[11064, 11065]
[11064, 11065]
[11064, 11065]
[11064, 11065]
[11064, 11065]
[11064, 11065]
[11064, 11065]
[11066, 11069]
[11067, 11070]
[11067, 11070]
[11067, 11084]
[11067, 11085]
[11067, 11097]
[11067, 11097]
[11067, 11097]
[11067, 11097]
[11067, 11097]
[11067, 11097]
[11067, 11097]
[11067, 11097]
[11067, 11097]
[11067, 11097]
[11067, 11097]
[11068, 11069]
[11068, 11069]
[11068, 11069]
[11068, 11069]
[11068, 11069]
[11068, 11069]
[11068, 11069]
[11068, 11069]
[11068, 11069]
[11068, 11069]
[11068, 11069]
[11071, 11076]
[11071, 11087]
[11071, 11097]
[11071, 11097]
[11071, 11097]
[11071, 11097]
[11071, 11097]
[11071, 11097]
[11071, 11097]
[11071, 11097]
[11077, 11097]
[11078, 11078]
[11079, 11097]
[11085, 11097]
[11086, 11097]
[11088, 11097]
[11092, 11094]
[11092, 11094]
[11095, 11097]
[11095, 11097]
[11098, 11102]
[11098, 11102]
[11098, 11102]
[11098, 11102]
[11098, 11102]
[11104, 11104]
[11104, 11104]
[11104, 11104]
[11104, 11104]
[11104, 11104]
[11104, 11104]
[11104, 11104]
[11104, 11104]
[11104, 11104]
[11104, 11104]
[11104, 11104]
[11104, 11104]
[11104, 11104]
[11104, 11104]
[11104, 11104]
[11104, 11104]
[11104, 11104]
[11104, 11104]
[11104, 11104]
[11108, 11109]
[11108, 11109]
[11108, 11109]
[11108, 11109]
[11108, 11109]
[11108, 11109]
[11108, 11109]
[11108, 11109]
[11108, 11109]
[11108, 11109]
[11108, 11109]
[11110, 11110]
[11112, 11112]
[11114, 11114]
[11116, 11116]
[11118, 11118]
[11120, 11120]
[11122, 11131]
[11124, 11129]
[11124, 11140]
[11124, 11150]
[11124, 11150]
[11124, 11150]
[11124, 11150]
[11124, 11150]
[11124, 11150]
[11124, 11150]
[11124, 11150]
[11124, 11154]
[11124, 11154]
[11130, 11150]
[11131, 11131]
[11132, 11150]
[11138, 11150]
[11139, 11150]
[11141, 11150]
[11145, 11147]
[11145, 11147]
[11148, 11150]
[11148, 11150]
[11151, 11151]
[11151, 11154]
[11152, 11154]
[11152, 11154]
[11152, 11154]
[11152, 11154]
[11152, 11154]
[11152, 11154]
[11152, 11154]
[11152, 11154]
[11152, 11154]
[11155, 11159]
[11155, 11159]
[11155, 11159]
[11155, 11159]
[11155, 11159]
[11155, 11160]
[11155, 11160]
[11155, 11160]
[11155, 11160]
[11155, 11160]
[11155, 11163]
[11155, 11163]
[11155, 11163]
[11155, 11163]
[11155, 11163]
[11155, 11163]
[11155, 11163]
[11155, 11163]
[11155, 11163]
[11155, 11163]
[11155, 11163]
[11155, 11163]
[11155, 11163]
[11155, 11163]
[11155, 11163]
[11155, 11163]
[11160, 11160]
[11160, 11163]
[11161, 11163]
[11161, 11163]
[11161, 11163]
[11161, 11163]
[11161, 11163]
[11161, 11163]
[11161, 11163]
[11161, 11163]
[11161, 11163]
[11164, 11164]
[11164, 11165]
[11164, 11165]
[11166, 11168]
[11166, 11168]
[11166, 11182]
[11166, 11182]
[11169, 11171]
[11169, 11171]
[11172, 11174]
[11172, 11174]
[11184, 11186]
[11184, 11186]
[11184, 11186]
[11184, 11186]
[11184, 11186]
[11184, 11186]
[11184, 11186]
[11184, 11186]
[11184, 11186]
[11187, 11188]
[11187, 11188]
[11187, 11188]
[11187, 11188]
[11187, 11188]
[11187, 11189]
[11187, 11189]
[11187, 11189]
[11189, 11189]
[11189, 11189]
[11189, 11189]
[11189, 11189]
[11189, 11189]
[11189, 11189]
[11189, 11189]
[11189, 11189]
[11189, 11189]
[11189, 11189]
[11189, 11189]
[11189, 11189]
[11189, 11189]
[11189, 11189]
[11189, 11189]
[11189, 11189]
[11189, 11189]
[11189, 11189]
[11189, 11189]
[11190, 11190]
[11193, 11194]
[11193, 11194]
[11193, 11194]
[11193, 11194]
[11193, 11194]
[11248, 11249]
[11248, 11249]
[11248, 11249]
[11248, 11249]
[11248, 11249]
[11248, 11250]
[11248, 11250]
[11248, 11250]
[11250, 11250]
[11250, 11250]
[11250, 11250]
[11250, 11250]
[11250, 11250]
[11250, 11250]
[11250, 11250]
[11250, 11250]
[11250, 11250]
[11250, 11250]
[11250, 11250]
[11250, 11250]
[11250, 11250]
[11250, 11250]
[11250, 11250]
[11250, 11250]
[11250, 11250]
[11250, 11250]
[11250, 11250]
[11256, 11257]
[11256, 11257]
[11256, 11257]
[11256, 11257]
[11256, 11257]
[11737, 11737]
[11737, 11737]
[11737, 11737]
[11737, 11737]
[11737, 11737]
[11737, 11737]
[11737, 11737]
[11737, 11737]
[11737, 11737]
[11737, 11737]
[11737, 11737]
[11737, 11737]
[11737, 11737]
[11737, 11737]
[11737, 11737]
[11737, 11737]
[11737, 11737]
[11737, 11737]
[11737, 11737]
[11739, 11740]
[11739, 11740]
[11739, 11740]
[11739, 11740]
[11739, 11740]
[11739, 11740]
[11739, 11740]
[11739, 11740]
[11739, 11740]
[11739, 11740]
[11739, 11740]
[11739, 11740]
[11741, 11744]
[11742, 11745]
[11742, 11745]
[11742, 11759]
[11742, 11760]
[11742, 11772]
[11742, 11772]
[11742, 11772]
[11742, 11772]
[11742, 11772]
[11742, 11772]
[11742, 11772]
[11742, 11772]
[11742, 11772]
[11742, 11772]
[11742, 11772]
[11743, 11744]
[11743, 11744]
[11743, 11744]
[11743, 11744]
[11743, 11744]
[11743, 11744]
[11743, 11744]
[11743, 11744]
[11743, 11744]
[11743, 11744]
[11743, 11744]
[11746, 11751]
[11746, 11762]
[11746, 11772]
[11746, 11772]
[11746, 11772]
[11746, 11772]
[11746, 11772]
[11746, 11772]
[11746, 11772]
[11746, 11772]
[11752, 11772]
[11753, 11753]
[11754, 11772]
[11760, 11772]
[11761, 11772]
[11763, 11772]
[11767, 11769]
[11767, 11769]
[11770, 11772]
[11770, 11772]
[11775, 11779]
[11775, 11779]
[11775, 11779]
[11775, 11779]
[11775, 11779]
[11775, 11780]
[11775, 11780]
[11775, 11780]
[11775, 11780]
[11775, 11780]
[11775, 11783]
[11775, 11783]
[11775, 11783]
[11775, 11783]
[11775, 11783]
[11775, 11783]
[11775, 11783]
[11775, 11783]
[11775, 11783]
[11775, 11783]
[11775, 11783]
[11775, 11783]
[11775, 11783]
[11775, 11783]
[11775, 11783]
[11775, 11783]
[11780, 11780]
[11780, 11783]
[11781, 11783]
[11781, 11783]
[11781, 11783]
[11781, 11783]
[11781, 11783]
[11781, 11783]
[11781, 11783]
[11781, 11783]
[11781, 11783]
[11785, 11785]
[11785, 11785]
[11785, 11785]
[11785, 11785]
[11785, 11785]
[11785, 11785]
[11785, 11785]
[11785, 11785]
[11785, 11785]
[11785, 11785]
[11785, 11785]
[11785, 11785]
[11785, 11785]
[11785, 11785]
[11785, 11785]
[11785, 11785]
[11785, 11785]
[11785, 11785]
[11785, 11785]
[11789, 11790]
[11789, 11790]
[11789, 11790]
[11789, 11790]
[11789, 11790]
[11789, 11790]
[11789, 11790]
[11789, 11790]
[11789, 11790]
[11789, 11790]
[11789, 11790]
[11791, 11791]
[11793, 11793]
[11795, 11795]
[11797, 11797]
[11799, 11799]
[11801, 11801]
[11803, 11812]
[11805, 11810]
[11805, 11821]
[11812, 11812]
[11823, 11832]
[11827, 11829]
[11827, 11829]
[11830, 11832]
[11830, 11832]
[11833, 11837]
[11833, 11837]
[11833, 11837]
[11833, 11837]
[11833, 11837]
[11833, 11838]
[11833, 11838]
[11833, 11838]
[11833, 11838]
[11833, 11838]
[11838, 11838]
[11840, 11842]
[11840, 11842]
[11840, 11842]
[11840, 11842]
[11840, 11842]
[11840, 11842]
[11840, 11842]
[11840, 11842]
[11840, 11842]
[11880, 11881]
[11880, 11881]
[11880, 11881]
[11880, 11881]
[11880, 11881]
[11880, 11886]
[11882, 11882]
[11885, 11886]
[11885, 11886]
[11885, 11886]
[11885, 11886]
[11885, 11886]
[11887, 11888]
[11887, 11888]
[11887, 11888]
[11887, 11888]
[11887, 11888]
[11887, 11889]
[11887, 11889]
[11887, 11889]
[11889, 11889]
[11889, 11889]
[11889, 11889]
[11889, 11889]
[11889, 11889]
[11889, 11889]
[11889, 11889]
[11889, 11889]
[11889, 11889]
[11889, 11889]
[11889, 11889]
[11889, 11889]
[11889, 11889]
[11889, 11889]
[11889, 11889]
[11889, 11889]
[11889, 11889]
[11889, 11889]
[11889, 11889]
[11895, 11896]
[11895, 11896]
[11895, 11896]
[11895, 11896]
[11895, 11896]
[12400, 12401]
[12400, 12401]
[12400, 12401]
[12400, 12401]
[12400, 12401]
[12402, 12403]
[12402, 12403]
[12403, 12403]
[12403, 12403]
[12403, 12403]
[12403, 12403]
[12403, 12403]
[12403, 12403]
[12403, 12403]
[12403, 12403]
[12403, 12403]
[12403, 12403]
[12403, 12403]
[12403, 12403]
[12403, 12403]
[12403, 12403]
[12403, 12403]
[12403, 12403]
[12403, 12403]
[12403, 12403]
[12403, 12403]
[12405, 12406]
[12405, 12406]
[12405, 12406]
[12405, 12406]
[12405, 12406]
[12405, 12406]
[12405, 12406]
[12405, 12406]
[12405, 12406]
[12405, 12406]
[12405, 12406]
[12405, 12406]
[12407, 12410]
[12408, 12411]
[12408, 12411]
[12408, 12425]
[12408, 12426]
[12408, 12438]
[12408, 12438]
[12408, 12438]
[12408, 12438]
[12408, 12438]
[12408, 12438]
[12408, 12438]
[12408, 12438]
[12408, 12438]
[12408, 12438]
[12408, 12438]
[12408, 12447]
[12409, 12410]
[12409, 12410]
[12409, 12410]
[12409, 12410]
[12409, 12410]
[12409, 12410]
[12409, 12410]
[12409, 12410]
[12409, 12410]
[12409, 12410]
[12409, 12410]
[12411, 12447]
[12412, 12417]
[12412, 12428]
[12412, 12438]
[12412, 12438]
[12412, 12438]
[12412, 12438]
[12412, 12438]
[12412, 12438]
[12412, 12438]
[12412, 12438]
[12418, 12438]
[12419, 12419]
[12420, 12438]
[12426, 12438]
[12427, 12438]
[12429, 12438]
[12433, 12435]
[12433, 12435]
[12436, 12438]
[12436, 12438]
[12439, 12443]
[12439, 12443]
[12439, 12443]
[12439, 12443]
[12439, 12443]
[12439, 12444]
[12439, 12444]
[12439, 12444]
[12439, 12444]
[12439, 12444]
[12439, 12447]
[12439, 12447]
[12439, 12447]
[12439, 12447]
[12439, 12447]
[12439, 12447]
[12439, 12447]
[12439, 12447]
[12439, 12447]
[12439, 12447]
[12439, 12447]
[12439, 12447]
[12439, 12447]
[12439, 12447]
[12439, 12447]
[12439, 12447]
[12444, 12444]
[12444, 12447]
[12445, 12447]
[12445, 12447]
[12445, 12447]
[12445, 12447]
[12445, 12447]
[12445, 12447]
[12445, 12447]
[12445, 12447]
[12445, 12447]
[12450, 12451]
[12450, 12451]
[12451, 12451]
[12451, 12451]
[12451, 12451]
[12451, 12451]
[12451, 12451]
[12451, 12451]
[12451, 12451]
[12451, 12451]
[12451, 12451]
[12451, 12451]
[12451, 12451]
[12451, 12451]
[12451, 12451]
[12451, 12451]
[12451, 12451]
[12451, 12451]
[12451, 12451]
[12451, 12451]
[12451, 12451]
