[1, 2]
[1, 2]
[1, 2]
[1, 2]
[1, 2]
[3, 34]
[4, 6]
[4, 32]
[4, 34]
[4, 34]
[4, 34]
[4, 34]
[4, 34]
[4, 34]
[4, 34]
[4, 43]
[5, 6]
[5, 6]
[5, 6]
[7, 43]
[8, 34]
[15, 15]
[29, 34]
[30, 31]
[33, 34]
[35, 39]
[35, 39]
[35, 39]
[35, 40]
[35, 41]
[35, 43]
[35, 43]
[35, 43]
[35, 43]
[35, 43]
[35, 43]
[35, 43]
[35, 43]
[35, 43]
[40, 43]
[41, 43]
[41, 43]
[41, 43]
[48, 48]
[49, 50]
[49, 50]
[55, 55]
[56, 57]
[56, 57]
[56, 58]
[61, 61]
[62, 63]
[62, 63]
[62, 64]
[583, 583]
[583, 583]
[583, 583]
[583, 583]
[583, 583]
[583, 583]
[583, 583]
[585, 586]
[585, 586]
[585, 586]
[585, 586]
[585, 586]
[587, 618]
[588, 590]
[588, 616]
[588, 618]
[588, 618]
[588, 618]
[588, 618]
[588, 618]
[588, 618]
[588, 618]
[588, 619]
[589, 590]
[589, 590]
[589, 590]
[592, 618]
[599, 599]
[613, 618]
[614, 615]
[617, 618]
[850, 850]
[852, 853]
[852, 853]
[852, 854]
[852, 854]
[854, 854]
[854, 854]
[854, 854]
[854, 854]
[854, 854]
[854, 854]
[854, 854]
[949, 953]
[949, 953]
[949, 953]
[949, 954]
[949, 955]
[949, 957]
[949, 957]
[949, 957]
[949, 957]
[949, 957]
[949, 957]
[949, 957]
[949, 957]
[949, 957]
[954, 957]
[955, 957]
[955, 957]
[955, 957]
[959, 959]
[959, 959]
[959, 959]
[959, 959]
[959, 959]
[959, 959]
[959, 959]
[963, 964]
[963, 964]
[963, 964]
[965, 965]
[965, 965]
[967, 967]
[967, 967]
[969, 969]
[969, 969]
[971, 971]
[971, 971]
[973, 973]
[973, 973]
[975, 975]
[975, 975]
[986, 986]
[1001, 1006]
[1002, 1003]
[1005, 1006]
[1007, 1011]
[1007, 1011]
[1007, 1011]
[1007, 1012]
[1014, 1016]
[1014, 1016]
[1014, 1016]
[1991, 1991]
[1991, 1991]
[1991, 1991]
[1991, 1991]
[1991, 1991]
[1991, 1991]
[1991, 1991]
[1993, 1994]
[1993, 1994]
[1993, 1994]
[1993, 1994]
[1993, 1994]
[1995, 2026]
[1996, 1998]
[1996, 2024]
[1996, 2026]
[1996, 2026]
[1996, 2026]
[1996, 2026]
[1996, 2026]
[1996, 2026]
[1996, 2026]
[1996, 2027]
[1997, 1998]
[1997, 1998]
[1997, 1998]
[2000, 2026]
[2007, 2007]
[2021, 2026]
[2022, 2023]
[2025, 2026]
[2055, 2059]
[2055, 2059]
[2055, 2059]
[2061, 2061]
[2061, 2061]
[2061, 2061]
[2061, 2061]
[2061, 2061]
[2061, 2061]
[2061, 2061]
[2065, 2066]
[2065, 2066]
[2065, 2066]
[2067, 2067]
[2067, 2067]
[2069, 2069]
[2069, 2069]
[2071, 2071]
[2071, 2071]
[2074, 2077]
[2075, 2077]
[2075, 2077]
[2075, 2077]
[2078, 2078]
[2078, 2078]
[2080, 2080]
[2080, 2080]
[2082, 2082]
[2082, 2082]
[2082, 2112]
[2084, 2112]
[2086, 2112]
[2093, 2093]
[2107, 2112]
[2108, 2109]
[2111, 2112]
[2114, 2118]
[2114, 2118]
[2114, 2118]
[2114, 2119]
[2114, 2120]
[2114, 2122]
[2114, 2122]
[2114, 2122]
[2114, 2122]
[2114, 2122]
[2114, 2122]
[2114, 2122]
[2114, 2122]
[2114, 2122]
[2119, 2122]
[2120, 2122]
[2120, 2122]
[2120, 2122]
[2151, 2151]
[2153, 2154]
[2153, 2154]
[2153, 2155]
[2153, 2155]
[2155, 2155]
[2155, 2155]
[2155, 2155]
[2155, 2155]
[2155, 2155]
[2155, 2155]
[2155, 2155]
[2156, 2157]
[2156, 2157]
[2157, 2157]
[2157, 2157]
[2157, 2157]
[2157, 2157]
[2157, 2157]
[2157, 2157]
[2157, 2157]
[2159, 2160]
[2159, 2160]
[2159, 2160]
[2159, 2160]
[2159, 2160]
[2161, 2192]
[2162, 2164]
[2162, 2190]
[2162, 2192]
[2162, 2192]
[2162, 2192]
[2162, 2192]
[2162, 2192]
[2162, 2192]
[2162, 2192]
[2162, 2201]
[2163, 2164]
[2163, 2164]
[2163, 2164]
[2165, 2201]
[2166, 2192]
[2173, 2173]
[2187, 2192]
[2188, 2189]
[2191, 2192]
[2193, 2197]
[2193, 2197]
[2193, 2197]
[2193, 2198]
[2193, 2199]
[2193, 2201]
[2193, 2201]
[2193, 2201]
[2193, 2201]
[2193, 2201]
[2193, 2201]
[2193, 2201]
[2193, 2201]
[2193, 2201]
[2198, 2201]
[2199, 2201]
[2199, 2201]
[2199, 2201]
[2210, 2211]
[2210, 2211]
[2211, 2211]
[2211, 2211]
[2211, 2211]
[2211, 2211]
[2211, 2211]
[2211, 2211]
[2211, 2211]
[2213, 2214]
[2213, 2214]
[2213, 2214]
[2213, 2214]
[2213, 2214]
[2215, 2246]
[2216, 2218]
[2216, 2244]
[2216, 2246]
[2216, 2246]
[2216, 2246]
[2216, 2246]
[2216, 2246]
[2216, 2246]
[2216, 2246]
[2216, 2255]
[2217, 2218]
[2217, 2218]
[2217, 2218]
[2219, 2255]
[2220, 2246]
[2227, 2227]
[2241, 2246]
[2242, 2243]
[2245, 2246]
[2247, 2251]
[2247, 2251]
[2247, 2251]
[2247, 2252]
[2247, 2253]
[2247, 2255]
[2247, 2255]
[2247, 2255]
[2247, 2255]
[2247, 2255]
[2247, 2255]
[2247, 2255]
[2247, 2255]
[2247, 2255]
[2252, 2255]
[2253, 2255]
[2253, 2255]
[2253, 2255]
[2260, 2260]
[2261, 2262]
[2261, 2262]
[2267, 2267]
[2268, 2268]
[2269, 2270]
[2269, 2270]
[2269, 2271]
[2272, 2272]
[2274, 2275]
[2274, 2275]
[2274, 2276]
[2274, 2276]
[2276, 2276]
[2276, 2276]
[2276, 2276]
[2276, 2276]
[2276, 2276]
[2276, 2276]
[2276, 2276]
[2279, 2279]
[2280, 2280]
[2281, 2282]
[2281, 2282]
[2281, 2283]
[2284, 2284]
[2286, 2287]
[2286, 2287]
[2286, 2288]
[2286, 2288]
[2288, 2288]
[2288, 2288]
[2288, 2288]
[2288, 2288]
[2288, 2288]
[2288, 2288]
[2288, 2288]
[2289, 2290]
[2289, 2290]
[2290, 2290]
[2290, 2290]
[2290, 2290]
[2290, 2290]
[2290, 2290]
[2290, 2290]
[2290, 2290]
[2292, 2293]
[2292, 2293]
[2292, 2293]
[2292, 2293]
[2292, 2293]
[2294, 2325]
[2295, 2297]
[2295, 2323]
[2295, 2325]
[2295, 2325]
[2295, 2325]
[2295, 2325]
[2295, 2325]
[2295, 2325]
[2295, 2325]
[2295, 2334]
[2296, 2297]
[2296, 2297]
[2296, 2297]
[2298, 2334]
[2299, 2325]
[2306, 2306]
[2320, 2325]
[2321, 2322]
[2324, 2325]
[2326, 2330]
[2326, 2330]
[2326, 2330]
[2326, 2331]
[2326, 2332]
[2326, 2334]
[2326, 2334]
[2326, 2334]
[2326, 2334]
[2326, 2334]
[2326, 2334]
[2326, 2334]
[2326, 2334]
[2326, 2334]
[2331, 2334]
[2332, 2334]
[2332, 2334]
[2332, 2334]
[2335, 2336]
[2335, 2336]
[2336, 2336]
[2336, 2336]
[2336, 2336]
[2336, 2336]
[2336, 2336]
[2336, 2336]
[2336, 2336]
[2338, 2339]
[2338, 2339]
[2338, 2339]
[2338, 2339]
[2338, 2339]
[2340, 2371]
[2341, 2343]
[2341, 2369]
[2341, 2371]
[2341, 2371]
[2341, 2371]
[2341, 2371]
[2341, 2371]
[2341, 2371]
[2341, 2371]
[2341, 2380]
[2342, 2343]
[2342, 2343]
[2342, 2343]
[2344, 2380]
[2345, 2371]
[2352, 2352]
[2366, 2371]
[2367, 2368]
[2370, 2371]
[2372, 2376]
[2372, 2376]
[2372, 2376]
[2372, 2377]
[2372, 2378]
[2372, 2380]
[2372, 2380]
[2372, 2380]
[2372, 2380]
[2372, 2380]
[2372, 2380]
[2372, 2380]
[2372, 2380]
[2372, 2380]
[2377, 2380]
[2378, 2380]
[2378, 2380]
[2378, 2380]
[2382, 2382]
[2382, 2382]
[2382, 2382]
[2382, 2382]
[2382, 2382]
[2382, 2382]
[2382, 2382]
[2386, 2387]
[2386, 2387]
[2386, 2387]
[2388, 2388]
[2388, 2388]
[2390, 2390]
[2390, 2390]
[2392, 2392]
[2392, 2392]
[2394, 2394]
[2394, 2394]
[2396, 2396]
[2396, 2396]
[2398, 2398]
[2398, 2398]
[2398, 2428]
[2400, 2428]
[2402, 2428]
[2409, 2409]
[2423, 2428]
[2424, 2425]
[2427, 2428]
[2429, 2433]
[2429, 2433]
[2429, 2433]
[2429, 2434]
[2429, 2435]
[2429, 2437]
[2429, 2437]
[2429, 2437]
[2429, 2437]
[2429, 2437]
[2429, 2437]
[2429, 2437]
[2429, 2437]
[2429, 2437]
[2434, 2437]
[2435, 2437]
[2435, 2437]
[2435, 2437]
[3371, 3371]
[3371, 3371]
[3371, 3371]
[3371, 3371]
[3371, 3371]
[3371, 3371]
[3371, 3371]
[3373, 3374]
[3373, 3374]
[3373, 3374]
[3373, 3374]
[3373, 3374]
[3375, 3406]
[3376, 3378]
[3376, 3404]
[3376, 3406]
[3376, 3406]
[3376, 3406]
[3376, 3406]
[3376, 3406]
[3376, 3406]
[3376, 3406]
[3377, 3378]
[3377, 3378]
[3377, 3378]
[3380, 3406]
[3387, 3387]
[3401, 3406]
[3402, 3403]
[3405, 3406]
[3409, 3413]
[3409, 3413]
[3409, 3413]
[3409, 3414]
[3409, 3415]
[3409, 3417]
[3409, 3417]
[3409, 3417]
[3409, 3417]
[3409, 3417]
[3409, 3417]
[3409, 3417]
[3409, 3417]
[3409, 3417]
[3414, 3417]
[3415, 3417]
[3415, 3417]
[3415, 3417]
[3419, 3419]
[3419, 3419]
[3419, 3419]
[3419, 3419]
[3419, 3419]
[3419, 3419]
[3419, 3419]
[3423, 3424]
[3423, 3424]
[3423, 3424]
[3426, 3426]
[3426, 3426]
[3428, 3428]
[3428, 3428]
[3430, 3430]
[3430, 3430]
[3432, 3432]
[3432, 3432]
[3434, 3434]
[3434, 3434]
[3436, 3436]
[3436, 3436]
[3436, 3466]
[3438, 3466]
[3440, 3466]
[3447, 3447]
[3461, 3466]
[3462, 3463]
[3465, 3466]
[3468, 3472]
[3468, 3472]
[3468, 3472]
[3468, 3473]
[3468, 3474]
[3468, 3476]
[3468, 3476]
[3468, 3476]
[3468, 3476]
[3468, 3476]
[3468, 3476]
[3468, 3476]
[3468, 3476]
[3468, 3476]
[3473, 3476]
[3474, 3476]
[3474, 3476]
[3474, 3476]
[4450, 4450]
[4450, 4450]
[4450, 4450]
[4450, 4450]
[4450, 4450]
[4450, 4450]
[4450, 4450]
[4452, 4453]
[4452, 4453]
[4452, 4453]
[4452, 4453]
[4452, 4453]
[4454, 4485]
[4455, 4457]
[4455, 4483]
[4455, 4485]
[4455, 4485]
[4455, 4485]
[4455, 4485]
[4455, 4485]
[4455, 4485]
[4455, 4485]
[4456, 4457]
[4456, 4457]
[4456, 4457]
[4459, 4485]
[4466, 4466]
[4480, 4485]
[4481, 4482]
[4484, 4485]
[4487, 4491]
[4487, 4491]
[4487, 4491]
[4494, 4494]
[4494, 4494]
[4494, 4494]
[4494, 4494]
[4494, 4494]
[4494, 4494]
[4494, 4494]
[4498, 4499]
[4498, 4499]
[4498, 4499]
[4500, 4500]
[4500, 4500]
[4502, 4502]
[4502, 4502]
[4504, 4504]
[4504, 4504]
[4506, 4506]
[4506, 4506]
[4508, 4511]
[4509, 4511]
[4509, 4511]
[4509, 4511]
[4512, 4512]
[4512, 4512]
[4514, 4514]
[4514, 4514]
[4519, 4545]
[4526, 4526]
[4540, 4545]
[4541, 4542]
[4544, 4545]
[4546, 4550]
[4546, 4550]
[4546, 4550]
[4546, 4551]
[4553, 4555]
[4553, 4555]
[4553, 4555]
[5530, 5530]
[5530, 5530]
[5530, 5530]
[5530, 5530]
[5530, 5530]
[5530, 5530]
[5530, 5530]
[5532, 5533]
[5532, 5533]
[5532, 5533]
[5532, 5533]
[5532, 5533]
[5534, 5565]
[5535, 5537]
[5535, 5563]
[5535, 5565]
[5535, 5565]
[5535, 5565]
[5535, 5565]
[5535, 5565]
[5535, 5565]
[5535, 5565]
[5536, 5537]
[5536, 5537]
[5536, 5537]
[5539, 5565]
[5546, 5546]
[5560, 5565]
[5561, 5562]
[5564, 5565]
[5635, 5639]
[5635, 5639]
[5635, 5639]
[5635, 5640]
[5635, 5641]
[5635, 5643]
[5635, 5643]
[5635, 5643]
[5635, 5643]
[5635, 5643]
[5635, 5643]
[5635, 5643]
[5635, 5643]
[5635, 5643]
[5640, 5643]
[5641, 5643]
[5641, 5643]
[5641, 5643]
[5645, 5645]
[5645, 5645]
[5645, 5645]
[5645, 5645]
[5645, 5645]
[5645, 5645]
[5645, 5645]
[5649, 5650]
[5649, 5650]
[5649, 5650]
[5651, 5651]
[5651, 5651]
[5653, 5653]
[5653, 5653]
[5655, 5655]
[5655, 5655]
[5657, 5657]
[5657, 5657]
[5659, 5659]
[5659, 5659]
[5662, 5662]
[5662, 5662]
[5662, 5692]
[5664, 5692]
[5666, 5692]
[5673, 5673]
[5687, 5692]
[5688, 5689]
[5691, 5692]
[5694, 5698]
[5694, 5698]
[5694, 5698]
[5694, 5699]
[5694, 5700]
[5694, 5702]
[5694, 5702]
[5694, 5702]
[5694, 5702]
[5694, 5702]
[5694, 5702]
[5694, 5702]
[5694, 5702]
[5694, 5702]
[5699, 5702]
[5700, 5702]
[5700, 5702]
[5700, 5702]
[6677, 6677]
[6677, 6677]
[6677, 6677]
[6677, 6677]
[6677, 6677]
[6677, 6677]
[6677, 6677]
[6679, 6680]
[6679, 6680]
[6679, 6680]
[6679, 6680]
[6679, 6680]
[6681, 6712]
[6682, 6684]
[6682, 6710]
[6682, 6712]
[6682, 6712]
[6682, 6712]
[6682, 6712]
[6682, 6712]
[6682, 6712]
[6682, 6712]
[6683, 6684]
[6683, 6684]
[6683, 6684]
[6686, 6712]
[6693, 6693]
[6707, 6712]
[6708, 6709]
[6711, 6712]
[6714, 6718]
[6714, 6718]
[6714, 6718]
[6714, 6719]
[6714, 6720]
[6714, 6722]
[6714, 6722]
[6714, 6722]
[6714, 6722]
[6714, 6722]
[6714, 6722]
[6714, 6722]
[6714, 6722]
[6714, 6722]
[6719, 6722]
[6720, 6722]
[6720, 6722]
[6720, 6722]
[6724, 6724]
[6724, 6724]
[6724, 6724]
[6724, 6724]
[6724, 6724]
[6724, 6724]
[6724, 6724]
[6728, 6729]
[6728, 6729]
[6728, 6729]
[6731, 6731]
[6731, 6731]
[6733, 6733]
[6733, 6733]
[6735, 6735]
[6735, 6735]
[6737, 6737]
[6737, 6737]
[6739, 6739]
[6739, 6739]
[6741, 6741]
[6741, 6741]
[6752, 6752]
[6767, 6768]
[6771, 6772]
[6774, 6778]
[6774, 6778]
[6774, 6778]
[6774, 6779]
[6774, 6780]
[6774, 6782]
[6774, 6782]
[6774, 6782]
[6774, 6782]
[6774, 6782]
[6774, 6782]
[6774, 6782]
[6774, 6782]
[6774, 6782]
[6779, 6782]
[6780, 6782]
[6780, 6782]
[6780, 6782]
[7756, 7756]
[7756, 7756]
[7756, 7756]
[7756, 7756]
[7756, 7756]
[7756, 7756]
[7756, 7756]
[7758, 7759]
[7758, 7759]
[7758, 7759]
[7758, 7759]
[7758, 7759]
[7760, 7791]
[7761, 7763]
[7761, 7789]
[7761, 7791]
[7761, 7791]
[7761, 7791]
[7761, 7791]
[7761, 7791]
[7761, 7791]
[7761, 7791]
[7762, 7763]
[7762, 7763]
[7762, 7763]
[7765, 7791]
[7772, 7772]
[7786, 7791]
[7787, 7788]
[7790, 7791]
[7797, 7801]
[7797, 7801]
[7797, 7801]
[7797, 7802]
[7797, 7803]
[7797, 7805]
[7797, 7805]
[7797, 7805]
[7797, 7805]
[7797, 7805]
[7797, 7805]
[7797, 7805]
[7797, 7805]
[7797, 7805]
[7802, 7805]
[7803, 7805]
[7803, 7805]
[7803, 7805]
[7807, 7807]
[7807, 7807]
[7807, 7807]
[7807, 7807]
[7807, 7807]
[7807, 7807]
[7807, 7807]
[7811, 7812]
[7811, 7812]
[7811, 7812]
[7813, 7813]
[7813, 7813]
[7816, 7816]
[7816, 7816]
[7818, 7818]
[7818, 7818]
[7820, 7820]
[7820, 7820]
[7822, 7822]
[7822, 7822]
[7824, 7824]
[7824, 7824]
[7835, 7835]
[7850, 7851]
[7854, 7855]
[7864, 7868]
[7864, 7868]
[7864, 7868]
[7864, 7869]
[7864, 7870]
[7864, 7872]
[7864, 7872]
[7864, 7872]
[7864, 7872]
[7864, 7872]
[7864, 7872]
[7864, 7872]
[7864, 7872]
[7864, 7872]
[7869, 7872]
[7870, 7872]
[7870, 7872]
[7870, 7872]
[8848, 8848]
[8848, 8848]
[8848, 8848]
[8848, 8848]
[8848, 8848]
[8848, 8848]
[8848, 8848]
[8850, 8851]
[8850, 8851]
[8850, 8851]
[8850, 8851]
[8850, 8851]
[8852, 8883]
[8853, 8855]
[8853, 8881]
[8853, 8883]
[8853, 8883]
[8853, 8883]
[8853, 8883]
[8853, 8883]
[8853, 8883]
[8853, 8883]
[8854, 8855]
[8854, 8855]
[8854, 8855]
[8857, 8883]
[8864, 8864]
[8878, 8883]
[8879, 8880]
[8882, 8883]
[8908, 8912]
[8908, 8912]
[8908, 8912]
[8914, 8914]
[8914, 8914]
[8914, 8914]
[8914, 8914]
[8914, 8914]
[8914, 8914]
[8914, 8914]
[8918, 8919]
[8918, 8919]
[8918, 8919]
[8920, 8920]
[8920, 8920]
[8922, 8922]
[8922, 8922]
[8924, 8924]
[8924, 8924]
[8926, 8926]
[8926, 8926]
[8929, 8932]
[8930, 8932]
[8930, 8932]
[8930, 8932]
[8933, 8933]
[8933, 8933]
[8935, 8935]
[8935, 8935]
[8935, 8965]
[8937, 8965]
[8939, 8965]
[8946, 8946]
[8960, 8965]
[8961, 8962]
[8964, 8965]
[8967, 8971]
[8967, 8971]
[8967, 8971]
[8967, 8972]
[8967, 8973]
[9949, 9949]
[9949, 9949]
[9949, 9949]
[9949, 9949]
[9949, 9949]
[9949, 9949]
[9949, 9949]
[9951, 9952]
[9951, 9952]
[9951, 9952]
[9951, 9952]
[9951, 9952]
[9953, 9984]
[9954, 9956]
[9954, 9982]
[9954, 9984]
[9954, 9984]
[9954, 9984]
[9954, 9984]
[9954, 9984]
[9954, 9984]
[9954, 9984]
[9955, 9956]
[9955, 9956]
[9955, 9956]
[9958, 9984]
[9965, 9965]
[9979, 9984]
[9980, 9981]
[9983, 9984]
[9988, 9992]
[9988, 9992]
[9988, 9992]
[9988, 9993]
[9988, 9994]
[9988, 9996]
[9988, 9996]
[9988, 9996]
[9988, 9996]
[9988, 9996]
[9988, 9996]
[9988, 9996]
[9988, 9996]
[9988, 9996]
[9993, 9996]
[9994, 9996]
[9994, 9996]
[9994, 9996]
[9998, 9998]
[9998, 9998]
[9998, 9998]
[9998, 9998]
[9998, 9998]
[9998, 9998]
[9998, 9998]
[10002, 10003]
[10002, 10003]
[10002, 10003]
[10004, 10004]
[10004, 10004]
[10006, 10006]
[10006, 10006]
[10008, 10008]
[10008, 10008]
[10010, 10010]
[10010, 10010]
[10012, 10012]
[10012, 10012]
[10014, 10014]
[10014, 10014]
[10026, 10026]
[10040, 10045]
[10041, 10042]
[10044, 10045]
[10047, 10051]
[10047, 10051]
[10047, 10051]
[10047, 10052]
[10047, 10053]
[10047, 10055]
[10047, 10055]
[10047, 10055]
[10047, 10055]
[10047, 10055]
[10047, 10055]
[10047, 10055]
[10047, 10055]
[10047, 10055]
[10052, 10055]
[10053, 10055]
[10053, 10055]
[10053, 10055]
[11031, 11031]
[11031, 11031]
[11031, 11031]
[11031, 11031]
[11031, 11031]
[11031, 11031]
[11031, 11031]
[11033, 11034]
[11033, 11034]
[11033, 11034]
[11033, 11034]
[11033, 11034]
[11035, 11066]
[11036, 11038]
[11036, 11064]
[11036, 11066]
[11036, 11066]
[11036, 11066]
[11036, 11066]
[11036, 11066]
[11036, 11066]
[11036, 11066]
[11037, 11038]
[11037, 11038]
[11037, 11038]
[11040, 11066]
[11047, 11047]
[11061, 11066]
[11062, 11063]
[11065, 11066]
[11068, 11072]
[11068, 11072]
[11068, 11072]
[11068, 11073]
[11068, 11074]
[11068, 11076]
[11068, 11076]
[11068, 11076]
[11068, 11076]
[11068, 11076]
[11068, 11076]
[11068, 11076]
[11068, 11076]
[11068, 11076]
[11073, 11076]
[11074, 11076]
[11074, 11076]
[11074, 11076]
[11078, 11078]
[11078, 11078]
[11078, 11078]
[11078, 11078]
[11078, 11078]
[11078, 11078]
[11078, 11078]
[11083, 11084]
[11083, 11084]
[11083, 11084]
[11085, 11085]
[11085, 11085]
[11087, 11087]
[11087, 11087]
[11089, 11089]
[11089, 11089]
[11091, 11091]
[11091, 11091]
[11093, 11093]
[11093, 11093]
[11095, 11095]
[11095, 11095]
[11098, 11126]
[11100, 11126]
[11107, 11107]
[11121, 11126]
[11122, 11123]
[11125, 11126]
[11128, 11132]
[11128, 11132]
[11128, 11132]
[11128, 11133]
[11128, 11134]
[11128, 11136]
[11128, 11136]
[11128, 11136]
[11128, 11136]
[11128, 11136]
[11128, 11136]
[11128, 11136]
[11128, 11136]
[11128, 11136]
[11133, 11136]
[11134, 11136]
[11134, 11136]
[11134, 11136]
[12111, 12111]
[12111, 12111]
[12111, 12111]
[12111, 12111]
[12111, 12111]
[12111, 12111]
[12111, 12111]
[12113, 12114]
[12113, 12114]
[12113, 12114]
[12113, 12114]
[12113, 12114]
[12115, 12146]
[12116, 12118]
[12116, 12144]
[12116, 12146]
[12116, 12146]
[12116, 12146]
[12116, 12146]
[12116, 12146]
[12116, 12146]
[12116, 12146]
[12117, 12118]
[12117, 12118]
[12117, 12118]
[12120, 12146]
[12127, 12127]
[12141, 12146]
[12142, 12143]
[12145, 12146]
[12148, 12152]
[12148, 12152]
[12148, 12152]
[12148, 12153]
[12148, 12154]
[12148, 12156]
[12148, 12156]
[12148, 12156]
[12148, 12156]
[12148, 12156]
[12148, 12156]
[12148, 12156]
[12148, 12156]
[12148, 12156]
[12153, 12156]
[12154, 12156]
[12154, 12156]
[12154, 12156]
[12158, 12158]
[12158, 12158]
[12158, 12158]
[12158, 12158]
[12158, 12158]
[12158, 12158]
[12158, 12158]
[12162, 12163]
[12162, 12163]
[12162, 12163]
[12164, 12164]
[12164, 12164]
[12166, 12166]
[12166, 12166]
[12168, 12168]
[12168, 12168]
[12171, 12171]
[12171, 12171]
[12173, 12173]
[12173, 12173]
[12175, 12175]
[12175, 12175]
[12175, 12205]
[12177, 12205]
[12179, 12205]
[12186, 12186]
[12200, 12205]
[12201, 12202]
[12204, 12205]
[12207, 12211]
[12207, 12211]
[12207, 12211]
[12207, 12212]
[12207, 12213]
[12207, 12215]
[12207, 12215]
[12207, 12215]
[12207, 12215]
[12207, 12215]
[12207, 12215]
[12207, 12215]
[12207, 12215]
[12207, 12215]
[12212, 12215]
[12213, 12215]
[12213, 12215]
[12213, 12215]
[13008, 13008]
[13008, 13009]
[13010, 13015]
[13011, 13012]
[13014, 13015]
[13017, 13018]
[13021, 13022]
[13030, 13032]
[13030, 13032]
[13030, 13032]
[13038, 13039]
[13038, 13039]
[13039, 13039]
[13039, 13039]
[13039, 13039]
[13039, 13039]
[13039, 13039]
[13039, 13039]
[13039, 13039]
[13041, 13042]
[13041, 13042]
[13041, 13042]
[13041, 13042]
[13041, 13042]
[13043, 13074]
[13044, 13046]
[13044, 13072]
[13044, 13074]
[13044, 13074]
[13044, 13074]
[13044, 13074]
[13044, 13074]
[13044, 13074]
[13044, 13074]
[13044, 13083]
[13045, 13046]
[13045, 13046]
[13045, 13046]
[13047, 13083]
[13048, 13074]
[13055, 13055]
[13069, 13074]
[13070, 13071]
[13073, 13074]
[13075, 13079]
[13075, 13079]
[13075, 13079]
[13075, 13080]
[13075, 13081]
[13075, 13083]
[13075, 13083]
[13075, 13083]
[13075, 13083]
[13075, 13083]
[13075, 13083]
[13075, 13083]
[13075, 13083]
[13075, 13083]
[13080, 13083]
[13081, 13083]
[13081, 13083]
[13081, 13083]
[13088, 13088]
[13088, 13088]
[13088, 13088]
[13088, 13088]
[13088, 13088]
[13088, 13088]
[13088, 13088]
[13092, 13093]
[13092, 13093]
[13092, 13093]
[13094, 13094]
[13094, 13094]
[13096, 13096]
[13096, 13096]
[13098, 13098]
[13098, 13098]
[13100, 13100]
[13100, 13100]
[13102, 13102]
[13102, 13102]
[13102, 13132]
[13104, 13132]
[13106, 13132]
[13113, 13113]
[13127, 13132]
[13128, 13129]
[13131, 13132]
[13133, 13137]
[13133, 13137]
[13133, 13137]
[13133, 13138]
[13133, 13139]
[13133, 13141]
[13133, 13141]
[13133, 13141]
[13133, 13141]
[13133, 13141]
[13133, 13141]
[13133, 13141]
[13133, 13141]
[13133, 13141]
[13138, 13141]
[13139, 13141]
[13139, 13141]
[13139, 13141]
[13159, 13159]
[13160, 13161]
[13160, 13161]
[13168, 13169]
[13168, 13169]
[13168, 13174]
[13173, 13174]
[13173, 13174]
[13173, 13175]
[13173, 13175]
[13175, 13175]
[13175, 13175]
[13175, 13175]
[13175, 13175]
[13175, 13175]
[13175, 13175]
[13175, 13175]
[13177, 13178]
[13177, 13178]
[13177, 13178]
[13177, 13178]
[13177, 13178]
[13179, 13210]
[13180, 13182]
[13180, 13208]
[13180, 13210]
[13180, 13210]
[13180, 13210]
[13180, 13210]
[13180, 13210]
[13180, 13210]
[13180, 13210]
[13180, 13219]
[13181, 13182]
[13181, 13182]
[13181, 13182]
[13183, 13219]
[13184, 13210]
[13191, 13191]
[13205, 13210]
[13206, 13207]
[13209, 13210]
[13211, 13215]
[13211, 13215]
[13211, 13215]
[13211, 13216]
[13211, 13217]
[13211, 13219]
[13211, 13219]
[13211, 13219]
[13211, 13219]
[13211, 13219]
[13211, 13219]
[13211, 13219]
[13211, 13219]
[13211, 13219]
[13216, 13219]
[13217, 13219]
[13217, 13219]
[13217, 13219]
[13221, 13221]
[13221, 13221]
[13221, 13221]
[13221, 13221]
[13221, 13221]
[13221, 13221]
[13221, 13221]
[13225, 13226]
[13225, 13226]
[13225, 13226]
[13227, 13227]
[13227, 13227]
[13229, 13229]
[13229, 13229]
[13231, 13231]
[13231, 13231]
[13233, 13233]
[13233, 13233]
[13235, 13235]
[13235, 13235]
[13235, 13265]
[13237, 13265]
[13239, 13265]
[13246, 13246]
[13260, 13265]
[13261, 13262]
[13264, 13265]
[13266, 13270]
[13266, 13270]
[13266, 13270]
[13266, 13271]
[13266, 13272]
[13266, 13274]
[13266, 13274]
[13266, 13274]
[13266, 13274]
[13266, 13274]
[13266, 13274]
[13266, 13274]
[13266, 13274]
[13266, 13274]
[13271, 13274]
[13272, 13274]
[13272, 13274]
[13272, 13274]
[13275, 13276]
[13275, 13276]
[13275, 13277]
[13275, 13277]
[13277, 13277]
[13277, 13277]
[13277, 13277]
[13277, 13277]
[13277, 13277]
[13277, 13277]
[13277, 13277]
[13278, 13279]
[13278, 13279]
[13278, 13280]
[13278, 13280]
[13280, 13280]
[13280, 13280]
[13280, 13280]
[13280, 13280]
[13280, 13280]
[13280, 13280]
[13280, 13280]
[13286, 13287]
[13286, 13287]
[13286, 13288]
[13475, 13475]
[13475, 13475]
[13475, 13475]
[13475, 13475]
[13475, 13475]
[13475, 13475]
[13475, 13475]
[13477, 13478]
[13477, 13478]
[13477, 13478]
[13477, 13478]
[13477, 13478]
[13479, 13510]
[13480, 13482]
[13480, 13508]
[13480, 13510]
[13480, 13510]
[13480, 13510]
[13480, 13510]
[13480, 13510]
[13480, 13510]
[13480, 13510]
[13480, 13511]
[13481, 13482]
[13481, 13482]
[13481, 13482]
[13484, 13510]
[13491, 13491]
[13505, 13510]
[13506, 13507]
[13509, 13510]
[13755, 13759]
[13755, 13759]
[13755, 13759]
[13761, 13761]
[13761, 13761]
[13761, 13761]
[13761, 13761]
[13761, 13761]
[13761, 13761]
[13761, 13761]
[13765, 13766]
[13765, 13766]
[13765, 13766]
[13767, 13767]
[13767, 13767]
[13769, 13769]
[13769, 13769]
[13771, 13771]
[13771, 13771]
[13773, 13773]
[13773, 13773]
[13775, 13775]
[13775, 13775]
[13779, 13782]
[13780, 13782]
[13780, 13782]
[13780, 13782]
[13783, 13809]
[13790, 13790]
[13804, 13809]
[13805, 13806]
[13808, 13809]
[13812, 13816]
[13812, 13816]
[13812, 13816]
[13812, 13817]
[13812, 13818]
[13812, 13820]
[13812, 13820]
[13812, 13820]
[13812, 13820]
[13812, 13820]
[13812, 13820]
[13812, 13820]
[13812, 13820]
[13812, 13820]
[13817, 13820]
[13818, 13820]
[13818, 13820]
[13818, 13820]
[13864, 13864]
[13865, 13866]
[13865, 13866]
[13867, 13872]
[13869, 13869]
[13870, 13871]
[13870, 13871]
[13870, 13872]
[13921, 13922]
[13921, 13922]
[13921, 13923]
[13921, 13923]
[13923, 13923]
[13923, 13923]
[13923, 13923]
[13923, 13923]
[13923, 13923]
[13923, 13923]
[13923, 13923]
[13928, 13928]
[13929, 13930]
[13929, 13930]
[13929, 13931]
[14432, 14432]
[14433, 14434]
[14433, 14434]
[14441, 14441]
[14442, 14443]
[14442, 14443]
[14446, 14451]
[14448, 14448]
[14449, 14450]
[14449, 14450]
[14449, 14451]
[14452, 14457]
[14454, 14454]
[14455, 14456]
[14455, 14456]
[14455, 14457]
[14640, 14641]
[14640, 14641]
[14640, 14642]
[14640, 14642]
[14642, 14642]
[14642, 14642]
[14642, 14642]
[14642, 14642]
[14642, 14642]
[14642, 14642]
[14642, 14642]
[14932, 14932]
[14932, 14932]
[14932, 14932]
[14932, 14932]
[14932, 14932]
[14932, 14932]
[14932, 14932]
[14934, 14935]
[14934, 14935]
[14934, 14935]
[14934, 14935]
[14934, 14935]
[14936, 14967]
[14937, 14939]
[14937, 14965]
[14937, 14967]
[14937, 14967]
[14937, 14967]
[14937, 14967]
[14937, 14967]
[14937, 14967]
[14937, 14967]
[14937, 14968]
[14938, 14939]
[14938, 14939]
[14938, 14939]
[14941, 14967]
[14948, 14948]
[14962, 14967]
[14963, 14964]
[14966, 14967]
[14969, 14973]
[14969, 14973]
[14969, 14973]
[14969, 14974]
[14976, 14978]
[14976, 14978]
[14976, 14978]
[14980, 14980]
[14980, 14980]
[14980, 14980]
[14980, 14980]
[14980, 14980]
[14980, 14980]
[14980, 14980]
[14984, 14985]
[14984, 14985]
[14984, 14985]
[14986, 14986]
[14986, 14986]
[14988, 14988]
[14988, 14988]
[14990, 14990]
[14990, 14990]
[14992, 14992]
[14992, 14992]
[14994, 14994]
[14994, 14994]
[15005, 15005]
[15020, 15021]
[15024, 15025]
[15026, 15030]
[15026, 15030]
[15026, 15030]
[15026, 15031]
[15033, 15035]
[15033, 15035]
[15033, 15035]
[15703, 15704]
[15703, 15704]
[15703, 15705]
[15703, 15705]
[15705, 15705]
[15705, 15705]
[15705, 15705]
[15705, 15705]
[15705, 15705]
[15705, 15705]
[15705, 15705]
[15711, 15712]
[15711, 15712]
[15711, 15713]
[16017, 16017]
[16017, 16017]
[16017, 16017]
[16017, 16017]
[16017, 16017]
[16017, 16017]
[16017, 16017]
[16019, 16020]
[16019, 16020]
[16019, 16020]
[16019, 16020]
[16019, 16020]
[16021, 16052]
[16022, 16024]
[16022, 16050]
[16022, 16052]
[16022, 16052]
[16022, 16052]
[16022, 16052]
[16022, 16052]
[16022, 16052]
[16022, 16052]
[16022, 16053]
[16023, 16024]
[16023, 16024]
[16023, 16024]
[16026, 16052]
[16033, 16033]
[16047, 16052]
[16048, 16049]
[16051, 16052]
[16054, 16058]
[16054, 16058]
[16054, 16058]
[16054, 16059]
[16054, 16060]
[16054, 16062]
[16054, 16062]
[16054, 16062]
[16054, 16062]
[16054, 16062]
[16054, 16062]
[16054, 16062]
[16054, 16062]
[16054, 16062]
[16059, 16062]
[16060, 16062]
[16060, 16062]
[16060, 16062]
[16064, 16064]
[16064, 16064]
[16064, 16064]
[16064, 16064]
[16064, 16064]
[16064, 16064]
[16064, 16064]
[16068, 16069]
[16068, 16069]
[16068, 16069]
[16071, 16071]
[16071, 16071]
[16073, 16073]
[16073, 16073]
[16075, 16075]
[16075, 16075]
[16077, 16077]
[16077, 16077]
[16079, 16079]
[16079, 16079]
[16090, 16090]
[16105, 16106]
[16112, 16116]
[16112, 16116]
[16112, 16116]
[16112, 16117]
[16112, 16118]
[16112, 16120]
[16112, 16120]
[16112, 16120]
[16112, 16120]
[16112, 16120]
[16112, 16120]
[16112, 16120]
[16112, 16120]
[16112, 16120]
[16117, 16120]
[16118, 16120]
[16118, 16120]
[16118, 16120]
[16314, 16314]
[16315, 16316]
[16315, 16316]
[16315, 16321]
[16320, 16321]
[16320, 16321]
[16322, 16323]
[16322, 16323]
[16322, 16324]
[16322, 16324]
[16324, 16324]
[16324, 16324]
[16324, 16324]
[16324, 16324]
[16324, 16324]
[16324, 16324]
[16324, 16324]
[16328, 16329]
[16328, 16329]
[16329, 16329]
[16329, 16329]
[16329, 16329]
[16329, 16329]
[16329, 16329]
[16329, 16329]
[16329, 16329]
[16331, 16332]
[16331, 16332]
[16331, 16332]
[16331, 16332]
[16331, 16332]
[16333, 16364]
[16334, 16336]
[16334, 16362]
[16334, 16364]
[16334, 16364]
[16334, 16364]
[16334, 16364]
[16334, 16364]
[16334, 16364]
[16334, 16364]
[16334, 16373]
[16335, 16336]
[16335, 16336]
[16335, 16336]
[16337, 16373]
[16338, 16364]
[16345, 16345]
[16359, 16364]
[16360, 16361]
[16363, 16364]
[16365, 16369]
[16365, 16369]
[16365, 16369]
[16365, 16370]
[16365, 16371]
[16365, 16373]
[16365, 16373]
[16365, 16373]
[16365, 16373]
[16365, 16373]
[16365, 16373]
[16365, 16373]
[16365, 16373]
[16365, 16373]
[16370, 16373]
[16371, 16373]
[16371, 16373]
[16371, 16373]
[16376, 16377]
[16376, 16377]
[16376, 16377]
[16376, 16408]
[16378, 16378]
[16378, 16378]
[16378, 16408]
[16380, 16408]
[16382, 16408]
[16389, 16389]
[16403, 16408]
[16404, 16405]
[16407, 16408]
[16409, 16413]
[16409, 16413]
[16409, 16413]
[16409, 16414]
[16409, 16415]
[16409, 16417]
[16409, 16417]
[16409, 16417]
[16409, 16417]
[16409, 16417]
[16409, 16417]
[16409, 16417]
[16409, 16417]
[16409, 16417]
[16414, 16417]
[16415, 16417]
[16415, 16417]
[16415, 16417]
[18008, 18008]
[18008, 18009]
[18010, 18015]
[18011, 18012]
[18014, 18015]
[18017, 18018]
[18021, 18022]
[18032, 18034]
[18032, 18034]
[18032, 18034]
[18042, 18043]
[18042, 18043]
[18043, 18043]
[18043, 18043]
[18043, 18043]
[18043, 18043]
[18043, 18043]
[18043, 18043]
[18043, 18043]
[18045, 18046]
[18045, 18046]
[18045, 18046]
[18045, 18046]
[18045, 18046]
[18047, 18078]
[18048, 18050]
[18048, 18076]
[18048, 18078]
[18048, 18078]
[18048, 18078]
[18048, 18078]
[18048, 18078]
[18048, 18078]
[18048, 18078]
[18048, 18087]
[18049, 18050]
[18049, 18050]
[18049, 18050]
[18051, 18087]
[18052, 18078]
[18059, 18059]
[18073, 18078]
[18074, 18075]
[18077, 18078]
[18079, 18083]
[18079, 18083]
[18079, 18083]
[18079, 18084]
[18079, 18085]
[18079, 18087]
[18079, 18087]
[18079, 18087]
[18079, 18087]
[18079, 18087]
[18079, 18087]
[18079, 18087]
[18079, 18087]
[18079, 18087]
[18084, 18087]
[18085, 18087]
[18085, 18087]
[18085, 18087]
[18090, 18090]
[18090, 18090]
[18090, 18090]
[18090, 18090]
[18090, 18090]
[18090, 18090]
[18090, 18090]
[18094, 18095]
[18094, 18095]
[18094, 18095]
[18096, 18096]
[18096, 18096]
[18098, 18098]
[18098, 18098]
[18100, 18100]
[18100, 18100]
[18102, 18102]
[18102, 18102]
[18104, 18104]
[18104, 18104]
[18104, 18134]
[18106, 18134]
[18108, 18134]
[18115, 18115]
[18129, 18134]
[18130, 18131]
[18133, 18134]
[18135, 18139]
[18135, 18139]
[18135, 18139]
[18135, 18140]
[18135, 18141]
[18135, 18143]
[18135, 18143]
[18135, 18143]
[18135, 18143]
[18135, 18143]
[18135, 18143]
[18135, 18143]
[18135, 18143]
[18135, 18143]
[18140, 18143]
[18141, 18143]
[18141, 18143]
[18141, 18143]
[18159, 18164]
[18161, 18161]
[18162, 18163]
[18162, 18163]
[18162, 18164]
[18171, 18171]
[18171, 18171]
[18171, 18171]
[18171, 18171]
[18171, 18171]
[18171, 18171]
[18171, 18171]
[18173, 18174]
[18173, 18174]
[18173, 18174]
[18173, 18174]
[18173, 18174]
[18175, 18206]
[18176, 18178]
[18176, 18204]
[18176, 18206]
[18176, 18206]
[18176, 18206]
[18176, 18206]
[18176, 18206]
[18176, 18206]
[18176, 18206]
[18176, 18207]
[18177, 18178]
[18177, 18178]
[18177, 18178]
[18180, 18206]
[18187, 18187]
[18201, 18206]
[18202, 18203]
[18205, 18206]
[18209, 18213]
[18209, 18213]
[18209, 18213]
[18209, 18214]
[18209, 18215]
[18209, 18217]
[18209, 18217]
[18209, 18217]
[18209, 18217]
[18209, 18217]
[18209, 18217]
[18209, 18217]
[18209, 18217]
[18209, 18217]
[18214, 18217]
[18215, 18217]
[18215, 18217]
[18215, 18217]
[18219, 18219]
[18219, 18219]
[18219, 18219]
[18219, 18219]
[18219, 18219]
[18219, 18219]
[18219, 18219]
[18223, 18224]
[18223, 18224]
[18223, 18224]
[18225, 18225]
[18225, 18225]
[18227, 18227]
[18227, 18227]
[18229, 18229]
[18229, 18229]
[18231, 18231]
[18231, 18231]
[18233, 18233]
[18233, 18233]
[18245, 18245]
[18259, 18264]
[18260, 18261]
[18263, 18264]
[18266, 18270]
[18266, 18270]
[18266, 18270]
[18266, 18271]
[18266, 18272]
[18266, 18274]
[18266, 18274]
[18266, 18274]
[18266, 18274]
[18266, 18274]
[18266, 18274]
[18266, 18274]
[18266, 18274]
[18266, 18274]
[18271, 18274]
[18272, 18274]
[18272, 18274]
[18272, 18274]
[18311, 18312]
[18311, 18312]
[18311, 18313]
[18311, 18313]
[18313, 18313]
[18313, 18313]
[18313, 18313]
[18313, 18313]
[18313, 18313]
[18313, 18313]
[18313, 18313]
[18318, 18318]
[18319, 18320]
[18319, 18320]
[18324, 18329]
[18326, 18326]
[18327, 18328]
[18327, 18328]
[18327, 18329]
[18377, 18378]
[18377, 18378]
[18377, 18379]
[18377, 18379]
[18379, 18379]
[18379, 18379]
[18379, 18379]
[18379, 18379]
[18379, 18379]
[18379, 18379]
[18379, 18379]
[18386, 18386]
[18387, 18388]
[18387, 18388]
[18387, 18389]
[18891, 18891]
[18892, 18893]
[18892, 18893]
[18900, 18901]
[18900, 18901]
[18900, 18906]
[18905, 18906]
[18905, 18906]
[18907, 18908]
[18907, 18908]
[18907, 18909]
[18907, 18909]
[18909, 18909]
[18909, 18909]
[18909, 18909]
[18909, 18909]
[18909, 18909]
[18909, 18909]
[18909, 18909]
[18910, 18910]
[18910, 18910]
[18910, 18910]
[18910, 18910]
[18910, 18910]
[18910, 18910]
[18910, 18910]
[18912, 18913]
[18912, 18913]
[18912, 18913]
[18912, 18913]
[18912, 18913]
[18914, 18945]
[18915, 18917]
[18915, 18943]
[18915, 18945]
[18915, 18945]
[18915, 18945]
[18915, 18945]
[18915, 18945]
[18915, 18945]
[18915, 18945]
[18916, 18917]
[18916, 18917]
[18916, 18917]
[18919, 18945]
[18926, 18926]
[18940, 18945]
[18941, 18942]
[18944, 18945]
[18946, 18950]
[18946, 18950]
[18946, 18950]
[18952, 18952]
[18952, 18952]
[18952, 18952]
[18952, 18952]
[18952, 18952]
[18952, 18952]
[18952, 18952]
[18956, 18957]
[18956, 18957]
[18956, 18957]
[18958, 18958]
[18958, 18958]
[18960, 18960]
[18960, 18960]
[18962, 18962]
[18962, 18962]
[18964, 18964]
[18964, 18964]
[18966, 18966]
[18966, 18966]
[18966, 18996]
[18968, 18996]
[18970, 18996]
[18977, 18977]
[18991, 18996]
[18992, 18993]
[18995, 18996]
[18997, 19000]
[18998, 19000]
[18998, 19000]
[18998, 19000]
[19001, 19005]
[19001, 19005]
[19001, 19005]
[19001, 19006]
[19001, 19007]
[19001, 19009]
[19001, 19009]
[19001, 19009]
[19001, 19009]
[19001, 19009]
[19001, 19009]
[19001, 19009]
[19001, 19009]
[19001, 19009]
[19006, 19009]
[19007, 19009]
[19007, 19009]
[19007, 19009]
[19010, 19011]
[19010, 19011]
[19010, 19012]
[19010, 19012]
[19012, 19012]
[19012, 19012]
[19012, 19012]
[19012, 19012]
[19012, 19012]
[19012, 19012]
[19012, 19012]
[19013, 19018]
[19015, 19015]
[19016, 19017]
[19016, 19017]
[19016, 19018]
[19066, 19067]
[19066, 19067]
[19066, 19068]
[19066, 19068]
[19068, 19068]
[19068, 19068]
[19068, 19068]
[19068, 19068]
[19068, 19068]
[19068, 19068]
[19068, 19068]
[19074, 19075]
[19074, 19075]
[19074, 19076]
[19196, 19196]
[19196, 19197]
[19198, 19203]
[19198, 19214]
[19199, 19200]
[19202, 19203]
[19205, 19206]
[19209, 19210]
[19216, 19218]
[19216, 19218]
[19216, 19218]
[19284, 19284]
[19284, 19284]
[19284, 19284]
[19284, 19284]
[19284, 19284]
[19284, 19284]
[19284, 19284]
[19286, 19287]
[19286, 19287]
[19286, 19287]
[19286, 19287]
[19286, 19287]
[19288, 19319]
[19289, 19291]
[19289, 19317]
[19289, 19319]
[19289, 19319]
[19289, 19319]
[19289, 19319]
[19289, 19319]
[19289, 19319]
[19289, 19319]
[19289, 19320]
[19290, 19291]
[19290, 19291]
[19290, 19291]
[19293, 19319]
[19300, 19300]
[19314, 19319]
[19315, 19316]
[19318, 19319]
[19321, 19325]
[19321, 19325]
[19321, 19325]
[19321, 19326]
[19321, 19327]
[19321, 19329]
[19321, 19329]
[19321, 19329]
[19321, 19329]
[19321, 19329]
[19321, 19329]
[19321, 19329]
[19321, 19329]
[19321, 19329]
[19326, 19329]
[19327, 19329]
[19327, 19329]
[19327, 19329]
[19331, 19331]
[19331, 19331]
[19331, 19331]
[19331, 19331]
[19331, 19331]
[19331, 19331]
[19331, 19331]
[19335, 19336]
[19335, 19336]
[19335, 19336]
[19337, 19337]
[19337, 19337]
[19340, 19340]
[19340, 19340]
[19342, 19342]
[19342, 19342]
[19344, 19344]
[19344, 19344]
[19346, 19346]
[19346, 19346]
[19346, 19376]
[19348, 19376]
[19350, 19376]
[19357, 19357]
[19371, 19376]
[19372, 19373]
[19375, 19376]
[19378, 19382]
[19378, 19382]
[19378, 19382]
[19378, 19383]
[19378, 19384]
[19378, 19386]
[19378, 19386]
[19378, 19386]
[19378, 19386]
[19378, 19386]
[19378, 19386]
[19378, 19386]
[19378, 19386]
[19378, 19386]
[19383, 19386]
[19384, 19386]
[19384, 19386]
[19384, 19386]
[19689, 19689]
[19690, 19691]
[19690, 19691]
[19690, 19696]
[19695, 19696]
[19695, 19696]
[19697, 19698]
[19697, 19698]
[19697, 19699]
[19697, 19699]
[19699, 19699]
[19699, 19699]
[19699, 19699]
[19699, 19699]
[19699, 19699]
[19699, 19699]
[19699, 19699]
[19704, 19704]
[19705, 19706]
[19705, 19706]
[19705, 19707]
[20207, 20207]
[20208, 20209]
[20208, 20209]
[20210, 20211]
[20210, 20211]
[20211, 20211]
[20211, 20211]
[20211, 20211]
[20211, 20211]
[20211, 20211]
[20211, 20211]
[20211, 20211]
[20213, 20214]
[20213, 20214]
[20213, 20214]
[20213, 20214]
[20213, 20214]
[20215, 20246]
[20216, 20218]
[20216, 20244]
[20216, 20246]
[20216, 20246]
[20216, 20246]
[20216, 20246]
[20216, 20246]
[20216, 20246]
[20216, 20246]
[20216, 20255]
[20217, 20218]
[20217, 20218]
[20217, 20218]
[20219, 20255]
[20220, 20246]
[20227, 20227]
[20241, 20246]
[20242, 20243]
[20245, 20246]
[20247, 20251]
[20247, 20251]
[20247, 20251]
[20247, 20252]
[20247, 20253]
[20247, 20255]
[20247, 20255]
[20247, 20255]
[20247, 20255]
[20247, 20255]
[20247, 20255]
[20247, 20255]
[20247, 20255]
[20247, 20255]
[20252, 20255]
[20253, 20255]
[20253, 20255]
[20253, 20255]
[20258, 20259]
[20258, 20259]
[20259, 20259]
[20259, 20259]
[20259, 20259]
[20259, 20259]
[20259, 20259]
[20259, 20259]
[20259, 20259]
