[1, 2]
[3, 3]
[4, 5]
[6, 6]
[8, 8]
[9, 9]
[14, 14]
[18, 44]
[46, 60]
[62, 64]
[65, 65]
[66, 66]
[70, 70]
[73, 73]
[76, 76]
[78, 78]
[79, 79]
[82, 82]
[83, 83]
[84, 84]
[86, 86]
[196, 196]
[198, 199]
[201, 210]
[317, 321]
[323, 324]
[325, 326]
[327, 328]
[329, 333]
[336, 340]
[342, 346]
[348, 376]
[378, 387]
[388, 397]
[398, 402]
[407, 412]
[414, 418]
[422, 423]
[425, 426]
[428, 429]
[475, 506]
[509, 509]
[518, 522]
[525, 550]
[552, 554]
[555, 558]
[561, 565]
[568, 593]
[597, 600]
[604, 612]
[615, 640]
[642, 644]
[646, 684]
[689, 693]
[699, 724]
[726, 728]
[729, 732]
[734, 772]
[773, 773]
[781, 785]
[788, 813]
[815, 817]
[819, 822]
[824, 862]
[866, 870]
[876, 877]
[878, 881]
[885, 885]
[886, 886]
[887, 909]
[912, 950]
[952, 956]
[959, 984]
[986, 988]
[990, 993]
[995, 1003]
[1005, 1006]
[1008, 1008]
[1009, 1037]
[1039, 1047]
[1048, 1048]
[1049, 1049]
[1051, 1083]
[1085, 1090]
[1093, 1094]
[1095, 1095]
[1096, 1096]
[1102, 1104]
[1105, 1109]
[1115, 1117]
[1118, 1122]
[1128, 1130]
[1131, 1135]
[1140, 1141]
[1143, 1144]
[1148, 1173]
[1175, 1177]
[1179, 1187]
[1192, 1194]
[1195, 1199]
[1200, 1201]
[1206, 1208]
[1209, 1213]
[1218, 1220]
[1221, 1228]
[1230, 1231]
[1235, 1260]
[1262, 1264]
[1266, 1274]
[1279, 1279]
[1286, 1287]
[1292, 1292]
[1293, 1293]
[1294, 1316]
[1318, 1326]
[1332, 1357]
[1359, 1361]
[1363, 1371]
[1376, 1378]
[1380, 1381]
[1383, 1384]
[1388, 1389]
[1392, 1424]
[1425, 1427]
[1433, 1435]
[1436, 1440]
[1441, 1462]
[1464, 1469]
[1471, 1472]
[1476, 1501]
[1503, 1505]
[1507, 1517]
[1519, 1520]
[1524, 1549]
[1551, 1553]
[1555, 1563]
[1565, 1565]
[1572, 1597]
[1599, 1601]
[1603, 1608]
[1610, 1612]
[1618, 1643]
[1645, 1647]
[1649, 1657]
[1659, 1659]
[1666, 1691]
[1693, 1695]
[1698, 1706]
[1712, 1737]
[1739, 1741]
[1743, 1751]
[2151, 2151]
[2154, 2154]
[2156, 2157]
[2159, 2159]
[2164, 2164]
[2165, 2165]
[2167, 2167]
[2168, 2168]
[2169, 2169]
[2171, 2189]
[2215, 2223]
[2230, 2262]
[2264, 2272]
[2274, 2274]
[2276, 2277]
[2281, 2306]
[2308, 2310]
[2313, 2321]
[2324, 2325]
[2327, 2328]
[2332, 2357]
[2360, 2362]
[2364, 2372]
[2376, 2378]
[2384, 2385]
[2871, 2871]
[2873, 2874]
[2878, 2903]
[2905, 2907]
[3041, 3049]
[3314, 3316]
[3317, 3318]
[3320, 3321]
[3325, 3350]
[3352, 3354]
[3356, 3364]
[3366, 3367]
[3369, 3370]
[3374, 3399]
[3401, 3403]
[3405, 3413]
[3418, 3429]
[3433, 3434]
[3451, 3453]
[3499, 3501]
[3573, 3575]
[3576, 3577]
[3579, 3580]
[3584, 3609]
[3611, 3613]
[3615, 3619]
[3621, 3624]
[5931, 5931]
[5933, 5934]
[5938, 5963]
[5965, 5967]
[6076, 6084]
[9963, 9963]
[9965, 9966]
[9970, 9995]
[9997, 9999]
[10004, 10012]
[11594, 11604]
[11605, 11607]
[11613, 11622]
[11628, 11628]
[11637, 11637]
[11638, 11638]
[11640, 11642]
[11648, 11649]
[11651, 11652]
[11656, 11657]
[11661, 11661]
[11662, 11662]
[11664, 11664]
[11666, 11686]
[11689, 11697]
[11701, 11703]
[11708, 11709]
[11710, 11715]
[11717, 11717]
[11719, 11719]
[11721, 11721]
[11723, 11723]
[11725, 11725]
[11727, 11727]
[11729, 11729]
[11731, 11731]
[11733, 11733]
[11735, 11735]
[11737, 11739]
[11820, 11822]
[11823, 11824]
[11826, 11827]
[11831, 11856]
[11858, 11860]
[11862, 11870]
[12076, 12077]
[12079, 12080]
[12084, 12109]
[12111, 12113]
[12116, 12124]
[12128, 12135]
[12136, 12140]
[12144, 12144]
[12146, 12146]
[12148, 12148]
[12150, 12150]
[12152, 12152]
[12154, 12154]
[12156, 12156]
[12158, 12158]
[12160, 12160]
[12162, 12162]
[12164, 12164]
[12166, 12166]
[12168, 12168]
[12171, 12171]
[12173, 12173]
[12175, 12175]
[12177, 12180]
[12182, 12182]
[12184, 12184]
[12186, 12186]
[12188, 12188]
[12190, 12190]
[12192, 12192]
[12194, 12194]
[12196, 12196]
[12198, 12198]
[12200, 12200]
[12202, 12202]
[12204, 12204]
[12206, 12206]
[12208, 12208]
[12210, 12210]
[12212, 12212]
[12214, 12214]
[12216, 12216]
[12218, 12218]
[12220, 12220]
[12222, 12222]
[12224, 12224]
[12226, 12226]
[12228, 12228]
[12230, 12230]
[12232, 12232]
[12234, 12234]
[12236, 12236]
[12238, 12238]
[12240, 12240]
[12243, 12243]
[12245, 12245]
[12247, 12247]
[12249, 12249]
[12251, 12251]
[12253, 12253]
[12255, 12255]
[12257, 12257]
[12259, 12259]
[12261, 12261]
[12263, 12263]
[12265, 12265]
[12267, 12267]
[12269, 12269]
[12271, 12271]
[12273, 12273]
[12275, 12275]
[12277, 12277]
[12279, 12279]
[12281, 12281]
[12283, 12283]
[12285, 12285]
[12287, 12287]
[12289, 12289]
[12291, 12291]
[12293, 12293]
[12295, 12295]
[12297, 12297]
[12299, 12299]
[12301, 12301]
[12303, 12303]
[12305, 12305]
[12307, 12307]
[12309, 12309]
[12312, 12312]
[12314, 12314]
[12316, 12316]
[12318, 12318]
[12320, 12320]
[12322, 12322]
[12324, 12324]
[12326, 12326]
[12328, 12328]
[12330, 12330]
[12332, 12332]
[12334, 12334]
[12336, 12336]
[12338, 12338]
[12340, 12340]
[12342, 12342]
[12344, 12344]
[12346, 12346]
[12348, 12348]
[12350, 12350]
[12352, 12352]
[12354, 12354]
[12356, 12356]
[12358, 12358]
[12360, 12360]
[12362, 12362]
[12364, 12364]
[12366, 12366]
[12368, 12368]
[12370, 12372]
[12373, 12374]
[12376, 12377]
[12381, 12406]
[12408, 12410]
[12418, 12422]
[12424, 12425]
[12427, 12428]
[12432, 12457]
[12459, 12461]
[12462, 12465]
[12469, 12477]
[12481, 12483]
[12484, 12494]
[12495, 12500]
[12502, 12504]
[12506, 12508]
[12510, 12512]
[12514, 12516]
[12518, 12520]
[12522, 12524]
[12526, 12528]
[12530, 12532]
[12534, 12535]
[12537, 12540]
[12542, 12543]
[12545, 12547]
[12549, 12551]
[12553, 12555]
[12557, 12560]
[12562, 12563]
[12565, 12565]
[12567, 12568]
[12570, 12571]
[12573, 12574]
[12576, 12577]
[12579, 12580]
[12582, 12583]
[12585, 12586]
[12588, 12589]
[12591, 12592]
[12594, 12595]
[12597, 12598]
[12600, 12601]
[12603, 12604]
[12606, 12607]
[12609, 12610]
[12612, 12613]
[12615, 12616]
[12618, 12619]
[12621, 12622]
[12624, 12625]
[12627, 12628]
[12630, 12631]
[12633, 12634]
[12636, 12637]
[12639, 12640]
[12642, 12643]
[12645, 12646]
[12648, 12649]
[12651, 12652]
[12654, 12655]
[12657, 12658]
[12660, 12661]
[12663, 12663]
[12665, 12666]
[12668, 12669]
[12671, 12671]
[12673, 12674]
[12676, 12677]
[12679, 12685]
[12687, 12687]
[12689, 12689]
[12691, 12691]
[12693, 12693]
[12695, 12695]
[12697, 12697]
[12699, 12699]
[12701, 12701]
[12703, 12703]
[12705, 12705]
[12707, 12707]
[12709, 12709]
[12711, 12711]
[12713, 12713]
[12715, 12715]
[12717, 12717]
[12719, 12719]
[12721, 12721]
[12723, 12723]
[12725, 12725]
[12727, 12727]
[12729, 12729]
[12731, 12731]
[12733, 12733]
[12735, 12735]
[12737, 12737]
[12739, 12739]
[12741, 12741]
[12743, 12743]
[12745, 12745]
[12748, 12749]
[12752, 12752]
[12754, 12754]
[12756, 12756]
[12758, 12758]
[12760, 12760]
[12762, 12762]
[12764, 12764]
[12766, 12766]
[12768, 12768]
[12770, 12770]
[12772, 12772]
[12774, 12774]
[12776, 12776]
[12778, 12778]
[12780, 12780]
[12782, 12782]
[12784, 12784]
[12786, 12786]
[12788, 12788]
[12790, 12790]
[12792, 12792]
[12794, 12794]
[12796, 12796]
[12798, 12798]
[12800, 12800]
[12802, 12802]
[12804, 12804]
[12806, 12806]
[12808, 12808]
[12810, 12810]
[12812, 12812]
[12814, 12821]
[12823, 12824]
[12828, 12853]
[12855, 12857]
[12859, 12867]
[12869, 12901]
[12904, 12912]
[12920, 12920]
[12922, 12923]
[12927, 12952]
[12954, 12956]
[12959, 12967]
[12970, 12971]
[12973, 12974]
[12978, 13003]
[13005, 13007]
[13009, 13017]
[13021, 13028]
[13032, 13034]
[13037, 13041]
[13043, 13046]
[13048, 13048]
[13050, 13050]
[13052, 13052]
[13054, 13054]
[13056, 13056]
[13058, 13058]
[13060, 13060]
[13062, 13062]
[13064, 13064]
[13066, 13066]
[13068, 13068]
[13070, 13070]
[13072, 13072]
[13074, 13074]
[13076, 13076]
[13078, 13078]
[13080, 13080]
[13082, 13082]
[13084, 13084]
[13086, 13086]
[13088, 13088]
[13090, 13090]
[13092, 13092]
[13094, 13094]
[13096, 13096]
[13098, 13098]
[13100, 13100]
[13102, 13102]
[13104, 13104]
[13106, 13106]
[13108, 13108]
[13110, 13111]
[13115, 13116]
[13118, 13145]
[13147, 13147]
[13149, 13149]
[13152, 13152]
[13154, 13154]
[13156, 13156]
[13158, 13158]
[13160, 13160]
[13162, 13162]
[13164, 13164]
[13166, 13166]
[13168, 13168]
[13170, 13170]
[13172, 13172]
[13174, 13174]
[13176, 13176]
[13178, 13178]
[13180, 13180]
[13182, 13182]
[13184, 13184]
[13186, 13186]
[13188, 13188]
[13190, 13190]
[13192, 13192]
[13194, 13194]
[13196, 13196]
[13198, 13198]
[13200, 13200]
[13202, 13202]
[13204, 13204]
[13206, 13206]
[13208, 13208]
[13210, 13210]
[13212, 13212]
[13214, 13214]
[13216, 13216]
[13218, 13218]
[13220, 13220]
[13222, 13222]
[13225, 13226]
[13229, 13229]
[13231, 13231]
[13233, 13233]
[13235, 13235]
[13237, 13237]
[13239, 13239]
[13241, 13250]
[13252, 13252]
[13254, 13254]
[13256, 13256]
[13258, 13258]
[13260, 13260]
[13262, 13262]
[13264, 13264]
[13266, 13266]
[13268, 13268]
[13270, 13270]
[13272, 13272]
[13274, 13274]
[13276, 13276]
[13278, 13278]
[13280, 13280]
[13282, 13282]
[13285, 13286]
[13289, 13289]
[13291, 13291]
[13293, 13293]
[13295, 13295]
[13297, 13297]
[13299, 13299]
[13301, 13301]
[13303, 13303]
[13305, 13305]
[13307, 13307]
[13309, 13309]
[13311, 13311]
[13313, 13313]
[13315, 13315]
[13317, 13317]
[13319, 13319]
[13321, 13321]
[13323, 13323]
[13325, 13325]
[13327, 13327]
[13329, 13329]
[13331, 13331]
[13333, 13333]
[13335, 13335]
[13337, 13337]
[13339, 13339]
[13341, 13341]
[13343, 13343]
[13345, 13345]
[13347, 13347]
[13349, 13349]
[13351, 13351]
[13353, 13353]
[13355, 13355]
[13358, 13359]
[13362, 13362]
[13364, 13364]
[13366, 13366]
[13368, 13368]
[13370, 13370]
[13372, 13372]
[13374, 13374]
[13376, 13376]
[13378, 13378]
[13380, 13380]
[13382, 13382]
[13384, 13384]
[13386, 13386]
[13388, 13388]
[13390, 13390]
[13392, 13392]
[13394, 13394]
[13396, 13396]
[13398, 13398]
[13400, 13400]
[13402, 13402]
[13404, 13404]
[13406, 13406]
[13408, 13408]
[13410, 13410]
[13412, 13412]
[13414, 13414]
[13416, 13416]
[13418, 13418]
[13420, 13420]
[13422, 13422]
[13425, 13425]
[13427, 13427]
[13429, 13429]
[13431, 13431]
[13433, 13433]
[13435, 13435]
[13437, 13437]
[13439, 13439]
[13441, 13441]
[13443, 13443]
[13445, 13445]
[13447, 13447]
[13449, 13449]
[13451, 13451]
[13453, 13453]
[13455, 13455]
[13457, 13457]
[13459, 13459]
[13461, 13461]
[13463, 13463]
[13465, 13465]
[13467, 13467]
[13469, 13469]
[13471, 13471]
[13473, 13473]
[13475, 13475]
[13477, 13477]
[13479, 13479]
[13481, 13481]
[13483, 13483]
[13485, 13485]
[13487, 13487]
[13489, 13489]
[13491, 13491]
[13494, 13495]
[13498, 13498]
[13500, 13500]
[13502, 13502]
[13504, 13504]
[13506, 13506]
[13508, 13508]
[13510, 13510]
[13512, 13512]
[13514, 13514]
[13516, 13516]
[13518, 13518]
[13520, 13520]
[13522, 13522]
[13524, 13524]
[13526, 13526]
[13528, 13528]
[13530, 13530]
[13532, 13532]
[13534, 13534]
[13536, 13536]
[13538, 13538]
[13540, 13540]
[13542, 13542]
[13544, 13544]
[13546, 13546]
[13548, 13548]
[13550, 13550]
[13552, 13552]
[13554, 13554]
[13556, 13556]
[13558, 13558]
[13561, 13561]
[13563, 13563]
[13565, 13565]
[13567, 13567]
[13569, 13569]
[13571, 13571]
[13573, 13573]
[13575, 13575]
[13577, 13577]
[13579, 13579]
[13581, 13581]
[13583, 13583]
[13585, 13585]
[13587, 13587]
[13589, 13589]
[13591, 13591]
[13593, 13593]
[13595, 13595]
[13597, 13597]
[13599, 13599]
[13601, 13601]
[13603, 13603]
[13605, 13605]
[13607, 13607]
[13609, 13609]
[13611, 13611]
[13613, 13613]
[13615, 13615]
[13617, 13617]
[13619, 13619]
[13621, 13621]
[13624, 13625]
[13628, 13628]
[13630, 13630]
[13632, 13632]
[13634, 13634]
[13636, 13636]
[13638, 13638]
[13640, 13640]
[13642, 13642]
[13644, 13644]
[13646, 13646]
[13648, 13648]
[13650, 13650]
[13652, 13652]
[13654, 13654]
[13656, 13656]
[13658, 13658]
[13660, 13660]
[13662, 13662]
[13664, 13664]
[13666, 13666]
[13668, 13668]
[13670, 13670]
[13672, 13672]
[13674, 13674]
[13676, 13676]
[13678, 13678]
[13680, 13680]
[13682, 13682]
[13684, 13684]
[13687, 13687]
[13689, 13689]
[13691, 13691]
[13693, 13693]
[13695, 13695]
[13697, 13697]
[13699, 13701]
[13983, 13985]
[13986, 13987]
[13989, 13990]
[13994, 14019]
[14021, 14023]
[14065, 14069]
[14071, 14072]
[14074, 14075]
[14079, 14104]
[14106, 14112]
[14114, 14122]
[14125, 14126]
[14133, 14134]
[14493, 14495]
[14496, 14497]
[14499, 14500]
[14504, 14529]
[14531, 14533]
[14535, 14543]
[14636, 14636]
[14638, 14639]
[14643, 14668]
[14670, 14672]
[14686, 14689]
[14691, 14691]
[14693, 14693]
[14695, 14695]
[14697, 14697]
[14699, 14699]
[14701, 14701]
[14703, 14703]
[14705, 14705]
[14707, 14707]
[14709, 14709]
[14711, 14711]
[14713, 14713]
[14715, 14715]
[14717, 14717]
[14719, 14719]
[14721, 14721]
[14723, 14723]
[14725, 14725]
[14727, 14727]
[14730, 14731]
[14734, 14734]
[14736, 14736]
[14738, 14738]
[14740, 14740]
[14742, 14742]
[14744, 14744]
[14746, 14746]
[14748, 14748]
[14750, 14750]
[14752, 14752]
[14754, 14754]
[14756, 14756]
[14758, 14758]
[14760, 14760]
[14762, 14762]
[14764, 14764]
[14766, 14766]
[14768, 14768]
[14770, 14770]
[14772, 14772]
[14774, 14774]
[14776, 14776]
[14779, 14779]
[14781, 14781]
[14783, 14784]
[14787, 14787]
[14789, 14789]
[14791, 14791]
[14793, 14793]
[14795, 14795]
[14797, 14797]
[14799, 14799]
[14801, 14801]
[14803, 14803]
[14805, 14805]
[14807, 14807]
[14809, 14809]
[14811, 14811]
[14813, 14813]
[14815, 14815]
[14818, 14818]
[14820, 14820]
[14822, 14822]
[14824, 14824]
[14826, 14826]
[14828, 14828]
[14830, 14830]
[14832, 14832]
[14834, 14834]
[14836, 14836]
[14838, 14838]
[14840, 14840]
[14842, 14842]
[14844, 14844]
[14846, 14846]
[14848, 14848]
[14850, 14850]
[14852, 14852]
[14854, 14854]
[14856, 14856]
[14858, 14858]
[14860, 14860]
[14862, 14862]
[14864, 14864]
[14866, 14866]
[14868, 14868]
[14870, 14870]
[14872, 14872]
[14874, 14874]
[14876, 14876]
[14878, 14878]
[14880, 14880]
[14882, 14882]
[14884, 14884]
[14886, 14886]
[14888, 14888]
[14890, 14890]
[14892, 14892]
[14894, 14894]
[14896, 14896]
[14899, 14900]
[14903, 14903]
[14905, 14905]
[14907, 14907]
[14909, 14909]
[14911, 14911]
[14913, 14913]
[14915, 14915]
[14917, 14917]
[14919, 14919]
[14921, 14921]
[14923, 14923]
[14925, 14925]
[14927, 14927]
[14929, 14929]
[14931, 14931]
[14933, 14933]
[14935, 14935]
[14937, 14937]
[14939, 14939]
[14941, 14941]
[14943, 14943]
[14945, 14945]
[14947, 14947]
[14949, 14949]
[14951, 14951]
[14953, 14953]
[14955, 14955]
[14957, 14957]
[14959, 14959]
[14961, 14961]
[14963, 14963]
[14965, 14965]
[14967, 14967]
[14969, 14969]
[14971, 14971]
[14973, 14982]
[14984, 14984]
[14987, 14988]
[14991, 14991]
[14993, 14993]
[14995, 14995]
[14997, 14997]
[14999, 14999]
[15001, 15001]
[15003, 15003]
[15005, 15005]
[15007, 15007]
[15009, 15009]
[15011, 15011]
[15013, 15013]
[15015, 15015]
[15017, 15017]
[15019, 15019]
[15021, 15021]
[15023, 15023]
[15025, 15025]
[15027, 15027]
[15029, 15029]
[15031, 15031]
[15033, 15033]
[15035, 15035]
[15037, 15037]
[15039, 15039]
[15041, 15041]
[15043, 15043]
[15046, 15047]
[15050, 15050]
[15052, 15052]
[15054, 15054]
[15056, 15056]
[15058, 15058]
[15060, 15060]
[15062, 15062]
[15064, 15064]
[15066, 15066]
[15068, 15068]
[15070, 15070]
[15072, 15072]
[15074, 15074]
[15076, 15077]
[15080, 15080]
[15082, 15082]
[15084, 15084]
[15086, 15086]
[15088, 15088]
[15090, 15090]
[15092, 15092]
[15094, 15094]
[15096, 15096]
[15098, 15098]
[15100, 15100]
[15102, 15102]
[15104, 15104]
[15106, 15106]
[15108, 15108]
[15110, 15110]
[15112, 15112]
[15114, 15114]
[15117, 15118]
[15121, 15121]
[15123, 15123]
[15125, 15125]
[15127, 15128]
[15131, 15131]
[15133, 15133]
[15135, 15135]
[15137, 15137]
[15139, 15139]
[15141, 15141]
[15143, 15143]
[15145, 15145]
[15147, 15147]
[15149, 15149]
[15151, 15151]
[15153, 15153]
[15155, 15155]
[15157, 15157]
[15159, 15159]
[15161, 15161]
[15163, 15163]
[15165, 15165]
[15167, 15167]
[15169, 15169]
[15171, 15171]
[15173, 15173]
[15175, 15175]
[15177, 15177]
[15179, 15179]
[15181, 15181]
[15183, 15183]
[15185, 15185]
[15187, 15187]
[15189, 15189]
[15191, 15191]
[15193, 15193]
[15195, 15195]
[15197, 15197]
[15200, 15200]
[15202, 15203]
[15206, 15206]
[15208, 15208]
[15210, 15210]
[15212, 15212]
[15214, 15214]
[15216, 15216]
[15218, 15218]
[15220, 15220]
[15222, 15222]
[15224, 15224]
[15226, 15226]
[15228, 15228]
[15230, 15230]
[15232, 15232]
[15234, 15234]
[15236, 15236]
[15238, 15238]
[15240, 15240]
[15242, 15242]
[15244, 15244]
[15246, 15246]
[15248, 15248]
[15250, 15250]
[15252, 15252]
[15254, 15254]
[15256, 15256]
[15258, 15258]
[15260, 15260]
[15262, 15262]
[15264, 15264]
[15266, 15266]
[15268, 15268]
[15270, 15270]
[15272, 15272]
[15274, 15274]
[15276, 15276]
[15278, 15278]
[15280, 15280]
[15282, 15282]
[15284, 15284]
[15286, 15286]
[15288, 15288]
[15290, 15290]
[15292, 15292]
[15295, 15295]
[15297, 15297]
[15299, 15299]
[15301, 15301]
[15303, 15303]
[15305, 15305]
[15307, 15307]
[15309, 15309]
[15311, 15311]
[15313, 15313]
[15315, 15315]
[15317, 15317]
[15319, 15319]
[15321, 15321]
[15323, 15323]
[15325, 15325]
[15327, 15327]
[15329, 15329]
[15331, 15331]
[15333, 15333]
[15335, 15335]
[15337, 15337]
[15339, 15339]
[15341, 15341]
[15343, 15343]
[15345, 15345]
[15347, 15347]
[15349, 15349]
[15351, 15351]
[15353, 15353]
[15355, 15355]
[15357, 15357]
[15359, 15359]
[15361, 15361]
[15363, 15363]
[15365, 15365]
[15367, 15367]
[15369, 15369]
[15371, 15371]
[15373, 15373]
[15375, 15375]
[15378, 15379]
[15382, 15382]
[15384, 15384]
[15386, 15386]
[15388, 15388]
[15390, 15390]
[15392, 15392]
[15394, 15395]
[15398, 15398]
[15400, 15400]
[15402, 15402]
[15404, 15404]
[15406, 15406]
[15408, 15408]
[15410, 15410]
[15412, 15412]
[15414, 15414]
[15416, 15416]
[15418, 15418]
[15420, 15420]
[15422, 15422]
[15424, 15424]
[15426, 15426]
[15428, 15428]
[15430, 15430]
[15432, 15432]
[15434, 15434]
[15436, 15436]
[15438, 15438]
[15440, 15440]
[15442, 15442]
[15444, 15444]
[15446, 15446]
[15448, 15448]
[15450, 15450]
[15452, 15452]
[15454, 15454]
[15456, 15456]
[15458, 15458]
[15461, 15462]
[15465, 15465]
[15467, 15467]
[15469, 15469]
[15471, 15471]
[15473, 15473]
[15475, 15475]
[15477, 15477]
[15479, 15479]
[15481, 15481]
[15483, 15483]
[15485, 15485]
[15487, 15487]
[15489, 15489]
[15491, 15491]
[15493, 15493]
[15495, 15495]
[15497, 15497]
[15499, 15499]
[15501, 15501]
[15503, 15503]
[15505, 15505]
[15507, 15507]
[15509, 15509]
[15511, 15511]
[15513, 15513]
[15515, 15515]
[15517, 15517]
[15519, 15519]
[15521, 15521]
[15523, 15523]
[15525, 15525]
[15527, 15527]
[15529, 15529]
[15531, 15531]
[15533, 15533]
[15535, 15535]
[15537, 15537]
[15539, 15539]
[15541, 15541]
[15543, 15543]
[15546, 15547]
[15549, 15549]
[15552, 15552]
[15554, 15554]
[15556, 15556]
[15558, 15558]
[15560, 15560]
[15562, 15562]
[15564, 15564]
[15566, 15566]
[15568, 15568]
[15570, 15570]
[15572, 15572]
[15574, 15574]
[15576, 15576]
[15578, 15578]
[15580, 15580]
[15582, 15582]
[15584, 15584]
[15586, 15586]
[15587, 15591]
[15594, 15597]
[15599, 15599]
[15601, 15601]
[15603, 15603]
[15605, 15605]
[15607, 15607]
[15609, 15609]
[15611, 15611]
[15613, 15613]
[15615, 15615]
[15617, 15617]
[15619, 15619]
[15621, 15621]
[15623, 15623]
[15625, 15625]
[15627, 15627]
[15629, 15629]
[15632, 15633]
[15636, 15636]
[15638, 15638]
[15640, 15640]
[15642, 15642]
[15644, 15644]
[15646, 15646]
[15648, 15648]
[15650, 15650]
[15652, 15652]
[15654, 15654]
[15656, 15656]
[15658, 15658]
[15660, 15660]
[15662, 15662]
[15664, 15664]
[15666, 15666]
[15668, 15668]
[15670, 15670]
[15672, 15672]
[15674, 15674]
[15676, 15676]
[15678, 15678]
[15680, 15680]
[15682, 15682]
[15684, 15684]
[15686, 15686]
[15688, 15688]
[15690, 15690]
[15692, 15692]
[15694, 15694]
[15696, 15696]
[15698, 15698]
[15700, 15700]
[15702, 15702]
[15704, 15704]
[15706, 15706]
[15708, 15708]
[15710, 15710]
[15712, 15712]
[15714, 15714]
[15717, 15717]
[15719, 15719]
[15721, 15721]
[15723, 15723]
[15725, 15725]
[15727, 15727]
[15729, 15729]
[15731, 15731]
[15733, 15733]
[15735, 15735]
[15737, 15737]
[15739, 15739]
[15741, 15741]
[15743, 15743]
[15745, 15745]
[15747, 15747]
[15749, 15749]
[15751, 15751]
[15753, 15753]
[15755, 15755]
[15757, 15757]
[15759, 15759]
[15761, 15761]
[15763, 15763]
[15765, 15765]
[15767, 15767]
[15769, 15769]
[15771, 15771]
[15773, 15773]
[15775, 15775]
[15777, 15777]
[15779, 15779]
[15781, 15781]
[15783, 15783]
[15785, 15785]
[15787, 15787]
[15789, 15789]
[15791, 15791]
[15793, 15793]
[15795, 15795]
[15797, 15797]
[15799, 15799]
[15801, 15801]
[15803, 15803]
[15806, 15806]
[15808, 15808]
[15810, 15810]
[15812, 15812]
[15814, 15814]
[15816, 15816]
[15818, 15818]
[15820, 15820]
[15822, 15822]
[15824, 15824]
[15826, 15826]
[15828, 15828]
[15830, 15830]
[15832, 15832]
[15834, 15834]
[15836, 15836]
[15838, 15838]
[15840, 15840]
[15842, 15842]
[15844, 15844]
[15846, 15846]
[15848, 15848]
[15850, 15850]
[15852, 15852]
[15854, 15854]
[15856, 15856]
[15858, 15858]
[15860, 15860]
[15862, 15862]
[15864, 15864]
[15866, 15866]
[15868, 15868]
[15870, 15870]
[15872, 15872]
[15874, 15874]
[15876, 15876]
[15878, 15878]
[15880, 15880]
[15882, 15882]
[15884, 15884]
[15886, 15886]
[15888, 15888]
[15890, 15890]
[15893, 15893]
[15895, 15895]
[15897, 15897]
[15899, 15899]
[15901, 15901]
[15903, 15903]
[15905, 15905]
[15907, 15907]
[15909, 15909]
[15911, 15911]
[15913, 15913]
[15915, 15915]
[15917, 15917]
[15919, 15919]
[15921, 15921]
[15923, 15923]
[15925, 15925]
[15927, 15927]
[15929, 15929]
[15931, 15931]
[15933, 15933]
[15935, 15935]
[15937, 15937]
[15939, 15939]
[15941, 15941]
[15943, 15943]
[15945, 15945]
[15947, 15947]
[15949, 15949]
[15951, 15951]
[15953, 15953]
[15955, 15955]
[15957, 15957]
[15959, 15959]
[15961, 15961]
[15963, 15963]
[15965, 15965]
[15967, 15967]
[15969, 15969]
[15971, 15971]
[15974, 15975]
[15978, 15978]
[15980, 15980]
[15982, 15982]
[15984, 15984]
[15986, 15986]
[15988, 15988]
[15990, 15990]
[15992, 15992]
[15994, 15994]
[15996, 15996]
[15998, 15998]
[16000, 16000]
[16002, 16002]
[16004, 16004]
[16006, 16006]
[16008, 16008]
[16010, 16010]
[16012, 16012]
[16014, 16014]
[16016, 16016]
[16018, 16018]
[16020, 16020]
[16022, 16022]
[16024, 16024]
[16026, 16026]
[16028, 16028]
[16030, 16030]
[16032, 16032]
[16034, 16034]
[16036, 16036]
[16038, 16038]
[16040, 16040]
[16042, 16042]
[16044, 16044]
[16046, 16046]
[16048, 16048]
[16051, 16051]
[16053, 16053]
[16055, 16055]
[16057, 16057]
[16059, 16059]
[16061, 16061]
[16063, 16063]
[16065, 16065]
[16067, 16067]
[16069, 16069]
[16071, 16071]
[16073, 16073]
[16075, 16075]
[16077, 16077]
[16079, 16079]
[16081, 16081]
[16083, 16083]
[16085, 16085]
[16087, 16087]
[16089, 16089]
[16091, 16091]
[16093, 16093]
[16095, 16095]
[16097, 16097]
[16099, 16099]
[16101, 16101]
[16103, 16103]
[16105, 16105]
[16107, 16107]
[16109, 16109]
[16111, 16111]
[16113, 16113]
[16115, 16115]
[16117, 16117]
[16119, 16119]
[16121, 16121]
[16123, 16123]
[16125, 16125]
[16127, 16127]
[16130, 16130]
[16132, 16132]
[16134, 16134]
[16136, 16136]
[16138, 16138]
[16140, 16140]
[16142, 16142]
[16144, 16144]
[16146, 16146]
[16148, 16148]
[16150, 16150]
[16152, 16152]
[16154, 16154]
[16156, 16156]
[16158, 16158]
[16160, 16160]
[16162, 16162]
[16164, 16164]
[16166, 16166]
[16168, 16168]
[16170, 16170]
[16172, 16172]
[16174, 16174]
[16176, 16176]
[16178, 16178]
[16180, 16180]
[16182, 16182]
[16184, 16184]
[16186, 16186]
[16188, 16188]
[16190, 16190]
[16192, 16192]
[16194, 16194]
[16196, 16196]
[16198, 16198]
[16200, 16200]
[16202, 16202]
[16204, 16204]
[16206, 16206]
[16208, 16208]
[16210, 16210]
[16212, 16212]
[16214, 16214]
[16216, 16216]
[16218, 16218]
[16220, 16220]
[16223, 16223]
[16225, 16225]
[16227, 16227]
[16229, 16229]
[16231, 16231]
[16233, 16233]
[16235, 16235]
[16237, 16237]
[16239, 16239]
[16241, 16241]
[16243, 16243]
[16245, 16245]
[16247, 16247]
[16249, 16249]
[16251, 16251]
[16253, 16253]
[16255, 16255]
[16257, 16257]
[16259, 16259]
[16261, 16261]
[16263, 16263]
[16265, 16265]
[16267, 16267]
[16269, 16269]
[16271, 16271]
[16273, 16273]
[16275, 16275]
[16277, 16277]
[16279, 16279]
[16281, 16281]
[16283, 16283]
[16285, 16285]
[16287, 16287]
[16289, 16289]
[16291, 16291]
[16293, 16293]
[16295, 16295]
[16297, 16297]
[16299, 16299]
[16301, 16301]
[16303, 16303]
[16305, 16305]
[16307, 16307]
[16310, 16310]
[16312, 16312]
[16314, 16314]
[16316, 16316]
[16318, 16318]
[16320, 16320]
[16322, 16322]
[16324, 16324]
[16326, 16326]
[16328, 16328]
[16330, 16330]
[16332, 16332]
[16334, 16334]
[16336, 16336]
[16338, 16338]
[16340, 16340]
[16342, 16342]
[16344, 16344]
[16346, 16346]
[16348, 16348]
[16350, 16350]
[16352, 16352]
[16354, 16354]
[16356, 16356]
[16358, 16358]
[16360, 16360]
[16362, 16362]
[16364, 16364]
[16366, 16366]
[16368, 16368]
[16370, 16370]
[16372, 16372]
[16374, 16374]
[16376, 16376]
[16378, 16378]
[16380, 16380]
[16382, 16382]
[16384, 16384]
[16386, 16386]
[16388, 16388]
[16390, 16390]
[16393, 16394]
[16397, 16397]
[16399, 16399]
[16401, 16401]
[16403, 16403]
[16405, 16405]
[16407, 16407]
[16409, 16409]
[16411, 16411]
[16413, 16413]
[16415, 16415]
[16417, 16417]
[16419, 16419]
[16421, 16421]
[16423, 16423]
[16425, 16425]
[16427, 16427]
[16429, 16429]
[16431, 16431]
[16433, 16433]
[16435, 16435]
[16437, 16437]
[16439, 16439]
[16441, 16441]
[16443, 16443]
[16445, 16445]
[16447, 16447]
[16449, 16449]
[16451, 16451]
[16453, 16453]
[16455, 16455]
[16457, 16457]
[16459, 16459]
[16461, 16461]
[16463, 16463]
[16465, 16465]
[16467, 16467]
[16470, 16470]
[16472, 16472]
[16474, 16474]
[16476, 16476]
[16478, 16478]
[16480, 16480]
[16482, 16482]
[16484, 16484]
[16486, 16486]
[16488, 16488]
[16490, 16490]
[16492, 16492]
[16494, 16494]
[16496, 16496]
[16498, 16498]
[16500, 16500]
[16502, 16502]
[16504, 16504]
[16506, 16506]
[16508, 16508]
[16510, 16510]
[16512, 16512]
[16514, 16514]
[16516, 16516]
[16518, 16518]
[16520, 16520]
[16522, 16522]
[16524, 16524]
[16526, 16526]
[16528, 16528]
[16530, 16530]
[16532, 16532]
[16534, 16534]
[16536, 16536]
[16538, 16538]
[16540, 16540]
[16542, 16542]
[16544, 16544]
[16547, 16547]
[16549, 16549]
[16551, 16551]
[16553, 16553]
[16555, 16555]
[16557, 16557]
[16559, 16559]
[16561, 16561]
[16563, 16563]
[16565, 16565]
[16567, 16567]
[16569, 16569]
[16571, 16571]
[16573, 16573]
[16575, 16575]
[16577, 16577]
[16579, 16579]
[16581, 16581]
[16583, 16583]
[16585, 16585]
[16587, 16587]
[16589, 16589]
[16591, 16591]
[16593, 16593]
[16595, 16595]
[16597, 16597]
[16599, 16599]
[16601, 16601]
[16603, 16603]
[16605, 16605]
[16607, 16607]
[16609, 16609]
[16611, 16611]
[16613, 16613]
[16615, 16615]
[16617, 16617]
[16619, 16619]
[16621, 16621]
[16623, 16623]
[16625, 16625]
[16627, 16627]
[16629, 16629]
[16631, 16631]
[16633, 16633]
[16635, 16635]
[16638, 16638]
[16640, 16640]
[16642, 16642]
[16644, 16644]
[16646, 16646]
[16648, 16648]
[16650, 16650]
[16652, 16652]
[16654, 16654]
[16656, 16656]
[16658, 16658]
[16660, 16660]
[16662, 16662]
[16664, 16664]
[16666, 16666]
[16668, 16668]
[16670, 16670]
[16672, 16672]
[16674, 16674]
[16676, 16676]
[16678, 16678]
[16680, 16680]
[16682, 16682]
[16684, 16684]
[16686, 16686]
[16688, 16688]
[16690, 16690]
[16692, 16692]
[16694, 16694]
[16696, 16696]
[16698, 16698]
[16700, 16700]
[16702, 16702]
[16704, 16704]
[16706, 16706]
[16708, 16708]
[16710, 16710]
[16712, 16712]
[16714, 16714]
[16716, 16716]
[16718, 16718]
[16720, 16720]
[16722, 16722]
[16725, 16726]
[16729, 16729]
[16731, 16731]
[16733, 16733]
[16735, 16735]
[16737, 16737]
[16739, 16739]
[16741, 16741]
[16743, 16743]
[16745, 16745]
[16747, 16747]
[16749, 16749]
[16751, 16751]
[16753, 16753]
[16755, 16755]
[16757, 16757]
[16759, 16759]
[16761, 16761]
[16763, 16763]
[16765, 16765]
[16767, 16767]
[16769, 16769]
[16771, 16771]
[16773, 16773]
[16774, 16778]
[16781, 16782]
[16784, 16784]
[16785, 16813]
[16815, 16823]
[16835, 16867]
[16872, 16880]
[16884, 16885]
[16887, 16888]
[16892, 16917]
[16919, 16921]
[16924, 16932]
[16937, 16939]
[16940, 16944]
[16945, 16946]
[16952, 16954]
[16955, 16959]
[16962, 16965]
[16967, 16967]
[16969, 16969]
[16971, 16971]
[16973, 16973]
[16975, 16975]
[16977, 16977]
[16979, 16979]
[16980, 16985]
[16986, 16991]
[16992, 17002]
[17004, 17006]
[17008, 17008]
[17010, 17010]
[17012, 17012]
[17014, 17014]
[17016, 17016]
[17019, 17019]
[17021, 17021]
[17023, 17023]
[17025, 17025]
[17027, 17027]
[17029, 17029]
[17031, 17031]
[17033, 17033]
[17035, 17035]
[17037, 17037]
[17039, 17039]
[17041, 17041]
[17043, 17043]
[17045, 17045]
[17047, 17047]
[17049, 17049]
[17051, 17051]
[17053, 17053]
[17055, 17055]
[17057, 17057]
[17059, 17059]
[17061, 17061]
[17063, 17063]
[17065, 17065]
[17067, 17067]
[17069, 17069]
[17071, 17071]
[17073, 17073]
[17075, 17075]
[17077, 17077]
[17079, 17079]
[17081, 17081]
[17083, 17083]
[17085, 17085]
[17087, 17087]
[17089, 17089]
[17091, 17091]
[17093, 17093]
[17095, 17095]
[17097, 17097]
[17099, 17099]
[17101, 17101]
[17104, 17104]
[17106, 17106]
[17108, 17108]
[17110, 17110]
[17112, 17112]
[17114, 17114]
[17116, 17116]
[17118, 17118]
[17120, 17120]
[17122, 17122]
[17124, 17124]
[17126, 17126]
[17128, 17128]
[17130, 17130]
[17132, 17132]
[17134, 17134]
[17136, 17136]
[17138, 17138]
[17140, 17140]
[17142, 17142]
[17144, 17144]
[17146, 17146]
[17148, 17148]
[17150, 17150]
[17152, 17152]
[17154, 17154]
[17156, 17157]
[17161, 17162]
[17164, 17191]
[17193, 17193]
[17195, 17195]
[17197, 17197]
[17199, 17199]
[17201, 17201]
[17204, 17204]
[17206, 17206]
[17208, 17209]
[17212, 17212]
[17214, 17214]
[17216, 17216]
[17218, 17218]
[17220, 17220]
[17222, 17222]
[17224, 17224]
[17226, 17226]
[17228, 17228]
[17230, 17230]
[17232, 17232]
[17234, 17234]
[17236, 17236]
[17238, 17238]
[17240, 17240]
[17242, 17242]
[17244, 17244]
[17246, 17246]
[17248, 17248]
[17250, 17250]
[17252, 17252]
[17254, 17254]
[17256, 17256]
[17258, 17258]
[17260, 17260]
[17262, 17262]
[17264, 17264]
[17266, 17266]
[17268, 17268]
[17271, 17271]
[17273, 17273]
[17275, 17275]
[17277, 17277]
[17279, 17279]
[17281, 17281]
[17283, 17283]
[17285, 17285]
[17287, 17287]
[17289, 17289]
[17291, 17291]
[17293, 17293]
[17295, 17295]
[17297, 17297]
[17299, 17299]
[17301, 17301]
[17303, 17303]
[17305, 17305]
[17307, 17307]
[17309, 17309]
[17311, 17311]
[17313, 17313]
[17315, 17315]
[17317, 17317]
[17319, 17319]
[17321, 17321]
[17323, 17323]
[17325, 17325]
[17327, 17327]
[17329, 17329]
[17331, 17331]
[17333, 17333]
[17335, 17335]
[17337, 17337]
[17339, 17339]
[17341, 17341]
[17343, 17343]
[17345, 17345]
[17348, 17349]
[17352, 17352]
[17354, 17354]
[17356, 17356]
[17358, 17358]
[17360, 17360]
[17362, 17362]
[17364, 17364]
[17366, 17366]
[17368, 17368]
[17370, 17370]
[17372, 17372]
[17374, 17374]
[17376, 17376]
[17378, 17378]
[17380, 17380]
[17382, 17382]
[17384, 17384]
[17386, 17386]
[17388, 17388]
[17390, 17390]
[17392, 17392]
[17394, 17394]
[17396, 17396]
[17398, 17398]
[17400, 17400]
[17402, 17402]
[17404, 17404]
[17406, 17406]
[17408, 17408]
[17410, 17410]
[17412, 17412]
[17414, 17414]
[17416, 17416]
[17418, 17418]
[17420, 17420]
[17423, 17424]
[17426, 17426]
[17429, 17429]
[17431, 17431]
[17433, 17433]
[17435, 17435]
[17437, 17437]
[17439, 17439]
[17441, 17441]
[17443, 17443]
[17445, 17445]
[17447, 17447]
[17449, 17449]
[17451, 17451]
[17453, 17453]
[17455, 17455]
[17457, 17457]
[17459, 17459]
[17461, 17461]
[17463, 17463]
[17465, 17465]
[17467, 17467]
[17469, 17469]
[17471, 17471]
[17473, 17473]
[17475, 17475]
[17477, 17477]
[17479, 17479]
[17481, 17481]
[17483, 17483]
[17486, 17487]
[17490, 17490]
[17492, 17492]
[17494, 17494]
[17496, 17496]
[17498, 17498]
[17500, 17500]
[17502, 17502]
[17504, 17505]
[17508, 17508]
[17510, 17510]
[17512, 17512]
[17514, 17514]
[17516, 17516]
[17518, 17518]
[17520, 17520]
[17522, 17522]
[17524, 17524]
[17526, 17526]
[17528, 17528]
[17530, 17530]
[17532, 17532]
[17534, 17534]
[17536, 17536]
[17538, 17538]
[17540, 17540]
[17542, 17542]
[17544, 17544]
[17546, 17546]
[17548, 17548]
[17550, 17550]
[17552, 17552]
[17554, 17554]
[17556, 17556]
[17558, 17558]
[17560, 17560]
[17562, 17562]
[17564, 17564]
[17566, 17566]
[17568, 17568]
[17570, 17570]
[17572, 17572]
[17575, 17576]
[17579, 17579]
[17581, 17581]
[17583, 17583]
[17585, 17585]
[17587, 17587]
[17589, 17589]
[17591, 17591]
[17593, 17593]
[17595, 17595]
[17597, 17597]
[17599, 17599]
[17601, 17601]
[17603, 17603]
[17605, 17605]
[17607, 17607]
[17609, 17609]
[17611, 17611]
[17613, 17613]
[17615, 17615]
[17617, 17617]
[17619, 17619]
[17621, 17621]
[17623, 17623]
[17625, 17625]
[17627, 17627]
[17629, 17629]
[17631, 17631]
[17633, 17633]
[17635, 17646]
[17649, 17649]
[17651, 17651]
[17653, 17653]
[17655, 17655]
[17657, 17657]
[17659, 17659]
[17661, 17661]
[17663, 17663]
[17665, 17665]
[17667, 17667]
[17669, 17669]
[17671, 17671]
[17673, 17673]
[17675, 17675]
[17677, 17677]
[17679, 17679]
[17681, 17681]
[17684, 17685]
[17687, 17687]
[17690, 17690]
[17692, 17692]
[17694, 17694]
[17696, 17696]
[17698, 17698]
[17700, 17700]
[17702, 17702]
[17704, 17704]
[17706, 17706]
[17708, 17708]
[17710, 17710]
[17712, 17712]
[17714, 17714]
[17716, 17716]
[17718, 17718]
[17720, 17720]
[17722, 17722]
[17724, 17724]
[17726, 17726]
[17728, 17728]
[17730, 17730]
[17732, 17732]
[17734, 17734]
[17736, 17736]
[17738, 17738]
[17740, 17740]
[17742, 17742]
[17744, 17744]
[17746, 17746]
[17748, 17748]
[17750, 17750]
[17752, 17752]
[17754, 17754]
[17756, 17756]
[17758, 17758]
[17760, 17760]
[17762, 17762]
[17764, 17764]
[17766, 17766]
[17768, 17768]
[17770, 17770]
[17773, 17774]
[17777, 17777]
[17779, 17779]
[17781, 17781]
[17783, 17783]
[17785, 17785]
[17787, 17787]
[17789, 17789]
[17791, 17791]
[17793, 17793]
[17795, 17795]
[17797, 17797]
[17799, 17799]
[17801, 17801]
[17803, 17803]
[17805, 17805]
[17807, 17807]
[17809, 17809]
[17811, 17811]
[17813, 17813]
[17815, 17815]
[17817, 17817]
[17819, 17819]
[17821, 17821]
[17823, 17823]
[17825, 17825]
[17827, 17827]
[17829, 17829]
[17831, 17831]
[17833, 17833]
[17835, 17835]
[17837, 17837]
[17839, 17839]
[17841, 17841]
[17843, 17843]
[17845, 17845]
[17847, 17847]
[17849, 17849]
[17851, 17851]
[17853, 17853]
[17855, 17855]
[17857, 17857]
[17859, 17859]
[17861, 17861]
[17863, 17863]
[17866, 17866]
[17868, 17868]
[17870, 17870]
[17872, 17872]
[17874, 17874]
[17876, 17876]
[17878, 17878]
[17880, 17880]
[17882, 17882]
[17884, 17884]
[17886, 17886]
[17888, 17888]
[17890, 17890]
[17892, 17892]
[17894, 17894]
[17896, 17896]
[17898, 17898]
[17900, 17900]
[17902, 17902]
[17904, 17904]
[17906, 17906]
[17908, 17908]
[17910, 17910]
[17912, 17912]
[17914, 17914]
[17916, 17916]
[17918, 17918]
[17920, 17920]
[17922, 17922]
[17924, 17924]
[17926, 17926]
[17928, 17928]
[17930, 17930]
[17932, 17932]
[17934, 17934]
[17936, 17936]
[17938, 17938]
[17940, 17940]
[17942, 17942]
[17944, 17944]
[17946, 17946]
[17949, 17949]
[17951, 17951]
[17953, 17953]
[17955, 17955]
[17957, 17957]
[17959, 17959]
[17961, 17961]
[17963, 17963]
[17965, 17965]
[17967, 17967]
[17969, 17969]
[17971, 17971]
[17973, 17973]
[17975, 17975]
[17977, 17977]
[17979, 17979]
[17981, 17981]
[17983, 17983]
[17985, 17985]
[17987, 17987]
[17989, 17989]
[17991, 17991]
[17993, 17993]
[17995, 17995]
[17997, 17997]
[17999, 17999]
[18001, 18001]
[18003, 18003]
[18005, 18005]
[18007, 18007]
[18009, 18009]
[18011, 18011]
[18013, 18013]
[18015, 18015]
[18017, 18017]
[18019, 18019]
[18021, 18021]
[18023, 18023]
[18026, 18026]
[18028, 18028]
[18030, 18030]
[18032, 18032]
[18034, 18034]
[18036, 18036]
[18038, 18038]
[18040, 18040]
[18042, 18042]
[18044, 18044]
[18046, 18046]
[18048, 18048]
[18050, 18050]
[18052, 18052]
[18054, 18054]
[18056, 18056]
[18058, 18058]
[18060, 18060]
[18062, 18062]
[18064, 18064]
[18066, 18066]
[18068, 18068]
[18070, 18070]
[18072, 18072]
[18074, 18074]
[18076, 18076]
[18078, 18078]
[18080, 18080]
[18082, 18082]
[18084, 18084]
[18086, 18086]
[18088, 18088]
[18090, 18090]
[18092, 18092]
[18094, 18094]
[18096, 18096]
[18098, 18098]
[18100, 18100]
[18102, 18109]
[18111, 18112]
[18116, 18141]
[18143, 18145]
[18149, 18157]
[18166, 18166]
[18173, 18198]
[18200, 18202]
[18209, 18213]
[18219, 18244]
[18246, 18248]
[18249, 18252]
[18255, 18263]
[18268, 18270]
[18272, 18273]
[18275, 18276]
[18280, 18305]
[18307, 18309]
[18311, 18319]
[18324, 18326]
[18327, 18331]
[18332, 18333]
[18338, 18340]
[18341, 18345]
[18350, 18352]
[18353, 18360]
[18362, 18363]
[18367, 18392]
[18394, 18396]
[18398, 18408]
[18410, 18411]
[18415, 18440]
[18442, 18444]
[18446, 18454]
[18456, 18456]
[18463, 18464]
[18469, 18469]
[18470, 18470]
[18471, 18493]
[18495, 18503]
[18509, 18534]
[18536, 18538]
[18540, 18548]
[18550, 18550]
[18557, 18582]
[18584, 18586]
[18588, 18593]
[18595, 18597]
[18603, 18628]
[18630, 18632]
[18634, 18642]
[19388, 19388]
[19390, 19391]
[19395, 19420]
[19422, 19424]
[19433, 19441]
[20442, 20442]
[20444, 20445]
[20449, 20474]
[20476, 20478]
[20480, 20488]
[21489, 21489]
[21491, 21492]
[21496, 21521]
[21523, 21525]
[21527, 21535]
[22464, 22474]
[22475, 22477]
[22478, 22488]
[22489, 22491]
[22564, 22564]
[22566, 22567]
[22571, 22596]
[22598, 22600]
[22708, 22716]
[23408, 23418]
[23419, 23424]
[23425, 23427]
[23428, 23438]
[23440, 23442]
[23661, 23661]
[23663, 23664]
[23668, 23693]
[23695, 23697]
[23702, 23706]
[23710, 23711]
[23713, 23714]
[23718, 23743]
[23745, 23747]
[23749, 23752]
[23754, 23758]
[23761, 23762]
[23764, 23767]
[23771, 23777]
[23781, 23782]
[23869, 23869]
[23871, 23872]
[23876, 23877]
[23879, 23911]
[23912, 23914]
[24029, 24031]
[24049, 24051]
[24153, 24155]
[24156, 24157]
[24159, 24160]
[24164, 24189]
[24191, 24193]
[24195, 24203]
[24205, 24206]
[24208, 24209]
[24213, 24238]
[24240, 24242]
[24245, 24253]
[24257, 24268]
[24347, 24349]
[24630, 24632]
[24633, 24634]
[24636, 24637]
[24641, 24666]
[24668, 24670]
[24672, 24680]
[24891, 24891]
[24898, 24923]
[24925, 24927]
[24930, 24938]
[24944, 24969]
[24971, 24973]
[24976, 24984]
[24988, 24991]
[24993, 24993]
[24995, 24995]
[24997, 24997]
[24999, 24999]
[25001, 25001]
[25003, 25003]
[25005, 25005]
[25007, 25007]
[25009, 25009]
[25011, 25011]
[25013, 25013]
[25015, 25015]
[25017, 25017]
[25019, 25019]
[25021, 25021]
[25023, 25023]
[25025, 25025]
[25028, 25029]
[25032, 25032]
[25034, 25034]
[25036, 25036]
[25038, 25038]
[25040, 25040]
[25042, 25042]
[25044, 25044]
[25046, 25046]
[25048, 25048]
[25050, 25050]
[25052, 25052]
[25054, 25054]
[25056, 25056]
[25058, 25058]
[25060, 25060]
[25062, 25062]
[25064, 25064]
[25066, 25066]
[25068, 25068]
[25070, 25070]
[25072, 25072]
[25074, 25074]
[25076, 25076]
[25078, 25078]
[25080, 25080]
[25082, 25082]
[25084, 25084]
[25086, 25086]
[25088, 25088]
[25090, 25090]
[25092, 25092]
[25094, 25094]
[25096, 25096]
[25098, 25098]
[25100, 25100]
[25102, 25102]
[25104, 25104]
[25106, 25106]
[25109, 25110]
[25113, 25113]
[25115, 25115]
[25117, 25117]
[25119, 25119]
[25121, 25121]
[25123, 25123]
[25125, 25125]
[25127, 25127]
[25129, 25129]
[25131, 25131]
[25133, 25133]
[25135, 25135]
[25137, 25137]
[25139, 25139]
[25141, 25141]
[25143, 25143]
[25145, 25145]
[25147, 25147]
[25149, 25149]
[25151, 25151]
[25153, 25153]
[25155, 25155]
[25157, 25157]
[25159, 25159]
[25161, 25161]
[25163, 25163]
[25165, 25165]
[25167, 25167]
[25169, 25169]
[25171, 25171]
[25173, 25173]
[25175, 25175]
[25177, 25177]
[25179, 25179]
[25181, 25181]
[25183, 25183]
[25186, 25187]
[25189, 25189]
[25192, 25192]
[25194, 25195]
[25197, 25197]
[25200, 25200]
[25202, 25202]
[25204, 25204]
[25206, 25206]
[25208, 25208]
[25210, 25210]
[25212, 25212]
[25214, 25214]
[25216, 25216]
[25218, 25218]
[25220, 25220]
[25222, 25222]
[25224, 25224]
[25226, 25226]
[25228, 25228]
[25230, 25230]
[25232, 25232]
[25234, 25234]
[25236, 25236]
[25238, 25238]
[25240, 25240]
[25242, 25242]
[25244, 25244]
[25246, 25246]
[25248, 25248]
[25250, 25250]
[25252, 25252]
[25254, 25254]
[25256, 25256]
[25258, 25258]
[25260, 25260]
[25262, 25262]
[25264, 25264]
[25266, 25266]
[25268, 25268]
[25270, 25270]
[25272, 25272]
[25275, 25276]
[25278, 25278]
[25281, 25281]
[25283, 25283]
[25285, 25285]
[25287, 25287]
[25289, 25289]
[25291, 25291]
[25293, 25293]
[25295, 25295]
[25297, 25297]
[25299, 25299]
[25301, 25301]
[25303, 25303]
[25305, 25305]
[25307, 25307]
[25309, 25309]
[25311, 25311]
[25313, 25313]
[25315, 25315]
[25317, 25317]
[25319, 25319]
[25321, 25321]
[25323, 25323]
[25325, 25325]
[25327, 25327]
[25329, 25329]
[25331, 25331]
[25333, 25333]
[25335, 25335]
[25337, 25337]
[25339, 25339]
[25341, 25341]
[25343, 25343]
[25345, 25345]
[25347, 25347]
[25349, 25349]
[25351, 25351]
[25353, 25353]
[25355, 25355]
[25357, 25357]
[25359, 25359]
[25361, 25361]
[25363, 25363]
[25365, 25365]
[25368, 25368]
[25370, 25370]
[25372, 25372]
[25374, 25374]
[25376, 25376]
[25378, 25378]
[25380, 25380]
[25382, 25382]
[25384, 25384]
[25386, 25386]
[25388, 25388]
[25390, 25391]
[25393, 25394]
[25398, 25423]
[25425, 25427]
[25429, 25438]
[25440, 25440]
[25442, 25442]
[25444, 25444]
[25446, 25446]
[25448, 25448]
[25450, 25450]
[25452, 25452]
[25454, 25454]
[25456, 25456]
[25458, 25458]
[25460, 25460]
[25462, 25462]
[25464, 25464]
[25466, 25466]
[25468, 25468]
[25470, 25470]
[25472, 25472]
[25474, 25474]
[25476, 25476]
[25478, 25478]
[25481, 25481]
[25483, 25483]
[25485, 25485]
[25487, 25487]
[25489, 25489]
[25491, 25491]
[25493, 25493]
[25495, 25495]
[25497, 25497]
[25499, 25499]
[25501, 25501]
[25503, 25503]
[25505, 25505]
[25507, 25507]
[25509, 25509]
[25511, 25511]
[25513, 25513]
[25515, 25515]
[25517, 25517]
[25519, 25519]
[25521, 25521]
[25523, 25523]
[25525, 25525]
[25527, 25527]
[25529, 25529]
[25531, 25531]
[25533, 25533]
[25535, 25535]
[25537, 25537]
[25539, 25539]
[25541, 25541]
[25543, 25543]
[25545, 25545]
[25547, 25547]
[25549, 25549]
[25551, 25551]
[25553, 25553]
[25556, 25556]
[25558, 25558]
[25560, 25560]
[25562, 25562]
[25564, 25564]
[25566, 25566]
[25568, 25568]
[25570, 25570]
[25572, 25572]
[25574, 25574]
[25576, 25576]
[25578, 25578]
[25580, 25580]
[25582, 25582]
[25584, 25584]
[25586, 25586]
[25588, 25588]
[25590, 25590]
[25592, 25592]
[25594, 25594]
[25596, 25596]
[25598, 25598]
[25600, 25600]
[25602, 25602]
[25604, 25604]
[25606, 25606]
[25608, 25608]
[25610, 25610]
[25612, 25612]
[25614, 25614]
[25616, 25616]
[25618, 25618]
[25620, 25620]
[25622, 25622]
[25624, 25624]
[25626, 25626]
[25628, 25628]
[25630, 25630]
[25632, 25632]
[25634, 25634]
[25636, 25636]
[25638, 25638]
[25640, 25640]
[25642, 25642]
[25644, 25644]
[25647, 25647]
[25649, 25649]
[25651, 25651]
[25653, 25653]
[25655, 25655]
[25657, 25657]
[25659, 25659]
[25661, 25661]
[25663, 25663]
[25665, 25665]
[25667, 25667]
[25669, 25669]
[25671, 25671]
[25673, 25673]
[25675, 25675]
[25677, 25677]
[25679, 25679]
[25681, 25681]
[25683, 25683]
[25685, 25685]
[25687, 25687]
[25689, 25689]
[25691, 25691]
[25693, 25693]
[25695, 25695]
[25697, 25697]
[25699, 25699]
[25701, 25701]
[25703, 25703]
[25705, 25705]
[25707, 25707]
[25709, 25709]
[25711, 25711]
[25713, 25713]
[25715, 25715]
[25717, 25717]
[25719, 25719]
[25721, 25721]
[25723, 25723]
[25725, 25725]
[25727, 25727]
[25729, 25729]
[25732, 25733]
[25736, 25736]
[25738, 25738]
[25740, 25740]
[25742, 25742]
[25744, 25744]
[25746, 25746]
[25748, 25748]
[25750, 25750]
[25752, 25752]
[25754, 25754]
[25756, 25756]
[25758, 25758]
[25760, 25760]
[25762, 25762]
[25764, 25764]
[25766, 25766]
[25768, 25768]
[25770, 25770]
[25772, 25772]
[25774, 25774]
[25776, 25776]
[25778, 25778]
[25780, 25780]
[25782, 25782]
[25784, 25784]
[25786, 25786]
[25788, 25788]
[25790, 25790]
[25792, 25792]
[25794, 25794]
[25796, 25796]
[25798, 25798]
[25800, 25800]
[25802, 25802]
[25804, 25804]
[25806, 25806]
[25808, 25808]
[25810, 25810]
[25813, 25814]
[25817, 25817]
[25819, 25819]
[25821, 25821]
[25823, 25823]
[25825, 25825]
[25827, 25827]
[25829, 25829]
[25831, 25831]
[25833, 25833]
[25835, 25835]
[25837, 25837]
[25839, 25839]
[25841, 25841]
[25843, 25843]
[25845, 25845]
[25847, 25847]
[25849, 25849]
[25851, 25851]
[25853, 25853]
[25855, 25855]
[25857, 25857]
[25859, 25859]
[25861, 25861]
[25863, 25863]
[25865, 25865]
[25867, 25867]
[25869, 25869]
[25871, 25871]
[25873, 25873]
[25875, 25875]
[25877, 25877]
[25879, 25879]
[25881, 25881]
[25883, 25883]
[25885, 25885]
[25887, 25887]
[25889, 25889]
[25892, 25892]
[25894, 25894]
[25896, 25896]
[25898, 25898]
[25900, 25900]
[25902, 25902]
[25904, 25904]
[25906, 25906]
[25908, 25908]
[25910, 25910]
[25912, 25912]
[25914, 25914]
[25916, 25916]
[25918, 25918]
[25920, 25920]
[25922, 25922]
[25924, 25924]
[25926, 25926]
[25928, 25928]
[25930, 25930]
[25932, 25932]
[25934, 25934]
[25936, 25936]
[25938, 25938]
[25940, 25940]
[25942, 25942]
[25944, 25944]
[25946, 25946]
[25948, 25948]
[25950, 25950]
[25952, 25952]
[25954, 25954]
[25956, 25956]
[25958, 25958]
[25960, 25960]
[25962, 25962]
[25964, 25964]
[25966, 25966]
[25969, 25970]
[25973, 25973]
[25975, 25975]
[25977, 25977]
[25979, 25979]
[25981, 25981]
[25983, 25983]
[25985, 25985]
[25987, 25987]
[25989, 25989]
[25991, 25991]
[25993, 25993]
[25995, 25995]
[25997, 25997]
[25999, 25999]
[26001, 26001]
[26003, 26003]
[26005, 26005]
[26007, 26007]
[26009, 26009]
[26011, 26011]
[26013, 26013]
[26015, 26015]
[26017, 26017]
[26019, 26019]
[26021, 26021]
[26023, 26023]
[26025, 26025]
[26027, 26027]
[26029, 26029]
[26031, 26031]
[26033, 26033]
[26035, 26035]
[26037, 26037]
[26039, 26039]
[26041, 26041]
[26043, 26043]
[26045, 26045]
[26047, 26047]
[26049, 26049]
[26051, 26051]
[26053, 26053]
[26056, 26057]
[26059, 26059]
[26062, 26062]
[26064, 26064]
[26066, 26066]
[26068, 26068]
[26070, 26070]
[26072, 26072]
[26074, 26074]
[26076, 26076]
[26078, 26078]
[26080, 26080]
[26082, 26082]
[26084, 26084]
[26086, 26086]
[26088, 26088]
[26090, 26090]
[26092, 26092]
[26094, 26094]
[26096, 26096]
[26098, 26098]
[26100, 26100]
[26102, 26102]
[26104, 26104]
[26106, 26106]
[26108, 26108]
[26110, 26110]
[26112, 26112]
[26114, 26114]
[26116, 26116]
[26118, 26118]
[26120, 26120]
[26122, 26122]
[26124, 26124]
[26126, 26126]
[26128, 26128]
[26130, 26130]
[26132, 26132]
[26134, 26134]
[26136, 26136]
[26138, 26138]
[26140, 26140]
[26142, 26142]
[26145, 26146]
[26149, 26149]
[26151, 26151]
[26153, 26153]
[26155, 26155]
[26157, 26157]
[26159, 26159]
[26161, 26161]
[26163, 26163]
[26165, 26165]
[26167, 26167]
[26169, 26169]
[26171, 26171]
[26173, 26173]
[26175, 26175]
[26177, 26177]
[26179, 26179]
[26181, 26181]
[26183, 26183]
[26185, 26185]
[26187, 26187]
[26189, 26189]
[26191, 26191]
[26193, 26193]
[26195, 26195]
[26197, 26197]
[26199, 26199]
[26201, 26201]
[26203, 26203]
[26205, 26205]
[26207, 26207]
[26209, 26209]
[26211, 26211]
[26213, 26213]
[26215, 26215]
[26217, 26217]
[26219, 26219]
[26221, 26221]
[26223, 26223]
[26225, 26225]
[26228, 26229]
[26232, 26232]
[26234, 26234]
[26236, 26236]
[26238, 26238]
[26240, 26240]
[26242, 26242]
[26244, 26244]
[26246, 26246]
[26248, 26248]
[26250, 26250]
[26252, 26252]
[26254, 26254]
[26256, 26256]
[26258, 26258]
[26260, 26260]
[26262, 26262]
[26264, 26264]
[26266, 26266]
[26268, 26268]
[26270, 26270]
[26272, 26272]
[26274, 26274]
[26276, 26276]
[26278, 26278]
[26280, 26280]
[26282, 26282]
[26284, 26284]
[26286, 26286]
[26288, 26288]
[26290, 26290]
[26292, 26292]
[26294, 26294]
[26296, 26296]
[26298, 26298]
[26301, 26301]
[26303, 26303]
[26305, 26305]
[26307, 26307]
[26309, 26309]
[26311, 26311]
[26313, 26313]
[26315, 26315]
[26317, 26317]
[26319, 26319]
[26321, 26321]
[26323, 26323]
[26325, 26325]
[26327, 26327]
[26329, 26329]
[26331, 26331]
[26333, 26333]
[26335, 26335]
[26337, 26337]
[26339, 26339]
[26341, 26341]
[26343, 26343]
[26345, 26345]
[26347, 26347]
[26349, 26349]
[26351, 26351]
[26353, 26353]
[26355, 26355]
[26357, 26357]
[26359, 26359]
[26361, 26361]
[26363, 26363]
[26365, 26365]
[26367, 26367]
[26369, 26369]
[26371, 26371]
[26373, 26373]
[26376, 26376]
[26378, 26379]
[26382, 26382]
[26384, 26384]
[26386, 26386]
[26388, 26388]
[26390, 26390]
[26392, 26392]
[26394, 26394]
[26396, 26396]
[26398, 26398]
[26400, 26400]
[26402, 26402]
[26404, 26404]
[26406, 26406]
[26408, 26408]
[26410, 26410]
[26412, 26412]
[26414, 26414]
[26416, 26416]
[26418, 26418]
[26420, 26420]
[26422, 26422]
[26424, 26424]
[26426, 26426]
[26428, 26428]
[26430, 26430]
[26432, 26432]
[26434, 26434]
[26436, 26436]
[26438, 26438]
[26440, 26440]
[26442, 26442]
[26444, 26444]
[26446, 26446]
[26448, 26448]
[26450, 26450]
[26452, 26452]
[26454, 26454]
[26456, 26456]
[26458, 26458]
[26460, 26460]
[26462, 26462]
[26465, 26466]
[26469, 26469]
[26471, 26471]
[26473, 26473]
[26475, 26475]
[26477, 26477]
[26479, 26479]
[26481, 26481]
[26483, 26483]
[26485, 26485]
[26487, 26487]
[26489, 26489]
[26491, 26491]
[26493, 26493]
[26495, 26495]
[26497, 26497]
[26499, 26499]
[26501, 26501]
[26503, 26503]
[26505, 26505]
[26507, 26507]
[26509, 26509]
[26511, 26511]
[26513, 26513]
[26515, 26515]
[26517, 26517]
[26519, 26519]
[26521, 26521]
[26522, 26526]
[26528, 26529]
[26531, 26532]
[26536, 26561]
[26563, 26565]
[26572, 26576]
[26579, 26580]
[26582, 26585]
[26587, 26596]
[26598, 26603]
[26605, 26606]
[26608, 26609]
[26611, 26612]
[26614, 26614]
[26616, 26617]
[26619, 26620]
[26622, 26623]
[26625, 26626]
[26628, 26629]
[26631, 26632]
[26634, 26635]
[26637, 26638]
[26640, 26641]
[26643, 26644]
[26646, 26647]
[26649, 26650]
[26652, 26653]
[26655, 26656]
[26658, 26659]
[26661, 26661]
[26663, 26664]
[26666, 26668]
[26670, 26670]
[26672, 26673]
[26675, 26676]
[26678, 26679]
[26681, 26682]
[26684, 26685]
[26687, 26688]
[26690, 26691]
[26693, 26694]
[26696, 26697]
[26699, 26700]
[26702, 26702]
[26704, 26706]
[26708, 26708]
[26710, 26711]
[26713, 26714]
[26716, 26717]
[26719, 26720]
[26722, 26723]
[26725, 26726]
[26728, 26729]
[26731, 26732]
[26734, 26735]
[26737, 26738]
[26740, 26741]
[26743, 26744]
[26746, 26747]
[26749, 26750]
[26752, 26753]
[26755, 26756]
[26758, 26759]
[26761, 26762]
[26764, 26765]
[26767, 26767]
[26769, 26770]
[26772, 26773]
[26775, 26776]
[26778, 26779]
[26781, 26782]
[26784, 26785]
[26787, 26788]
[26790, 26791]
[26793, 26794]
[26796, 26797]
[26799, 26799]
[26801, 26803]
[26805, 26805]
[26807, 26808]
[26810, 26811]
[26813, 26814]
[26816, 26817]
[26819, 26820]
[26822, 26823]
[26825, 26826]
[26828, 26829]
[26831, 26832]
[26834, 26835]
[26837, 26838]
[26840, 26841]
[26843, 26844]
[26846, 26847]
[26849, 26850]
[26852, 26853]
[26855, 26856]
[26858, 26859]
[26861, 26862]
[26864, 26865]
[26867, 26868]
[26870, 26871]
[26873, 26873]
[26875, 26877]
[26879, 26879]
[26881, 26882]
[26884, 26885]
[26887, 26888]
[26890, 26891]
[26893, 26894]
[26896, 26899]
[26901, 26901]
[26903, 26903]
[26905, 26905]
[26907, 26907]
[26909, 26909]
[26911, 26911]
[26913, 26913]
[26915, 26915]
[26917, 26917]
[26919, 26919]
[26921, 26921]
[26923, 26923]
[26925, 26925]
[26927, 26927]
[26929, 26929]
[26931, 26931]
[26933, 26933]
[26935, 26935]
[26937, 26937]
[26939, 26939]
[26941, 26941]
[26943, 26943]
[26945, 26945]
[26947, 26947]
[26949, 26949]
[26952, 26952]
[26954, 26954]
[26956, 26956]
[26958, 26958]
[26960, 26960]
[26962, 26962]
[26964, 26964]
[26966, 26966]
[26968, 26968]
[26970, 26970]
[26972, 26972]
[26974, 26974]
[26976, 26976]
[26978, 26978]
[26980, 26980]
[26982, 26982]
[26984, 26984]
[26986, 26986]
[26988, 26988]
[26990, 26990]
[26992, 26992]
[26994, 26994]
[26996, 26996]
[26998, 26998]
[27000, 27000]
[27002, 27002]
[27004, 27004]
[27006, 27006]
[27008, 27008]
[27010, 27010]
[27012, 27012]
[27014, 27014]
[27016, 27016]
[27019, 27020]
[27023, 27023]
[27025, 27025]
[27027, 27027]
[27029, 27029]
[27031, 27031]
[27033, 27033]
[27035, 27035]
[27037, 27038]
[27040, 27040]
[27042, 27042]
[27044, 27044]
[27046, 27046]
[27049, 27049]
[27051, 27051]
[27053, 27055]
[27282, 27284]
[27285, 27286]
[27288, 27289]
[27293, 27318]
[27320, 27322]
[27364, 27364]
[27366, 27367]
[27391, 27399]
[27401, 27402]
[27404, 27405]
[27409, 27410]
[27414, 27414]
[27415, 27415]
[27417, 27439]
[27463, 27471]
[27474, 27475]
[27477, 27502]
[27503, 27507]
[27512, 27513]
[27515, 27523]
[27570, 27572]
[27573, 27574]
[27576, 27577]
[27581, 27606]
[27608, 27610]
[27627, 27635]
[27703, 27703]
[27704, 27704]
[27709, 27709]
[27800, 27800]
[27801, 27801]
[27882, 27882]
[27892, 27892]
[27895, 27895]
[27897, 27897]
[27899, 27902]
[27904, 27932]
[27936, 27945]
[27946, 27946]
[27949, 27949]
[27956, 27956]
[27963, 27988]
[27990, 27992]
[27994, 28002]
[28008, 28033]
[28040, 28048]
[28052, 28055]
[28057, 28057]
[28059, 28059]
[28061, 28061]
[28063, 28063]
[28065, 28065]
[28067, 28067]
[28069, 28069]
[28071, 28071]
[28073, 28073]
[28075, 28075]
[28077, 28077]
[28079, 28079]
[28081, 28081]
[28083, 28083]
[28085, 28085]
[28087, 28087]
[28089, 28089]
[28092, 28092]
[28094, 28094]
[28096, 28096]
[28098, 28098]
[28100, 28100]
[28102, 28102]
[28104, 28104]
[28106, 28106]
[28108, 28108]
[28110, 28110]
[28112, 28112]
[28114, 28114]
[28116, 28116]
[28118, 28118]
[28120, 28120]
[28122, 28122]
[28124, 28124]
[28126, 28126]
[28128, 28128]
[28130, 28130]
[28132, 28132]
[28134, 28134]
[28136, 28136]
[28138, 28138]
[28140, 28140]
[28142, 28142]
[28144, 28144]
[28146, 28146]
[28148, 28148]
[28150, 28150]
[28152, 28152]
[28154, 28154]
[28156, 28156]
[28158, 28158]
[28160, 28160]
[28162, 28162]
[28164, 28164]
[28166, 28166]
[28168, 28168]
[28171, 28172]
[28175, 28175]
[28177, 28177]
[28179, 28179]
[28181, 28181]
[28183, 28183]
[28185, 28185]
[28187, 28187]
[28189, 28189]
[28191, 28191]
[28193, 28193]
[28195, 28195]
[28197, 28197]
[28199, 28199]
[28201, 28201]
[28203, 28203]
[28205, 28205]
[28207, 28207]
[28209, 28209]
[28211, 28211]
[28213, 28213]
[28215, 28215]
[28217, 28217]
[28219, 28219]
[28221, 28221]
[28223, 28223]
[28225, 28225]
[28227, 28227]
[28229, 28229]
[28231, 28231]
[28233, 28233]
[28235, 28235]
[28237, 28237]
[28239, 28239]
[28241, 28241]
[28243, 28243]
[28245, 28245]
[28247, 28247]
[28250, 28250]
[28252, 28252]
[28254, 28254]
[28256, 28256]
[28258, 28258]
[28260, 28260]
[28262, 28262]
[28264, 28264]
[28266, 28266]
[28268, 28268]
[28270, 28270]
[28272, 28272]
[28274, 28274]
[28276, 28276]
[28278, 28278]
[28280, 28280]
[28282, 28282]
[28284, 28284]
[28286, 28286]
[28288, 28288]
[28290, 28290]
[28292, 28292]
[28294, 28294]
[28296, 28296]
[28298, 28298]
[28300, 28300]
[28302, 28302]
[28304, 28304]
[28306, 28306]
[28308, 28308]
[28310, 28310]
[28312, 28312]
[28315, 28316]
[28319, 28319]
[28321, 28321]
[28323, 28323]
[28325, 28325]
[28327, 28327]
[28329, 28329]
[28331, 28331]
[28333, 28333]
[28335, 28335]
[28337, 28337]
[28339, 28339]
[28341, 28341]
[28343, 28343]
[28345, 28345]
[28347, 28347]
[28349, 28349]
[28351, 28351]
[28353, 28353]
[28355, 28355]
[28357, 28357]
[28360, 28360]
[28362, 28362]
[28364, 28364]
[28366, 28366]
[28368, 28368]
[28370, 28370]
[28372, 28372]
[28374, 28374]
[28376, 28376]
[28378, 28378]
[28380, 28380]
[28382, 28382]
[28384, 28384]
[28386, 28386]
[28388, 28388]
[28390, 28390]
[28392, 28392]
[28394, 28394]
[28396, 28396]
[28398, 28398]
[28400, 28400]
[28402, 28402]
[28404, 28404]
[28406, 28406]
[28408, 28408]
[28410, 28410]
[28412, 28412]
[28414, 28414]
[28416, 28416]
[28418, 28418]
[28420, 28420]
[28422, 28422]
[28424, 28424]
[28427, 28427]
[28429, 28429]
[28431, 28431]
[28433, 28433]
[28435, 28435]
[28437, 28437]
[28439, 28439]
[28441, 28441]
[28443, 28443]
[28445, 28445]
[28447, 28447]
[28449, 28449]
[28451, 28451]
[28453, 28453]
[28455, 28455]
[28457, 28457]
[28459, 28459]
[28461, 28461]
[28463, 28463]
[28465, 28465]
[28467, 28467]
[28469, 28469]
[28471, 28471]
[28473, 28473]
[28475, 28475]
[28477, 28477]
[28479, 28479]
[28481, 28481]
[28483, 28483]
[28485, 28485]
[28487, 28487]
[28489, 28489]
[28492, 28492]
[28494, 28494]
[28496, 28496]
[28498, 28498]
[28500, 28500]
[28502, 28502]
[28504, 28504]
[28506, 28506]
[28508, 28508]
[28510, 28510]
[28512, 28512]
[28514, 28514]
[28516, 28516]
[28518, 28518]
[28520, 28520]
[28522, 28522]
[28524, 28524]
[28526, 28526]
[28528, 28528]
[28530, 28530]
[28532, 28532]
[28534, 28534]
[28536, 28536]
[28538, 28538]
[28540, 28540]
[28542, 28542]
[28544, 28544]
[28546, 28546]
[28548, 28548]
[28550, 28550]
[28552, 28552]
[28555, 28555]
[28557, 28557]
[28559, 28559]
[28561, 28561]
[28563, 28563]
[28565, 28565]
[28567, 28567]
[28569, 28569]
[28571, 28571]
[28573, 28573]
[28575, 28575]
[28577, 28577]
[28579, 28579]
[28581, 28581]
[28583, 28583]
[28585, 28585]
[28587, 28587]
[28589, 28589]
[28591, 28591]
[28593, 28593]
[28595, 28595]
[28597, 28597]
[28599, 28599]
[28601, 28601]
[28603, 28603]
[28605, 28605]
[28607, 28607]
[28609, 28609]
[28611, 28611]
[28613, 28613]
[28615, 28615]
[28617, 28617]
[28619, 28619]
[28621, 28621]
[28623, 28623]
[28625, 28625]
[28628, 28629]
[28632, 28632]
[28634, 28634]
[28636, 28636]
[28638, 28638]
[28640, 28640]
[28642, 28642]
[28644, 28644]
[28646, 28646]
[28648, 28648]
[28650, 28650]
[28652, 28652]
[28654, 28654]
[28656, 28656]
[28658, 28658]
[28660, 28660]
[28662, 28662]
[28664, 28664]
[28666, 28666]
[28668, 28668]
[28670, 28670]
[28672, 28672]
[28674, 28674]
[28676, 28676]
[28678, 28678]
[28680, 28680]
[28682, 28682]
[28684, 28684]
[28686, 28686]
[28688, 28688]
[28690, 28690]
[28692, 28692]
[28694, 28694]
[28696, 28696]
[28698, 28698]
[28700, 28700]
[28702, 28702]
[28704, 28704]
[28706, 28706]
[28708, 28708]
[28710, 28710]
[28712, 28712]
[28714, 28714]
[28716, 28716]
[28719, 28720]
[28723, 28723]
[28725, 28725]
[28727, 28727]
[28729, 28729]
[28731, 28731]
[28733, 28733]
[28735, 28735]
[28737, 28737]
[28739, 28739]
[28741, 28741]
[28743, 28743]
[28745, 28745]
[28747, 28747]
[28749, 28749]
[28751, 28751]
[28753, 28753]
[28755, 28755]
[28757, 28757]
[28759, 28759]
[28761, 28761]
[28763, 28763]
[28765, 28765]
[28767, 28767]
[28769, 28769]
[28771, 28771]
[28773, 28773]
[28775, 28775]
[28777, 28777]
[28779, 28779]
[28781, 28781]
[28783, 28783]
[28785, 28785]
[28787, 28787]
[28789, 28789]
[28791, 28791]
[28793, 28793]
[28795, 28795]
[28797, 28797]
[28800, 28801]
[28804, 28804]
[28806, 28806]
[28808, 28808]
[28810, 28810]
[28812, 28812]
[28814, 28814]
[28816, 28816]
[28818, 28818]
[28820, 28820]
[28822, 28822]
[28824, 28824]
[28826, 28826]
[28828, 28828]
[28830, 28830]
[28832, 28832]
[28834, 28834]
[28836, 28836]
[28838, 28838]
[28840, 28840]
[28842, 28842]
[28844, 28844]
[28846, 28846]
[28848, 28848]
[28850, 28850]
[28852, 28852]
[28854, 28854]
[28856, 28856]
[28858, 28858]
[28860, 28860]
[28862, 28862]
[28864, 28864]
[28866, 28866]
[28868, 28868]
[28870, 28870]
[28872, 28872]
[28874, 28874]
[28876, 28876]
[28878, 28878]
[28881, 28881]
[28883, 28883]
[28885, 28885]
[28887, 28887]
[28889, 28889]
[28891, 28891]
[28893, 28893]
[28895, 28895]
[28897, 28897]
[28899, 28899]
[28901, 28901]
[28903, 28903]
[28905, 28905]
[28907, 28907]
[28909, 28909]
[28911, 28911]
[28913, 28913]
[28915, 28915]
[28917, 28917]
[28919, 28919]
[28921, 28921]
[28923, 28923]
[28925, 28925]
[28927, 28927]
[28929, 28929]
[28931, 28931]
[28933, 28933]
[28935, 28935]
[28937, 28937]
[28939, 28939]
[28941, 28941]
[28943, 28943]
[28945, 28945]
[28947, 28947]
[28949, 28949]
[28951, 28951]
[28953, 28953]
[28955, 28955]
[28957, 28957]
[28959, 28959]
[28961, 28961]
[28964, 28965]
[28968, 28968]
[28970, 28970]
[28972, 28972]
[28974, 28974]
[28976, 28976]
[28978, 28978]
[28980, 28980]
[28982, 28982]
[28984, 28984]
[28986, 28986]
[28988, 28988]
[28990, 28990]
[28992, 28992]
[28994, 28994]
[28996, 28996]
[28998, 28998]
[29000, 29000]
[29002, 29002]
[29004, 29004]
[29006, 29006]
[29008, 29008]
[29010, 29010]
[29012, 29012]
[29014, 29014]
[29016, 29016]
[29018, 29018]
[29020, 29020]
[29022, 29022]
[29024, 29024]
[29026, 29026]
[29028, 29028]
[29030, 29030]
[29032, 29032]
[29034, 29034]
[29036, 29036]
[29038, 29038]
[29040, 29040]
[29042, 29042]
[29044, 29044]
[29046, 29046]
[29048, 29048]
[29050, 29050]
[29053, 29054]
[29057, 29057]
[29059, 29059]
[29061, 29061]
[29063, 29063]
[29065, 29065]
[29067, 29067]
[29069, 29069]
[29071, 29071]
[29073, 29073]
[29075, 29075]
[29077, 29077]
[29079, 29079]
[29081, 29081]
[29083, 29083]
[29085, 29085]
[29087, 29087]
[29089, 29089]
[29091, 29091]
[29093, 29093]
[29095, 29095]
[29097, 29097]
[29099, 29099]
[29101, 29101]
[29103, 29103]
[29105, 29105]
[29107, 29107]
[29109, 29109]
[29111, 29111]
[29113, 29113]
[29115, 29115]
[29117, 29117]
[29119, 29119]
[29121, 29121]
[29123, 29123]
[29125, 29125]
[29127, 29127]
[29129, 29129]
[29131, 29131]
[29133, 29133]
[29135, 29135]
[29137, 29137]
[29139, 29139]
[29141, 29141]
[29144, 29144]
[29146, 29146]
[29148, 29148]
[29150, 29150]
[29152, 29152]
[29154, 29154]
[29156, 29156]
[29158, 29158]
[29160, 29160]
[29162, 29162]
[29164, 29164]
[29166, 29166]
[29168, 29168]
[29170, 29170]
[29172, 29172]
[29174, 29174]
[29176, 29176]
[29178, 29178]
[29179, 29183]
[29185, 29186]
[29188, 29189]
[29193, 29218]
[29220, 29222]
[29249, 29253]
[29256, 29257]
[29259, 29262]
[29266, 29267]
[29272, 29278]
[29326, 29328]
[29334, 29336]
[29344, 29346]
[29347, 29348]
[29350, 29351]
[29355, 29380]
[29382, 29384]
[29389, 29397]
[29399, 29400]
[29402, 29403]
[29407, 29432]
[29434, 29436]
[29441, 29449]
[29453, 29464]
[29515, 29515]
[29517, 29518]
[29522, 29547]
[29549, 29551]
[29592, 29600]
[29708, 29710]
[29723, 29725]
[29726, 29727]
[29729, 29730]
[29734, 29759]
[29761, 29763]
[29786, 29794]
[29798, 29799]
[29801, 29802]
[29806, 29831]
[29833, 29835]
[29839, 29847]
[29850, 29853]
[29855, 29855]
[29857, 29857]
[29859, 29859]
[29861, 29861]
[29863, 29863]
[29866, 29867]
[29869, 29869]
[29872, 29872]
[29874, 29874]
[29876, 29876]
[29878, 29878]
[29880, 29880]
[29882, 29882]
[29884, 29884]
[29886, 29886]
[29888, 29889]
[29896, 29897]
[29899, 29926]
[29929, 29938]
[29944, 29969]
[29971, 29973]
[29975, 29975]
[29977, 29986]
[29988, 29988]
[29990, 29990]
[29992, 29992]
[29994, 29994]
[29996, 29996]
[29998, 29998]
[30000, 30000]
[30002, 30002]
[30004, 30004]
[30006, 30006]
[30008, 30008]
[30010, 30010]
[30012, 30012]
[30014, 30014]
[30016, 30016]
[30018, 30018]
[30020, 30020]
[30022, 30022]
[30024, 30024]
[30026, 30026]
[30028, 30028]
[30030, 30030]
[30032, 30032]
[30034, 30034]
[30037, 30037]
[30039, 30039]
[30041, 30041]
[30043, 30043]
[30045, 30045]
[30047, 30047]
[30049, 30049]
[30051, 30051]
[30053, 30053]
[30055, 30055]
[30057, 30057]
[30059, 30059]
[30061, 30061]
[30063, 30063]
[30065, 30065]
[30067, 30067]
[30069, 30069]
[30071, 30071]
[30073, 30073]
[30075, 30075]
[30077, 30077]
[30079, 30079]
[30081, 30081]
[30083, 30083]
[30085, 30085]
[30087, 30087]
[30089, 30089]
[30091, 30091]
[30093, 30093]
[30095, 30095]
[30097, 30097]
[30099, 30099]
[30101, 30101]
[30103, 30103]
[30105, 30105]
[30107, 30107]
[30109, 30109]
[30111, 30111]
[30114, 30115]
[30118, 30118]
[30120, 30120]
[30122, 30122]
[30124, 30124]
[30126, 30126]
[30128, 30128]
[30130, 30130]
[30132, 30132]
[30134, 30134]
[30136, 30136]
[30138, 30138]
[30140, 30140]
[30142, 30142]
[30144, 30144]
[30146, 30146]
[30148, 30148]
[30150, 30150]
[30152, 30152]
[30154, 30154]
[30156, 30156]
[30158, 30158]
[30160, 30160]
[30162, 30162]
[30164, 30164]
[30166, 30166]
[30168, 30168]
[30170, 30170]
[30172, 30172]
[30174, 30174]
[30176, 30176]
[30178, 30178]
[30180, 30180]
[30182, 30182]
[30184, 30184]
[30186, 30186]
[30188, 30188]
[30190, 30190]
[30192, 30192]
[30194, 30194]
[30197, 30198]
[30201, 30201]
[30203, 30203]
[30205, 30205]
[30207, 30207]
[30209, 30209]
[30211, 30211]
[30213, 30213]
[30215, 30215]
[30217, 30217]
[30219, 30219]
[30221, 30221]
[30223, 30223]
[30225, 30225]
[30227, 30227]
[30229, 30229]
[30231, 30231]
[30233, 30233]
[30235, 30235]
[30237, 30237]
[30239, 30239]
[30241, 30241]
[30243, 30243]
[30245, 30245]
[30247, 30247]
[30249, 30249]
[30251, 30251]
[30253, 30253]
[30255, 30255]
[30257, 30257]
[30259, 30259]
[30261, 30261]
[30264, 30265]
[30267, 30267]
[30270, 30270]
[30272, 30272]
[30274, 30274]
[30276, 30276]
[30278, 30278]
[30280, 30280]
[30282, 30282]
[30284, 30284]
[30286, 30286]
[30288, 30288]
[30290, 30290]
[30292, 30292]
[30294, 30294]
[30296, 30296]
[30298, 30298]
[30300, 30300]
[30302, 30302]
[30304, 30304]
[30306, 30306]
[30308, 30308]
[30310, 30310]
[30312, 30312]
[30314, 30314]
[30316, 30316]
[30318, 30318]
[30320, 30320]
[30322, 30322]
[30324, 30324]
[30326, 30326]
[30328, 30328]
[30330, 30330]
[30332, 30332]
[30334, 30334]
[30336, 30336]
[30338, 30338]
[30340, 30340]
[30342, 30342]
[30344, 30344]
[30346, 30346]
[30348, 30348]
[30350, 30350]
[30352, 30352]
[30354, 30354]
[30356, 30356]
[30359, 30360]
[30363, 30363]
[30365, 30365]
[30367, 30367]
[30369, 30369]
[30371, 30371]
[30373, 30373]
[30375, 30375]
[30377, 30377]
[30379, 30379]
[30381, 30381]
[30383, 30383]
[30385, 30385]
[30387, 30387]
[30389, 30389]
[30391, 30391]
[30393, 30393]
[30395, 30395]
[30397, 30397]
[30399, 30399]
[30401, 30401]
[30403, 30403]
[30405, 30405]
[30407, 30407]
[30409, 30409]
[30411, 30411]
[30413, 30413]
[30415, 30415]
[30417, 30417]
[30419, 30419]
[30421, 30421]
[30423, 30423]
[30425, 30425]
[30427, 30427]
[30429, 30429]
[30431, 30431]
[30433, 30433]
[30435, 30435]
[30437, 30437]
[30439, 30439]
[30441, 30441]
[30443, 30443]
[30445, 30445]
[30448, 30448]
[30450, 30450]
[30452, 30452]
[30454, 30454]
[30456, 30456]
[30458, 30458]
[30460, 30460]
[30462, 30462]
[30464, 30464]
[30466, 30466]
[30468, 30468]
[30470, 30470]
[30472, 30472]
[30474, 30474]
[30476, 30476]
[30478, 30478]
[30480, 30480]
[30482, 30482]
[30484, 30484]
[30486, 30486]
[30488, 30488]
[30489, 30493]
[30494, 30507]
[30509, 30510]
[30512, 30513]
[30515, 30516]
[30518, 30519]
[30521, 30522]
[30524, 30525]
[30527, 30527]
[30529, 30531]
[30533, 30533]
[30535, 30536]
[30538, 30539]
[30541, 30542]
[30544, 30544]
[30546, 30548]
[30550, 30550]
[30552, 30553]
[30555, 30556]
[30558, 30559]
[30561, 30562]
[30564, 30565]
[30567, 30568]
[30570, 30571]
[30573, 30574]
[30576, 30577]
[30579, 30580]
[30582, 30583]
[30585, 30586]
[30588, 30589]
[30591, 30592]
[30594, 30595]
[30597, 30598]
[30600, 30601]
[30603, 30604]
[30606, 30607]
[30609, 30610]
[30612, 30613]
[30615, 30616]
[30618, 30619]
[30621, 30622]
[30624, 30625]
[30627, 30628]
[30630, 30631]
[30633, 30634]
[30636, 30637]
[30639, 30640]
[30642, 30643]
[30645, 30646]
[30648, 30649]
[30651, 30652]
[30654, 30655]
[30657, 30657]
[30659, 30660]
[30662, 30663]
[30665, 30666]
[30668, 30669]
[30671, 30673]
[30675, 30675]
[30677, 30677]
[30679, 30680]
[30682, 30683]
[30685, 30686]
[30688, 30689]
[30691, 30692]
[30694, 30695]
[30697, 30698]
[30700, 30701]
[30703, 30704]
[30706, 30707]
[30709, 30710]
[30712, 30713]
[30715, 30716]
[30718, 30719]
[30721, 30722]
[30724, 30725]
[30727, 30728]
[30730, 30731]
[30733, 30734]
[30736, 30737]
[30739, 30740]
[30742, 30743]
[30745, 30746]
[30748, 30749]
[30751, 30752]
[30754, 30755]
[30757, 30758]
[30760, 30761]
[30763, 30763]
[30765, 30765]
[30767, 30769]
[30771, 30771]
[30773, 30774]
[30776, 30777]
[30779, 30780]
[30782, 30783]
[30785, 30786]
[30788, 30789]
[30791, 30792]
[30794, 30795]
[30797, 30798]
[30800, 30801]
[30803, 30804]
[30806, 30807]
[30809, 30810]
[30812, 30813]
[30815, 30816]
[30818, 30819]
[30821, 30822]
[30824, 30825]
[30827, 30828]
[30830, 30831]
[30833, 30834]
[30836, 30837]
[30839, 30840]
[30842, 30843]
[30845, 30846]
[30848, 30849]
[30851, 30852]
[30854, 30855]
[30857, 30858]
[30860, 30861]
[30863, 30864]
[30866, 30867]
[30869, 30870]
[30872, 30873]
[30875, 30876]
[30878, 30879]
[30881, 30882]
[30884, 30885]
[30888, 30891]
[30893, 30893]
[30895, 30895]
[30897, 30898]
[30900, 30901]
[30903, 30904]
[30906, 30907]
[30909, 30910]
[30912, 30913]
[30915, 30916]
[30918, 30919]
[30921, 30922]
[30924, 30925]
[30927, 30928]
[30930, 30931]
[30933, 30934]
[30936, 30937]
[30939, 30940]
[30942, 30943]
[30945, 30946]
[30948, 30949]
[30951, 30952]
[30954, 30955]
[30957, 30958]
[30960, 30966]
[30968, 30968]
[30970, 30970]
[30972, 30972]
[30974, 30974]
[30976, 30976]
[30978, 30978]
[30980, 30980]
[30982, 30982]
[30984, 30984]
[30986, 30986]
[30988, 30988]
[30990, 30990]
[30992, 30992]
[30994, 30994]
[30996, 30996]
[30998, 30998]
[31000, 31000]
[31002, 31002]
[31004, 31004]
[31007, 31007]
[31009, 31009]
[31011, 31011]
[31013, 31013]
[31015, 31015]
[31017, 31017]
[31019, 31019]
[31021, 31021]
[31023, 31023]
[31025, 31025]
[31027, 31027]
[31029, 31029]
[31031, 31031]
[31033, 31033]
[31035, 31035]
[31037, 31037]
[31039, 31039]
[31041, 31041]
[31043, 31043]
[31045, 31045]
[31047, 31047]
[31049, 31049]
[31051, 31051]
[31053, 31053]
[31055, 31055]
[31057, 31057]
[31059, 31059]
[31061, 31061]
[31063, 31063]
[31065, 31065]
[31067, 31067]
[31069, 31069]
[31071, 31071]
[31073, 31073]
[31075, 31075]
[31077, 31077]
[31079, 31079]
[31081, 31081]
[31083, 31083]
[31085, 31085]
[31087, 31087]
[31089, 31089]
[31091, 31091]
[31094, 31094]
[31096, 31096]
[31098, 31098]
[31100, 31100]
[31102, 31102]
[31104, 31104]
[31106, 31106]
[31108, 31108]
[31110, 31110]
[31112, 31112]
[31114, 31114]
[31116, 31116]
[31118, 31118]
[31120, 31120]
[31122, 31122]
[31124, 31124]
[31126, 31126]
[31128, 31128]
[31130, 31130]
[31132, 31132]
[31134, 31134]
[31136, 31136]
[31138, 31138]
[31140, 31140]
[31142, 31142]
[31144, 31144]
[31146, 31146]
[31148, 31148]
[31150, 31150]
[31152, 31152]
[31154, 31154]
[31156, 31156]
[31158, 31158]
[31160, 31160]
[31162, 31162]
[31164, 31164]
[31166, 31166]
[31168, 31168]
[31171, 31171]
[31173, 31173]
[31175, 31175]
[31177, 31177]
[31179, 31179]
[31181, 31181]
[31183, 31183]
[31185, 31185]
[31187, 31187]
[31189, 31189]
[31191, 31191]
[31193, 31193]
[31195, 31195]
[31197, 31197]
[31199, 31199]
[31201, 31201]
[31203, 31203]
[31205, 31205]
[31207, 31207]
[31209, 31209]
[31211, 31211]
[31213, 31213]
[31215, 31215]
[31217, 31217]
[31219, 31219]
[31221, 31221]
[31223, 31223]
[31225, 31225]
[31228, 31228]
[31230, 31231]
[31234, 31234]
[31236, 31236]
[31238, 31238]
[31240, 31240]
[31242, 31242]
[31244, 31244]
[31246, 31246]
[31248, 31248]
[31250, 31250]
[31252, 31252]
[31254, 31254]
[31256, 31256]
[31258, 31258]
[31260, 31260]
[31262, 31262]
[31264, 31264]
[31266, 31266]
[31268, 31268]
[31270, 31270]
[31272, 31272]
[31274, 31274]
[31276, 31276]
[31278, 31278]
[31280, 31280]
[31282, 31282]
[31284, 31284]
[31286, 31286]
[31288, 31288]
[31290, 31290]
[31292, 31292]
[31294, 31294]
[31296, 31296]
[31298, 31298]
[31301, 31301]
[31303, 31303]
[31305, 31305]
[31307, 31307]
[31309, 31309]
[31311, 31311]
[31313, 31313]
[31315, 31315]
[31317, 31317]
[31319, 31319]
[31321, 31321]
[31323, 31323]
[31325, 31325]
[31327, 31327]
[31329, 31329]
[31331, 31331]
[31333, 31333]
[31335, 31335]
[31337, 31337]
[31339, 31339]
[31341, 31341]
[31343, 31343]
[31345, 31345]
[31347, 31347]
[31354, 31355]
[31357, 31384]
[31386, 31386]
[31388, 31388]
[31390, 31390]
[31392, 31392]
[31394, 31394]
[31396, 31396]
[31398, 31398]
[31400, 31400]
[31402, 31402]
[31404, 31404]
[31406, 31406]
[31408, 31408]
[31410, 31410]
[31412, 31412]
[31414, 31414]
[31417, 31418]
[31421, 31421]
[31423, 31423]
[31425, 31425]
[31427, 31427]
[31429, 31429]
[31431, 31431]
[31433, 31433]
[31435, 31435]
[31437, 31437]
[31439, 31439]
[31441, 31441]
[31443, 31443]
[31445, 31445]
[31447, 31447]
[31449, 31449]
[31451, 31451]
[31453, 31453]
[31455, 31455]
[31457, 31457]
[31459, 31459]
[31461, 31461]
[31463, 31470]
[31472, 31473]
[31511, 31515]
[31521, 31546]
[31548, 31550]
[31551, 31554]
[31556, 31594]
[31597, 31605]
[31607, 31608]
[31610, 31610]
[31611, 31639]
[31641, 31649]
[31805, 31805]
[31807, 31808]
[31812, 31837]
[31839, 31841]
[31843, 31851]
