[1, 2]
[3, 3]
[4, 5]
[6, 6]
[8, 8]
[9, 9]
[14, 14]
[18, 44]
[46, 60]
[62, 64]
[65, 65]
[66, 66]
[70, 70]
[73, 73]
[76, 76]
[78, 78]
[79, 79]
[82, 82]
[83, 83]
[84, 84]
[86, 86]
[195, 195]
[197, 208]
[220, 221]
[223, 226]
[232, 235]
[237, 238]
[243, 243]
[244, 244]
[246, 246]
[247, 247]
[248, 248]
[252, 252]
[254, 258]
[259, 259]
[260, 260]
[261, 261]
[262, 267]
[268, 272]
[273, 278]
[286, 295]
[296, 305]
[310, 320]
[324, 325]
[327, 328]
[330, 331]
[373, 404]
[407, 407]
[415, 423]
[426, 451]
[452, 455]
[458, 466]
[469, 494]
[495, 498]
[500, 538]
[542, 547]
[549, 551]
[557, 582]
[583, 586]
[588, 626]
[636, 644]
[645, 645]
[652, 677]
[678, 681]
[683, 691]
[697, 722]
[723, 726]
[728, 766]
[768, 772]
[775, 800]
[802, 808]
[811, 819]
[822, 847]
[848, 851]
[853, 861]
[864, 865]
[869, 869]
[870, 870]
[872, 872]
[873, 873]
[874, 874]
[878, 878]
[879, 879]
[880, 880]
[882, 903]
[905, 906]
[908, 908]
[913, 913]
[914, 914]
[916, 938]
[940, 948]
[949, 949]
[950, 950]
[952, 984]
[986, 995]
[996, 996]
[1002, 1004]
[1005, 1009]
[1016, 1018]
[1019, 1023]
[1029, 1031]
[1032, 1036]
[1041, 1042]
[1044, 1045]
[1049, 1074]
[1075, 1078]
[1080, 1088]
[1093, 1095]
[1096, 1100]
[1101, 1128]
[1130, 1131]
[1135, 1160]
[1161, 1164]
[1167, 1175]
[1180, 1180]
[1187, 1212]
[1213, 1216]
[1218, 1226]
[1232, 1233]
[1236, 1268]
[1269, 1271]
[1276, 1278]
[1280, 1281]
[1283, 1284]
[1288, 1289]
[1294, 1294]
[1295, 1295]
[1296, 1318]
[1320, 1328]
[1334, 1336]
[1337, 1341]
[1342, 1369]
[1371, 1372]
[1376, 1377]
[1379, 1411]
[1413, 1415]
[1416, 1417]
[1419, 1420]
[1424, 1449]
[1450, 1453]
[1455, 1463]
[1465, 1465]
[1472, 1473]
[1477, 1477]
[1478, 1478]
[1480, 1480]
[1481, 1481]
[1482, 1482]
[1487, 1487]
[1488, 1488]
[1489, 1489]
[1490, 1490]
[1491, 1491]
[1492, 1492]
[1493, 1508]
[1510, 1512]
[1518, 1543]
[1544, 1547]
[1549, 1557]
[1559, 1559]
[1566, 1591]
[1592, 1595]
[1597, 1605]
[1611, 1612]
[1615, 1647]
[1648, 1650]
[1723, 1723]
[1725, 1725]
[1727, 1728]
[1730, 1730]
[1731, 1759]
[1763, 1771]
[1778, 1810]
[1812, 1820]
[1822, 1822]
[1824, 1825]
[1829, 1854]
[1855, 1858]
[1861, 1866]
[1868, 1870]
[1873, 1874]
[1876, 1877]
[1881, 1906]
[1907, 1910]
[1912, 1920]
[1924, 1926]
[1927, 1928]
[1929, 1932]
[2773, 2773]
[2775, 2776]
[2780, 2805]
[2806, 2809]
[2812, 2820]
[2859, 2861]
[2862, 2863]
[2865, 2866]
[2870, 2895]
[2896, 2899]
[2901, 2909]
[2911, 2912]
[2914, 2915]
[2919, 2944]
[2945, 2948]
[2950, 2958]
[2962, 2964]
[2967, 2970]
[2973, 2979]
[3005, 3007]
[3042, 3044]
[3114, 3116]
[3117, 3118]
[3120, 3121]
[3125, 3150]
[3151, 3154]
[3199, 3207]
[6257, 6257]
[6259, 6260]
[6264, 6289]
[6290, 6293]
[6302, 6310]
[10179, 10179]
[10181, 10182]
[10186, 10211]
[10212, 10215]
[10220, 10225]
[10229, 10231]
[14104, 14104]
[14106, 14107]
[14111, 14136]
[14137, 14140]
[14425, 14433]
[14749, 14749]
[14753, 14762]
[14763, 14765]
[14768, 14774]
[14780, 14781]
[14785, 14785]
[14787, 14789]
[14796, 14797]
[14799, 14800]
[14804, 14829]
[14830, 14833]
[14836, 14840]
[14843, 14844]
[14846, 14849]
[14853, 14854]
[14855, 14858]
[14859, 14862]
[14864, 14864]
[14866, 14866]
[14868, 14868]
[14870, 14870]
[14872, 14872]
[14874, 14874]
[14876, 14876]
[14878, 14878]
[14880, 14880]
[14883, 14884]
[14887, 14887]
[14889, 14889]
[14891, 14891]
[14893, 14893]
[14895, 14895]
[14897, 14897]
[14899, 14899]
[14901, 14903]
[14970, 14972]
[14973, 14974]
[14976, 14977]
[14981, 15006]
[15007, 15010]
[15012, 15020]
[15225, 15226]
[15228, 15229]
[15233, 15258]
[15259, 15262]
[15268, 15272]
[15275, 15276]
[15278, 15281]
[15283, 15286]
[15292, 15294]
[15296, 15296]
[15298, 15298]
[15300, 15300]
[15302, 15302]
[15304, 15304]
[15306, 15306]
[15308, 15308]
[15310, 15310]
[15312, 15312]
[15314, 15314]
[15316, 15318]
[15319, 15319]
[15322, 15323]
[15326, 15326]
[15328, 15328]
[15330, 15330]
[15332, 15332]
[15334, 15334]
[15336, 15336]
[15338, 15338]
[15340, 15340]
[15342, 15342]
[15344, 15344]
[15346, 15346]
[15348, 15348]
[15350, 15350]
[15352, 15352]
[15354, 15354]
[15356, 15356]
[15358, 15358]
[15360, 15360]
[15362, 15362]
[15364, 15364]
[15366, 15366]
[15368, 15368]
[15370, 15370]
[15372, 15372]
[15374, 15374]
[15376, 15376]
[15378, 15378]
[15380, 15380]
[15382, 15382]
[15384, 15384]
[15386, 15386]
[15388, 15388]
[15391, 15392]
[15395, 15395]
[15397, 15397]
[15399, 15399]
[15401, 15401]
[15403, 15403]
[15405, 15405]
[15407, 15407]
[15409, 15409]
[15411, 15411]
[15413, 15413]
[15415, 15415]
[15417, 15417]
[15419, 15419]
[15421, 15421]
[15423, 15423]
[15425, 15425]
[15427, 15427]
[15429, 15429]
[15431, 15431]
[15433, 15433]
[15435, 15435]
[15437, 15437]
[15439, 15439]
[15441, 15441]
[15443, 15443]
[15445, 15445]
[15447, 15447]
[15449, 15449]
[15451, 15451]
[15453, 15453]
[15455, 15455]
[15458, 15459]
[15462, 15462]
[15464, 15464]
[15466, 15466]
[15468, 15468]
[15470, 15470]
[15472, 15472]
[15474, 15474]
[15476, 15476]
[15478, 15478]
[15480, 15480]
[15482, 15482]
[15484, 15484]
[15486, 15486]
[15488, 15488]
[15490, 15490]
[15492, 15492]
[15494, 15494]
[15496, 15496]
[15498, 15498]
[15500, 15500]
[15502, 15502]
[15504, 15504]
[15506, 15506]
[15508, 15508]
[15510, 15510]
[15512, 15512]
[15514, 15514]
[15516, 15516]
[15518, 15518]
[15520, 15522]
[15523, 15524]
[15526, 15527]
[15531, 15556]
[15557, 15560]
[15568, 15576]
[15578, 15579]
[15581, 15582]
[15586, 15611]
[15612, 15615]
[15618, 15626]
[15630, 15632]
[15633, 15640]
[15642, 15644]
[15645, 15650]
[15652, 15654]
[15656, 15658]
[15660, 15662]
[15664, 15666]
[15668, 15670]
[15672, 15674]
[15676, 15678]
[15680, 15682]
[15684, 15686]
[15688, 15690]
[15692, 15694]
[15696, 15698]
[15700, 15702]
[15704, 15706]
[15708, 15710]
[15712, 15714]
[15716, 15718]
[15720, 15722]
[15724, 15728]
[15730, 15731]
[15733, 15734]
[15736, 15736]
[15738, 15739]
[15741, 15742]
[15744, 15745]
[15747, 15748]
[15750, 15752]
[15755, 15756]
[15758, 15759]
[15761, 15762]
[15764, 15765]
[15767, 15768]
[15770, 15771]
[15773, 15774]
[15776, 15777]
[15779, 15780]
[15782, 15783]
[15785, 15786]
[15788, 15789]
[15791, 15792]
[15794, 15795]
[15797, 15798]
[15800, 15801]
[15803, 15804]
[15806, 15807]
[15809, 15810]
[15812, 15813]
[15815, 15816]
[15818, 15819]
[15821, 15822]
[15824, 15825]
[15827, 15828]
[15830, 15831]
[15833, 15834]
[15836, 15837]
[15839, 15845]
[15847, 15847]
[15849, 15849]
[15851, 15851]
[15854, 15854]
[15856, 15856]
[15858, 15858]
[15860, 15860]
[15862, 15862]
[15864, 15864]
[15866, 15866]
[15868, 15868]
[15870, 15870]
[15872, 15872]
[15874, 15874]
[15876, 15876]
[15878, 15878]
[15880, 15880]
[15882, 15882]
[15884, 15884]
[15886, 15886]
[15888, 15888]
[15890, 15890]
[15892, 15892]
[15894, 15894]
[15896, 15896]
[15898, 15898]
[15900, 15900]
[15902, 15902]
[15904, 15904]
[15906, 15906]
[15908, 15908]
[15910, 15910]
[15912, 15912]
[15914, 15914]
[15916, 15916]
[15918, 15918]
[15920, 15920]
[15922, 15922]
[15924, 15924]
[15927, 15927]
[15929, 15929]
[15931, 15931]
[15933, 15933]
[15935, 15935]
[15937, 15937]
[15939, 15939]
[15941, 15941]
[15943, 15943]
[15945, 15945]
[15947, 15947]
[15949, 15949]
[15951, 15951]
[15953, 15953]
[15955, 15955]
[15957, 15957]
[15959, 15959]
[15961, 15961]
[15963, 15963]
[15965, 15965]
[15967, 15967]
[15969, 15976]
[15978, 15979]
[15983, 16008]
[16009, 16012]
[16014, 16022]
[16024, 16025]
[16026, 16046]
[16052, 16057]
[16059, 16067]
[16076, 16076]
[16078, 16079]
[16083, 16108]
[16109, 16112]
[16114, 16122]
[16125, 16126]
[16128, 16129]
[16133, 16158]
[16159, 16162]
[16164, 16172]
[16176, 16183]
[16187, 16189]
[16192, 16200]
[16202, 16202]
[16205, 16205]
[16207, 16207]
[16209, 16209]
[16211, 16211]
[16213, 16213]
[16215, 16215]
[16217, 16217]
[16219, 16219]
[16221, 16221]
[16223, 16223]
[16225, 16225]
[16227, 16227]
[16229, 16229]
[16231, 16231]
[16233, 16233]
[16235, 16235]
[16237, 16237]
[16239, 16239]
[16241, 16241]
[16243, 16243]
[16245, 16245]
[16247, 16247]
[16249, 16249]
[16251, 16251]
[16253, 16253]
[16255, 16255]
[16257, 16257]
[16260, 16261]
[16264, 16264]
[16266, 16266]
[16268, 16268]
[16270, 16270]
[16272, 16272]
[16274, 16274]
[16276, 16276]
[16278, 16278]
[16280, 16280]
[16282, 16282]
[16284, 16284]
[16286, 16286]
[16288, 16288]
[16290, 16290]
[16292, 16292]
[16294, 16294]
[16296, 16296]
[16298, 16298]
[16300, 16300]
[16302, 16302]
[16304, 16304]
[16306, 16306]
[16309, 16310]
[16313, 16313]
[16315, 16315]
[16317, 16317]
[16319, 16319]
[16321, 16321]
[16323, 16323]
[16325, 16325]
[16327, 16327]
[16329, 16329]
[16331, 16331]
[16333, 16333]
[16335, 16335]
[16337, 16337]
[16339, 16339]
[16341, 16341]
[16343, 16343]
[16345, 16345]
[16347, 16347]
[16349, 16349]
[16351, 16351]
[16353, 16353]
[16355, 16355]
[16357, 16357]
[16359, 16359]
[16362, 16362]
[16364, 16364]
[16366, 16366]
[16368, 16368]
[16370, 16370]
[16372, 16372]
[16374, 16374]
[16376, 16376]
[16378, 16378]
[16380, 16380]
[16382, 16382]
[16384, 16384]
[16386, 16386]
[16388, 16388]
[16390, 16390]
[16392, 16392]
[16394, 16394]
[16396, 16396]
[16398, 16398]
[16400, 16400]
[16402, 16402]
[16404, 16404]
[16406, 16406]
[16408, 16408]
[16410, 16410]
[16412, 16412]
[16414, 16414]
[16416, 16416]
[16418, 16418]
[16420, 16420]
[16422, 16422]
[16424, 16424]
[16427, 16428]
[16431, 16431]
[16433, 16433]
[16435, 16435]
[16437, 16437]
[16439, 16439]
[16441, 16441]
[16443, 16443]
[16445, 16445]
[16447, 16447]
[16449, 16449]
[16451, 16451]
[16453, 16453]
[16455, 16455]
[16457, 16457]
[16459, 16459]
[16461, 16461]
[16463, 16463]
[16465, 16465]
[16467, 16467]
[16469, 16469]
[16471, 16471]
[16473, 16473]
[16475, 16475]
[16477, 16477]
[16479, 16479]
[16481, 16481]
[16483, 16483]
[16485, 16485]
[16487, 16487]
[16489, 16489]
[16491, 16491]
[16493, 16493]
[16495, 16495]
[16498, 16498]
[16500, 16500]
[16502, 16502]
[16504, 16504]
[16506, 16506]
[16508, 16508]
[16510, 16510]
[16512, 16512]
[16514, 16514]
[16516, 16516]
[16518, 16518]
[16520, 16520]
[16522, 16522]
[16524, 16524]
[16526, 16526]
[16528, 16528]
[16530, 16530]
[16532, 16532]
[16534, 16534]
[16536, 16536]
[16538, 16538]
[16540, 16540]
[16542, 16542]
[16544, 16544]
[16546, 16546]
[16548, 16548]
[16550, 16550]
[16552, 16552]
[16554, 16554]
[16556, 16556]
[16558, 16558]
[16560, 16560]
[16562, 16562]
[16565, 16565]
[16567, 16567]
[16569, 16569]
[16571, 16571]
[16573, 16573]
[16575, 16575]
[16577, 16577]
[16579, 16579]
[16581, 16581]
[16583, 16583]
[16585, 16585]
[16587, 16587]
[16589, 16589]
[16591, 16591]
[16593, 16593]
[16595, 16595]
[16597, 16597]
[16599, 16599]
[16601, 16601]
[16603, 16603]
[16605, 16605]
[16607, 16607]
[16609, 16609]
[16611, 16611]
[16613, 16613]
[16615, 16615]
[16617, 16617]
[16619, 16619]
[16621, 16621]
[16623, 16623]
[16625, 16625]
[16627, 16627]
[16630, 16631]
[16634, 16634]
[16636, 16636]
[16638, 16638]
[16640, 16640]
[16642, 16642]
[16644, 16644]
[16646, 16646]
[16648, 16648]
[16650, 16650]
[16652, 16652]
[16654, 16654]
[16656, 16656]
[16658, 16658]
[16660, 16660]
[16662, 16662]
[16664, 16664]
[16666, 16666]
[16668, 16668]
[16670, 16670]
[16672, 16672]
[16674, 16674]
[16676, 16676]
[16678, 16678]
[16680, 16680]
[16682, 16682]
[16684, 16684]
[16686, 16686]
[16688, 16688]
[16690, 16690]
[16692, 16692]
[16695, 16696]
[16699, 16699]
[16701, 16701]
[16703, 16703]
[16705, 16705]
[16707, 16707]
[16709, 16709]
[16711, 16711]
[16713, 16713]
[16715, 16715]
[16717, 16717]
[16719, 16719]
[16721, 16721]
[16723, 16723]
[16725, 16725]
[16727, 16727]
[16729, 16729]
[16731, 16731]
[16733, 16733]
[16735, 16735]
[16737, 16737]
[16739, 16739]
[16741, 16741]
[16743, 16743]
[16745, 16745]
[16747, 16747]
[16749, 16749]
[16751, 16751]
[16753, 16753]
[16756, 16756]
[16758, 16758]
[16760, 16760]
[16762, 16762]
[16764, 16764]
[16766, 16766]
[16768, 16768]
[16770, 16770]
[16772, 16772]
[16774, 16774]
[16776, 16776]
[16778, 16778]
[16780, 16780]
[16782, 16782]
[16784, 16784]
[16786, 16786]
[16788, 16788]
[16790, 16790]
[16792, 16792]
[16794, 16794]
[16796, 16796]
[16798, 16798]
[16800, 16800]
[16802, 16804]
[16868, 16868]
[16870, 16871]
[16875, 16900]
[16901, 16904]
[16906, 16914]
[17142, 17144]
[17145, 17146]
[17148, 17149]
[17153, 17178]
[17179, 17182]
[17207, 17211]
[17213, 17214]
[17216, 17217]
[17221, 17246]
[17247, 17250]
[17251, 17254]
[17256, 17260]
[17263, 17264]
[17267, 17270]
[17271, 17272]
[17273, 17276]
[17627, 17629]
[17630, 17631]
[17633, 17634]
[17638, 17663]
[17664, 17667]
[17669, 17677]
[17782, 17785]
[17787, 17787]
[17789, 17789]
[17791, 17791]
[17793, 17793]
[17796, 17797]
[17800, 17800]
[17802, 17802]
[17804, 17804]
[17806, 17806]
[17808, 17808]
[17810, 17810]
[17812, 17812]
[17814, 17814]
[17816, 17816]
[17818, 17819]
[17822, 17822]
[17824, 17824]
[17826, 17826]
[17828, 17828]
[17830, 17830]
[17832, 17832]
[17834, 17834]
[17836, 17836]
[17838, 17838]
[17840, 17840]
[17842, 17842]
[17844, 17844]
[17846, 17846]
[17848, 17848]
[17850, 17850]
[17852, 17852]
[17854, 17854]
[17856, 17856]
[17858, 17858]
[17860, 17860]
[17862, 17862]
[17864, 17864]
[17866, 17866]
[17868, 17868]
[17870, 17870]
[17872, 17872]
[17874, 17874]
[17877, 17878]
[17881, 17881]
[17883, 17883]
[17885, 17885]
[17887, 17887]
[17889, 17889]
[17891, 17891]
[17893, 17893]
[17895, 17895]
[17897, 17897]
[17899, 17899]
[17901, 17901]
[17903, 17903]
[17905, 17905]
[17907, 17907]
[17909, 17909]
[17911, 17911]
[17913, 17913]
[17915, 17915]
[17917, 17917]
[17919, 17920]
[17923, 17923]
[17925, 17925]
[17927, 17927]
[17929, 17929]
[17931, 17931]
[17933, 17933]
[17935, 17935]
[17937, 17937]
[17939, 17939]
[17941, 17941]
[17943, 17943]
[17945, 17945]
[17947, 17947]
[17949, 17949]
[17951, 17951]
[17953, 17953]
[17955, 17955]
[17957, 17957]
[17959, 17959]
[17961, 17961]
[17963, 17963]
[17965, 17965]
[17968, 17968]
[17970, 17970]
[17972, 17972]
[17974, 17974]
[17976, 17976]
[17978, 17978]
[17980, 17980]
[17982, 17982]
[17984, 17984]
[17986, 17986]
[17988, 17988]
[17990, 17990]
[17992, 17992]
[17994, 17994]
[17996, 17996]
[17998, 17998]
[18000, 18000]
[18002, 18002]
[18004, 18004]
[18006, 18006]
[18008, 18008]
[18010, 18010]
[18012, 18012]
[18014, 18014]
[18016, 18016]
[18018, 18018]
[18020, 18020]
[18022, 18022]
[18024, 18024]
[18026, 18026]
[18028, 18028]
[18030, 18030]
[18032, 18032]
[18034, 18034]
[18036, 18036]
[18038, 18038]
[18040, 18040]
[18043, 18043]
[18045, 18045]
[18047, 18047]
[18049, 18049]
[18051, 18051]
[18053, 18053]
[18055, 18055]
[18057, 18057]
[18059, 18059]
[18061, 18061]
[18063, 18063]
[18065, 18065]
[18067, 18067]
[18069, 18069]
[18071, 18071]
[18073, 18073]
[18075, 18075]
[18077, 18077]
[18079, 18079]
[18081, 18081]
[18083, 18083]
[18085, 18085]
[18087, 18087]
[18089, 18089]
[18091, 18091]
[18093, 18093]
[18095, 18095]
[18097, 18097]
[18099, 18099]
[18101, 18101]
[18103, 18103]
[18105, 18105]
[18107, 18107]
[18109, 18109]
[18111, 18111]
[18113, 18113]
[18115, 18115]
[18117, 18117]
[18120, 18121]
[18123, 18123]
[18126, 18126]
[18128, 18128]
[18130, 18130]
[18132, 18132]
[18134, 18134]
[18136, 18136]
[18138, 18138]
[18140, 18140]
[18142, 18142]
[18144, 18144]
[18146, 18146]
[18148, 18148]
[18150, 18150]
[18152, 18152]
[18154, 18154]
[18156, 18156]
[18158, 18158]
[18160, 18160]
[18162, 18162]
[18164, 18164]
[18166, 18166]
[18168, 18168]
[18170, 18170]
[18172, 18172]
[18174, 18174]
[18176, 18176]
[18178, 18178]
[18180, 18180]
[18182, 18182]
[18184, 18184]
[18186, 18186]
[18188, 18188]
[18190, 18190]
[18192, 18192]
[18194, 18194]
[18196, 18196]
[18198, 18198]
[18200, 18200]
[18202, 18202]
[18204, 18204]
[18207, 18208]
[18211, 18211]
[18213, 18213]
[18215, 18216]
[18219, 18219]
[18221, 18221]
[18223, 18223]
[18225, 18225]
[18227, 18227]
[18229, 18229]
[18231, 18231]
[18233, 18233]
[18235, 18235]
[18237, 18237]
[18239, 18239]
[18241, 18241]
[18243, 18243]
[18245, 18245]
[18247, 18247]
[18249, 18249]
[18251, 18251]
[18253, 18253]
[18255, 18255]
[18257, 18257]
[18259, 18259]
[18261, 18261]
[18263, 18263]
[18265, 18265]
[18267, 18267]
[18269, 18269]
[18271, 18271]
[18273, 18273]
[18275, 18275]
[18277, 18277]
[18279, 18279]
[18281, 18281]
[18283, 18283]
[18285, 18285]
[18287, 18287]
[18289, 18289]
[18291, 18291]
[18293, 18293]
[18296, 18296]
[18298, 18298]
[18300, 18300]
[18302, 18302]
[18304, 18304]
[18306, 18306]
[18308, 18308]
[18310, 18310]
[18312, 18312]
[18314, 18314]
[18316, 18316]
[18318, 18318]
[18320, 18320]
[18322, 18322]
[18324, 18324]
[18326, 18326]
[18328, 18328]
[18330, 18330]
[18332, 18332]
[18334, 18334]
[18336, 18336]
[18338, 18338]
[18340, 18340]
[18342, 18342]
[18344, 18344]
[18346, 18346]
[18348, 18348]
[18350, 18350]
[18352, 18352]
[18354, 18354]
[18356, 18356]
[18358, 18358]
[18360, 18360]
[18362, 18362]
[18365, 18365]
[18367, 18367]
[18369, 18369]
[18371, 18372]
[18374, 18375]
[18379, 18380]
[18382, 18409]
[18412, 18421]
[18423, 18423]
[18425, 18425]
[18427, 18427]
[18429, 18429]
[18431, 18431]
[18433, 18433]
[18435, 18435]
[18437, 18437]
[18439, 18439]
[18441, 18441]
[18443, 18443]
[18445, 18445]
[18447, 18447]
[18449, 18449]
[18451, 18451]
[18453, 18453]
[18455, 18455]
[18457, 18457]
[18459, 18459]
[18461, 18461]
[18463, 18463]
[18465, 18465]
[18467, 18467]
[18470, 18470]
[18472, 18472]
[18474, 18474]
[18476, 18476]
[18478, 18478]
[18480, 18480]
[18482, 18482]
[18484, 18484]
[18486, 18486]
[18488, 18488]
[18490, 18490]
[18492, 18492]
[18494, 18494]
[18496, 18496]
[18498, 18498]
[18500, 18500]
[18502, 18502]
[18504, 18504]
[18506, 18506]
[18508, 18508]
[18510, 18510]
[18512, 18512]
[18514, 18514]
[18516, 18516]
[18518, 18518]
[18520, 18520]
[18522, 18522]
[18524, 18524]
[18526, 18526]
[18528, 18528]
[18530, 18530]
[18532, 18532]
[18534, 18534]
[18536, 18536]
[18538, 18538]
[18540, 18540]
[18542, 18542]
[18544, 18544]
[18546, 18546]
[18548, 18548]
[18550, 18550]
[18553, 18553]
[18555, 18555]
[18557, 18557]
[18559, 18559]
[18561, 18561]
[18563, 18563]
[18565, 18565]
[18567, 18567]
[18569, 18569]
[18571, 18571]
[18573, 18573]
[18575, 18575]
[18577, 18577]
[18579, 18579]
[18581, 18581]
[18583, 18583]
[18585, 18585]
[18587, 18587]
[18589, 18589]
[18591, 18591]
[18593, 18593]
[18595, 18595]
[18597, 18597]
[18599, 18599]
[18601, 18601]
[18603, 18603]
[18605, 18605]
[18607, 18607]
[18609, 18609]
[18611, 18611]
[18613, 18613]
[18615, 18615]
[18617, 18617]
[18619, 18619]
[18621, 18621]
[18623, 18623]
[18625, 18625]
[18627, 18627]
[18629, 18629]
[18631, 18631]
[18633, 18633]
[18635, 18635]
[18637, 18637]
[18640, 18641]
[18643, 18643]
[18646, 18646]
[18648, 18648]
[18650, 18650]
[18652, 18652]
[18654, 18654]
[18656, 18656]
[18658, 18658]
[18660, 18660]
[18662, 18662]
[18664, 18664]
[18666, 18666]
[18668, 18668]
[18670, 18670]
[18672, 18672]
[18674, 18674]
[18676, 18676]
[18678, 18678]
[18680, 18680]
[18682, 18682]
[18684, 18684]
[18686, 18686]
[18688, 18688]
[18690, 18690]
[18692, 18692]
[18694, 18694]
[18696, 18696]
[18698, 18698]
[18700, 18700]
[18702, 18702]
[18704, 18704]
[18706, 18706]
[18708, 18708]
[18710, 18710]
[18712, 18712]
[18714, 18714]
[18716, 18716]
[18718, 18718]
[18720, 18720]
[18722, 18722]
[18724, 18724]
[18725, 18729]
[18732, 18735]
[18738, 18739]
[18742, 18742]
[18744, 18744]
[18746, 18746]
[18748, 18748]
[18750, 18750]
[18752, 18752]
[18754, 18754]
[18756, 18756]
[18758, 18758]
[18760, 18760]
[18762, 18762]
[18764, 18764]
[18766, 18766]
[18768, 18768]
[18770, 18770]
[18772, 18772]
[18774, 18774]
[18776, 18776]
[18778, 18778]
[18780, 18780]
[18782, 18782]
[18784, 18784]
[18786, 18786]
[18788, 18788]
[18790, 18790]
[18792, 18792]
[18794, 18794]
[18796, 18796]
[18798, 18798]
[18800, 18800]
[18802, 18802]
[18804, 18804]
[18806, 18806]
[18808, 18808]
[18810, 18810]
[18812, 18812]
[18814, 18814]
[18816, 18816]
[18818, 18818]
[18820, 18820]
[18822, 18822]
[18824, 18824]
[18826, 18826]
[18829, 18830]
[18833, 18833]
[18835, 18835]
[18837, 18837]
[18839, 18839]
[18841, 18841]
[18843, 18843]
[18845, 18845]
[18847, 18847]
[18849, 18849]
[18851, 18851]
[18853, 18853]
[18855, 18855]
[18857, 18857]
[18859, 18859]
[18861, 18861]
[18863, 18863]
[18865, 18865]
[18867, 18867]
[18869, 18869]
[18871, 18871]
[18873, 18873]
[18875, 18875]
[18877, 18877]
[18879, 18879]
[18881, 18881]
[18883, 18883]
[18885, 18885]
[18887, 18887]
[18889, 18889]
[18891, 18891]
[18893, 18893]
[18895, 18895]
[18897, 18897]
[18899, 18899]
[18901, 18901]
[18903, 18903]
[18906, 18906]
[18908, 18908]
[18910, 18910]
[18912, 18912]
[18914, 18914]
[18916, 18916]
[18918, 18918]
[18920, 18920]
[18922, 18922]
[18924, 18924]
[18926, 18926]
[18928, 18928]
[18930, 18930]
[18932, 18932]
[18934, 18934]
[18936, 18936]
[18938, 18938]
[18940, 18940]
[18942, 18942]
[18944, 18944]
[18946, 18946]
[18948, 18948]
[18950, 18950]
[18952, 18952]
[18954, 18954]
[18956, 18956]
[18958, 18958]
[18960, 18960]
[18962, 18962]
[18964, 18964]
[18966, 18966]
[18968, 18968]
[18970, 18970]
[18972, 18972]
[18974, 18974]
[18976, 18976]
[18978, 18978]
[18980, 18980]
[18982, 18982]
[18984, 18984]
[18986, 18986]
[18989, 18989]
[18991, 18991]
[18993, 18993]
[18995, 18995]
[18997, 18997]
[18999, 18999]
[19001, 19001]
[19003, 19003]
[19005, 19005]
[19007, 19007]
[19009, 19009]
[19011, 19011]
[19013, 19013]
[19015, 19015]
[19017, 19017]
[19019, 19019]
[19021, 19021]
[19023, 19023]
[19025, 19025]
[19027, 19027]
[19029, 19029]
[19031, 19031]
[19033, 19033]
[19035, 19035]
[19037, 19037]
[19039, 19039]
[19041, 19041]
[19043, 19043]
[19045, 19045]
[19047, 19047]
[19049, 19049]
[19051, 19051]
[19054, 19055]
[19058, 19058]
[19060, 19060]
[19062, 19064]
[19067, 19067]
[19069, 19070]
[19073, 19073]
[19075, 19075]
[19077, 19077]
[19079, 19079]
[19081, 19081]
[19083, 19083]
[19085, 19085]
[19087, 19087]
[19089, 19089]
[19091, 19091]
[19093, 19093]
[19095, 19095]
[19097, 19097]
[19099, 19099]
[19101, 19101]
[19104, 19104]
[19106, 19106]
[19108, 19108]
[19110, 19110]
[19112, 19112]
[19114, 19114]
[19116, 19116]
[19118, 19118]
[19120, 19120]
[19122, 19122]
[19124, 19124]
[19126, 19126]
[19128, 19128]
[19130, 19130]
[19132, 19132]
[19134, 19134]
[19136, 19136]
[19138, 19138]
[19140, 19140]
[19142, 19142]
[19144, 19144]
[19146, 19146]
[19148, 19148]
[19150, 19150]
[19152, 19152]
[19154, 19154]
[19156, 19156]
[19158, 19158]
[19160, 19160]
[19162, 19162]
[19164, 19164]
[19166, 19166]
[19168, 19168]
[19170, 19170]
[19172, 19172]
[19175, 19175]
[19177, 19177]
[19179, 19179]
[19181, 19181]
[19183, 19183]
[19185, 19185]
[19187, 19187]
[19189, 19189]
[19191, 19191]
[19193, 19193]
[19195, 19195]
[19197, 19197]
[19199, 19199]
[19201, 19201]
[19203, 19203]
[19205, 19205]
[19207, 19207]
[19209, 19209]
[19211, 19211]
[19214, 19214]
[19216, 19216]
[19218, 19218]
[19220, 19220]
[19222, 19222]
[19224, 19224]
[19226, 19226]
[19228, 19228]
[19230, 19230]
[19232, 19232]
[19234, 19234]
[19236, 19236]
[19238, 19238]
[19240, 19240]
[19242, 19242]
[19244, 19244]
[19246, 19246]
[19248, 19248]
[19250, 19250]
[19252, 19252]
[19254, 19254]
[19256, 19256]
[19258, 19258]
[19260, 19260]
[19262, 19262]
[19264, 19264]
[19266, 19266]
[19268, 19268]
[19270, 19270]
[19272, 19272]
[19274, 19274]
[19276, 19276]
[19278, 19278]
[19280, 19280]
[19282, 19282]
[19284, 19284]
[19287, 19288]
[19291, 19291]
[19293, 19293]
[19295, 19295]
[19297, 19297]
[19299, 19299]
[19301, 19301]
[19303, 19303]
[19305, 19305]
[19307, 19307]
[19309, 19309]
[19311, 19311]
[19313, 19313]
[19315, 19315]
[19317, 19317]
[19319, 19319]
[19321, 19321]
[19323, 19323]
[19325, 19325]
[19327, 19327]
[19329, 19329]
[19331, 19331]
[19333, 19333]
[19335, 19335]
[19337, 19337]
[19339, 19339]
[19341, 19341]
[19343, 19343]
[19345, 19345]
[19347, 19347]
[19349, 19349]
[19351, 19351]
[19353, 19353]
[19355, 19355]
[19357, 19357]
[19359, 19359]
[19361, 19361]
[19363, 19363]
[19365, 19365]
[19367, 19367]
[19369, 19369]
[19371, 19371]
[19373, 19373]
[19376, 19376]
[19378, 19378]
[19380, 19380]
[19382, 19382]
[19384, 19384]
[19386, 19386]
[19388, 19388]
[19390, 19390]
[19392, 19392]
[19394, 19394]
[19396, 19396]
[19398, 19398]
[19400, 19400]
[19402, 19402]
[19404, 19404]
[19406, 19406]
[19408, 19408]
[19410, 19410]
[19412, 19412]
[19414, 19414]
[19416, 19416]
[19418, 19418]
[19420, 19420]
[19422, 19422]
[19424, 19424]
[19426, 19426]
[19428, 19428]
[19430, 19430]
[19432, 19432]
[19434, 19434]
[19436, 19436]
[19438, 19438]
[19440, 19440]
[19442, 19442]
[19444, 19444]
[19446, 19446]
[19448, 19448]
[19450, 19450]
[19452, 19452]
[19454, 19454]
[19456, 19456]
[19459, 19460]
[19463, 19463]
[19465, 19465]
[19467, 19467]
[19469, 19469]
[19471, 19471]
[19473, 19473]
[19475, 19475]
[19477, 19477]
[19479, 19479]
[19481, 19481]
[19483, 19483]
[19485, 19485]
[19487, 19487]
[19489, 19489]
[19491, 19491]
[19493, 19493]
[19495, 19495]
[19497, 19497]
[19499, 19499]
[19501, 19501]
[19503, 19503]
[19505, 19505]
[19507, 19507]
[19509, 19509]
[19511, 19511]
[19513, 19513]
[19515, 19515]
[19517, 19517]
[19519, 19519]
[19521, 19521]
[19523, 19523]
[19525, 19525]
[19527, 19527]
[19529, 19529]
[19531, 19531]
[19533, 19533]
[19535, 19535]
[19537, 19537]
[19540, 19540]
[19542, 19542]
[19544, 19544]
[19546, 19546]
[19548, 19548]
[19550, 19550]
[19552, 19552]
[19554, 19554]
[19556, 19556]
[19558, 19558]
[19560, 19560]
[19562, 19562]
[19564, 19564]
[19566, 19566]
[19568, 19568]
[19570, 19570]
[19572, 19572]
[19574, 19574]
[19576, 19576]
[19578, 19578]
[19580, 19580]
[19582, 19582]
[19584, 19584]
[19586, 19586]
[19588, 19588]
[19590, 19590]
[19592, 19592]
[19594, 19594]
[19596, 19596]
[19598, 19598]
[19600, 19600]
[19602, 19602]
[19604, 19604]
[19606, 19606]
[19608, 19608]
[19610, 19610]
[19612, 19612]
[19614, 19614]
[19616, 19616]
[19618, 19618]
[19620, 19620]
[19622, 19622]
[19624, 19624]
[19627, 19628]
[19631, 19631]
[19633, 19633]
[19635, 19635]
[19637, 19637]
[19639, 19639]
[19641, 19641]
[19643, 19643]
[19645, 19645]
[19647, 19647]
[19649, 19649]
[19651, 19651]
[19653, 19654]
[19657, 19657]
[19659, 19659]
[19661, 19661]
[19663, 19663]
[19665, 19665]
[19667, 19667]
[19669, 19669]
[19671, 19671]
[19673, 19673]
[19675, 19675]
[19677, 19677]
[19679, 19679]
[19681, 19681]
[19683, 19683]
[19685, 19685]
[19687, 19687]
[19689, 19689]
[19691, 19691]
[19693, 19693]
[19695, 19695]
[19697, 19697]
[19699, 19699]
[19701, 19701]
[19703, 19703]
[19705, 19705]
[19707, 19707]
[19709, 19709]
[19711, 19711]
[19713, 19713]
[19715, 19715]
[19718, 19718]
[19720, 19720]
[19722, 19722]
[19724, 19724]
[19726, 19726]
[19728, 19728]
[19730, 19730]
[19732, 19732]
[19734, 19734]
[19736, 19736]
[19738, 19738]
[19740, 19740]
[19742, 19742]
[19744, 19744]
[19746, 19746]
[19748, 19748]
[19750, 19750]
[19752, 19752]
[19754, 19754]
[19756, 19756]
[19758, 19758]
[19760, 19760]
[19762, 19762]
[19764, 19764]
[19766, 19766]
[19768, 19768]
[19770, 19770]
[19772, 19772]
[19774, 19774]
[19776, 19776]
[19778, 19778]
[19780, 19780]
[19782, 19782]
[19784, 19784]
[19786, 19786]
[19788, 19788]
[19790, 19790]
[19792, 19792]
[19794, 19794]
[19796, 19796]
[19798, 19798]
[19801, 19801]
[19803, 19803]
[19805, 19805]
[19807, 19807]
[19809, 19809]
[19811, 19811]
[19813, 19813]
[19815, 19815]
[19817, 19817]
[19819, 19819]
[19821, 19821]
[19823, 19823]
[19825, 19825]
[19827, 19827]
[19829, 19829]
[19831, 19831]
[19833, 19833]
[19835, 19835]
[19837, 19837]
[19839, 19839]
[19841, 19841]
[19843, 19843]
[19845, 19845]
[19847, 19847]
[19849, 19849]
[19851, 19851]
[19853, 19853]
[19855, 19855]
[19857, 19857]
[19859, 19859]
[19861, 19861]
[19863, 19863]
[19865, 19865]
[19867, 19867]
[19869, 19869]
[19871, 19871]
[19873, 19873]
[19875, 19875]
[19877, 19877]
[19880, 19880]
[19882, 19882]
[19884, 19884]
[19886, 19886]
[19888, 19888]
[19890, 19890]
[19892, 19892]
[19894, 19894]
[19896, 19896]
[19898, 19898]
[19899, 19903]
[19906, 19907]
[19909, 19909]
[19910, 19938]
[19940, 19948]
[19960, 19992]
[19994, 20002]
[20006, 20007]
[20009, 20010]
[20014, 20015]
[20019, 20019]
[20020, 20020]
[20022, 20022]
[20023, 20023]
[20025, 20044]
[20046, 20054]
[20059, 20061]
[20062, 20066]
[20067, 20068]
[20073, 20075]
[20076, 20080]
[20084, 20087]
[20089, 20089]
[20091, 20091]
[20093, 20093]
[20095, 20095]
[20097, 20097]
[20099, 20099]
[20101, 20101]
[20103, 20103]
[20105, 20105]
[20107, 20107]
[20109, 20109]
[20111, 20111]
[20113, 20113]
[20115, 20115]
[20117, 20117]
[20119, 20119]
[20121, 20121]
[20123, 20123]
[20125, 20125]
[20127, 20127]
[20129, 20129]
[20131, 20131]
[20133, 20133]
[20135, 20135]
[20137, 20137]
[20139, 20139]
[20141, 20141]
[20143, 20143]
[20145, 20145]
[20147, 20147]
[20149, 20149]
[20151, 20151]
[20153, 20153]
[20155, 20155]
[20157, 20157]
[20160, 20161]
[20164, 20164]
[20166, 20166]
[20168, 20168]
[20170, 20170]
[20172, 20172]
[20174, 20174]
[20176, 20176]
[20178, 20178]
[20180, 20180]
[20182, 20182]
[20184, 20184]
[20186, 20186]
[20188, 20188]
[20190, 20190]
[20192, 20192]
[20194, 20194]
[20196, 20196]
[20198, 20198]
[20200, 20200]
[20202, 20202]
[20204, 20204]
[20206, 20206]
[20208, 20208]
[20210, 20210]
[20212, 20212]
[20214, 20214]
[20216, 20216]
[20218, 20218]
[20220, 20220]
[20222, 20222]
[20224, 20224]
[20226, 20226]
[20228, 20228]
[20230, 20230]
[20233, 20234]
[20237, 20237]
[20239, 20239]
[20241, 20241]
[20243, 20243]
[20245, 20245]
[20247, 20247]
[20249, 20249]
[20251, 20251]
[20253, 20253]
[20255, 20255]
[20257, 20257]
[20259, 20259]
[20261, 20261]
[20263, 20263]
[20265, 20265]
[20267, 20267]
[20269, 20269]
[20271, 20271]
[20273, 20273]
[20275, 20275]
[20277, 20277]
[20279, 20279]
[20281, 20281]
[20283, 20283]
[20285, 20285]
[20287, 20287]
[20289, 20289]
[20291, 20291]
[20293, 20293]
[20295, 20295]
[20297, 20297]
[20299, 20299]
[20301, 20301]
[20303, 20303]
[20305, 20305]
[20307, 20307]
[20309, 20309]
[20312, 20313]
[20316, 20316]
[20318, 20318]
[20320, 20320]
[20322, 20322]
[20324, 20324]
[20326, 20326]
[20328, 20328]
[20330, 20330]
[20332, 20332]
[20334, 20334]
[20336, 20336]
[20338, 20338]
[20340, 20340]
[20342, 20342]
[20344, 20344]
[20346, 20346]
[20348, 20348]
[20350, 20350]
[20352, 20352]
[20354, 20354]
[20356, 20356]
[20358, 20358]
[20360, 20360]
[20362, 20362]
[20364, 20364]
[20366, 20366]
[20368, 20368]
[20370, 20370]
[20372, 20372]
[20374, 20374]
[20376, 20376]
[20378, 20378]
[20380, 20380]
[20382, 20382]
[20384, 20384]
[20386, 20386]
[20388, 20388]
[20390, 20390]
[20392, 20392]
[20394, 20394]
[20396, 20396]
[20399, 20400]
[20403, 20403]
[20405, 20405]
[20407, 20407]
[20409, 20409]
[20411, 20411]
[20413, 20413]
[20415, 20415]
[20417, 20417]
[20419, 20419]
[20421, 20421]
[20423, 20423]
[20425, 20425]
[20427, 20427]
[20429, 20429]
[20431, 20431]
[20433, 20433]
[20435, 20435]
[20437, 20437]
[20439, 20439]
[20441, 20441]
[20443, 20443]
[20445, 20445]
[20447, 20447]
[20449, 20449]
[20451, 20451]
[20453, 20453]
[20455, 20455]
[20457, 20457]
[20459, 20459]
[20461, 20461]
[20463, 20463]
[20465, 20465]
[20467, 20467]
[20469, 20469]
[20471, 20471]
[20473, 20473]
[20475, 20475]
[20477, 20477]
[20479, 20479]
[20481, 20481]
[20483, 20483]
[20485, 20485]
[20487, 20487]
[20490, 20491]
[20494, 20494]
[20496, 20496]
[20498, 20498]
[20500, 20500]
[20502, 20502]
[20504, 20504]
[20506, 20506]
[20508, 20508]
[20510, 20510]
[20512, 20512]
[20514, 20514]
[20516, 20516]
[20518, 20518]
[20520, 20520]
[20522, 20522]
[20524, 20524]
[20526, 20526]
[20528, 20528]
[20530, 20530]
[20532, 20532]
[20534, 20534]
[20536, 20536]
[20538, 20538]
[20540, 20540]
[20542, 20542]
[20544, 20544]
[20546, 20546]
[20548, 20548]
[20550, 20550]
[20552, 20552]
[20554, 20554]
[20556, 20556]
[20558, 20558]
[20560, 20560]
[20562, 20562]
[20564, 20564]
[20566, 20566]
[20568, 20569]
[20573, 20574]
[20576, 20576]
[20579, 20579]
[20580, 20580]
[20581, 20603]
[20606, 20606]
[20608, 20608]
[20610, 20610]
[20612, 20612]
[20614, 20614]
[20616, 20616]
[20618, 20618]
[20620, 20620]
[20622, 20622]
[20624, 20624]
[20626, 20626]
[20628, 20628]
[20630, 20630]
[20632, 20632]
[20634, 20634]
[20636, 20636]
[20638, 20638]
[20640, 20640]
[20642, 20642]
[20644, 20644]
[20646, 20646]
[20648, 20648]
[20650, 20650]
[20652, 20652]
[20654, 20654]
[20656, 20656]
[20658, 20658]
[20660, 20660]
[20662, 20662]
[20664, 20664]
[20666, 20666]
[20668, 20668]
[20670, 20670]
[20672, 20672]
[20674, 20674]
[20676, 20676]
[20678, 20687]
[20690, 20690]
[20692, 20692]
[20694, 20694]
[20696, 20696]
[20698, 20698]
[20700, 20700]
[20702, 20702]
[20704, 20704]
[20706, 20706]
[20708, 20708]
[20710, 20710]
[20712, 20712]
[20714, 20714]
[20716, 20716]
[20718, 20718]
[20720, 20720]
[20722, 20722]
[20724, 20724]
[20726, 20726]
[20728, 20728]
[20730, 20730]
[20732, 20732]
[20734, 20734]
[20736, 20736]
[20738, 20738]
[20740, 20740]
[20742, 20742]
[20744, 20744]
[20746, 20746]
[20748, 20748]
[20750, 20750]
[20752, 20752]
[20754, 20754]
[20757, 20758]
[20760, 20760]
[20763, 20763]
[20765, 20765]
[20767, 20767]
[20769, 20769]
[20771, 20771]
[20773, 20773]
[20775, 20775]
[20777, 20777]
[20779, 20779]
[20781, 20781]
[20783, 20783]
[20785, 20785]
[20787, 20787]
[20789, 20789]
[20791, 20791]
[20793, 20793]
[20795, 20795]
[20797, 20797]
[20799, 20799]
[20801, 20801]
[20803, 20803]
[20805, 20805]
[20807, 20807]
[20809, 20809]
[20811, 20811]
[20813, 20813]
[20815, 20815]
[20817, 20817]
[20819, 20819]
[20821, 20821]
[20823, 20823]
[20825, 20825]
[20827, 20827]
[20829, 20829]
[20831, 20831]
[20833, 20833]
[20835, 20835]
[20837, 20837]
[20839, 20839]
[20841, 20841]
[20843, 20843]
[20845, 20845]
[20847, 20847]
[20849, 20849]
[20852, 20852]
[20854, 20854]
[20856, 20856]
[20858, 20858]
[20860, 20860]
[20862, 20862]
[20864, 20864]
[20866, 20866]
[20868, 20868]
[20870, 20870]
[20872, 20872]
[20874, 20874]
[20876, 20876]
[20878, 20878]
[20880, 20880]
[20882, 20882]
[20884, 20884]
[20886, 20886]
[20888, 20888]
[20890, 20890]
[20892, 20892]
[20894, 20894]
[20896, 20896]
[20898, 20898]
[20900, 20900]
[20902, 20902]
[20904, 20904]
[20906, 20906]
[20908, 20908]
[20910, 20910]
[20912, 20912]
[20914, 20914]
[20916, 20916]
[20918, 20918]
[20920, 20920]
[20922, 20922]
[20924, 20924]
[20926, 20926]
[20928, 20928]
[20930, 20930]
[20933, 20933]
[20935, 20935]
[20937, 20937]
[20939, 20939]
[20941, 20941]
[20943, 20943]
[20945, 20945]
[20947, 20947]
[20949, 20949]
[20951, 20951]
[20953, 20953]
[20955, 20955]
[20957, 20957]
[20959, 20959]
[20961, 20961]
[20963, 20963]
[20965, 20965]
[20967, 20967]
[20969, 20969]
[20971, 20971]
[20973, 20973]
[20975, 20975]
[20977, 20977]
[20979, 20979]
[20981, 20981]
[20983, 20983]
[20985, 20985]
[20987, 20987]
[20989, 20989]
[20991, 20991]
[20993, 20993]
[20995, 20995]
[20997, 20997]
[20999, 20999]
[21001, 21001]
[21003, 21003]
[21005, 21005]
[21008, 21009]
[21012, 21012]
[21014, 21014]
[21016, 21016]
[21018, 21018]
[21020, 21020]
[21022, 21022]
[21024, 21024]
[21026, 21026]
[21028, 21028]
[21030, 21030]
[21032, 21032]
[21034, 21034]
[21036, 21036]
[21038, 21038]
[21040, 21040]
[21042, 21042]
[21044, 21044]
[21046, 21046]
[21048, 21048]
[21050, 21050]
[21052, 21052]
[21054, 21054]
[21056, 21056]
[21058, 21058]
[21060, 21060]
[21062, 21062]
[21064, 21064]
[21066, 21066]
[21068, 21068]
[21070, 21070]
[21072, 21072]
[21074, 21074]
[21076, 21076]
[21078, 21078]
[21080, 21080]
[21082, 21082]
[21084, 21084]
[21086, 21086]
[21089, 21090]
[21093, 21093]
[21095, 21095]
[21097, 21097]
[21099, 21099]
[21101, 21101]
[21103, 21103]
[21105, 21105]
[21107, 21107]
[21109, 21109]
[21111, 21111]
[21113, 21113]
[21115, 21115]
[21117, 21117]
[21119, 21119]
[21121, 21121]
[21123, 21123]
[21125, 21125]
[21127, 21127]
[21129, 21129]
[21131, 21131]
[21133, 21133]
[21135, 21135]
[21137, 21137]
[21139, 21139]
[21141, 21141]
[21142, 21147]
[21148, 21153]
[21154, 21164]
[21167, 21170]
[21172, 21172]
[21174, 21174]
[21176, 21176]
[21178, 21178]
[21180, 21180]
[21182, 21182]
[21184, 21184]
[21186, 21186]
[21188, 21188]
[21190, 21190]
[21192, 21192]
[21194, 21194]
[21196, 21196]
[21198, 21198]
[21200, 21200]
[21202, 21202]
[21204, 21204]
[21206, 21206]
[21209, 21210]
[21213, 21214]
[21217, 21217]
[21219, 21219]
[21221, 21228]
[21230, 21231]
[21235, 21260]
[21261, 21264]
[21268, 21276]
[21286, 21286]
[21293, 21318]
[21319, 21322]
[21331, 21335]
[21341, 21366]
[21367, 21370]
[21371, 21374]
[21384, 21392]
[21397, 21399]
[21401, 21402]
[21404, 21405]
[21409, 21434]
[21435, 21438]
[21440, 21448]
[21453, 21455]
[21456, 21460]
[21464, 21489]
[21491, 21492]
[21496, 21521]
[21522, 21525]
[21527, 21537]
[21539, 21540]
[21544, 21569]
[21570, 21573]
[21575, 21583]
[21585, 21585]
[21592, 21617]
[21623, 21631]
[21637, 21638]
[21643, 21643]
[21644, 21644]
[21645, 21667]
[21669, 21677]
[21679, 21679]
[21686, 21711]
[21712, 21715]
[21717, 21725]
[21731, 21732]
[21737, 21737]
[21738, 21738]
[21739, 21761]
[21763, 21771]
[22484, 22484]
[22486, 22487]
[22491, 22516]
[22517, 22520]
[22528, 22536]
[23537, 23537]
[23539, 23540]
[23544, 23569]
[23570, 23573]
[23575, 23583]
[24584, 24584]
[24586, 24587]
[24591, 24616]
[24617, 24620]
[24647, 24655]
[25656, 25656]
[25658, 25659]
[25663, 25664]
[25668, 25668]
[25669, 25669]
[25671, 25671]
[25672, 25672]
[25673, 25673]
[25677, 25677]
[25678, 25678]
[25679, 25679]
[25680, 25680]
[25681, 25686]
[25688, 25693]
[25863, 25871]
[26351, 26361]
[26364, 26370]
[26373, 26376]
[26378, 26380]
[26900, 26900]
[26902, 26903]
[26907, 26932]
[26933, 26936]
[26939, 26947]
[27424, 27434]
[27435, 27440]
[27441, 27443]
[27444, 27454]
[27457, 27459]
[27553, 27553]
[27555, 27556]
[27560, 27585]
[27586, 27589]
[27592, 27600]
[27605, 27606]
[27608, 27609]
[27613, 27614]
[27618, 27618]
[27619, 27619]
[27621, 27621]
[27622, 27622]
[27623, 27623]
[27627, 27627]
[27628, 27628]
[27629, 27629]
[27630, 27630]
[27631, 27631]
[27632, 27632]
[27638, 27649]
[27651, 27653]
[27657, 27668]
[27670, 27673]
[27869, 27871]
[27890, 27892]
[27938, 27940]
[27941, 27942]
[27944, 27945]
[27949, 27974]
[27975, 27978]
[27980, 27988]
[27990, 27991]
[27993, 27994]
[27998, 28023]
[28024, 28027]
[28031, 28039]
[28043, 28054]
[28167, 28169]
[28222, 28222]
[28224, 28225]
[28229, 28254]
[28255, 28258]
[28260, 28268]
[28460, 28462]
[28463, 28464]
[28466, 28467]
[28471, 28496]
[28497, 28500]
[28531, 28539]
[28750, 28750]
[28757, 28782]
[28783, 28786]
[28806, 28814]
[28820, 28845]
[28846, 28849]
[28870, 28878]
[28882, 28885]
[28888, 28888]
[28890, 28890]
[28892, 28892]
[28894, 28894]
[28896, 28896]
[28898, 28898]
[28900, 28900]
[28902, 28902]
[28904, 28904]
[28906, 28906]
[28908, 28908]
[28910, 28910]
[28912, 28912]
[28914, 28914]
[28916, 28916]
[28918, 28918]
[28920, 28920]
[28922, 28922]
[28924, 28924]
[28926, 28926]
[28928, 28928]
[28930, 28930]
[28932, 28932]
[28934, 28934]
[28936, 28936]
[28938, 28938]
[28940, 28940]
[28942, 28942]
[28944, 28944]
[28946, 28946]
[28949, 28950]
[28953, 28954]
[28957, 28957]
[28959, 28959]
[28961, 28961]
[28963, 28963]
[28965, 28965]
[28967, 28967]
[28969, 28969]
[28971, 28971]
[28973, 28973]
[28975, 28975]
[28977, 28977]
[28979, 28979]
[28981, 28981]
[28983, 28983]
[28985, 28985]
[28987, 28987]
[28989, 28989]
[28991, 28991]
[28993, 28993]
[28995, 28995]
[28997, 28997]
[28999, 28999]
[29001, 29001]
[29003, 29003]
[29005, 29005]
[29007, 29007]
[29009, 29009]
[29011, 29011]
[29013, 29013]
[29015, 29015]
[29017, 29017]
[29019, 29019]
[29021, 29021]
[29023, 29023]
[29025, 29025]
[29027, 29027]
[29029, 29029]
[29031, 29031]
[29033, 29033]
[29035, 29035]
[29037, 29037]
[29039, 29039]
[29042, 29043]
[29046, 29046]
[29048, 29048]
[29050, 29050]
[29052, 29052]
[29054, 29054]
[29056, 29056]
[29058, 29058]
[29060, 29060]
[29062, 29062]
[29064, 29064]
[29066, 29066]
[29068, 29068]
[29070, 29070]
[29072, 29072]
[29074, 29074]
[29076, 29076]
[29078, 29078]
[29080, 29080]
[29082, 29082]
[29084, 29084]
[29086, 29086]
[29088, 29088]
[29090, 29090]
[29092, 29092]
[29094, 29094]
[29096, 29096]
[29098, 29098]
[29100, 29100]
[29102, 29102]
[29104, 29104]
[29106, 29106]
[29108, 29108]
[29110, 29110]
[29112, 29112]
[29114, 29114]
[29116, 29116]
[29118, 29118]
[29120, 29120]
[29122, 29122]
[29124, 29124]
[29127, 29127]
[29129, 29129]
[29131, 29131]
[29133, 29133]
[29135, 29135]
[29137, 29137]
[29139, 29139]
[29141, 29141]
[29143, 29143]
[29145, 29145]
[29147, 29147]
[29149, 29149]
[29151, 29151]
[29153, 29153]
[29155, 29155]
[29157, 29157]
[29159, 29159]
[29161, 29161]
[29163, 29163]
[29165, 29165]
[29167, 29167]
[29169, 29169]
[29171, 29171]
[29173, 29173]
[29175, 29175]
[29177, 29177]
[29179, 29179]
[29181, 29181]
[29183, 29183]
[29185, 29185]
[29187, 29187]
[29189, 29189]
[29191, 29191]
[29193, 29193]
[29195, 29195]
[29198, 29199]
[29202, 29203]
[29206, 29206]
[29208, 29208]
[29210, 29210]
[29212, 29212]
[29214, 29214]
[29216, 29216]
[29218, 29218]
[29220, 29220]
[29222, 29222]
[29224, 29224]
[29226, 29226]
[29228, 29228]
[29230, 29230]
[29232, 29232]
[29234, 29234]
[29236, 29236]
[29238, 29238]
[29240, 29240]
[29242, 29242]
[29244, 29244]
[29246, 29246]
[29248, 29248]
[29250, 29250]
[29252, 29252]
[29254, 29254]
[29256, 29256]
[29258, 29258]
[29260, 29260]
[29262, 29262]
[29264, 29264]
[29266, 29266]
[29268, 29268]
[29270, 29270]
[29272, 29272]
[29274, 29274]
[29277, 29278]
[29281, 29281]
[29283, 29284]
[29287, 29287]
[29289, 29289]
[29291, 29291]
[29293, 29293]
[29295, 29295]
[29297, 29297]
[29299, 29299]
[29301, 29301]
[29303, 29303]
[29305, 29305]
[29307, 29307]
[29309, 29309]
[29311, 29311]
[29313, 29313]
[29315, 29315]
[29317, 29317]
[29319, 29319]
[29321, 29321]
[29323, 29323]
[29325, 29325]
[29327, 29327]
[29329, 29329]
[29331, 29331]
[29333, 29333]
[29335, 29335]
[29337, 29337]
[29339, 29339]
[29341, 29341]
[29343, 29343]
[29345, 29345]
[29347, 29347]
[29349, 29349]
[29351, 29351]
[29353, 29353]
[29355, 29355]
[29357, 29357]
[29359, 29359]
[29361, 29361]
[29363, 29363]
[29366, 29367]
[29370, 29370]
[29372, 29372]
[29374, 29374]
[29376, 29376]
[29378, 29378]
[29380, 29380]
[29382, 29382]
[29384, 29384]
[29386, 29386]
[29388, 29388]
[29390, 29390]
[29392, 29392]
[29394, 29394]
[29396, 29396]
[29398, 29398]
[29400, 29400]
[29402, 29402]
[29404, 29404]
[29406, 29406]
[29408, 29408]
[29410, 29410]
[29412, 29412]
[29414, 29414]
[29416, 29416]
[29418, 29418]
[29420, 29420]
[29422, 29422]
[29424, 29424]
[29426, 29426]
[29428, 29428]
[29430, 29430]
[29432, 29432]
[29434, 29434]
[29436, 29436]
[29438, 29438]
[29440, 29440]
[29442, 29442]
[29444, 29444]
[29446, 29446]
[29448, 29448]
[29450, 29450]
[29452, 29452]
[29454, 29454]
[29456, 29456]
[29459, 29459]
[29461, 29461]
[29463, 29463]
[29465, 29465]
[29467, 29467]
[29469, 29469]
[29471, 29471]
[29473, 29473]
[29475, 29475]
[29477, 29477]
[29479, 29479]
[29481, 29481]
[29483, 29483]
[29485, 29485]
[29487, 29487]
[29489, 29489]
[29491, 29491]
[29493, 29493]
[29495, 29495]
[29497, 29497]
[29499, 29499]
[29501, 29501]
[29503, 29503]
[29505, 29505]
[29507, 29507]
[29509, 29509]
[29511, 29511]
[29513, 29513]
[29515, 29515]
[29517, 29517]
[29519, 29519]
[29521, 29521]
[29523, 29523]
[29525, 29525]
[29527, 29527]
[29529, 29529]
[29531, 29531]
[29533, 29533]
[29535, 29535]
[29537, 29537]
[29539, 29539]
[29541, 29541]
[29544, 29544]
[29546, 29546]
[29548, 29548]
[29550, 29550]
[29552, 29552]
[29554, 29554]
[29556, 29556]
[29558, 29558]
[29560, 29560]
[29562, 29562]
[29564, 29564]
[29566, 29566]
[29568, 29568]
[29570, 29570]
[29572, 29572]
[29574, 29574]
[29576, 29576]
[29578, 29578]
[29580, 29580]
[29582, 29582]
[29584, 29584]
[29586, 29586]
[29588, 29588]
[29590, 29590]
[29592, 29592]
[29594, 29594]
[29596, 29596]
[29598, 29598]
[29600, 29600]
[29602, 29602]
[29604, 29604]
[29606, 29606]
[29608, 29608]
[29610, 29610]
[29612, 29612]
[29614, 29614]
[29616, 29616]
[29619, 29620]
[29622, 29622]
[29625, 29625]
[29627, 29627]
[29629, 29629]
[29631, 29631]
[29633, 29633]
[29635, 29635]
[29637, 29637]
[29639, 29639]
[29641, 29641]
[29643, 29643]
[29645, 29645]
[29647, 29647]
[29649, 29649]
[29651, 29651]
[29653, 29653]
[29655, 29655]
[29657, 29657]
[29659, 29659]
[29661, 29661]
[29663, 29663]
[29665, 29665]
[29667, 29667]
[29669, 29669]
[29671, 29671]
[29673, 29673]
[29675, 29675]
[29677, 29677]
[29679, 29679]
[29681, 29681]
[29683, 29683]
[29685, 29685]
[29687, 29687]
[29689, 29689]
[29691, 29691]
[29693, 29693]
[29695, 29695]
[29697, 29697]
[29699, 29699]
[29701, 29701]
[29703, 29703]
[29705, 29705]
[29708, 29709]
[29712, 29712]
[29714, 29714]
[29716, 29716]
[29718, 29718]
[29720, 29720]
[29722, 29722]
[29724, 29724]
[29726, 29726]
[29728, 29728]
[29730, 29730]
[29732, 29732]
[29734, 29734]
[29736, 29736]
[29738, 29738]
[29740, 29740]
[29742, 29742]
[29744, 29744]
[29746, 29746]
[29748, 29748]
[29750, 29750]
[29752, 29752]
[29754, 29754]
[29756, 29756]
[29758, 29758]
[29760, 29760]
[29762, 29762]
[29764, 29764]
[29766, 29766]
[29768, 29768]
[29770, 29770]
[29772, 29772]
[29774, 29774]
[29776, 29776]
[29778, 29778]
[29780, 29780]
[29782, 29782]
[29784, 29784]
[29786, 29786]
[29788, 29788]
[29790, 29790]
[29792, 29792]
[29795, 29796]
[29799, 29799]
[29801, 29801]
[29803, 29803]
[29805, 29805]
[29807, 29807]
[29809, 29809]
[29811, 29811]
[29813, 29813]
[29815, 29815]
[29817, 29817]
[29819, 29819]
[29821, 29821]
[29823, 29823]
[29825, 29825]
[29827, 29827]
[29829, 29829]
[29831, 29831]
[29833, 29833]
[29835, 29835]
[29837, 29837]
[29839, 29839]
[29841, 29841]
[29843, 29843]
[29845, 29845]
[29847, 29847]
[29849, 29849]
[29851, 29851]
[29853, 29853]
[29855, 29855]
[29857, 29857]
[29859, 29859]
[29861, 29861]
[29863, 29863]
[29865, 29865]
[29867, 29867]
[29869, 29869]
[29871, 29871]
[29873, 29873]
[29876, 29877]
[29880, 29880]
[29882, 29882]
[29884, 29884]
[29886, 29886]
[29888, 29888]
[29890, 29890]
[29892, 29892]
[29894, 29895]
[29898, 29898]
[29900, 29900]
[29902, 29902]
[29904, 29904]
[29906, 29906]
[29908, 29908]
[29910, 29910]
[29912, 29912]
[29914, 29914]
[29916, 29916]
[29918, 29918]
[29920, 29920]
[29922, 29922]
[29924, 29924]
[29926, 29926]
[29928, 29928]
[29930, 29930]
[29932, 29932]
[29934, 29934]
[29936, 29936]
[29938, 29938]
[29940, 29940]
[29942, 29942]
[29944, 29944]
[29946, 29946]
[29948, 29948]
[29950, 29951]
[29953, 29954]
[29958, 29983]
[29984, 29987]
[29989, 29989]
[29991, 30000]
[30003, 30003]
[30005, 30005]
[30007, 30007]
[30009, 30009]
[30011, 30011]
[30013, 30013]
[30015, 30015]
[30017, 30017]
[30019, 30019]
[30021, 30021]
[30023, 30023]
[30025, 30025]
[30027, 30027]
[30029, 30029]
[30031, 30031]
[30033, 30034]
[30037, 30037]
[30039, 30039]
[30041, 30041]
[30043, 30043]
[30045, 30045]
[30047, 30047]
[30049, 30049]
[30051, 30051]
[30053, 30053]
[30055, 30055]
[30057, 30057]
[30059, 30059]
[30061, 30061]
[30063, 30063]
[30065, 30065]
[30067, 30067]
[30069, 30069]
[30071, 30071]
[30073, 30073]
[30075, 30075]
[30077, 30077]
[30079, 30079]
[30081, 30081]
[30083, 30083]
[30085, 30085]
[30087, 30087]
[30089, 30089]
[30092, 30093]
[30096, 30097]
[30100, 30100]
[30102, 30102]
[30104, 30104]
[30106, 30106]
[30108, 30108]
[30110, 30110]
[30112, 30112]
[30114, 30114]
[30116, 30116]
[30118, 30118]
[30120, 30120]
[30122, 30122]
[30124, 30124]
[30126, 30126]
[30128, 30128]
[30130, 30130]
[30132, 30132]
[30134, 30134]
[30136, 30136]
[30138, 30138]
[30140, 30140]
[30142, 30142]
[30144, 30144]
[30146, 30146]
[30148, 30148]
[30150, 30150]
[30152, 30152]
[30154, 30154]
[30156, 30156]
[30158, 30158]
[30160, 30160]
[30162, 30162]
[30164, 30164]
[30166, 30166]
[30168, 30168]
[30170, 30170]
[30172, 30172]
[30174, 30174]
[30176, 30176]
[30178, 30178]
[30180, 30180]
[30182, 30182]
[30184, 30184]
[30187, 30187]
[30189, 30189]
[30191, 30191]
[30193, 30193]
[30195, 30195]
[30197, 30197]
[30199, 30199]
[30201, 30201]
[30203, 30203]
[30205, 30205]
[30207, 30207]
[30209, 30209]
[30211, 30211]
[30213, 30213]
[30215, 30215]
[30217, 30217]
[30219, 30219]
[30221, 30221]
[30223, 30223]
[30225, 30225]
[30227, 30227]
[30229, 30229]
[30231, 30231]
[30233, 30233]
[30235, 30235]
[30237, 30237]
[30239, 30239]
[30241, 30241]
[30243, 30243]
[30245, 30245]
[30247, 30247]
[30249, 30249]
[30251, 30251]
[30253, 30253]
[30255, 30255]
[30257, 30257]
[30259, 30259]
[30262, 30263]
[30266, 30266]
[30268, 30268]
[30270, 30270]
[30272, 30272]
[30274, 30274]
[30276, 30276]
[30278, 30278]
[30280, 30280]
[30282, 30282]
[30284, 30284]
[30286, 30286]
[30288, 30288]
[30290, 30290]
[30292, 30292]
[30294, 30294]
[30296, 30296]
[30298, 30298]
[30300, 30300]
[30302, 30302]
[30304, 30304]
[30306, 30306]
[30308, 30308]
[30310, 30310]
[30312, 30312]
[30314, 30314]
[30316, 30316]
[30318, 30318]
[30320, 30320]
[30322, 30322]
[30324, 30324]
[30326, 30326]
[30328, 30328]
[30330, 30330]
[30332, 30332]
[30334, 30334]
[30336, 30336]
[30338, 30338]
[30340, 30340]
[30343, 30344]
[30347, 30347]
[30349, 30349]
[30351, 30351]
[30353, 30353]
[30355, 30355]
[30357, 30357]
[30359, 30359]
[30361, 30361]
[30363, 30363]
[30365, 30365]
[30367, 30367]
[30369, 30369]
[30371, 30371]
[30373, 30373]
[30375, 30375]
[30377, 30377]
[30379, 30379]
[30381, 30381]
[30383, 30383]
[30385, 30385]
[30387, 30387]
[30389, 30389]
[30391, 30391]
[30393, 30393]
[30395, 30395]
[30397, 30397]
[30399, 30399]
[30401, 30401]
[30403, 30403]
[30405, 30405]
[30407, 30407]
[30408, 30412]
[30414, 30415]
[30417, 30418]
[30422, 30447]
[30448, 30451]
[30455, 30463]
[30466, 30467]
[30469, 30474]
[30479, 30486]
[30488, 30489]
[30491, 30492]
[30494, 30495]
[30497, 30498]
[30500, 30501]
[30503, 30504]
[30506, 30507]
[30509, 30510]
[30512, 30513]
[30515, 30516]
[30518, 30519]
[30522, 30525]
[30527, 30527]
[30529, 30529]
[30531, 30532]
[30534, 30535]
[30537, 30538]
[30540, 30541]
[30543, 30544]
[30546, 30547]
[30549, 30550]
[30552, 30553]
[30555, 30556]
[30558, 30559]
[30561, 30562]
[30564, 30565]
[30567, 30568]
[30570, 30571]
[30573, 30574]
[30576, 30577]
[30579, 30580]
[30582, 30583]
[30585, 30586]
[30588, 30589]
[30591, 30592]
[30594, 30595]
[30597, 30598]
[30600, 30601]
[30603, 30604]
[30606, 30607]
[30609, 30609]
[30611, 30613]
[30615, 30615]
[30617, 30618]
[30620, 30620]
[30622, 30623]
[30625, 30627]
[30629, 30629]
[30631, 30632]
[30634, 30635]
[30637, 30638]
[30640, 30641]
[30643, 30644]
[30646, 30647]
[30649, 30650]
[30652, 30653]
[30655, 30656]
[30658, 30659]
[30661, 30662]
[30664, 30665]
[30667, 30668]
[30670, 30671]
[30673, 30674]
[30676, 30677]
[30679, 30680]
[30682, 30683]
[30685, 30686]
[30688, 30689]
[30691, 30692]
[30694, 30695]
[30697, 30698]
[30700, 30701]
[30703, 30704]
[30706, 30707]
[30709, 30710]
[30712, 30713]
[30715, 30715]
[30717, 30718]
[30720, 30722]
[30724, 30724]
[30726, 30726]
[30728, 30729]
[30731, 30732]
[30734, 30735]
[30737, 30738]
[30740, 30741]
[30743, 30744]
[30746, 30747]
[30749, 30750]
[30752, 30753]
[30755, 30756]
[30758, 30759]
[30761, 30762]
[30764, 30765]
[30767, 30768]
[30770, 30771]
[30773, 30774]
[30776, 30777]
[30779, 30780]
[30782, 30783]
[30785, 30786]
[30788, 30789]
[30791, 30792]
[30794, 30795]
[30797, 30798]
[30800, 30800]
[30802, 30803]
[30805, 30806]
[30808, 30810]
[30812, 30812]
[30814, 30815]
[30817, 30818]
[30820, 30821]
[30823, 30824]
[30826, 30827]
[30829, 30829]
[30831, 30832]
[30834, 30835]
[30837, 30838]
[30840, 30841]
[30843, 30844]
[30846, 30847]
[30849, 30850]
[30852, 30853]
[30855, 30856]
[30858, 30859]
[30861, 30862]
[30864, 30865]
[30867, 30868]
[30870, 30871]
[30873, 30874]
[30876, 30877]
[30879, 30880]
[30882, 30883]
[30885, 30887]
[30888, 30888]
[30890, 30890]
[30892, 30894]
[31164, 31166]
[31167, 31168]
[31170, 31171]
[31175, 31200]
[31201, 31204]
[31207, 31215]
[31217, 31218]
[31220, 31221]
[31225, 31250]
[31251, 31254]
[31256, 31264]
[31268, 31275]
[31320, 31322]
[31323, 31324]
[31326, 31327]
[31331, 31356]
[31357, 31360]
[31362, 31370]
[31438, 31438]
[31439, 31439]
[31444, 31444]
[31537, 31537]
[31538, 31538]
[31618, 31618]
[31628, 31628]
[31631, 31631]
[31633, 31633]
[31635, 31638]
[31640, 31668]
[31673, 31682]
[31683, 31683]
[31686, 31686]
[31693, 31693]
[31700, 31725]
[31726, 31729]
[31731, 31739]
[31745, 31746]
[31751, 31751]
[31752, 31752]
[31753, 31775]
[31777, 31785]
[31789, 31792]
[31794, 31794]
[31796, 31796]
[31798, 31798]
[31800, 31800]
[31802, 31802]
[31804, 31804]
[31806, 31806]
[31808, 31808]
[31810, 31810]
[31812, 31812]
[31814, 31814]
[31816, 31816]
[31818, 31818]
[31820, 31820]
[31822, 31822]
[31825, 31825]
[31827, 31827]
[31829, 31829]
[31831, 31831]
[31833, 31833]
[31835, 31835]
[31837, 31837]
[31839, 31839]
[31841, 31841]
[31843, 31843]
[31845, 31845]
[31847, 31847]
[31849, 31849]
[31851, 31851]
[31853, 31853]
[31855, 31855]
[31857, 31857]
[31859, 31859]
[31861, 31861]
[31863, 31863]
[31865, 31865]
[31867, 31867]
[31869, 31869]
[31871, 31871]
[31873, 31873]
[31875, 31875]
[31877, 31877]
[31879, 31879]
[31881, 31881]
[31883, 31883]
[31885, 31885]
[31887, 31887]
[31889, 31889]
[31891, 31891]
[31893, 31893]
[31895, 31895]
[31898, 31899]
[31902, 31902]
[31904, 31904]
[31906, 31906]
[31908, 31908]
[31910, 31910]
[31912, 31912]
[31914, 31914]
[31916, 31916]
[31918, 31918]
[31920, 31920]
[31922, 31922]
[31924, 31924]
[31926, 31926]
[31928, 31928]
[31930, 31930]
[31932, 31932]
[31934, 31934]
[31936, 31936]
[31938, 31938]
[31940, 31940]
[31942, 31942]
[31944, 31944]
[31946, 31946]
[31948, 31948]
[31950, 31950]
[31952, 31952]
[31954, 31954]
[31956, 31956]
[31958, 31958]
[31960, 31960]
[31962, 31962]
[31964, 31964]
[31966, 31967]
[31970, 31970]
[31972, 31972]
[31974, 31974]
[31976, 31976]
[31978, 31978]
[31980, 31980]
[31982, 31982]
[31984, 31984]
[31986, 31986]
[31988, 31988]
[31990, 31990]
[31992, 31992]
[31994, 31994]
[31996, 31996]
[31998, 31998]
[32000, 32000]
[32002, 32002]
[32004, 32004]
[32006, 32006]
[32008, 32008]
[32010, 32011]
[32015, 32016]
[32018, 32045]
[32047, 32047]
[32049, 32049]
[32051, 32051]
[32053, 32053]
[32055, 32055]
[32058, 32058]
[32060, 32060]
[32062, 32071]
[32073, 32073]
[32075, 32075]
[32077, 32077]
[32079, 32079]
[32081, 32081]
[32083, 32083]
[32085, 32085]
[32087, 32087]
[32089, 32089]
[32091, 32091]
[32093, 32093]
[32095, 32095]
[32097, 32097]
[32099, 32099]
[32101, 32101]
[32103, 32103]
[32105, 32105]
[32107, 32107]
[32109, 32109]
[32111, 32111]
[32113, 32113]
[32115, 32115]
[32117, 32117]
[32119, 32119]
[32121, 32121]
[32123, 32123]
[32125, 32125]
[32127, 32127]
[32129, 32129]
[32131, 32131]
[32133, 32133]
[32135, 32135]
[32137, 32137]
[32139, 32139]
[32141, 32141]
[32143, 32143]
[32145, 32145]
[32147, 32147]
[32150, 32151]
[32154, 32154]
[32156, 32156]
[32158, 32158]
[32160, 32160]
[32162, 32162]
[32164, 32164]
[32166, 32166]
[32168, 32168]
[32170, 32170]
[32172, 32172]
[32174, 32174]
[32176, 32176]
[32178, 32178]
[32180, 32180]
[32182, 32182]
[32184, 32184]
[32186, 32186]
[32188, 32188]
[32190, 32190]
[32192, 32192]
[32194, 32194]
[32196, 32196]
[32198, 32198]
[32200, 32200]
[32202, 32202]
[32204, 32204]
[32206, 32206]
[32208, 32208]
[32210, 32210]
[32212, 32212]
[32214, 32214]
[32216, 32216]
[32218, 32218]
[32220, 32220]
[32222, 32222]
[32224, 32224]
[32227, 32227]
[32229, 32229]
[32231, 32231]
[32233, 32233]
[32235, 32235]
[32237, 32237]
[32239, 32239]
[32241, 32241]
[32243, 32243]
[32245, 32245]
[32247, 32247]
[32249, 32249]
[32251, 32251]
[32253, 32253]
[32255, 32255]
[32257, 32257]
[32259, 32259]
[32261, 32261]
[32263, 32263]
[32265, 32265]
[32267, 32267]
[32269, 32269]
[32271, 32271]
[32273, 32273]
[32275, 32275]
[32277, 32277]
[32279, 32279]
[32281, 32281]
[32283, 32283]
[32285, 32285]
[32287, 32287]
[32289, 32289]
[32291, 32291]
[32293, 32293]
[32295, 32295]
[32297, 32297]
[32299, 32299]
[32301, 32301]
[32303, 32303]
[32305, 32305]
[32308, 32309]
[32311, 32311]
[32314, 32314]
[32316, 32316]
[32318, 32318]
[32320, 32320]
[32322, 32322]
[32324, 32324]
[32326, 32326]
[32328, 32328]
[32330, 32330]
[32332, 32332]
[32334, 32334]
[32336, 32336]
[32338, 32338]
[32340, 32340]
[32342, 32342]
[32344, 32344]
[32346, 32346]
[32348, 32348]
[32350, 32350]
[32352, 32352]
[32354, 32354]
[32356, 32356]
[32358, 32358]
[32360, 32360]
[32362, 32362]
[32364, 32364]
[32366, 32366]
[32368, 32368]
[32370, 32370]
[32372, 32372]
[32374, 32374]
[32376, 32376]
[32378, 32378]
[32380, 32380]
[32382, 32382]
[32384, 32384]
[32386, 32386]
[32388, 32388]
[32390, 32390]
[32392, 32392]
[32394, 32394]
[32397, 32398]
[32401, 32401]
[32403, 32403]
[32405, 32405]
[32407, 32407]
[32409, 32409]
[32411, 32411]
[32413, 32413]
[32415, 32415]
[32417, 32417]
[32419, 32419]
[32421, 32421]
[32423, 32423]
[32425, 32425]
[32427, 32427]
[32429, 32429]
[32431, 32431]
[32433, 32433]
[32435, 32435]
[32437, 32437]
[32439, 32439]
[32441, 32441]
[32443, 32443]
[32445, 32445]
[32447, 32447]
[32449, 32449]
[32451, 32451]
[32453, 32453]
[32455, 32455]
[32457, 32457]
[32459, 32459]
[32461, 32461]
[32463, 32463]
[32465, 32465]
[32467, 32467]
[32469, 32469]
[32471, 32471]
[32473, 32473]
[32476, 32476]
[32478, 32478]
[32480, 32480]
[32482, 32482]
[32484, 32484]
[32486, 32486]
[32488, 32488]
[32490, 32490]
[32492, 32492]
[32494, 32494]
[32496, 32496]
[32498, 32498]
[32500, 32500]
[32502, 32502]
[32504, 32504]
[32506, 32506]
[32508, 32508]
[32510, 32510]
[32512, 32512]
[32514, 32514]
[32516, 32516]
[32518, 32518]
[32520, 32520]
[32522, 32522]
[32524, 32524]
[32526, 32526]
[32528, 32528]
[32530, 32530]
[32532, 32532]
[32534, 32534]
[32536, 32536]
[32538, 32538]
[32540, 32540]
[32542, 32542]
[32545, 32545]
[32547, 32547]
[32549, 32549]
[32551, 32551]
[32553, 32553]
[32555, 32555]
[32557, 32557]
[32559, 32559]
[32561, 32561]
[32563, 32563]
[32565, 32565]
[32567, 32567]
[32569, 32569]
[32571, 32571]
[32573, 32573]
[32575, 32575]
[32577, 32577]
[32579, 32579]
[32581, 32581]
[32583, 32583]
[32585, 32585]
[32587, 32587]
[32589, 32589]
[32591, 32591]
[32593, 32593]
[32595, 32595]
[32597, 32597]
[32599, 32599]
[32601, 32601]
[32603, 32603]
[32605, 32605]
[32607, 32607]
[32609, 32609]
[32611, 32611]
[32613, 32613]
[32615, 32615]
[32618, 32619]
[32622, 32622]
[32624, 32624]
[32626, 32626]
[32628, 32628]
[32630, 32630]
[32632, 32632]
[32634, 32634]
[32636, 32636]
[32638, 32638]
[32640, 32640]
[32642, 32642]
[32644, 32644]
[32646, 32646]
[32648, 32648]
[32650, 32650]
[32652, 32652]
[32654, 32654]
[32656, 32656]
[32658, 32658]
[32660, 32660]
[32662, 32662]
[32664, 32664]
[32666, 32666]
[32668, 32668]
[32670, 32670]
[32672, 32672]
[32674, 32674]
[32676, 32676]
[32678, 32678]
[32680, 32680]
[32682, 32682]
[32684, 32684]
[32686, 32686]
[32688, 32688]
[32690, 32690]
[32692, 32692]
[32694, 32694]
[32696, 32696]
[32699, 32700]
[32702, 32702]
[32705, 32705]
[32707, 32707]
[32709, 32709]
[32711, 32711]
[32713, 32713]
[32715, 32715]
[32717, 32717]
[32719, 32719]
[32721, 32721]
[32723, 32723]
[32725, 32725]
[32727, 32727]
[32729, 32729]
[32731, 32731]
[32733, 32733]
[32735, 32735]
[32737, 32737]
[32739, 32739]
[32741, 32741]
[32743, 32743]
[32745, 32745]
[32747, 32747]
[32749, 32749]
[32751, 32751]
[32753, 32753]
[32755, 32755]
[32757, 32757]
[32759, 32759]
[32761, 32761]
[32763, 32763]
[32765, 32765]
[32767, 32767]
[32769, 32769]
[32771, 32771]
[32773, 32773]
[32775, 32775]
[32777, 32777]
[32780, 32781]
[32783, 32783]
[32786, 32786]
[32788, 32788]
[32790, 32790]
[32792, 32792]
[32794, 32794]
[32796, 32796]
[32798, 32798]
[32800, 32800]
[32802, 32802]
[32804, 32804]
[32806, 32806]
[32808, 32808]
[32810, 32810]
[32812, 32812]
[32814, 32814]
[32816, 32816]
[32818, 32818]
[32820, 32820]
[32822, 32822]
[32824, 32824]
[32826, 32826]
[32828, 32828]
[32830, 32830]
[32832, 32832]
[32834, 32834]
[32836, 32836]
[32838, 32838]
[32840, 32840]
[32842, 32842]
[32844, 32844]
[32846, 32846]
[32848, 32848]
[32850, 32850]
[32852, 32852]
[32854, 32854]
[32856, 32856]
[32858, 32858]
[32860, 32860]
[32862, 32862]
[32864, 32864]
[32866, 32866]
[32868, 32868]
[32870, 32870]
[32873, 32874]
[32877, 32877]
[32879, 32879]
[32881, 32881]
[32883, 32883]
[32885, 32885]
[32887, 32887]
[32889, 32889]
[32891, 32891]
[32893, 32893]
[32895, 32895]
[32897, 32897]
[32899, 32899]
[32901, 32901]
[32903, 32903]
[32905, 32905]
[32907, 32907]
[32909, 32909]
[32911, 32911]
[32913, 32913]
[32915, 32915]
[32917, 32917]
[32919, 32919]
[32921, 32921]
[32923, 32923]
[32925, 32925]
[32927, 32927]
[32929, 32929]
[32931, 32931]
[32933, 32933]
[32935, 32935]
[32937, 32937]
[32939, 32939]
[32941, 32941]
[32943, 32943]
[32945, 32945]
[32947, 32947]
[32949, 32949]
[32951, 32951]
[32953, 32953]
[32955, 32955]
[32957, 32957]
[32958, 32962]
[32964, 32965]
[32967, 32968]
[32972, 32997]
[32998, 33001]
[33007, 33015]
[33019, 33026]
[33030, 33036]
[33075, 33077]
[33090, 33092]
[33102, 33104]
[33105, 33106]
[33108, 33109]
[33113, 33138]
[33139, 33142]
[33144, 33152]
[33154, 33155]
[33157, 33158]
[33162, 33187]
[33188, 33191]
[33193, 33201]
[33206, 33217]
[33414, 33416]
[33430, 33432]
[33433, 33434]
[33436, 33437]
[33441, 33466]
[33467, 33470]
[33531, 33539]
[33543, 33544]
[33546, 33547]
[33551, 33576]
[33577, 33580]
[33612, 33612]
[33628, 33632]
[33635, 33638]
[33639, 33664]
[33665, 33668]
[33669, 33672]
[33674, 33674]
[33676, 33676]
[33678, 33678]
[33680, 33680]
[33683, 33683]
[33685, 33685]
[33687, 33687]
[33689, 33689]
[33691, 33692]
[33694, 33702]
[33708, 33733]
[33734, 33737]
[33739, 33748]
[33750, 33750]
[33752, 33752]
[33754, 33754]
[33756, 33756]
[33758, 33758]
[33760, 33760]
[33762, 33762]
[33764, 33764]
[33766, 33766]
[33768, 33768]
[33770, 33770]
[33772, 33772]
[33774, 33774]
[33776, 33776]
[33778, 33778]
[33780, 33780]
[33782, 33782]
[33784, 33784]
[33786, 33786]
[33788, 33788]
[33790, 33790]
[33792, 33792]
[33794, 33794]
[33796, 33796]
[33798, 33798]
[33801, 33802]
[33805, 33805]
[33807, 33807]
[33809, 33809]
[33811, 33811]
[33813, 33813]
[33815, 33815]
[33817, 33817]
[33819, 33819]
[33821, 33821]
[33823, 33823]
[33825, 33825]
[33827, 33827]
[33829, 33829]
[33831, 33831]
[33833, 33833]
[33835, 33835]
[33837, 33837]
[33839, 33839]
[33841, 33841]
[33843, 33843]
[33845, 33845]
[33847, 33847]
[33849, 33849]
[33851, 33851]
[33853, 33853]
[33855, 33855]
[33857, 33857]
[33859, 33859]
[33861, 33861]
[33863, 33863]
[33865, 33865]
[33867, 33867]
[33869, 33869]
[33871, 33871]
[33873, 33873]
[33875, 33875]
[33877, 33877]
[33879, 33879]
[33881, 33881]
[33883, 33883]
[33885, 33885]
[33887, 33887]
[33890, 33890]
[33892, 33892]
[33894, 33894]
[33896, 33896]
[33898, 33898]
[33900, 33900]
[33902, 33902]
[33904, 33904]
[33906, 33906]
[33908, 33908]
[33910, 33910]
[33912, 33912]
[33914, 33914]
[33916, 33916]
[33918, 33918]
[33920, 33920]
[33922, 33922]
[33924, 33924]
[33926, 33926]
[33928, 33928]
[33930, 33930]
[33932, 33932]
[33934, 33934]
[33936, 33936]
[33938, 33938]
[33940, 33940]
[33942, 33942]
[33944, 33944]
[33946, 33946]
[33948, 33948]
[33950, 33950]
[33952, 33952]
[33954, 33954]
[33956, 33956]
[33958, 33958]
[33960, 33960]
[33962, 33962]
[33964, 33964]
[33966, 33966]
[33968, 33968]
[33970, 33970]
[33972, 33972]
[33974, 33974]
[33976, 33976]
[33978, 33978]
[33980, 33980]
[33983, 33983]
[33985, 33985]
[33987, 33987]
[33989, 33989]
[33991, 33991]
[33993, 33993]
[33995, 33995]
[33997, 33997]
[33999, 33999]
[34001, 34001]
[34003, 34003]
[34005, 34005]
[34007, 34007]
[34009, 34009]
[34011, 34011]
[34013, 34013]
[34015, 34015]
[34017, 34017]
[34019, 34019]
[34021, 34021]
[34023, 34023]
[34025, 34025]
[34027, 34027]
[34029, 34029]
[34031, 34031]
[34033, 34033]
[34035, 34035]
[34037, 34037]
[34039, 34039]
[34041, 34041]
[34043, 34043]
[34045, 34045]
[34047, 34047]
[34049, 34049]
[34051, 34051]
[34053, 34053]
[34055, 34055]
[34057, 34057]
[34059, 34059]
[34061, 34061]
[34063, 34063]
[34066, 34066]
[34068, 34068]
[34070, 34071]
[34073, 34074]
[34078, 34079]
[34081, 34108]
[34110, 34119]
[34122, 34122]
[34124, 34124]
[34126, 34126]
[34128, 34128]
[34130, 34130]
[34132, 34132]
[34134, 34134]
[34136, 34136]
[34138, 34138]
[34140, 34140]
[34142, 34142]
[34144, 34144]
[34146, 34146]
[34148, 34148]
[34150, 34150]
[34152, 34152]
[34154, 34154]
[34156, 34156]
[34158, 34158]
[34160, 34160]
[34162, 34162]
[34164, 34164]
[34166, 34166]
[34168, 34168]
[34170, 34170]
[34172, 34172]
[34174, 34174]
[34176, 34176]
[34178, 34178]
[34180, 34180]
[34182, 34182]
[34184, 34184]
[34186, 34186]
[34188, 34188]
[34191, 34192]
[34195, 34195]
[34197, 34197]
[34199, 34199]
[34201, 34201]
[34203, 34203]
[34205, 34205]
[34207, 34207]
[34209, 34209]
[34211, 34211]
[34213, 34213]
[34215, 34215]
[34217, 34217]
[34219, 34219]
[34221, 34221]
[34223, 34223]
[34225, 34225]
[34227, 34227]
[34229, 34229]
[34231, 34231]
[34233, 34233]
[34235, 34235]
[34237, 34237]
[34239, 34239]
[34241, 34241]
[34243, 34243]
[34245, 34245]
[34247, 34247]
[34249, 34249]
[34251, 34251]
[34253, 34253]
[34255, 34255]
[34257, 34257]
[34259, 34259]
[34261, 34261]
[34263, 34263]
[34265, 34265]
[34267, 34267]
[34269, 34269]
[34271, 34271]
[34273, 34273]
[34275, 34275]
[34277, 34277]
[34280, 34280]
[34282, 34282]
[34284, 34284]
[34286, 34286]
[34288, 34288]
[34290, 34290]
[34292, 34292]
[34294, 34294]
[34296, 34296]
[34298, 34298]
[34300, 34300]
[34302, 34302]
[34304, 34304]
[34306, 34306]
[34308, 34308]
[34310, 34310]
[34312, 34312]
[34314, 34314]
[34316, 34316]
[34318, 34318]
[34319, 34323]
[34324, 34337]
[34339, 34340]
[34342, 34343]
[34345, 34346]
[34348, 34349]
[34351, 34352]
[34354, 34355]
[34357, 34358]
[34360, 34361]
[34363, 34364]
[34366, 34367]
[34369, 34370]
[34372, 34373]
[34375, 34376]
[34378, 34379]
[34381, 34382]
[34384, 34384]
[34386, 34388]
[34390, 34390]
[34392, 34393]
[34395, 34395]
[34397, 34398]
[34400, 34401]
[34403, 34404]
[34406, 34407]
[34409, 34410]
[34412, 34413]
[34415, 34416]
[34418, 34419]
[34421, 34422]
[34424, 34425]
[34427, 34428]
[34430, 34431]
[34433, 34434]
[34436, 34437]
[34439, 34440]
[34442, 34443]
[34445, 34446]
[34448, 34449]
[34451, 34452]
[34454, 34455]
[34457, 34458]
[34460, 34461]
[34463, 34464]
[34466, 34467]
[34469, 34470]
[34472, 34473]
[34475, 34476]
[34478, 34479]
[34481, 34482]
[34484, 34485]
[34487, 34488]
[34490, 34491]
[34493, 34494]
[34496, 34497]
[34499, 34500]
[34502, 34503]
[34505, 34506]
[34508, 34509]
[34511, 34512]
[34514, 34515]
[34517, 34517]
[34519, 34519]
[34521, 34523]
[34525, 34525]
[34527, 34528]
[34530, 34531]
[34533, 34534]
[34536, 34537]
[34539, 34540]
[34542, 34543]
[34545, 34546]
[34548, 34549]
[34551, 34552]
[34554, 34555]
[34557, 34558]
[34560, 34561]
[34563, 34564]
[34566, 34567]
[34569, 34570]
[34572, 34573]
[34575, 34576]
[34578, 34579]
[34581, 34582]
[34584, 34585]
[34587, 34588]
[34590, 34591]
[34593, 34594]
[34596, 34597]
[34599, 34600]
[34602, 34603]
[34605, 34606]
[34608, 34609]
[34611, 34612]
[34614, 34615]
[34617, 34618]
[34620, 34621]
[34623, 34624]
[34626, 34627]
[34629, 34630]
[34632, 34633]
[34635, 34636]
[34638, 34639]
[34641, 34641]
[34643, 34645]
[34647, 34647]
[34649, 34649]
[34651, 34653]
[34655, 34655]
[34657, 34658]
[34660, 34661]
[34663, 34664]
[34666, 34667]
[34669, 34670]
[34672, 34673]
[34675, 34676]
[34678, 34679]
[34681, 34682]
[34684, 34685]
[34687, 34688]
[34690, 34691]
[34693, 34694]
[34696, 34697]
[34699, 34700]
[34702, 34703]
[34705, 34706]
[34708, 34709]
[34711, 34712]
[34714, 34715]
[34717, 34718]
[34720, 34721]
[34723, 34724]
[34726, 34727]
[34729, 34730]
[34733, 34736]
[34739, 34740]
[34742, 34743]
[34745, 34746]
[34748, 34749]
[34751, 34752]
[34754, 34755]
[34757, 34758]
[34760, 34761]
[34763, 34764]
[34766, 34767]
[34769, 34770]
[34772, 34773]
[34775, 34776]
[34778, 34779]
[34781, 34782]
[34784, 34785]
[34787, 34793]
[34795, 34795]
[34797, 34797]
[34799, 34799]
[34801, 34801]
[34803, 34803]
[34805, 34805]
[34807, 34807]
[34809, 34809]
[34811, 34811]
[34813, 34813]
[34816, 34816]
[34818, 34818]
[34820, 34821]
[34824, 34825]
[34828, 34828]
[34830, 34830]
[34832, 34832]
[34834, 34834]
[34836, 34836]
[34838, 34838]
[34840, 34840]
[34842, 34842]
[34844, 34844]
[34846, 34846]
[34848, 34848]
[34850, 34850]
[34852, 34852]
[34854, 34854]
[34856, 34856]
[34858, 34858]
[34860, 34860]
[34862, 34862]
[34864, 34864]
[34866, 34866]
[34868, 34868]
[34870, 34870]
[34873, 34873]
[34875, 34875]
[34877, 34877]
[34879, 34879]
[34881, 34881]
[34883, 34883]
[34885, 34885]
[34887, 34887]
[34889, 34889]
[34891, 34891]
[34893, 34893]
[34895, 34895]
[34897, 34897]
[34899, 34899]
[34901, 34901]
[34903, 34903]
[34905, 34905]
[34907, 34907]
[34909, 34909]
[34911, 34911]
[34913, 34913]
[34915, 34915]
[34917, 34917]
[34919, 34919]
[34921, 34921]
[34923, 34923]
[34925, 34925]
[34927, 34927]
[34929, 34929]
[34931, 34931]
[34933, 34933]
[34935, 34935]
[34937, 34937]
[34939, 34939]
[34941, 34941]
[34944, 34945]
[34948, 34948]
[34950, 34950]
[34952, 34952]
[34954, 34954]
[34956, 34956]
[34958, 34958]
[34960, 34960]
[34962, 34962]
[34964, 34964]
[34966, 34966]
[34968, 34968]
[34970, 34970]
[34972, 34972]
[34974, 34974]
[34976, 34976]
[34978, 34978]
[34980, 34980]
[34982, 34982]
[34984, 34984]
[34986, 34986]
[34988, 34988]
[34990, 34990]
[34992, 34992]
[34994, 34994]
[34996, 34996]
[34998, 34998]
[35000, 35000]
[35002, 35002]
[35004, 35004]
[35006, 35006]
[35008, 35008]
[35011, 35012]
[35015, 35016]
[35019, 35019]
[35021, 35021]
[35023, 35023]
[35025, 35025]
[35027, 35027]
[35029, 35029]
[35031, 35031]
[35033, 35033]
[35035, 35035]
[35037, 35037]
[35039, 35039]
[35041, 35041]
[35043, 35043]
[35045, 35045]
[35047, 35047]
[35049, 35049]
[35051, 35051]
[35053, 35053]
[35055, 35055]
[35057, 35057]
[35059, 35059]
[35061, 35061]
[35063, 35063]
[35065, 35065]
[35067, 35067]
[35069, 35069]
[35071, 35071]
[35073, 35073]
[35075, 35075]
[35077, 35077]
[35079, 35079]
[35081, 35081]
[35083, 35083]
[35085, 35085]
[35088, 35089]
[35091, 35091]
[35094, 35094]
[35096, 35096]
[35098, 35098]
[35100, 35100]
[35102, 35102]
[35104, 35104]
[35106, 35106]
[35108, 35108]
[35110, 35110]
[35112, 35112]
[35114, 35114]
[35116, 35116]
[35118, 35118]
[35120, 35120]
[35122, 35122]
[35124, 35124]
[35126, 35126]
[35128, 35128]
[35130, 35130]
[35132, 35132]
[35134, 35134]
[35136, 35136]
[35138, 35138]
[35140, 35140]
[35142, 35142]
[35144, 35144]
[35146, 35146]
[35148, 35148]
[35150, 35150]
[35152, 35152]
[35154, 35154]
[35156, 35156]
[35158, 35158]
[35160, 35160]
[35162, 35162]
[35164, 35164]
[35166, 35166]
[35168, 35168]
[35170, 35170]
[35172, 35172]
[35174, 35174]
[35176, 35176]
[35178, 35178]
[35180, 35180]
[35182, 35182]
[35185, 35185]
[35187, 35187]
[35189, 35189]
[35191, 35191]
[35193, 35193]
[35195, 35195]
[35197, 35197]
[35199, 35199]
[35201, 35201]
[35203, 35203]
[35205, 35205]
[35207, 35207]
[35209, 35209]
[35211, 35211]
[35213, 35213]
[35215, 35215]
[35217, 35217]
[35219, 35219]
[35221, 35221]
[35223, 35223]
[35225, 35225]
[35227, 35227]
[35229, 35229]
[35231, 35231]
[35233, 35233]
[35235, 35235]
[35237, 35237]
[35239, 35239]
[35241, 35241]
[35243, 35243]
[35245, 35245]
[35247, 35247]
[35249, 35249]
[35251, 35258]
[35260, 35261]
[35265, 35290]
[35291, 35294]
[35296, 35304]
[35306, 35307]
[35309, 35309]
[35310, 35338]
[35340, 35348]
