[1, 2]
[3, 3]
[4, 5]
[6, 6]
[8, 8]
[9, 9]
[14, 14]
[18, 44]
[46, 60]
[62, 64]
[65, 65]
[66, 66]
[70, 70]
[73, 73]
[76, 76]
[78, 78]
[79, 79]
[82, 82]
[83, 83]
[84, 84]
[86, 86]
[195, 195]
[197, 208]
[221, 223]
[225, 228]
[234, 238]
[244, 244]
[245, 245]
[247, 247]
[248, 248]
[249, 253]
[254, 254]
[258, 260]
[261, 263]
[269, 271]
[272, 276]
[277, 279]
[280, 289]
[291, 295]
[297, 306]
[311, 321]
[325, 326]
[328, 329]
[331, 332]
[374, 405]
[409, 409]
[416, 424]
[427, 452]
[453, 456]
[460, 498]
[503, 511]
[517, 542]
[543, 546]
[548, 586]
[588, 588]
[595, 599]
[602, 627]
[629, 635]
[643, 648]
[652, 652]
[653, 653]
[655, 655]
[656, 656]
[657, 657]
[661, 663]
[664, 666]
[673, 678]
[680, 718]
[725, 733]
[736, 737]
[741, 741]
[742, 742]
[744, 744]
[745, 745]
[746, 746]
[748, 766]
[767, 805]
[810, 848]
[850, 858]
[861, 862]
[866, 866]
[867, 867]
[869, 869]
[870, 870]
[871, 871]
[875, 877]
[878, 880]
[886, 888]
[889, 900]
[902, 903]
[905, 905]
[910, 910]
[911, 911]
[913, 913]
[914, 914]
[915, 915]
[917, 935]
[937, 945]
[946, 946]
[947, 947]
[949, 950]
[951, 971]
[977, 979]
[980, 991]
[992, 992]
[993, 993]
[999, 1001]
[1007, 1007]
[1013, 1015]
[1016, 1020]
[1026, 1028]
[1029, 1033]
[1038, 1039]
[1041, 1042]
[1046, 1071]
[1072, 1075]
[1077, 1085]
[1090, 1092]
[1095, 1096]
[1098, 1098]
[1099, 1126]
[1128, 1129]
[1133, 1158]
[1159, 1162]
[1164, 1172]
[1178, 1178]
[1185, 1210]
[1211, 1214]
[1216, 1224]
[1230, 1255]
[1258, 1269]
[1274, 1276]
[1278, 1279]
[1281, 1282]
[1286, 1287]
[1292, 1292]
[1293, 1293]
[1294, 1316]
[1318, 1326]
[1331, 1333]
[1334, 1338]
[1339, 1366]
[1368, 1369]
[1373, 1398]
[1399, 1402]
[1404, 1414]
[1416, 1417]
[1421, 1422]
[1427, 1427]
[1428, 1428]
[1429, 1451]
[1453, 1461]
[1463, 1463]
[1470, 1471]
[1475, 1475]
[1476, 1476]
[1478, 1478]
[1479, 1479]
[1480, 1480]
[1484, 1486]
[1487, 1489]
[1495, 1497]
[1498, 1506]
[1508, 1510]
[1516, 1541]
[1542, 1545]
[1547, 1555]
[1557, 1557]
[1564, 1589]
[1590, 1593]
[1595, 1603]
[1609, 1634]
[1635, 1638]
[1640, 1648]
[1967, 1967]
[1969, 1969]
[1971, 1972]
[1974, 1974]
[1975, 2003]
[2005, 2010]
[2012, 2014]
[2021, 2022]
[2023, 2034]
[2038, 2039]
[2041, 2043]
[2044, 2044]
[2045, 2054]
[2056, 2064]
[2066, 2066]
[2068, 2069]
[2073, 2098]
[2101, 2103]
[2105, 2113]
[2116, 2117]
[2119, 2120]
[2124, 2149]
[2150, 2153]
[2155, 2163]
[2166, 2167]
[2175, 2176]
[2775, 2775]
[2777, 2778]
[2782, 2807]
[2808, 2811]
[2926, 2934]
[3106, 3108]
[3109, 3110]
[3112, 3113]
[3117, 3142]
[3143, 3146]
[3148, 3156]
[3158, 3159]
[3161, 3162]
[3166, 3191]
[3194, 3205]
[3208, 3209]
[3213, 3221]
[3225, 3226]
[3246, 3248]
[3289, 3291]
[3355, 3357]
[3358, 3359]
[3361, 3362]
[3366, 3391]
[3392, 3395]
[3397, 3405]
[6116, 6116]
[6118, 6119]
[6123, 6148]
[6149, 6152]
[6157, 6165]
[10043, 10043]
[10045, 10046]
[10050, 10075]
[10076, 10079]
[10084, 10092]
[13956, 13956]
[13958, 13959]
[13963, 13988]
[13989, 13992]
[14001, 14009]
[17887, 17887]
[17889, 17890]
[17894, 17919]
[17920, 17923]
[18520, 18528]
[19087, 19087]
[19091, 19100]
[19101, 19103]
[19106, 19112]
[19117, 19117]
[19122, 19122]
[19123, 19123]
[19125, 19127]
[19134, 19135]
[19137, 19138]
[19142, 19167]
[19168, 19171]
[19174, 19178]
[19181, 19182]
[19184, 19187]
[19190, 19199]
[19201, 19201]
[19203, 19203]
[19205, 19205]
[19207, 19207]
[19209, 19209]
[19212, 19212]
[19214, 19214]
[19216, 19216]
[19218, 19218]
[19220, 19220]
[19222, 19222]
[19224, 19224]
[19226, 19226]
[19228, 19229]
[19232, 19232]
[19234, 19234]
[19236, 19238]
[19306, 19308]
[19309, 19310]
[19312, 19313]
[19317, 19342]
[19343, 19346]
[19350, 19354]
[19358, 19361]
[19564, 19565]
[19567, 19568]
[19572, 19597]
[19598, 19601]
[19603, 19611]
[19614, 19615]
[19617, 19623]
[19628, 19629]
[19631, 19631]
[19633, 19633]
[19635, 19635]
[19637, 19637]
[19639, 19639]
[19641, 19641]
[19643, 19643]
[19645, 19645]
[19647, 19647]
[19649, 19649]
[19652, 19656]
[19659, 19659]
[19661, 19661]
[19663, 19663]
[19665, 19665]
[19667, 19667]
[19669, 19669]
[19671, 19671]
[19673, 19673]
[19675, 19675]
[19677, 19677]
[19679, 19679]
[19681, 19681]
[19683, 19683]
[19685, 19685]
[19687, 19687]
[19689, 19689]
[19691, 19691]
[19693, 19693]
[19695, 19695]
[19697, 19697]
[19699, 19699]
[19701, 19701]
[19703, 19703]
[19705, 19705]
[19707, 19707]
[19709, 19709]
[19711, 19711]
[19713, 19713]
[19715, 19715]
[19717, 19717]
[19719, 19719]
[19722, 19722]
[19724, 19724]
[19726, 19726]
[19728, 19728]
[19730, 19730]
[19732, 19732]
[19734, 19734]
[19736, 19736]
[19738, 19738]
[19740, 19740]
[19742, 19742]
[19744, 19744]
[19746, 19746]
[19748, 19748]
[19750, 19750]
[19752, 19752]
[19754, 19754]
[19756, 19756]
[19758, 19758]
[19760, 19760]
[19762, 19762]
[19764, 19764]
[19766, 19766]
[19768, 19768]
[19770, 19770]
[19772, 19772]
[19774, 19774]
[19776, 19776]
[19778, 19778]
[19780, 19780]
[19782, 19782]
[19785, 19786]
[19789, 19789]
[19791, 19791]
[19793, 19793]
[19795, 19795]
[19797, 19797]
[19799, 19799]
[19801, 19801]
[19803, 19803]
[19805, 19805]
[19807, 19807]
[19809, 19809]
[19811, 19811]
[19813, 19813]
[19815, 19815]
[19817, 19817]
[19819, 19819]
[19821, 19821]
[19823, 19823]
[19825, 19825]
[19827, 19827]
[19829, 19829]
[19831, 19831]
[19833, 19833]
[19835, 19835]
[19837, 19837]
[19839, 19839]
[19841, 19841]
[19843, 19843]
[19845, 19845]
[19847, 19847]
[19849, 19849]
[19851, 19851]
[19854, 19855]
[19858, 19858]
[19860, 19860]
[19862, 19862]
[19864, 19864]
[19866, 19866]
[19868, 19870]
[19871, 19872]
[19874, 19875]
[19879, 19904]
[19905, 19908]
[19912, 19916]
[19918, 19919]
[19921, 19922]
[19926, 19927]
[19931, 19931]
[19932, 19932]
[19934, 19934]
[19935, 19935]
[19936, 19939]
[19940, 19959]
[19961, 19969]
[19972, 19973]
[19977, 19987]
[19988, 19993]
[19995, 19997]
[19999, 20001]
[20003, 20005]
[20007, 20009]
[20011, 20013]
[20015, 20017]
[20019, 20021]
[20023, 20025]
[20027, 20029]
[20031, 20033]
[20035, 20036]
[20038, 20039]
[20041, 20044]
[20046, 20048]
[20050, 20051]
[20053, 20055]
[20057, 20059]
[20061, 20062]
[20064, 20066]
[20068, 20070]
[20072, 20074]
[20076, 20078]
[20080, 20082]
[20084, 20088]
[20090, 20091]
[20093, 20094]
[20096, 20097]
[20099, 20100]
[20102, 20103]
[20105, 20106]
[20108, 20109]
[20111, 20112]
[20114, 20115]
[20117, 20118]
[20120, 20121]
[20123, 20124]
[20126, 20127]
[20129, 20130]
[20132, 20133]
[20135, 20136]
[20138, 20139]
[20141, 20142]
[20144, 20145]
[20147, 20148]
[20150, 20150]
[20152, 20154]
[20156, 20156]
[20158, 20159]
[20161, 20162]
[20164, 20165]
[20167, 20168]
[20170, 20171]
[20173, 20173]
[20175, 20177]
[20179, 20179]
[20181, 20187]
[20189, 20189]
[20191, 20191]
[20193, 20193]
[20195, 20195]
[20197, 20197]
[20199, 20199]
[20201, 20201]
[20203, 20203]
[20205, 20205]
[20207, 20207]
[20209, 20209]
[20211, 20211]
[20213, 20213]
[20215, 20215]
[20217, 20217]
[20219, 20219]
[20221, 20221]
[20223, 20223]
[20225, 20225]
[20227, 20227]
[20229, 20229]
[20231, 20231]
[20233, 20233]
[20235, 20235]
[20237, 20237]
[20239, 20239]
[20241, 20241]
[20243, 20243]
[20245, 20245]
[20247, 20247]
[20249, 20249]
[20251, 20251]
[20253, 20253]
[20256, 20256]
[20258, 20258]
[20260, 20260]
[20262, 20262]
[20264, 20264]
[20266, 20266]
[20268, 20268]
[20270, 20270]
[20272, 20272]
[20274, 20274]
[20276, 20276]
[20278, 20278]
[20280, 20280]
[20282, 20282]
[20284, 20284]
[20286, 20286]
[20288, 20288]
[20290, 20290]
[20292, 20292]
[20294, 20294]
[20296, 20296]
[20298, 20298]
[20300, 20300]
[20302, 20302]
[20304, 20304]
[20306, 20306]
[20308, 20308]
[20310, 20310]
[20312, 20312]
[20314, 20321]
[20323, 20324]
[20328, 20353]
[20354, 20357]
[20361, 20369]
[20371, 20403]
[20406, 20414]
[20422, 20422]
[20424, 20425]
[20429, 20454]
[20455, 20458]
[20460, 20468]
[20471, 20472]
[20474, 20475]
[20479, 20504]
[20507, 20509]
[20511, 20519]
[20523, 20525]
[20528, 20529]
[20534, 20536]
[20539, 20547]
[20550, 20550]
[20552, 20552]
[20554, 20554]
[20556, 20556]
[20558, 20558]
[20560, 20560]
[20562, 20562]
[20564, 20564]
[20566, 20566]
[20568, 20568]
[20570, 20570]
[20572, 20572]
[20574, 20574]
[20576, 20576]
[20578, 20578]
[20580, 20580]
[20582, 20582]
[20584, 20584]
[20586, 20586]
[20588, 20588]
[20590, 20590]
[20592, 20592]
[20594, 20594]
[20596, 20596]
[20598, 20598]
[20600, 20600]
[20602, 20602]
[20604, 20604]
[20606, 20606]
[20608, 20608]
[20610, 20610]
[20612, 20612]
[20614, 20614]
[20617, 20618]
[20621, 20621]
[20623, 20623]
[20625, 20625]
[20627, 20627]
[20629, 20630]
[20633, 20633]
[20635, 20635]
[20637, 20637]
[20639, 20639]
[20641, 20641]
[20643, 20643]
[20645, 20645]
[20647, 20647]
[20649, 20649]
[20651, 20651]
[20653, 20653]
[20655, 20655]
[20657, 20657]
[20659, 20659]
[20661, 20661]
[20663, 20663]
[20665, 20665]
[20667, 20667]
[20669, 20669]
[20671, 20671]
[20674, 20674]
[20676, 20676]
[20678, 20678]
[20680, 20680]
[20682, 20682]
[20684, 20684]
[20686, 20687]
[20690, 20690]
[20692, 20692]
[20694, 20694]
[20696, 20696]
[20698, 20698]
[20700, 20700]
[20702, 20702]
[20704, 20704]
[20706, 20706]
[20708, 20708]
[20710, 20710]
[20712, 20712]
[20714, 20714]
[20716, 20716]
[20718, 20718]
[20720, 20720]
[20722, 20722]
[20724, 20724]
[20726, 20726]
[20728, 20728]
[20730, 20730]
[20732, 20732]
[20734, 20734]
[20736, 20736]
[20738, 20738]
[20740, 20740]
[20743, 20743]
[20745, 20745]
[20747, 20747]
[20749, 20749]
[20751, 20751]
[20753, 20753]
[20755, 20755]
[20757, 20757]
[20759, 20759]
[20761, 20761]
[20763, 20763]
[20765, 20765]
[20767, 20767]
[20769, 20769]
[20771, 20771]
[20773, 20773]
[20775, 20775]
[20777, 20777]
[20779, 20779]
[20781, 20781]
[20783, 20783]
[20785, 20785]
[20787, 20787]
[20789, 20789]
[20791, 20791]
[20793, 20793]
[20795, 20795]
[20797, 20797]
[20799, 20799]
[20801, 20801]
[20803, 20803]
[20805, 20805]
[20808, 20809]
[20812, 20812]
[20814, 20814]
[20816, 20816]
[20818, 20818]
[20820, 20820]
[20822, 20822]
[20824, 20824]
[20826, 20826]
[20828, 20828]
[20830, 20830]
[20832, 20832]
[20834, 20834]
[20836, 20836]
[20838, 20838]
[20840, 20840]
[20842, 20842]
[20844, 20844]
[20846, 20846]
[20848, 20848]
[20850, 20850]
[20852, 20852]
[20854, 20854]
[20856, 20856]
[20858, 20858]
[20860, 20860]
[20862, 20862]
[20864, 20864]
[20866, 20866]
[20868, 20868]
[20870, 20870]
[20873, 20873]
[20875, 20875]
[20877, 20877]
[20879, 20879]
[20881, 20881]
[20883, 20883]
[20885, 20885]
[20887, 20887]
[20889, 20889]
[20891, 20891]
[20893, 20893]
[20895, 20895]
[20897, 20897]
[20899, 20899]
[20901, 20901]
[20903, 20903]
[20905, 20905]
[20907, 20907]
[20909, 20909]
[20911, 20911]
[20913, 20913]
[20915, 20915]
[20917, 20917]
[20919, 20919]
[20921, 20921]
[20923, 20923]
[20925, 20925]
[20927, 20927]
[20929, 20929]
[20931, 20931]
[20933, 20933]
[20935, 20935]
[20938, 20938]
[20940, 20940]
[20942, 20942]
[20944, 20944]
[20946, 20946]
[20948, 20948]
[20950, 20950]
[20952, 20952]
[20954, 20954]
[20956, 20956]
[20958, 20958]
[20960, 20960]
[20962, 20962]
[20964, 20964]
[20966, 20966]
[20968, 20968]
[20970, 20970]
[20972, 20972]
[20974, 20974]
[20976, 20976]
[20978, 20978]
[20980, 20980]
[20982, 20982]
[20984, 20984]
[20986, 20986]
[20988, 20988]
[20990, 20990]
[20992, 20992]
[20994, 20994]
[20996, 20996]
[20998, 20998]
[21001, 21001]
[21003, 21003]
[21005, 21005]
[21007, 21007]
[21009, 21009]
[21011, 21011]
[21013, 21013]
[21015, 21015]
[21017, 21017]
[21019, 21019]
[21021, 21021]
[21023, 21023]
[21025, 21025]
[21027, 21027]
[21029, 21029]
[21031, 21031]
[21033, 21033]
[21035, 21035]
[21037, 21037]
[21039, 21039]
[21041, 21041]
[21043, 21043]
[21045, 21045]
[21047, 21047]
[21049, 21049]
[21051, 21051]
[21053, 21053]
[21055, 21055]
[21057, 21057]
[21059, 21059]
[21061, 21061]
[21063, 21063]
[21065, 21065]
[21067, 21067]
[21070, 21070]
[21072, 21072]
[21074, 21074]
[21076, 21076]
[21078, 21078]
[21080, 21080]
[21082, 21082]
[21084, 21084]
[21086, 21086]
[21088, 21088]
[21090, 21090]
[21092, 21092]
[21094, 21094]
[21096, 21096]
[21098, 21098]
[21100, 21100]
[21102, 21102]
[21104, 21104]
[21106, 21106]
[21108, 21108]
[21110, 21110]
[21112, 21112]
[21114, 21114]
[21116, 21116]
[21118, 21118]
[21120, 21120]
[21122, 21122]
[21125, 21125]
[21127, 21127]
[21129, 21129]
[21131, 21131]
[21133, 21133]
[21135, 21137]
[21144, 21144]
[21146, 21147]
[21151, 21176]
[21177, 21180]
[21184, 21192]
[21468, 21470]
[21471, 21472]
[21474, 21475]
[21479, 21480]
[21483, 21515]
[21516, 21518]
[21520, 21521]
[21523, 21524]
[21528, 21529]
[21534, 21534]
[21535, 21535]
[21536, 21558]
[21560, 21568]
[21573, 21575]
[21579, 21580]
[21935, 21937]
[21938, 21939]
[21941, 21942]
[21946, 21971]
[21972, 21975]
[22133, 22141]
[22247, 22250]
[22252, 22252]
[22254, 22254]
[22256, 22256]
[22258, 22258]
[22260, 22260]
[22262, 22262]
[22264, 22264]
[22266, 22266]
[22268, 22268]
[22270, 22270]
[22272, 22272]
[22274, 22274]
[22276, 22276]
[22278, 22278]
[22280, 22280]
[22282, 22282]
[22284, 22284]
[22286, 22286]
[22288, 22288]
[22290, 22290]
[22292, 22292]
[22294, 22294]
[22296, 22296]
[22298, 22298]
[22300, 22300]
[22302, 22302]
[22304, 22304]
[22306, 22306]
[22308, 22308]
[22310, 22310]
[22312, 22312]
[22314, 22314]
[22316, 22316]
[22318, 22318]
[22320, 22320]
[22322, 22322]
[22325, 22326]
[22328, 22328]
[22331, 22331]
[22333, 22333]
[22335, 22335]
[22337, 22337]
[22339, 22339]
[22341, 22341]
[22343, 22343]
[22345, 22345]
[22347, 22347]
[22349, 22349]
[22351, 22351]
[22353, 22353]
[22355, 22355]
[22357, 22357]
[22359, 22359]
[22361, 22361]
[22363, 22363]
[22365, 22365]
[22367, 22367]
[22369, 22369]
[22371, 22371]
[22373, 22373]
[22375, 22375]
[22377, 22377]
[22379, 22379]
[22381, 22381]
[22383, 22383]
[22385, 22385]
[22387, 22387]
[22389, 22389]
[22391, 22391]
[22393, 22393]
[22395, 22395]
[22397, 22397]
[22399, 22399]
[22401, 22401]
[22403, 22403]
[22405, 22405]
[22407, 22407]
[22409, 22409]
[22411, 22411]
[22413, 22413]
[22415, 22415]
[22418, 22419]
[22422, 22422]
[22424, 22425]
[22428, 22428]
[22430, 22430]
[22432, 22432]
[22434, 22434]
[22436, 22436]
[22438, 22438]
[22440, 22440]
[22442, 22442]
[22444, 22444]
[22446, 22446]
[22448, 22448]
[22450, 22450]
[22452, 22452]
[22454, 22454]
[22456, 22456]
[22458, 22458]
[22460, 22460]
[22462, 22462]
[22464, 22465]
[22467, 22468]
[22472, 22497]
[22498, 22501]
[22503, 22513]
[22516, 22516]
[22518, 22518]
[22520, 22520]
[22522, 22522]
[22524, 22524]
[22526, 22526]
[22528, 22528]
[22530, 22530]
[22532, 22532]
[22534, 22534]
[22536, 22536]
[22538, 22538]
[22540, 22540]
[22542, 22542]
[22544, 22544]
[22547, 22548]
[22551, 22551]
[22553, 22553]
[22555, 22555]
[22557, 22557]
[22559, 22559]
[22561, 22561]
[22563, 22563]
[22565, 22565]
[22567, 22567]
[22569, 22569]
[22571, 22571]
[22573, 22573]
[22575, 22575]
[22577, 22577]
[22579, 22579]
[22581, 22581]
[22583, 22583]
[22585, 22585]
[22587, 22587]
[22589, 22589]
[22591, 22591]
[22593, 22593]
[22595, 22595]
[22597, 22597]
[22599, 22599]
[22601, 22601]
[22603, 22603]
[22605, 22605]
[22607, 22607]
[22609, 22609]
[22611, 22611]
[22613, 22613]
[22615, 22615]
[22617, 22617]
[22619, 22619]
[22621, 22621]
[22623, 22623]
[22625, 22625]
[22627, 22627]
[22629, 22629]
[22632, 22632]
[22634, 22634]
[22636, 22636]
[22638, 22638]
[22640, 22640]
[22642, 22642]
[22644, 22644]
[22646, 22646]
[22648, 22648]
[22650, 22650]
[22652, 22652]
[22654, 22654]
[22656, 22656]
[22658, 22658]
[22660, 22660]
[22662, 22662]
[22664, 22664]
[22666, 22666]
[22668, 22668]
[22670, 22670]
[22672, 22672]
[22674, 22674]
[22676, 22676]
[22678, 22678]
[22680, 22680]
[22682, 22682]
[22684, 22684]
[22686, 22686]
[22688, 22688]
[22690, 22690]
[22692, 22692]
[22694, 22694]
[22696, 22696]
[22698, 22698]
[22700, 22700]
[22702, 22702]
[22704, 22704]
[22706, 22706]
[22708, 22708]
[22710, 22710]
[22712, 22712]
[22714, 22714]
[22716, 22716]
[22718, 22718]
[22720, 22720]
[22723, 22723]
[22725, 22726]
[22729, 22729]
[22731, 22731]
[22733, 22733]
[22735, 22735]
[22737, 22737]
[22739, 22739]
[22741, 22741]
[22743, 22743]
[22745, 22745]
[22747, 22747]
[22749, 22749]
[22751, 22751]
[22753, 22753]
[22755, 22755]
[22757, 22757]
[22759, 22759]
[22761, 22761]
[22763, 22763]
[22765, 22765]
[22767, 22767]
[22769, 22769]
[22771, 22771]
[22773, 22773]
[22775, 22775]
[22777, 22777]
[22779, 22779]
[22781, 22781]
[22783, 22783]
[22785, 22785]
[22787, 22787]
[22789, 22789]
[22791, 22791]
[22793, 22793]
[22795, 22795]
[22797, 22797]
[22799, 22799]
[22801, 22801]
[22803, 22803]
[22805, 22805]
[22807, 22807]
[22809, 22809]
[22812, 22812]
[22814, 22814]
[22816, 22816]
[22818, 22818]
[22820, 22820]
[22822, 22822]
[22824, 22824]
[22826, 22826]
[22828, 22828]
[22830, 22830]
[22832, 22832]
[22834, 22834]
[22836, 22836]
[22838, 22838]
[22840, 22840]
[22842, 22842]
[22844, 22844]
[22846, 22846]
[22848, 22848]
[22850, 22850]
[22852, 22852]
[22854, 22854]
[22856, 22856]
[22858, 22858]
[22860, 22860]
[22862, 22862]
[22864, 22864]
[22866, 22866]
[22868, 22868]
[22870, 22870]
[22872, 22872]
[22874, 22874]
[22876, 22876]
[22878, 22878]
[22880, 22880]
[22882, 22882]
[22884, 22884]
[22886, 22886]
[22889, 22890]
[22893, 22893]
[22895, 22895]
[22897, 22897]
[22899, 22899]
[22901, 22901]
[22903, 22903]
[22905, 22905]
[22907, 22907]
[22909, 22909]
[22911, 22911]
[22913, 22913]
[22915, 22915]
[22917, 22917]
[22919, 22919]
[22921, 22921]
[22923, 22923]
[22925, 22925]
[22927, 22927]
[22929, 22929]
[22931, 22931]
[22933, 22933]
[22935, 22935]
[22937, 22937]
[22939, 22939]
[22941, 22941]
[22943, 22943]
[22945, 22945]
[22947, 22947]
[22949, 22949]
[22951, 22951]
[22953, 22953]
[22955, 22955]
[22957, 22957]
[22959, 22959]
[22961, 22961]
[22963, 22963]
[22965, 22965]
[22967, 22967]
[22969, 22969]
[22971, 22971]
[22973, 22973]
[22976, 22976]
[22978, 22978]
[22980, 22980]
[22982, 22982]
[22984, 22984]
[22986, 22986]
[22988, 22988]
[22990, 22990]
[22992, 22992]
[22994, 22994]
[22996, 22996]
[22998, 22998]
[23000, 23000]
[23002, 23002]
[23004, 23004]
[23006, 23006]
[23008, 23008]
[23010, 23010]
[23012, 23012]
[23014, 23014]
[23016, 23016]
[23018, 23018]
[23020, 23020]
[23022, 23022]
[23024, 23024]
[23026, 23026]
[23028, 23028]
[23030, 23030]
[23032, 23032]
[23034, 23034]
[23036, 23036]
[23038, 23038]
[23040, 23040]
[23042, 23042]
[23044, 23044]
[23046, 23046]
[23048, 23048]
[23050, 23050]
[23052, 23052]
[23054, 23054]
[23056, 23056]
[23058, 23058]
[23060, 23060]
[23062, 23062]
[23064, 23064]
[23066, 23066]
[23069, 23069]
[23071, 23071]
[23073, 23073]
[23075, 23075]
[23077, 23077]
[23079, 23079]
[23081, 23081]
[23083, 23083]
[23085, 23085]
[23087, 23087]
[23089, 23089]
[23091, 23091]
[23093, 23093]
[23095, 23095]
[23097, 23097]
[23099, 23099]
[23101, 23101]
[23103, 23103]
[23105, 23105]
[23107, 23107]
[23109, 23109]
[23111, 23111]
[23113, 23113]
[23115, 23115]
[23117, 23117]
[23119, 23119]
[23121, 23121]
[23123, 23123]
[23125, 23125]
[23127, 23127]
[23129, 23129]
[23131, 23131]
[23133, 23133]
[23135, 23135]
[23137, 23137]
[23139, 23139]
[23141, 23141]
[23143, 23143]
[23145, 23145]
[23147, 23147]
[23149, 23149]
[23151, 23151]
[23154, 23155]
[23158, 23158]
[23160, 23160]
[23162, 23163]
[23166, 23166]
[23168, 23168]
[23170, 23170]
[23172, 23172]
[23174, 23174]
[23176, 23176]
[23178, 23178]
[23180, 23180]
[23182, 23182]
[23184, 23184]
[23186, 23187]
[23190, 23190]
[23191, 23195]
[23198, 23201]
[23203, 23203]
[23205, 23205]
[23207, 23207]
[23209, 23209]
[23211, 23211]
[23213, 23213]
[23215, 23215]
[23217, 23217]
[23219, 23219]
[23221, 23221]
[23223, 23223]
[23225, 23225]
[23227, 23227]
[23229, 23229]
[23231, 23231]
[23233, 23233]
[23235, 23235]
[23237, 23237]
[23239, 23239]
[23241, 23241]
[23243, 23243]
[23245, 23245]
[23247, 23247]
[23249, 23249]
[23251, 23251]
[23253, 23253]
[23255, 23255]
[23257, 23257]
[23259, 23259]
[23262, 23263]
[23266, 23266]
[23268, 23268]
[23270, 23270]
[23272, 23272]
[23274, 23274]
[23276, 23276]
[23278, 23278]
[23280, 23280]
[23282, 23282]
[23284, 23284]
[23286, 23286]
[23288, 23288]
[23290, 23290]
[23292, 23292]
[23294, 23294]
[23296, 23296]
[23298, 23298]
[23300, 23300]
[23302, 23302]
[23304, 23304]
[23306, 23306]
[23308, 23308]
[23310, 23310]
[23312, 23312]
[23314, 23314]
[23316, 23316]
[23318, 23318]
[23320, 23320]
[23322, 23322]
[23324, 23324]
[23326, 23326]
[23328, 23328]
[23330, 23330]
[23332, 23332]
[23334, 23334]
[23336, 23336]
[23338, 23338]
[23340, 23340]
[23343, 23344]
[23347, 23347]
[23349, 23349]
[23351, 23352]
[23355, 23355]
[23357, 23357]
[23359, 23359]
[23361, 23361]
[23363, 23363]
[23365, 23365]
[23367, 23367]
[23369, 23369]
[23371, 23371]
[23373, 23373]
[23375, 23375]
[23377, 23377]
[23379, 23379]
[23381, 23381]
[23383, 23383]
[23385, 23385]
[23387, 23387]
[23389, 23389]
[23391, 23391]
[23393, 23393]
[23395, 23395]
[23397, 23397]
[23399, 23399]
[23401, 23401]
[23403, 23403]
[23405, 23405]
[23407, 23407]
[23409, 23409]
[23411, 23411]
[23413, 23413]
[23415, 23415]
[23417, 23417]
[23419, 23419]
[23421, 23421]
[23424, 23425]
[23428, 23428]
[23430, 23430]
[23432, 23432]
[23434, 23434]
[23436, 23436]
[23438, 23438]
[23440, 23440]
[23442, 23442]
[23444, 23444]
[23446, 23446]
[23448, 23448]
[23450, 23450]
[23452, 23452]
[23454, 23454]
[23456, 23456]
[23458, 23458]
[23460, 23460]
[23462, 23462]
[23464, 23464]
[23466, 23466]
[23468, 23468]
[23470, 23470]
[23472, 23472]
[23474, 23474]
[23476, 23476]
[23478, 23478]
[23480, 23480]
[23482, 23482]
[23484, 23484]
[23486, 23486]
[23488, 23488]
[23490, 23490]
[23492, 23492]
[23494, 23494]
[23496, 23496]
[23498, 23498]
[23500, 23500]
[23502, 23502]
[23504, 23504]
[23507, 23507]
[23509, 23509]
[23511, 23511]
[23513, 23513]
[23515, 23515]
[23517, 23517]
[23519, 23519]
[23521, 23521]
[23523, 23523]
[23525, 23525]
[23527, 23527]
[23529, 23529]
[23531, 23531]
[23533, 23533]
[23535, 23535]
[23537, 23537]
[23539, 23539]
[23541, 23541]
[23543, 23543]
[23545, 23545]
[23547, 23547]
[23549, 23549]
[23551, 23551]
[23553, 23553]
[23555, 23555]
[23557, 23557]
[23559, 23559]
[23561, 23561]
[23563, 23563]
[23565, 23565]
[23567, 23567]
[23569, 23569]
[23571, 23571]
[23573, 23573]
[23575, 23575]
[23577, 23577]
[23579, 23579]
[23581, 23581]
[23583, 23583]
[23585, 23585]
[23587, 23587]
[23590, 23590]
[23592, 23592]
[23594, 23594]
[23596, 23596]
[23598, 23598]
[23600, 23600]
[23602, 23602]
[23604, 23604]
[23606, 23606]
[23608, 23608]
[23610, 23610]
[23612, 23612]
[23614, 23614]
[23616, 23616]
[23618, 23618]
[23620, 23620]
[23622, 23622]
[23624, 23624]
[23626, 23626]
[23628, 23628]
[23630, 23630]
[23632, 23632]
[23634, 23634]
[23636, 23636]
[23638, 23638]
[23640, 23640]
[23642, 23642]
[23644, 23644]
[23646, 23646]
[23648, 23648]
[23650, 23650]
[23652, 23652]
[23654, 23654]
[23656, 23656]
[23658, 23658]
[23660, 23660]
[23662, 23662]
[23665, 23666]
[23669, 23669]
[23671, 23671]
[23673, 23673]
[23675, 23675]
[23677, 23677]
[23679, 23679]
[23681, 23681]
[23683, 23683]
[23685, 23685]
[23687, 23687]
[23689, 23689]
[23691, 23691]
[23693, 23693]
[23695, 23695]
[23697, 23697]
[23699, 23699]
[23701, 23701]
[23703, 23703]
[23705, 23705]
[23707, 23707]
[23709, 23709]
[23711, 23711]
[23713, 23713]
[23715, 23715]
[23717, 23717]
[23719, 23719]
[23721, 23721]
[23723, 23723]
[23725, 23725]
[23727, 23727]
[23729, 23729]
[23731, 23731]
[23733, 23733]
[23735, 23735]
[23737, 23737]
[23739, 23739]
[23741, 23741]
[23743, 23743]
[23745, 23745]
[23747, 23747]
[23750, 23751]
[23754, 23754]
[23756, 23756]
[23758, 23758]
[23760, 23760]
[23762, 23762]
[23764, 23764]
[23766, 23766]
[23768, 23768]
[23770, 23770]
[23772, 23772]
[23774, 23774]
[23776, 23776]
[23778, 23778]
[23780, 23780]
[23782, 23782]
[23784, 23784]
[23786, 23786]
[23788, 23788]
[23790, 23790]
[23792, 23792]
[23794, 23794]
[23796, 23796]
[23798, 23798]
[23800, 23800]
[23802, 23802]
[23804, 23804]
[23806, 23806]
[23808, 23808]
[23810, 23810]
[23812, 23812]
[23814, 23814]
[23816, 23816]
[23818, 23818]
[23820, 23820]
[23822, 23822]
[23824, 23824]
[23826, 23826]
[23828, 23828]
[23830, 23830]
[23832, 23832]
[23834, 23834]
[23837, 23837]
[23839, 23839]
[23841, 23841]
[23843, 23843]
[23845, 23845]
[23847, 23847]
[23849, 23849]
[23851, 23851]
[23853, 23853]
[23855, 23855]
[23857, 23857]
[23859, 23859]
[23861, 23861]
[23863, 23863]
[23865, 23865]
[23867, 23867]
[23869, 23869]
[23871, 23871]
[23873, 23873]
[23875, 23875]
[23877, 23877]
[23879, 23879]
[23881, 23881]
[23883, 23883]
[23885, 23885]
[23887, 23887]
[23889, 23889]
[23891, 23891]
[23893, 23893]
[23895, 23895]
[23897, 23897]
[23899, 23899]
[23901, 23901]
[23903, 23903]
[23905, 23905]
[23907, 23907]
[23909, 23909]
[23911, 23911]
[23914, 23915]
[23918, 23918]
[23920, 23920]
[23922, 23922]
[23924, 23924]
[23926, 23926]
[23928, 23928]
[23930, 23930]
[23932, 23932]
[23934, 23934]
[23936, 23936]
[23938, 23938]
[23940, 23940]
[23942, 23942]
[23944, 23944]
[23946, 23946]
[23948, 23948]
[23950, 23950]
[23952, 23952]
[23954, 23954]
[23956, 23956]
[23958, 23958]
[23960, 23960]
[23962, 23962]
[23964, 23964]
[23966, 23966]
[23968, 23968]
[23970, 23970]
[23972, 23972]
[23974, 23974]
[23976, 23976]
[23978, 23978]
[23980, 23980]
[23982, 23982]
[23984, 23984]
[23986, 23986]
[23988, 23988]
[23990, 23990]
[23992, 23992]
[23994, 23994]
[23996, 23996]
[23998, 23998]
[24000, 24000]
[24003, 24004]
[24006, 24006]
[24009, 24009]
[24011, 24011]
[24013, 24013]
[24015, 24015]
[24017, 24017]
[24019, 24019]
[24021, 24021]
[24023, 24023]
[24025, 24025]
[24027, 24027]
[24029, 24029]
[24031, 24031]
[24033, 24033]
[24035, 24035]
[24037, 24037]
[24039, 24039]
[24041, 24041]
[24043, 24043]
[24045, 24045]
[24047, 24047]
[24049, 24049]
[24051, 24051]
[24053, 24053]
[24055, 24055]
[24057, 24057]
[24059, 24059]
[24061, 24061]
[24063, 24063]
[24065, 24065]
[24067, 24067]
[24069, 24069]
[24071, 24071]
[24073, 24073]
[24075, 24075]
[24077, 24077]
[24079, 24079]
[24081, 24081]
[24083, 24083]
[24085, 24085]
[24087, 24087]
[24089, 24089]
[24091, 24091]
[24093, 24093]
[24095, 24095]
[24097, 24097]
[24100, 24100]
[24102, 24102]
[24104, 24104]
[24106, 24106]
[24108, 24108]
[24110, 24110]
[24112, 24112]
[24114, 24114]
[24116, 24116]
[24118, 24118]
[24120, 24120]
[24122, 24122]
[24124, 24124]
[24126, 24126]
[24128, 24128]
[24130, 24130]
[24132, 24132]
[24134, 24134]
[24136, 24136]
[24138, 24138]
[24140, 24140]
[24142, 24142]
[24144, 24144]
[24146, 24146]
[24148, 24148]
[24150, 24150]
[24152, 24152]
[24154, 24154]
[24156, 24156]
[24158, 24158]
[24160, 24160]
[24162, 24162]
[24164, 24164]
[24166, 24166]
[24168, 24168]
[24170, 24170]
[24172, 24172]
[24175, 24175]
[24177, 24177]
[24179, 24179]
[24181, 24181]
[24183, 24183]
[24185, 24185]
[24187, 24187]
[24189, 24189]
[24191, 24191]
[24193, 24193]
[24195, 24195]
[24197, 24197]
[24199, 24199]
[24201, 24201]
[24203, 24203]
[24205, 24205]
[24207, 24207]
[24209, 24209]
[24211, 24211]
[24213, 24213]
[24215, 24215]
[24217, 24217]
[24219, 24219]
[24221, 24221]
[24223, 24223]
[24225, 24225]
[24227, 24227]
[24229, 24229]
[24231, 24231]
[24233, 24233]
[24235, 24235]
[24237, 24237]
[24239, 24239]
[24241, 24241]
[24243, 24243]
[24245, 24245]
[24247, 24247]
[24250, 24250]
[24252, 24252]
[24254, 24254]
[24256, 24256]
[24258, 24258]
[24260, 24260]
[24262, 24262]
[24264, 24264]
[24266, 24266]
[24268, 24268]
[24270, 24270]
[24272, 24272]
[24274, 24274]
[24276, 24276]
[24278, 24278]
[24280, 24280]
[24282, 24282]
[24284, 24284]
[24286, 24286]
[24288, 24288]
[24290, 24290]
[24292, 24292]
[24294, 24294]
[24296, 24296]
[24298, 24298]
[24300, 24300]
[24302, 24302]
[24304, 24304]
[24306, 24306]
[24308, 24308]
[24310, 24310]
[24312, 24312]
[24314, 24314]
[24316, 24316]
[24318, 24318]
[24320, 24320]
[24322, 24322]
[24325, 24326]
[24329, 24329]
[24331, 24331]
[24333, 24333]
[24335, 24335]
[24337, 24337]
[24339, 24340]
[24343, 24343]
[24345, 24345]
[24347, 24347]
[24349, 24349]
[24351, 24351]
[24353, 24353]
[24355, 24355]
[24357, 24357]
[24359, 24359]
[24361, 24361]
[24363, 24363]
[24365, 24365]
[24367, 24367]
[24369, 24369]
[24371, 24371]
[24373, 24373]
[24374, 24378]
[24381, 24382]
[24384, 24384]
[24385, 24413]
[24471, 24479]
[24487, 24487]
[24489, 24490]
[24494, 24519]
[24520, 24523]
[24525, 24533]
[24538, 24570]
[24575, 24583]
[24587, 24588]
[24590, 24591]
[24595, 24620]
[24621, 24624]
[24626, 24634]
[24639, 24641]
[24642, 24646]
[24647, 24648]
[24653, 24655]
[24656, 24660]
[24664, 24667]
[24669, 24669]
[24671, 24671]
[24673, 24673]
[24675, 24675]
[24677, 24677]
[24679, 24679]
[24681, 24681]
[24683, 24683]
[24685, 24685]
[24687, 24687]
[24689, 24689]
[24691, 24691]
[24693, 24693]
[24695, 24695]
[24697, 24697]
[24699, 24699]
[24701, 24701]
[24703, 24703]
[24705, 24705]
[24707, 24707]
[24709, 24709]
[24711, 24711]
[24713, 24713]
[24715, 24715]
[24718, 24718]
[24720, 24720]
[24722, 24722]
[24724, 24724]
[24726, 24726]
[24728, 24728]
[24730, 24730]
[24732, 24732]
[24734, 24734]
[24736, 24736]
[24738, 24738]
[24740, 24740]
[24742, 24742]
[24744, 24744]
[24746, 24746]
[24748, 24748]
[24750, 24750]
[24752, 24752]
[24754, 24754]
[24756, 24756]
[24758, 24758]
[24760, 24760]
[24762, 24762]
[24764, 24764]
[24766, 24766]
[24768, 24768]
[24770, 24770]
[24772, 24772]
[24774, 24774]
[24776, 24776]
[24778, 24778]
[24780, 24780]
[24782, 24782]
[24784, 24784]
[24786, 24786]
[24788, 24788]
[24790, 24790]
[24792, 24792]
[24794, 24794]
[24796, 24796]
[24798, 24798]
[24801, 24801]
[24803, 24804]
[24807, 24807]
[24809, 24809]
[24811, 24811]
[24813, 24813]
[24815, 24815]
[24817, 24817]
[24819, 24819]
[24821, 24821]
[24823, 24823]
[24825, 24825]
[24827, 24827]
[24829, 24829]
[24831, 24831]
[24833, 24833]
[24835, 24835]
[24837, 24837]
[24839, 24839]
[24841, 24841]
[24843, 24843]
[24845, 24845]
[24847, 24847]
[24849, 24849]
[24851, 24851]
[24853, 24853]
[24855, 24855]
[24857, 24857]
[24859, 24859]
[24861, 24861]
[24863, 24863]
[24865, 24865]
[24867, 24867]
[24869, 24869]
[24871, 24871]
[24873, 24873]
[24876, 24877]
[24880, 24880]
[24882, 24882]
[24884, 24884]
[24886, 24886]
[24888, 24888]
[24890, 24890]
[24892, 24892]
[24894, 24894]
[24896, 24896]
[24898, 24898]
[24900, 24900]
[24902, 24902]
[24904, 24904]
[24906, 24906]
[24908, 24908]
[24910, 24910]
[24912, 24912]
[24914, 24914]
[24916, 24916]
[24918, 24918]
[24920, 24920]
[24922, 24922]
[24924, 24924]
[24926, 24926]
[24928, 24928]
[24930, 24930]
[24932, 24932]
[24934, 24934]
[24936, 24936]
[24938, 24938]
[24940, 24940]
[24942, 24942]
[24944, 24944]
[24946, 24946]
[24948, 24948]
[24950, 24950]
[24952, 24952]
[24954, 24954]
[24956, 24956]
[24958, 24958]
[24960, 24960]
[24963, 24964]
[24967, 24967]
[24969, 24969]
[24971, 24971]
[24973, 24973]
[24975, 24975]
[24977, 24977]
[24979, 24979]
[24981, 24981]
[24983, 24983]
[24985, 24985]
[24987, 24987]
[24989, 24989]
[24991, 24991]
[24993, 24993]
[24995, 24995]
[24997, 24997]
[24999, 24999]
[25001, 25001]
[25003, 25003]
[25005, 25005]
[25007, 25007]
[25009, 25009]
[25011, 25011]
[25013, 25013]
[25015, 25015]
[25017, 25017]
[25019, 25019]
[25021, 25021]
[25023, 25023]
[25025, 25025]
[25027, 25027]
[25029, 25029]
[25031, 25031]
[25033, 25033]
[25035, 25035]
[25037, 25037]
[25039, 25039]
[25041, 25041]
[25043, 25043]
[25045, 25045]
[25047, 25047]
[25049, 25049]
[25051, 25051]
[25054, 25055]
[25058, 25058]
[25060, 25060]
[25062, 25062]
[25064, 25064]
[25066, 25066]
[25068, 25068]
[25070, 25070]
[25072, 25072]
[25074, 25074]
[25076, 25076]
[25078, 25078]
[25080, 25080]
[25082, 25082]
[25084, 25084]
[25086, 25086]
[25088, 25088]
[25090, 25090]
[25092, 25092]
[25094, 25094]
[25096, 25096]
[25098, 25098]
[25100, 25100]
[25102, 25102]
[25104, 25104]
[25106, 25106]
[25108, 25108]
[25110, 25110]
[25112, 25112]
[25114, 25114]
[25116, 25116]
[25118, 25118]
[25120, 25120]
[25122, 25122]
[25124, 25124]
[25126, 25126]
[25128, 25128]
[25130, 25130]
[25132, 25132]
[25134, 25134]
[25136, 25136]
[25138, 25138]
[25140, 25140]
[25142, 25142]
[25145, 25146]
[25149, 25149]
[25151, 25151]
[25153, 25153]
[25155, 25155]
[25157, 25157]
[25159, 25159]
[25161, 25161]
[25163, 25163]
[25165, 25165]
[25167, 25167]
[25169, 25169]
[25171, 25171]
[25173, 25173]
[25175, 25175]
[25177, 25177]
[25179, 25179]
[25181, 25181]
[25183, 25183]
[25185, 25185]
[25187, 25187]
[25189, 25189]
[25191, 25191]
[25193, 25193]
[25195, 25195]
[25197, 25197]
[25199, 25199]
[25201, 25201]
[25203, 25203]
[25205, 25205]
[25207, 25207]
[25209, 25209]
[25211, 25211]
[25213, 25213]
[25215, 25215]
[25217, 25217]
[25220, 25220]
[25222, 25222]
[25224, 25224]
[25226, 25226]
[25228, 25228]
[25230, 25230]
[25232, 25232]
[25234, 25234]
[25236, 25236]
[25238, 25238]
[25240, 25240]
[25242, 25242]
[25244, 25244]
[25246, 25246]
[25248, 25248]
[25250, 25250]
[25252, 25252]
[25254, 25254]
[25256, 25256]
[25258, 25258]
[25260, 25260]
[25262, 25262]
[25264, 25264]
[25266, 25266]
[25268, 25268]
[25270, 25270]
[25272, 25272]
[25274, 25274]
[25276, 25276]
[25278, 25278]
[25280, 25280]
[25282, 25282]
[25284, 25284]
[25286, 25286]
[25288, 25288]
[25290, 25290]
[25292, 25292]
[25294, 25294]
[25296, 25296]
[25299, 25300]
[25302, 25302]
[25305, 25305]
[25307, 25307]
[25309, 25309]
[25311, 25311]
[25313, 25313]
[25315, 25315]
[25317, 25317]
[25319, 25319]
[25321, 25321]
[25323, 25323]
[25325, 25326]
[25328, 25328]
[25330, 25330]
[25333, 25333]
[25335, 25335]
[25337, 25337]
[25339, 25339]
[25341, 25341]
[25343, 25343]
[25345, 25345]
[25347, 25347]
[25349, 25349]
[25351, 25351]
[25353, 25353]
[25355, 25355]
[25357, 25357]
[25359, 25359]
[25361, 25361]
[25363, 25363]
[25365, 25365]
[25367, 25367]
[25369, 25369]
[25371, 25371]
[25373, 25373]
[25375, 25375]
[25377, 25377]
[25379, 25379]
[25381, 25381]
[25383, 25383]
[25385, 25385]
[25387, 25387]
[25389, 25389]
[25391, 25391]
[25393, 25393]
[25395, 25395]
[25397, 25397]
[25399, 25399]
[25401, 25401]
[25403, 25403]
[25405, 25405]
[25407, 25407]
[25409, 25409]
[25411, 25411]
[25413, 25413]
[25415, 25415]
[25418, 25419]
[25422, 25422]
[25424, 25424]
[25426, 25426]
[25428, 25428]
[25430, 25430]
[25432, 25432]
[25434, 25434]
[25436, 25436]
[25438, 25438]
[25440, 25440]
[25442, 25442]
[25444, 25444]
[25446, 25446]
[25448, 25448]
[25450, 25450]
[25452, 25452]
[25454, 25454]
[25456, 25456]
[25458, 25458]
[25460, 25460]
[25462, 25462]
[25464, 25464]
[25466, 25466]
[25468, 25468]
[25470, 25470]
[25472, 25472]
[25474, 25474]
[25476, 25476]
[25478, 25478]
[25480, 25480]
[25482, 25482]
[25484, 25484]
[25486, 25486]
[25488, 25488]
[25490, 25490]
[25492, 25492]
[25494, 25494]
[25496, 25496]
[25498, 25498]
[25500, 25500]
[25502, 25502]
[25505, 25505]
[25507, 25507]
[25509, 25509]
[25511, 25511]
[25513, 25513]
[25515, 25516]
[25519, 25519]
[25521, 25521]
[25523, 25523]
[25525, 25525]
[25527, 25527]
[25529, 25529]
[25531, 25531]
[25533, 25533]
[25535, 25535]
[25537, 25537]
[25540, 25541]
[25544, 25544]
[25546, 25546]
[25548, 25548]
[25550, 25550]
[25552, 25552]
[25554, 25554]
[25556, 25556]
[25558, 25558]
[25560, 25560]
[25562, 25562]
[25564, 25564]
[25566, 25566]
[25568, 25568]
[25570, 25570]
[25572, 25572]
[25574, 25574]
[25576, 25576]
[25579, 25579]
[25581, 25581]
[25583, 25583]
[25585, 25586]
[25589, 25589]
[25591, 25592]
[25595, 25595]
[25597, 25597]
[25599, 25599]
[25601, 25601]
[25603, 25603]
[25605, 25605]
[25607, 25607]
[25609, 25609]
[25611, 25611]
[25613, 25613]
[25615, 25615]
[25617, 25617]
[25619, 25619]
[25621, 25621]
[25623, 25623]
[25625, 25625]
[25627, 25627]
[25629, 25629]
[25631, 25631]
[25633, 25633]
[25635, 25635]
[25637, 25637]
[25639, 25639]
[25641, 25641]
[25643, 25643]
[25645, 25645]
[25647, 25647]
[25650, 25650]
[25652, 25652]
[25654, 25654]
[25656, 25656]
[25658, 25658]
[25660, 25660]
[25662, 25662]
[25664, 25664]
[25666, 25666]
[25668, 25668]
[25670, 25670]
[25672, 25672]
[25674, 25674]
[25676, 25676]
[25678, 25678]
[25680, 25680]
[25682, 25682]
[25684, 25684]
[25686, 25686]
[25688, 25688]
[25690, 25690]
[25692, 25692]
[25694, 25694]
[25696, 25696]
[25698, 25698]
[25700, 25700]
[25702, 25702]
[25704, 25704]
[25706, 25706]
[25708, 25708]
[25710, 25710]
[25712, 25712]
[25714, 25714]
[25717, 25717]
[25719, 25719]
[25721, 25721]
[25723, 25723]
[25725, 25725]
[25727, 25734]
[25736, 25737]
[25741, 25766]
[25767, 25770]
[25820, 25830]
[25831, 25833]
[25834, 25844]
[25846, 25848]
[25857, 25865]
[25874, 25874]
[25881, 25906]
[25907, 25910]
[25914, 25922]
[25928, 25953]
[25954, 25957]
[25959, 25967]
[25972, 25974]
[25976, 25977]
[25979, 25980]
[25984, 25985]
[25990, 25990]
[25991, 25991]
[25992, 26014]
[26016, 26024]
[26029, 26031]
[26032, 26036]
[26037, 26064]
[26066, 26067]
[26071, 26096]
[26097, 26100]
[26102, 26107]
[26109, 26111]
[26112, 26113]
[26115, 26116]
[26120, 26121]
[26123, 26155]
[26157, 26159]
[26161, 26161]
[26168, 26193]
[26194, 26197]
[26199, 26207]
[26213, 26238]
[26239, 26242]
[26244, 26252]
[26254, 26254]
[26261, 26286]
[26287, 26290]
[26292, 26300]
[26306, 26331]
[26332, 26335]
[26337, 26345]
[26728, 26728]
[26730, 26731]
[26735, 26760]
[26761, 26764]
[26774, 26782]
[27783, 27783]
[27785, 27786]
[27790, 27815]
[27816, 27819]
[27821, 27829]
[28830, 28830]
[28832, 28833]
[28837, 28862]
[28863, 28866]
[28869, 28877]
[29879, 29879]
[29881, 29882]
[29886, 29911]
[29912, 29915]
[29918, 29926]
[30927, 30927]
[30929, 30930]
[30934, 30959]
[30960, 30963]
[30965, 30973]
[31016, 31026]
[31027, 31029]
[31030, 31040]
[31041, 31043]
[32002, 32002]
[32004, 32005]
[32009, 32034]
[32035, 32038]
[32048, 32056]
[32361, 32371]
[32372, 32377]
[32378, 32380]
[32381, 32391]
[32393, 32395]
[32695, 32695]
[32697, 32698]
[32702, 32727]
[32734, 32742]
[32746, 32747]
[32749, 32750]
[32754, 32755]
[32760, 32760]
[32761, 32761]
[32762, 32784]
[32786, 32794]
[32797, 32798]
[32802, 32810]
[32814, 32815]
[33017, 33019]
[33034, 33036]
[33088, 33090]
[33091, 33092]
[33094, 33095]
[33099, 33124]
[33125, 33128]
[33130, 33138]
[33140, 33141]
[33143, 33144]
[33148, 33149]
[33154, 33154]
[33155, 33155]
[33156, 33178]
[33180, 33185]
[33187, 33189]
[33193, 33195]
[33196, 33204]
[33319, 33321]
[33331, 33331]
[33333, 33334]
[33338, 33363]
[33364, 33367]
[33584, 33592]
[33615, 33617]
[33618, 33619]
[33621, 33622]
[33626, 33651]
[33652, 33655]
[33668, 33676]
[33887, 33887]
[33894, 33919]
[33920, 33923]
[33925, 33933]
[33939, 33964]
[33965, 33968]
[33970, 33978]
[33982, 33985]
[33988, 33988]
[33990, 33990]
[33992, 33992]
[33994, 33994]
[33996, 33996]
[33998, 33998]
[34000, 34000]
[34002, 34002]
[34004, 34004]
[34006, 34006]
[34008, 34008]
[34010, 34010]
[34012, 34012]
[34014, 34014]
[34016, 34016]
[34018, 34018]
[34020, 34020]
[34022, 34022]
[34024, 34024]
[34026, 34026]
[34028, 34028]
[34030, 34030]
[34032, 34032]
[34034, 34034]
[34036, 34036]
[34038, 34038]
[34040, 34040]
[34042, 34042]
[34044, 34044]
[34046, 34046]
[34048, 34048]
[34050, 34050]
[34052, 34052]
[34055, 34055]
[34057, 34057]
[34059, 34059]
[34061, 34061]
[34063, 34063]
[34065, 34065]
[34067, 34067]
[34069, 34069]
[34071, 34071]
[34073, 34073]
[34075, 34075]
[34077, 34077]
[34079, 34079]
[34081, 34081]
[34083, 34083]
[34085, 34085]
[34087, 34087]
[34089, 34089]
[34091, 34091]
[34093, 34093]
[34095, 34095]
[34097, 34097]
[34099, 34099]
[34101, 34101]
[34103, 34103]
[34105, 34105]
[34107, 34107]
[34109, 34109]
[34111, 34111]
[34113, 34113]
[34115, 34115]
[34117, 34117]
[34119, 34119]
[34121, 34121]
[34123, 34123]
[34125, 34125]
[34127, 34127]
[34129, 34129]
[34131, 34131]
[34134, 34135]
[34138, 34138]
[34140, 34140]
[34142, 34142]
[34144, 34144]
[34146, 34146]
[34148, 34148]
[34150, 34150]
[34152, 34152]
[34154, 34154]
[34156, 34156]
[34158, 34158]
[34160, 34160]
[34162, 34162]
[34164, 34164]
[34166, 34166]
[34168, 34168]
[34170, 34170]
[34172, 34172]
[34174, 34174]
[34176, 34176]
[34178, 34178]
[34180, 34180]
[34182, 34182]
[34184, 34184]
[34186, 34186]
[34188, 34188]
[34190, 34190]
[34192, 34192]
[34194, 34194]
[34196, 34196]
[34198, 34198]
[34200, 34200]
[34202, 34202]
[34204, 34204]
[34206, 34206]
[34208, 34208]
[34210, 34210]
[34212, 34212]
[34214, 34214]
[34216, 34216]
[34218, 34218]
[34220, 34220]
[34222, 34222]
[34224, 34224]
[34227, 34228]
[34231, 34231]
[34233, 34233]
[34235, 34235]
[34237, 34237]
[34239, 34239]
[34241, 34241]
[34243, 34243]
[34245, 34245]
[34247, 34247]
[34249, 34249]
[34251, 34251]
[34253, 34253]
[34255, 34255]
[34257, 34257]
[34259, 34259]
[34261, 34261]
[34263, 34263]
[34265, 34265]
[34267, 34267]
[34269, 34269]
[34271, 34271]
[34273, 34273]
[34275, 34275]
[34277, 34277]
[34279, 34279]
[34281, 34281]
[34283, 34283]
[34285, 34285]
[34287, 34287]
[34289, 34289]
[34291, 34291]
[34293, 34293]
[34295, 34295]
[34298, 34298]
[34300, 34300]
[34302, 34303]
[34306, 34306]
[34308, 34308]
[34310, 34310]
[34312, 34312]
[34314, 34314]
[34316, 34316]
[34318, 34318]
[34320, 34320]
[34322, 34322]
[34324, 34324]
[34326, 34326]
[34328, 34328]
[34330, 34330]
[34332, 34332]
[34334, 34334]
[34336, 34336]
[34338, 34338]
[34340, 34340]
[34342, 34342]
[34344, 34344]
[34346, 34346]
[34348, 34348]
[34350, 34350]
[34352, 34352]
[34354, 34354]
[34356, 34356]
[34358, 34358]
[34360, 34360]
[34362, 34362]
[34364, 34364]
[34366, 34366]
[34368, 34368]
[34371, 34372]
[34375, 34376]
[34379, 34379]
[34381, 34381]
[34383, 34383]
[34385, 34385]
[34387, 34387]
[34389, 34389]
[34391, 34391]
[34393, 34393]
[34395, 34395]
[34397, 34397]
[34399, 34399]
[34401, 34401]
[34403, 34403]
[34405, 34405]
[34407, 34407]
[34409, 34409]
[34411, 34411]
[34413, 34413]
[34415, 34415]
[34417, 34417]
[34419, 34419]
[34421, 34421]
[34423, 34423]
[34425, 34425]
[34427, 34427]
[34429, 34429]
[34431, 34431]
[34433, 34433]
[34435, 34435]
[34437, 34437]
[34439, 34439]
[34441, 34441]
[34443, 34443]
[34446, 34447]
[34450, 34451]
[34454, 34454]
[34456, 34456]
[34458, 34458]
[34460, 34460]
[34462, 34462]
[34464, 34465]
[34468, 34468]
[34470, 34470]
[34472, 34472]
[34474, 34474]
[34476, 34476]
[34478, 34478]
[34480, 34480]
[34482, 34482]
[34484, 34484]
[34486, 34486]
[34488, 34488]
[34490, 34490]
[34492, 34492]
[34494, 34494]
[34496, 34496]
[34498, 34498]
[34500, 34500]
[34502, 34502]
[34504, 34504]
[34506, 34506]
[34509, 34509]
[34511, 34511]
[34513, 34513]
[34515, 34515]
[34517, 34517]
[34519, 34519]
[34521, 34521]
[34523, 34523]
[34525, 34525]
[34527, 34527]
[34529, 34529]
[34531, 34531]
[34533, 34533]
[34535, 34535]
[34537, 34537]
[34539, 34539]
[34541, 34541]
[34543, 34543]
[34545, 34545]
[34547, 34547]
[34549, 34549]
[34551, 34551]
[34553, 34553]
[34555, 34555]
[34557, 34557]
[34559, 34559]
[34561, 34561]
[34563, 34563]
[34565, 34565]
[34567, 34567]
[34569, 34569]
[34571, 34571]
[34573, 34573]
[34576, 34577]
[34580, 34580]
[34582, 34582]
[34584, 34584]
[34586, 34586]
[34588, 34588]
[34590, 34590]
[34592, 34592]
[34594, 34594]
[34596, 34596]
[34598, 34598]
[34600, 34600]
[34602, 34602]
[34604, 34604]
[34606, 34606]
[34608, 34608]
[34610, 34610]
[34612, 34612]
[34614, 34614]
[34616, 34616]
[34618, 34618]
[34620, 34620]
[34622, 34622]
[34624, 34624]
[34626, 34626]
[34628, 34628]
[34630, 34630]
[34632, 34632]
[34634, 34634]
[34636, 34636]
[34638, 34638]
[34640, 34640]
[34642, 34642]
[34644, 34644]
[34646, 34646]
[34648, 34648]
[34650, 34650]
[34652, 34652]
[34654, 34654]
[34656, 34656]
[34658, 34658]
[34661, 34661]
[34663, 34663]
[34665, 34665]
[34667, 34667]
[34669, 34669]
[34671, 34671]
[34673, 34673]
[34675, 34675]
[34677, 34677]
[34679, 34679]
[34681, 34681]
[34683, 34683]
[34685, 34685]
[34687, 34687]
[34689, 34689]
[34691, 34691]
[34693, 34693]
[34695, 34695]
[34697, 34697]
[34699, 34699]
[34701, 34701]
[34703, 34703]
[34705, 34705]
[34707, 34707]
[34709, 34709]
[34711, 34711]
[34713, 34713]
[34715, 34715]
[34717, 34717]
[34719, 34719]
[34721, 34721]
[34723, 34723]
[34725, 34725]
[34727, 34727]
[34729, 34729]
[34731, 34731]
[34733, 34733]
[34735, 34735]
[34737, 34737]
[34739, 34739]
[34741, 34741]
[34743, 34743]
[34745, 34745]
[34748, 34748]
[34750, 34750]
[34752, 34752]
[34754, 34754]
[34756, 34756]
[34758, 34758]
[34760, 34760]
[34762, 34762]
[34764, 34764]
[34766, 34766]
[34768, 34768]
[34770, 34770]
[34772, 34772]
[34774, 34774]
[34776, 34776]
[34778, 34778]
[34780, 34780]
[34782, 34782]
[34784, 34784]
[34786, 34786]
[34788, 34788]
[34790, 34790]
[34792, 34792]
[34794, 34794]
[34796, 34796]
[34798, 34798]
[34800, 34800]
[34802, 34802]
[34804, 34804]
[34806, 34806]
[34808, 34808]
[34810, 34810]
[34812, 34812]
[34814, 34814]
[34816, 34816]
[34818, 34818]
[34820, 34820]
[34822, 34822]
[34824, 34824]
[34827, 34827]
[34829, 34829]
[34831, 34831]
[34833, 34833]
[34835, 34835]
[34837, 34837]
[34839, 34839]
[34841, 34841]
[34843, 34843]
[34845, 34845]
[34847, 34847]
[34849, 34849]
[34851, 34851]
[34853, 34853]
[34855, 34855]
[34857, 34857]
[34859, 34859]
[34861, 34861]
[34863, 34863]
[34865, 34865]
[34867, 34867]
[34869, 34869]
[34871, 34871]
[34873, 34873]
[34875, 34875]
[34877, 34877]
[34879, 34879]
[34881, 34881]
[34883, 34883]
[34885, 34885]
[34887, 34887]
[34889, 34889]
[34891, 34891]
[34893, 34893]
[34895, 34895]
[34897, 34897]
[34899, 34899]
[34901, 34901]
[34903, 34903]
[34906, 34907]
[34910, 34910]
[34912, 34912]
[34914, 34914]
[34916, 34916]
[34918, 34918]
[34920, 34920]
[34922, 34922]
[34924, 34924]
[34926, 34926]
[34928, 34928]
[34930, 34930]
[34932, 34932]
[34934, 34934]
[34936, 34936]
[34938, 34938]
[34940, 34940]
[34942, 34942]
[34944, 34944]
[34946, 34946]
[34948, 34948]
[34950, 34950]
[34952, 34952]
[34954, 34954]
[34956, 34956]
[34958, 34958]
[34960, 34960]
[34962, 34962]
[34964, 34964]
[34966, 34966]
[34968, 34968]
[34970, 34970]
[34972, 34972]
[34974, 34974]
[34976, 34976]
[34978, 34978]
[34980, 34980]
[34982, 34982]
[34985, 34985]
[34987, 34987]
[34989, 34989]
[34991, 34991]
[34993, 34993]
[34995, 34995]
[34997, 34997]
[34999, 34999]
[35001, 35001]
[35003, 35003]
[35005, 35005]
[35007, 35007]
[35009, 35009]
[35011, 35011]
[35013, 35013]
[35015, 35015]
[35017, 35017]
[35019, 35019]
[35021, 35021]
[35023, 35023]
[35025, 35025]
[35027, 35027]
[35029, 35029]
[35031, 35031]
[35033, 35033]
[35035, 35035]
[35037, 35037]
[35039, 35039]
[35041, 35041]
[35043, 35043]
[35045, 35045]
[35047, 35047]
[35049, 35049]
[35051, 35051]
[35053, 35053]
[35055, 35055]
[35057, 35057]
[35059, 35059]
[35061, 35061]
[35063, 35063]
[35065, 35065]
[35067, 35067]
[35070, 35070]
[35072, 35072]
[35074, 35074]
[35076, 35076]
[35078, 35078]
[35080, 35080]
[35082, 35082]
[35084, 35084]
[35086, 35086]
[35088, 35088]
[35090, 35090]
[35092, 35092]
[35094, 35094]
[35096, 35096]
[35098, 35098]
[35100, 35100]
[35102, 35102]
[35104, 35104]
[35106, 35106]
[35108, 35108]
[35110, 35110]
[35112, 35112]
[35114, 35114]
[35116, 35116]
[35118, 35118]
[35120, 35120]
[35122, 35122]
[35124, 35124]
[35126, 35126]
[35128, 35128]
[35130, 35130]
[35132, 35132]
[35134, 35134]
[35136, 35136]
[35138, 35138]
[35140, 35140]
[35142, 35142]
[35144, 35144]
[35146, 35146]
[35148, 35148]
[35150, 35150]
[35152, 35152]
[35154, 35154]
[35156, 35156]
[35158, 35158]
[35161, 35161]
[35163, 35163]
[35165, 35165]
[35167, 35167]
[35169, 35169]
[35171, 35171]
[35173, 35173]
[35175, 35175]
[35177, 35177]
[35179, 35179]
[35181, 35181]
[35183, 35183]
[35185, 35185]
[35187, 35187]
[35189, 35189]
[35191, 35191]
[35193, 35193]
[35195, 35195]
[35197, 35197]
[35199, 35199]
[35201, 35201]
[35203, 35203]
[35205, 35205]
[35207, 35207]
[35209, 35209]
[35211, 35211]
[35213, 35213]
[35215, 35215]
[35217, 35217]
[35219, 35219]
[35221, 35221]
[35223, 35223]
[35225, 35225]
[35227, 35227]
[35229, 35229]
[35231, 35231]
[35233, 35233]
[35235, 35235]
[35237, 35237]
[35239, 35239]
[35241, 35241]
[35243, 35243]
[35245, 35245]
[35247, 35247]
[35250, 35250]
[35252, 35252]
[35254, 35254]
[35256, 35256]
[35258, 35258]
[35260, 35260]
[35262, 35262]
[35264, 35264]
[35266, 35266]
[35268, 35268]
[35270, 35270]
[35272, 35272]
[35274, 35274]
[35276, 35276]
[35278, 35278]
[35280, 35280]
[35282, 35282]
[35284, 35284]
[35286, 35286]
[35288, 35288]
[35290, 35290]
[35292, 35292]
[35294, 35294]
[35296, 35296]
[35298, 35298]
[35300, 35300]
[35302, 35302]
[35304, 35304]
[35306, 35306]
[35308, 35308]
[35310, 35310]
[35312, 35312]
[35314, 35314]
[35316, 35316]
[35318, 35318]
[35320, 35320]
[35322, 35322]
[35325, 35325]
[35327, 35327]
[35329, 35329]
[35331, 35331]
[35333, 35333]
[35335, 35335]
[35337, 35337]
[35339, 35339]
[35341, 35341]
[35343, 35343]
[35345, 35345]
[35347, 35347]
[35349, 35349]
[35351, 35351]
[35353, 35353]
[35355, 35355]
[35357, 35357]
[35359, 35359]
[35361, 35361]
[35363, 35363]
[35365, 35365]
[35367, 35367]
[35369, 35369]
[35371, 35371]
[35373, 35373]
[35375, 35375]
[35377, 35377]
[35379, 35379]
[35381, 35381]
[35383, 35383]
[35385, 35385]
[35387, 35387]
[35389, 35389]
[35391, 35391]
[35393, 35393]
[35395, 35395]
[35397, 35397]
[35400, 35401]
[35404, 35404]
[35406, 35406]
[35408, 35408]
[35410, 35410]
[35412, 35412]
[35414, 35414]
[35416, 35416]
[35418, 35418]
[35420, 35420]
[35422, 35422]
[35424, 35424]
[35426, 35426]
[35428, 35428]
[35430, 35430]
[35432, 35432]
[35434, 35434]
[35436, 35436]
[35438, 35438]
[35440, 35440]
[35442, 35442]
[35444, 35444]
[35446, 35446]
[35448, 35448]
[35450, 35450]
[35452, 35452]
[35454, 35454]
[35456, 35456]
[35458, 35458]
[35460, 35460]
[35461, 35465]
[35467, 35468]
[35470, 35471]
[35475, 35500]
[35501, 35504]
[35508, 35516]
[35519, 35520]
[35524, 35533]
[35534, 35539]
[35541, 35542]
[35544, 35545]
[35547, 35548]
[35550, 35551]
[35553, 35554]
[35556, 35557]
[35559, 35560]
[35562, 35563]
[35565, 35566]
[35568, 35569]
[35571, 35572]
[35574, 35574]
[35576, 35577]
[35581, 35582]
[35584, 35612]
[35614, 35615]
[35617, 35618]
[35620, 35621]
[35623, 35623]
[35625, 35627]
[35629, 35630]
[35632, 35632]
[35634, 35635]
[35637, 35638]
[35640, 35641]
[35643, 35644]
[35646, 35646]
[35648, 35649]
[35651, 35652]
[35654, 35655]
[35657, 35658]
[35660, 35661]
[35663, 35664]
[35666, 35667]
[35669, 35670]
[35672, 35673]
[35675, 35676]
[35678, 35679]
[35681, 35682]
[35684, 35685]
[35687, 35688]
[35690, 35691]
[35693, 35694]
[35696, 35697]
[35699, 35700]
[35702, 35703]
[35705, 35706]
[35708, 35709]
[35711, 35712]
[35714, 35715]
[35717, 35718]
[35720, 35721]
[35723, 35723]
[35725, 35726]
[35728, 35729]
[35731, 35732]
[35734, 35735]
[35737, 35738]
[35740, 35741]
[35743, 35744]
[35746, 35746]
[35748, 35750]
[35752, 35753]
[35755, 35755]
[35757, 35758]
[35760, 35761]
[35763, 35764]
[35766, 35767]
[35769, 35770]
[35772, 35773]
[35775, 35776]
[35778, 35779]
[35781, 35782]
[35784, 35785]
[35787, 35788]
[35790, 35791]
[35793, 35794]
[35796, 35797]
[35799, 35800]
[35802, 35803]
[35805, 35806]
[35808, 35809]
[35811, 35812]
[35814, 35815]
[35817, 35818]
[35820, 35820]
[35822, 35824]
[35826, 35826]
[35828, 35829]
[35831, 35832]
[35834, 35835]
[35837, 35838]
[35840, 35841]
[35843, 35844]
[35846, 35847]
[35849, 35850]
[35852, 35852]
[35854, 35856]
[35858, 35858]
[35860, 35861]
[35863, 35864]
[35866, 35867]
[35869, 35870]
[35872, 35873]
[35875, 35876]
[35878, 35879]
[35881, 35882]
[35884, 35885]
[35887, 35888]
[35890, 35891]
[35893, 35894]
[35896, 35897]
[35899, 35900]
[35902, 35903]
[35905, 35906]
[35908, 35909]
[35911, 35912]
[35914, 35915]
[35917, 35918]
[35920, 35921]
[35923, 35923]
[35925, 35926]
[35928, 35929]
[35931, 35932]
[35934, 35935]
[35937, 35938]
[35940, 35941]
[35943, 35944]
[35946, 35947]
[35949, 35950]
[35952, 35953]
[35955, 35956]
[35958, 35961]
[35963, 35963]
[35965, 35965]
[35968, 35968]
[35970, 35970]
[35972, 35972]
[35974, 35974]
[35976, 35976]
[35978, 35978]
[35980, 35980]
[35982, 35982]
[35984, 35984]
[35986, 35988]
[36008, 36016]
[36260, 36262]
[36263, 36264]
[36266, 36267]
[36271, 36296]
[36297, 36300]
[36302, 36310]
[36312, 36313]
[36315, 36316]
[36320, 36345]
[36346, 36349]
[36352, 36360]
[36364, 36366]
[36370, 36371]
[36420, 36422]
[36423, 36424]
[36426, 36427]
[36431, 36456]
[36457, 36460]
[36463, 36471]
[36608, 36608]
[36609, 36609]
[36615, 36615]
[36707, 36707]
[36708, 36708]
[36788, 36788]
[36799, 36799]
[36802, 36802]
[36804, 36804]
[36806, 36809]
[36811, 36839]
[36889, 36898]
[36899, 36899]
[36953, 36953]
[36960, 36960]
[36967, 36992]
[36993, 36996]
[36998, 37002]
[37008, 37033]
[37034, 37037]
[37038, 37041]
[37044, 37048]
[37053, 37054]
[37055, 37059]
[37061, 37061]
[37063, 37063]
[37065, 37065]
[37067, 37067]
[37069, 37069]
[37071, 37071]
[37073, 37073]
[37075, 37075]
[37077, 37077]
[37079, 37079]
[37081, 37081]
[37083, 37083]
[37085, 37085]
[37087, 37087]
[37089, 37089]
[37092, 37092]
[37094, 37094]
[37096, 37096]
[37098, 37098]
[37100, 37100]
[37102, 37102]
[37104, 37104]
[37106, 37106]
[37108, 37108]
[37110, 37110]
[37112, 37112]
[37114, 37114]
[37116, 37116]
[37118, 37118]
[37120, 37120]
[37122, 37122]
[37124, 37124]
[37126, 37126]
[37128, 37128]
[37130, 37130]
[37132, 37132]
[37134, 37134]
[37136, 37136]
[37138, 37138]
[37140, 37140]
[37142, 37142]
[37144, 37144]
[37146, 37146]
[37148, 37148]
[37150, 37150]
[37152, 37152]
[37154, 37154]
[37156, 37156]
[37158, 37158]
[37160, 37160]
[37162, 37162]
[37164, 37164]
[37166, 37166]
[37169, 37170]
[37173, 37173]
[37175, 37175]
[37177, 37177]
[37179, 37179]
[37181, 37181]
[37183, 37183]
[37185, 37185]
[37187, 37187]
[37189, 37189]
[37191, 37191]
[37193, 37193]
[37195, 37195]
[37197, 37197]
[37199, 37199]
[37201, 37201]
[37203, 37203]
[37205, 37205]
[37207, 37207]
[37209, 37209]
[37211, 37211]
[37213, 37213]
[37215, 37215]
[37217, 37217]
[37219, 37219]
[37221, 37221]
[37223, 37223]
[37225, 37225]
[37227, 37227]
[37229, 37229]
[37231, 37231]
[37233, 37233]
[37235, 37235]
[37237, 37237]
[37239, 37239]
[37241, 37241]
[37243, 37243]
[37245, 37245]
[37247, 37247]
[37249, 37249]
[37251, 37251]
[37253, 37253]
[37255, 37255]
[37258, 37259]
[37261, 37261]
[37264, 37264]
[37266, 37266]
[37268, 37268]
[37270, 37270]
[37272, 37272]
[37274, 37274]
[37276, 37276]
[37278, 37278]
[37280, 37280]
[37282, 37282]
[37284, 37284]
[37286, 37286]
[37288, 37288]
[37290, 37290]
[37292, 37292]
[37294, 37294]
[37296, 37296]
[37298, 37298]
[37300, 37300]
[37302, 37302]
[37304, 37304]
[37306, 37306]
[37308, 37308]
[37310, 37310]
[37312, 37312]
[37314, 37314]
[37316, 37316]
[37318, 37318]
[37320, 37320]
[37322, 37322]
[37324, 37324]
[37326, 37326]
[37328, 37328]
[37330, 37330]
[37332, 37332]
[37334, 37334]
[37336, 37336]
[37338, 37338]
[37340, 37340]
[37342, 37342]
[37344, 37344]
[37347, 37348]
[37350, 37350]
[37353, 37353]
[37355, 37355]
[37357, 37357]
[37359, 37359]
[37361, 37361]
[37363, 37363]
[37365, 37365]
[37367, 37367]
[37369, 37369]
[37371, 37371]
[37373, 37373]
[37375, 37375]
[37377, 37377]
[37379, 37379]
[37381, 37381]
[37383, 37383]
[37385, 37385]
[37387, 37387]
[37389, 37389]
[37391, 37391]
[37393, 37393]
[37395, 37395]
[37397, 37397]
[37399, 37399]
[37401, 37401]
[37403, 37403]
[37405, 37405]
[37407, 37407]
[37409, 37409]
[37411, 37411]
[37413, 37413]
[37415, 37415]
[37417, 37417]
[37419, 37419]
[37421, 37421]
[37423, 37423]
[37425, 37425]
[37427, 37427]
[37429, 37429]
[37431, 37431]
[37433, 37433]
[37436, 37437]
[37440, 37440]
[37442, 37442]
[37444, 37444]
[37446, 37446]
[37448, 37449]
[37452, 37452]
[37454, 37454]
[37456, 37456]
[37458, 37458]
[37460, 37460]
[37462, 37462]
[37464, 37464]
[37466, 37466]
[37468, 37468]
[37470, 37470]
[37472, 37472]
[37474, 37474]
[37476, 37476]
[37478, 37478]
[37480, 37480]
[37482, 37482]
[37484, 37484]
[37486, 37486]
[37488, 37488]
[37490, 37490]
[37492, 37492]
[37494, 37494]
[37496, 37496]
[37498, 37498]
[37500, 37500]
[37502, 37502]
[37504, 37504]
[37506, 37506]
[37508, 37508]
[37510, 37510]
[37512, 37512]
[37515, 37516]
[37518, 37518]
[37521, 37521]
[37523, 37523]
[37525, 37525]
[37527, 37527]
[37529, 37529]
[37531, 37531]
[37533, 37533]
[37535, 37535]
[37537, 37537]
[37539, 37539]
[37541, 37541]
[37543, 37543]
[37545, 37545]
[37547, 37547]
[37549, 37549]
[37551, 37551]
[37553, 37553]
[37555, 37555]
[37557, 37557]
[37559, 37559]
[37561, 37561]
[37563, 37563]
[37565, 37565]
[37567, 37567]
[37569, 37569]
[37571, 37571]
[37573, 37573]
[37575, 37575]
[37577, 37577]
[37579, 37579]
[37581, 37581]
[37583, 37583]
[37585, 37585]
[37587, 37587]
[37589, 37589]
[37591, 37591]
[37593, 37593]
[37595, 37595]
[37597, 37597]
[37599, 37599]
[37602, 37602]
[37604, 37604]
[37606, 37606]
[37608, 37608]
[37610, 37610]
[37612, 37612]
[37614, 37614]
[37616, 37616]
[37618, 37618]
[37620, 37620]
[37622, 37622]
[37624, 37624]
[37626, 37626]
[37628, 37628]
[37630, 37630]
[37632, 37632]
[37634, 37634]
[37636, 37636]
[37638, 37638]
[37640, 37640]
[37642, 37642]
[37644, 37644]
[37646, 37646]
[37648, 37648]
[37650, 37650]
[37652, 37652]
[37654, 37654]
[37656, 37656]
[37658, 37658]
[37660, 37660]
[37662, 37662]
[37664, 37664]
[37666, 37666]
[37668, 37668]
[37670, 37670]
[37672, 37672]
[37674, 37674]
[37676, 37676]
[37678, 37678]
[37680, 37681]
[37685, 37710]
[37711, 37714]
[37715, 37715]
[37717, 37717]
[37719, 37719]
[37721, 37730]
[37732, 37732]
[37734, 37734]
[37737, 37737]
[37739, 37739]
[37741, 37741]
[37743, 37743]
[37745, 37745]
[37747, 37747]
[37749, 37749]
[37751, 37751]
[37753, 37753]
[37755, 37755]
[37757, 37757]
[37759, 37759]
[37761, 37761]
[37763, 37763]
[37765, 37765]
[37767, 37767]
[37769, 37769]
[37771, 37771]
[37773, 37773]
[37775, 37775]
[37777, 37777]
[37779, 37779]
[37781, 37781]
[37783, 37783]
[37785, 37785]
[37787, 37787]
[37789, 37789]
[37791, 37791]
[37793, 37793]
[37795, 37795]
[37797, 37797]
[37800, 37800]
[37802, 37802]
[37804, 37805]
[37808, 37808]
[37810, 37810]
[37812, 37812]
[37814, 37814]
[37816, 37816]
[37818, 37818]
[37820, 37820]
[37822, 37822]
[37824, 37824]
[37826, 37826]
[37828, 37828]
[37830, 37830]
[37832, 37832]
[37834, 37834]
[37836, 37836]
[37838, 37838]
[37840, 37840]
[37842, 37842]
[37844, 37844]
[37846, 37846]
[37849, 37849]
[37851, 37852]
[37855, 37855]
[37857, 37857]
[37859, 37859]
[37861, 37861]
[37863, 37863]
[37865, 37865]
[37867, 37867]
[37869, 37869]
[37871, 37871]
[37873, 37873]
[37875, 37875]
[37877, 37877]
[37879, 37879]
[37881, 37881]
[37883, 37883]
[37885, 37885]
[37887, 37887]
[37889, 37889]
[37891, 37891]
[37893, 37893]
[37896, 37897]
[37899, 37899]
[37902, 37902]
[37904, 37904]
[37906, 37906]
[37908, 37908]
[37910, 37910]
[37912, 37912]
[37914, 37914]
[37916, 37916]
[37918, 37918]
[37920, 37920]
[37922, 37922]
[37924, 37924]
[37926, 37926]
[37928, 37928]
[37930, 37930]
[37932, 37932]
[37934, 37934]
[37936, 37936]
[37938, 37938]
[37940, 37940]
[37942, 37942]
[37945, 37945]
[37947, 37947]
[37949, 37949]
[37951, 37951]
[37953, 37953]
[37955, 37955]
[37957, 37957]
[37959, 37959]
[37961, 37961]
[37963, 37963]
[37965, 37965]
[37967, 37967]
[37969, 37969]
[37971, 37971]
[37973, 37973]
[37975, 37975]
[37977, 37977]
[37979, 37979]
[37981, 37981]
[37983, 37983]
[37985, 37985]
[37987, 37988]
[37990, 37990]
[37992, 37992]
[37994, 37994]
[37996, 37996]
[37998, 37998]
[38001, 38001]
[38003, 38003]
[38005, 38006]
[38009, 38009]
[38011, 38011]
[38013, 38013]
[38015, 38015]
[38017, 38017]
[38019, 38019]
[38021, 38021]
[38023, 38023]
[38025, 38025]
[38027, 38027]
[38029, 38029]
[38031, 38031]
[38033, 38033]
[38035, 38035]
[38037, 38037]
[38039, 38039]
[38041, 38041]
[38043, 38043]
[38045, 38045]
[38047, 38047]
[38049, 38049]
[38051, 38051]
[38053, 38053]
[38055, 38055]
[38057, 38057]
[38059, 38059]
[38061, 38061]
[38063, 38063]
[38065, 38065]
[38067, 38067]
[38069, 38069]
[38071, 38071]
[38074, 38074]
[38076, 38076]
[38078, 38078]
[38080, 38080]
[38082, 38082]
[38084, 38085]
[38088, 38088]
[38090, 38090]
[38092, 38092]
[38094, 38094]
[38096, 38096]
[38098, 38098]
[38100, 38100]
[38102, 38102]
[38104, 38104]
[38106, 38106]
[38108, 38108]
[38110, 38110]
[38112, 38112]
[38114, 38114]
[38116, 38116]
[38118, 38118]
[38120, 38120]
[38122, 38122]
[38124, 38124]
[38126, 38126]
[38128, 38128]
[38130, 38130]
[38132, 38132]
[38134, 38134]
[38136, 38136]
[38138, 38138]
[38140, 38140]
[38142, 38142]
[38144, 38144]
[38146, 38146]
[38148, 38148]
[38150, 38150]
[38152, 38152]
[38154, 38154]
[38157, 38157]
[38159, 38159]
[38161, 38161]
[38163, 38163]
[38165, 38165]
[38167, 38167]
[38169, 38169]
[38171, 38171]
[38173, 38173]
[38175, 38175]
[38177, 38177]
[38179, 38179]
[38181, 38181]
[38183, 38184]
[38187, 38187]
[38189, 38189]
[38191, 38191]
[38193, 38193]
[38195, 38195]
[38197, 38197]
[38199, 38199]
[38201, 38201]
[38203, 38203]
[38205, 38205]
[38207, 38207]
[38209, 38209]
[38211, 38211]
[38213, 38213]
[38215, 38215]
[38217, 38217]
[38219, 38219]
[38221, 38221]
[38223, 38223]
[38225, 38225]
[38227, 38227]
[38228, 38232]
[38234, 38235]
[38237, 38238]
[38242, 38267]
[38268, 38271]
[38273, 38277]
[38279, 38282]
[38286, 38288]
[38295, 38296]
[38297, 38303]
[38351, 38353]
[38360, 38362]
[38370, 38372]
[38373, 38374]
[38376, 38377]
[38381, 38406]
[38407, 38410]
[38413, 38421]
[38423, 38424]
[38426, 38427]
[38431, 38456]
[38457, 38460]
[38463, 38471]
[38475, 38477]
[38478, 38486]
[38686, 38688]
[38700, 38702]
[38703, 38704]
[38706, 38707]
[38711, 38736]
[38737, 38740]
[38752, 38760]
[38764, 38765]
[38767, 38768]
[38772, 38797]
[38798, 38801]
[38818, 38826]
[38829, 38832]
[38834, 38834]
[38836, 38836]
[38838, 38838]
[38840, 38840]
[38842, 38842]
[38844, 38844]
[38846, 38846]
[38848, 38848]
[38850, 38850]
[38852, 38852]
[38854, 38854]
[38856, 38856]
[38858, 38858]
[38860, 38860]
[38862, 38862]
[38864, 38864]
[38866, 38866]
[38868, 38868]
[38870, 38870]
[38872, 38872]
[38874, 38874]
[38876, 38876]
[38878, 38878]
[38880, 38880]
[38887, 38888]
[38892, 38923]
[38925, 38927]
[38933, 38958]
[38959, 38962]
[38963, 38963]
[38965, 38973]
[38975, 38975]
[38977, 38977]
[38979, 38979]
[38981, 38981]
[38983, 38983]
[38985, 38985]
[38987, 38987]
[38989, 38989]
[38991, 38991]
[38993, 38993]
[38995, 38995]
[38997, 38997]
[38999, 38999]
[39001, 39001]
[39003, 39003]
[39005, 39005]
[39007, 39007]
[39009, 39009]
[39011, 39011]
[39013, 39013]
[39015, 39015]
[39017, 39017]
[39019, 39019]
[39021, 39021]
[39023, 39023]
[39025, 39025]
[39027, 39027]
[39029, 39029]
[39031, 39031]
[39033, 39033]
[39035, 39035]
[39037, 39037]
[39039, 39039]
[39041, 39041]
[39043, 39043]
[39045, 39045]
[39047, 39047]
[39049, 39049]
[39051, 39051]
[39053, 39053]
[39056, 39056]
[39058, 39058]
[39060, 39060]
[39062, 39062]
[39064, 39064]
[39066, 39066]
[39068, 39068]
[39070, 39071]
[39074, 39074]
[39076, 39076]
[39078, 39078]
[39080, 39080]
[39082, 39082]
[39084, 39084]
[39086, 39086]
[39088, 39088]
[39090, 39090]
[39092, 39092]
[39094, 39094]
[39096, 39096]
[39098, 39098]
[39100, 39100]
[39102, 39102]
[39104, 39104]
[39106, 39106]
[39108, 39108]
[39110, 39110]
[39112, 39112]
[39114, 39114]
[39116, 39116]
[39118, 39118]
[39120, 39120]
[39122, 39122]
[39124, 39124]
[39126, 39126]
[39128, 39128]
[39130, 39130]
[39132, 39132]
[39134, 39134]
[39136, 39136]
[39138, 39138]
[39140, 39140]
[39143, 39144]
[39146, 39146]
[39149, 39149]
[39151, 39151]
[39153, 39153]
[39155, 39155]
[39157, 39157]
[39159, 39159]
[39161, 39161]
[39163, 39163]
[39165, 39165]
[39167, 39167]
[39169, 39169]
[39171, 39171]
[39173, 39173]
[39175, 39175]
[39177, 39177]
[39179, 39179]
[39181, 39181]
[39183, 39183]
[39185, 39185]
[39187, 39187]
[39189, 39189]
[39191, 39191]
[39193, 39193]
[39195, 39195]
[39197, 39197]
[39199, 39199]
[39201, 39201]
[39203, 39203]
[39205, 39205]
[39207, 39207]
[39209, 39209]
[39211, 39211]
[39213, 39213]
[39215, 39215]
[39217, 39217]
[39219, 39219]
[39221, 39221]
[39223, 39223]
[39225, 39225]
[39227, 39227]
[39229, 39229]
[39231, 39231]
[39233, 39233]
[39235, 39235]
[39237, 39237]
[39240, 39241]
[39244, 39244]
[39246, 39246]
[39248, 39248]
[39250, 39250]
[39252, 39252]
[39254, 39254]
[39256, 39256]
[39258, 39258]
[39260, 39260]
[39262, 39262]
[39264, 39264]
[39266, 39266]
[39268, 39268]
[39270, 39270]
[39272, 39272]
[39274, 39274]
[39276, 39276]
[39278, 39278]
[39280, 39280]
[39282, 39282]
[39284, 39284]
[39286, 39286]
[39288, 39288]
[39290, 39290]
[39292, 39292]
[39294, 39294]
[39296, 39296]
[39298, 39298]
[39300, 39300]
[39302, 39302]
[39304, 39304]
[39306, 39306]
[39308, 39308]
[39310, 39310]
[39312, 39312]
[39314, 39314]
[39316, 39316]
[39318, 39318]
[39320, 39320]
[39322, 39322]
[39324, 39324]
[39327, 39327]
[39329, 39329]
[39331, 39331]
[39333, 39333]
[39335, 39335]
[39337, 39337]
[39339, 39339]
[39341, 39341]
[39343, 39343]
[39345, 39345]
[39347, 39347]
[39349, 39349]
[39351, 39351]
[39353, 39353]
[39355, 39355]
[39357, 39357]
[39359, 39359]
[39361, 39361]
[39363, 39363]
[39365, 39365]
[39367, 39367]
[39369, 39369]
[39371, 39371]
[39373, 39373]
[39375, 39375]
[39377, 39377]
[39379, 39379]
[39381, 39381]
[39383, 39383]
[39385, 39385]
[39387, 39387]
[39389, 39389]
[39391, 39391]
[39393, 39393]
[39395, 39395]
[39397, 39397]
[39400, 39401]
[39404, 39404]
[39406, 39406]
[39408, 39408]
[39410, 39410]
[39412, 39412]
[39414, 39414]
[39416, 39416]
[39418, 39418]
[39420, 39420]
[39422, 39422]
[39424, 39424]
[39426, 39426]
[39428, 39428]
[39430, 39430]
[39432, 39432]
[39434, 39434]
[39436, 39436]
[39438, 39438]
[39440, 39440]
[39442, 39442]
[39444, 39444]
[39446, 39446]
[39448, 39448]
[39450, 39450]
[39452, 39452]
[39454, 39454]
[39456, 39456]
[39458, 39458]
[39460, 39460]
[39462, 39462]
[39464, 39464]
[39466, 39466]
[39468, 39468]
[39469, 39473]
[39474, 39487]
[39489, 39489]
[39491, 39492]
[39494, 39494]
[39496, 39497]
[39499, 39500]
[39502, 39503]
[39505, 39506]
[39508, 39509]
[39511, 39512]
[39514, 39515]
[39517, 39518]
[39520, 39521]
[39523, 39524]
[39526, 39527]
[39529, 39530]
[39532, 39533]
[39535, 39536]
[39538, 39539]
[39541, 39542]
[39544, 39545]
[39547, 39548]
[39550, 39551]
[39553, 39554]
[39556, 39557]
[39559, 39560]
[39562, 39563]
[39565, 39566]
[39568, 39569]
[39571, 39572]
[39574, 39575]
[39577, 39578]
[39580, 39581]
[39583, 39584]
[39586, 39587]
[39589, 39590]
[39592, 39593]
[39595, 39596]
[39598, 39599]
[39601, 39602]
[39604, 39605]
[39607, 39608]
[39610, 39610]
[39612, 39614]
[39616, 39616]
[39618, 39619]
[39621, 39622]
[39624, 39625]
[39627, 39627]
[39629, 39630]
[39632, 39633]
[39635, 39636]
[39638, 39639]
[39641, 39642]
[39644, 39645]
[39647, 39648]
[39650, 39651]
[39653, 39654]
[39656, 39657]
[39659, 39660]
[39662, 39663]
[39665, 39666]
[39668, 39669]
[39671, 39672]
[39674, 39675]
[39677, 39678]
[39680, 39681]
[39683, 39684]
[39686, 39687]
[39689, 39690]
[39692, 39693]
[39695, 39696]
[39698, 39699]
[39701, 39702]
[39704, 39705]
[39707, 39708]
[39710, 39711]
[39713, 39714]
[39716, 39717]
[39719, 39720]
[39722, 39723]
[39725, 39726]
[39728, 39729]
[39731, 39732]
[39734, 39735]
[39737, 39738]
[39740, 39740]
[39742, 39744]
[39746, 39747]
[39749, 39749]
[39751, 39752]
[39754, 39754]
[39756, 39758]
[39760, 39760]
[39762, 39763]
[39765, 39766]
[39768, 39769]
[39771, 39772]
[39774, 39775]
[39777, 39778]
[39780, 39781]
[39783, 39784]
[39786, 39787]
[39789, 39790]
[39792, 39793]
[39795, 39796]
[39798, 39799]
[39801, 39802]
[39804, 39805]
[39807, 39808]
[39810, 39811]
[39813, 39814]
[39816, 39817]
[39819, 39820]
[39822, 39823]
[39825, 39826]
[39828, 39829]
[39831, 39832]
[39834, 39835]
[39837, 39838]
[39840, 39841]
[39843, 39844]
[39846, 39847]
[39849, 39850]
[39852, 39853]
[39855, 39856]
[39858, 39859]
[39861, 39862]
[39864, 39864]
[39866, 39868]
[39870, 39870]
[39872, 39873]
[39875, 39877]
[39879, 39879]
[39881, 39882]
[39884, 39884]
[39886, 39888]
[39890, 39890]
[39892, 39893]
[39895, 39896]
[39898, 39899]
[39901, 39902]
[39904, 39905]
[39907, 39908]
[39910, 39911]
[39913, 39914]
[39916, 39917]
[39919, 39920]
[39922, 39923]
[39925, 39926]
[39928, 39929]
[39931, 39932]
[39934, 39935]
[39937, 39938]
[39940, 39941]
[39943, 39944]
[39946, 39952]
[39954, 39954]
[39956, 39956]
[39958, 39958]
[39960, 39960]
[39962, 39962]
[39964, 39964]
[39966, 39966]
[39968, 39968]
[39970, 39970]
[39972, 39972]
[39974, 39974]
[39976, 39976]
[39978, 39979]
[39983, 40008]
[40009, 40012]
[40013, 40013]
[40015, 40015]
[40017, 40017]
[40019, 40019]
[40021, 40021]
[40023, 40023]
[40026, 40027]
[40030, 40030]
[40032, 40032]
[40034, 40034]
[40036, 40036]
[40038, 40038]
[40040, 40040]
[40042, 40042]
[40044, 40044]
[40046, 40046]
[40048, 40048]
[40050, 40050]
[40052, 40052]
[40054, 40054]
[40056, 40056]
[40058, 40058]
[40060, 40060]
[40062, 40062]
[40064, 40064]
[40066, 40066]
[40068, 40068]
[40070, 40070]
[40072, 40081]
[40083, 40083]
[40085, 40085]
[40087, 40087]
[40089, 40089]
[40091, 40091]
[40093, 40093]
[40095, 40095]
[40097, 40097]
[40099, 40099]
[40101, 40101]
[40103, 40103]
[40105, 40105]
[40108, 40108]
[40110, 40110]
[40112, 40112]
[40114, 40114]
[40116, 40116]
[40118, 40118]
[40120, 40120]
[40122, 40122]
[40124, 40124]
[40126, 40126]
[40128, 40128]
[40130, 40130]
[40132, 40132]
[40134, 40134]
[40136, 40136]
[40138, 40138]
[40140, 40140]
[40142, 40142]
[40144, 40144]
[40146, 40146]
[40148, 40148]
[40150, 40150]
[40152, 40152]
[40154, 40154]
[40156, 40156]
[40158, 40158]
[40160, 40160]
[40162, 40162]
[40164, 40164]
[40166, 40166]
[40168, 40168]
[40170, 40170]
[40172, 40172]
[40174, 40174]
[40176, 40176]
[40179, 40179]
[40181, 40181]
[40183, 40183]
[40185, 40185]
[40187, 40187]
[40189, 40189]
[40191, 40191]
[40193, 40193]
[40195, 40195]
[40197, 40197]
[40199, 40199]
[40201, 40201]
[40203, 40203]
[40205, 40205]
[40207, 40207]
[40209, 40209]
[40211, 40211]
[40213, 40213]
[40215, 40215]
[40217, 40217]
[40219, 40219]
[40221, 40221]
[40223, 40223]
[40225, 40225]
[40227, 40227]
[40229, 40229]
[40231, 40231]
[40233, 40233]
[40235, 40235]
[40237, 40237]
[40239, 40239]
[40241, 40241]
[40243, 40243]
[40245, 40245]
[40247, 40247]
[40249, 40249]
[40251, 40251]
[40253, 40253]
[40256, 40257]
[40260, 40260]
[40262, 40262]
[40264, 40264]
[40266, 40266]
[40268, 40268]
[40270, 40270]
[40272, 40272]
[40274, 40274]
[40276, 40276]
[40278, 40278]
[40280, 40280]
[40282, 40282]
[40284, 40284]
[40286, 40286]
[40288, 40288]
[40290, 40290]
[40292, 40292]
[40294, 40294]
[40296, 40296]
[40298, 40298]
[40300, 40300]
[40302, 40302]
[40304, 40304]
[40306, 40306]
[40308, 40308]
[40310, 40310]
[40312, 40312]
[40314, 40314]
[40316, 40316]
[40318, 40318]
[40320, 40320]
[40322, 40322]
[40324, 40324]
[40326, 40326]
[40328, 40328]
[40330, 40330]
[40332, 40332]
[40334, 40334]
[40336, 40336]
[40338, 40338]
[40341, 40342]
[40345, 40345]
[40347, 40347]
[40349, 40349]
[40351, 40351]
[40353, 40353]
[40355, 40355]
[40357, 40357]
[40359, 40359]
[40361, 40361]
[40363, 40363]
[40365, 40365]
[40367, 40367]
[40369, 40369]
[40371, 40371]
[40373, 40373]
[40375, 40375]
[40377, 40377]
[40379, 40379]
[40381, 40381]
[40383, 40383]
[40385, 40385]
[40387, 40387]
[40389, 40389]
[40391, 40391]
[40393, 40393]
[40395, 40395]
[40397, 40397]
[40399, 40399]
[40401, 40401]
[40403, 40403]
[40405, 40405]
[40407, 40407]
[40409, 40409]
[40411, 40411]
[40413, 40413]
[40415, 40415]
[40417, 40417]
[40419, 40419]
[40421, 40421]
[40424, 40425]
[40428, 40428]
[40430, 40430]
[40432, 40432]
[40434, 40434]
[40436, 40436]
[40438, 40438]
[40440, 40440]
[40442, 40442]
[40444, 40444]
[40446, 40446]
[40448, 40448]
[40450, 40450]
[40452, 40452]
[40454, 40461]
[40463, 40464]
[40468, 40493]
[40494, 40497]
[40561, 40561]
